<testsuites id="" name="" tests="416" failures="342" skipped="6" errors="0" time="918.319094">
<testsuite name="auth.setup.ts" timestamp="2025-10-10T06:55:27.522Z" hostname="setup" tests="2" failures="0" skipped="0" time="3.479" errors="0">
<testcase name="authenticate user" classname="auth.setup.ts" time="3.167">
<system-out>
<![CDATA[Starting authentication setup...
Using TEST_FIREBASE_TOKEN for authentication...
Authentication successful with token
✓ Authentication state saved to /Users/deepak/Downloads/Projects/StackLens-AI-Deploy/tests/.auth/user.json
]]>
</system-out>
</testcase>
<testcase name="verify auth state" classname="auth.setup.ts" time="0.312">
<system-out>
<![CDATA[✓ Auth state file verified
]]>
</system-out>
</testcase>
</testsuite>
<testsuite name="api/auth-upload.test.ts" timestamp="2025-10-10T06:55:27.522Z" hostname="api-tests" tests="11" failures="10" skipped="0" time="6.589" errors="0">
<testcase name="Authentication API › POST /api/auth/firebase-signin - should authenticate user" classname="api/auth-upload.test.ts" time="1.132">
<failure message="auth-upload.test.ts:11:5 POST /api/auth/firebase-signin - should authenticate user" type="FAILURE">
<![CDATA[  [api-tests] › api/auth-upload.test.ts:11:5 › Authentication API › POST /api/auth/firebase-signin - should authenticate user 

    Error: expect(received).toBe(expected) // Object.is equality

    Expected: 200
    Received: 400

      18 |         });
      19 |
    > 20 |         expect(response.status()).toBe(200);
         |                                   ^
      21 |
      22 |         const data = await response.json();
      23 |         expect(data).toHaveProperty('token');
        at /Users/deepak/Downloads/Projects/StackLens-AI-Deploy/tests/api/auth-upload.test.ts:20:35
]]>
</failure>
</testcase>
<testcase name="Authentication API › POST /api/auth/firebase-verify - should verify token" classname="api/auth-upload.test.ts" time="1.138">
<failure message="auth-upload.test.ts:28:5 POST /api/auth/firebase-verify - should verify token" type="FAILURE">
<![CDATA[  [api-tests] › api/auth-upload.test.ts:28:5 › Authentication API › POST /api/auth/firebase-verify - should verify token 

    Error: expect(received).toBe(expected) // Object.is equality

    Expected: 200
    Received: 400

      35 |         });
      36 |
    > 37 |         expect(response.status()).toBe(200);
         |                                   ^
      38 |
      39 |         const data = await response.json();
      40 |         expect(data).toHaveProperty('valid', true);
        at /Users/deepak/Downloads/Projects/StackLens-AI-Deploy/tests/api/auth-upload.test.ts:37:35
]]>
</failure>
</testcase>
<testcase name="Authentication API › GET /api/auth/me - should return current user" classname="api/auth-upload.test.ts" time="1.582">
<failure message="auth-upload.test.ts:44:5 GET /api/auth/me - should return current user" type="FAILURE">
<![CDATA[  [api-tests] › api/auth-upload.test.ts:44:5 › Authentication API › GET /api/auth/me - should return current user 

    Error: expect(received).toBe(expected) // Object.is equality

    Expected: 200
    Received: 401

      47 |         const response = await apiContext.get(`${API_BASE}/api/auth/me`);
      48 |
    > 49 |         expect(response.status()).toBe(200);
         |                                   ^
      50 |
      51 |         const data = await response.json();
      52 |         expect(data).toHaveProperty('id');
        at /Users/deepak/Downloads/Projects/StackLens-AI-Deploy/tests/api/auth-upload.test.ts:49:35
]]>
</failure>
<system-err>
<![CDATA[❌ API authentication failed: Error: Firebase signin failed: 401 Unauthorized
    at Object.apiContext [as fn] [90m(file:///Users/deepak/Downloads/Projects/StackLens-AI-Deploy/[39mtests/fixtures.ts:67:23[90m)[39m
    at [90m/Users/deepak/Downloads/Projects/StackLens-AI-Deploy/[39mnode_modules/[4mplaywright[24m/lib/worker/fixtureRunner.js:94:9
]]>
</system-err>
</testcase>
<testcase name="Authentication API › POST /api/auth/firebase-signin - should reject invalid token" classname="api/auth-upload.test.ts" time="1.136">
<failure message="auth-upload.test.ts:57:5 POST /api/auth/firebase-signin - should reject invalid token" type="FAILURE">
<![CDATA[  [api-tests] › api/auth-upload.test.ts:57:5 › Authentication API › POST /api/auth/firebase-signin - should reject invalid token 

    Error: expect(received).toBe(expected) // Object.is equality

    Expected: 401
    Received: 400

      64 |         });
      65 |
    > 66 |         expect(response.status()).toBe(401);
         |                                   ^
      67 |
      68 |         const data = await response.json();
      69 |         expect(data).toHaveProperty('message');
        at /Users/deepak/Downloads/Projects/StackLens-AI-Deploy/tests/api/auth-upload.test.ts:66:35
]]>
</failure>
</testcase>
<testcase name="Authentication API › GET /api/auth/me - should reject unauthenticated request" classname="api/auth-upload.test.ts" time="1.104">
</testcase>
<testcase name="File Upload API › POST /api/upload - should upload Excel file" classname="api/auth-upload.test.ts" time="0.053">
<failure message="auth-upload.test.ts:86:5 POST /api/upload - should upload Excel file" type="FAILURE">
<![CDATA[  [api-tests] › api/auth-upload.test.ts:86:5 › File Upload API › POST /api/upload - should upload Excel file 

    Error: expect(received).toBe(expected) // Object.is equality

    Expected: 200
    Received: 404

       97 |         });
       98 |
    >  99 |         expect(response.status()).toBe(200);
          |                                   ^
      100 |
      101 |         const data = await response.json();
      102 |         expect(data).toHaveProperty('fileId');
        at /Users/deepak/Downloads/Projects/StackLens-AI-Deploy/tests/api/auth-upload.test.ts:99:35
]]>
</failure>
<system-err>
<![CDATA[❌ API authentication failed: Error: Firebase signin failed: 401 Unauthorized
    at Object.apiContext [as fn] [90m(file:///Users/deepak/Downloads/Projects/StackLens-AI-Deploy/[39mtests/fixtures.ts:67:23[90m)[39m
    at [90m/Users/deepak/Downloads/Projects/StackLens-AI-Deploy/[39mnode_modules/[4mplaywright[24m/lib/worker/fixtureRunner.js:94:9
]]>
</system-err>
</testcase>
<testcase name="File Upload API › POST /api/upload - should upload CSV file" classname="api/auth-upload.test.ts" time="0.059">
<failure message="auth-upload.test.ts:107:5 POST /api/upload - should upload CSV file" type="FAILURE">
<![CDATA[  [api-tests] › api/auth-upload.test.ts:107:5 › File Upload API › POST /api/upload - should upload CSV file 

    Error: expect(received).toBe(expected) // Object.is equality

    Expected: 200
    Received: 404

      118 |         });
      119 |
    > 120 |         expect(response.status()).toBe(200);
          |                                   ^
      121 |     });
      122 |
      123 |     test('POST /api/upload - should reject invalid file type', async ({ apiContext }) => {
        at /Users/deepak/Downloads/Projects/StackLens-AI-Deploy/tests/api/auth-upload.test.ts:120:35
]]>
</failure>
<system-err>
<![CDATA[❌ API authentication failed: Error: Firebase signin failed: 401 Unauthorized
    at Object.apiContext [as fn] [90m(file:///Users/deepak/Downloads/Projects/StackLens-AI-Deploy/[39mtests/fixtures.ts:67:23[90m)[39m
    at [90m/Users/deepak/Downloads/Projects/StackLens-AI-Deploy/[39mnode_modules/[4mplaywright[24m/lib/worker/fixtureRunner.js:94:9
]]>
</system-err>
</testcase>
<testcase name="File Upload API › POST /api/upload - should reject invalid file type" classname="api/auth-upload.test.ts" time="0.059">
<failure message="auth-upload.test.ts:123:5 POST /api/upload - should reject invalid file type" type="FAILURE">
<![CDATA[  [api-tests] › api/auth-upload.test.ts:123:5 › File Upload API › POST /api/upload - should reject invalid file type 

    Error: expect(received).toBe(expected) // Object.is equality

    Expected: 400
    Received: 404

      134 |         });
      135 |
    > 136 |         expect(response.status()).toBe(400);
          |                                   ^
      137 |
      138 |         const data = await response.json();
      139 |         expect(data).toHaveProperty('message');
        at /Users/deepak/Downloads/Projects/StackLens-AI-Deploy/tests/api/auth-upload.test.ts:136:35
]]>
</failure>
<system-err>
<![CDATA[❌ API authentication failed: Error: Firebase signin failed: 401 Unauthorized
    at Object.apiContext [as fn] [90m(file:///Users/deepak/Downloads/Projects/StackLens-AI-Deploy/[39mtests/fixtures.ts:67:23[90m)[39m
    at [90m/Users/deepak/Downloads/Projects/StackLens-AI-Deploy/[39mnode_modules/[4mplaywright[24m/lib/worker/fixtureRunner.js:94:9
]]>
</system-err>
</testcase>
<testcase name="File Upload API › GET /api/files - should list uploaded files" classname="api/auth-upload.test.ts" time="0.222">
<failure message="auth-upload.test.ts:143:5 GET /api/files - should list uploaded files" type="FAILURE">
<![CDATA[  [api-tests] › api/auth-upload.test.ts:143:5 › File Upload API › GET /api/files - should list uploaded files 

    Error: expect(received).toBe(expected) // Object.is equality

    Expected: 200
    Received: 401

      146 |         const response = await apiContext.get(`${API_BASE}/api/files`);
      147 |
    > 148 |         expect(response.status()).toBe(200);
          |                                   ^
      149 |
      150 |         const data = await response.json();
      151 |         expect(Array.isArray(data)).toBe(true);
        at /Users/deepak/Downloads/Projects/StackLens-AI-Deploy/tests/api/auth-upload.test.ts:148:35
]]>
</failure>
<system-err>
<![CDATA[❌ API authentication failed: Error: Firebase signin failed: 401 Unauthorized
    at Object.apiContext [as fn] [90m(file:///Users/deepak/Downloads/Projects/StackLens-AI-Deploy/[39mtests/fixtures.ts:67:23[90m)[39m
    at [90m/Users/deepak/Downloads/Projects/StackLens-AI-Deploy/[39mnode_modules/[4mplaywright[24m/lib/worker/fixtureRunner.js:94:9
]]>
</system-err>
</testcase>
<testcase name="File Upload API › GET /api/files/:id - should get file details" classname="api/auth-upload.test.ts" time="0.051">
<failure message="auth-upload.test.ts:160:5 GET /api/files/:id - should get file details" type="FAILURE">
<![CDATA[  [api-tests] › api/auth-upload.test.ts:160:5 › File Upload API › GET /api/files/:id - should get file details 

    SyntaxError: Unexpected token '<', "<!DOCTYPE "... is not valid JSON

      172 |         });
      173 |
    > 174 |         const { fileId } = await uploadResponse.json();
          |                            ^
      175 |
      176 |         // Get file details
      177 |         const response = await apiContext.get(`${API_BASE}/api/files/${fileId}`);
        at /Users/deepak/Downloads/Projects/StackLens-AI-Deploy/tests/api/auth-upload.test.ts:174:28
]]>
</failure>
<system-err>
<![CDATA[❌ API authentication failed: Error: Firebase signin failed: 401 Unauthorized
    at Object.apiContext [as fn] [90m(file:///Users/deepak/Downloads/Projects/StackLens-AI-Deploy/[39mtests/fixtures.ts:67:23[90m)[39m
    at [90m/Users/deepak/Downloads/Projects/StackLens-AI-Deploy/[39mnode_modules/[4mplaywright[24m/lib/worker/fixtureRunner.js:94:9
]]>
</system-err>
</testcase>
<testcase name="File Upload API › DELETE /api/files/:id - should delete file" classname="api/auth-upload.test.ts" time="0.053">
<failure message="auth-upload.test.ts:186:5 DELETE /api/files/:id - should delete file" type="FAILURE">
<![CDATA[  [api-tests] › api/auth-upload.test.ts:186:5 › File Upload API › DELETE /api/files/:id - should delete file 

    SyntaxError: Unexpected token '<', "<!DOCTYPE "... is not valid JSON

      198 |         });
      199 |
    > 200 |         const { fileId } = await uploadResponse.json();
          |                            ^
      201 |
      202 |         // Delete file
      203 |         const response = await apiContext.delete(`${API_BASE}/api/files/${fileId}`);
        at /Users/deepak/Downloads/Projects/StackLens-AI-Deploy/tests/api/auth-upload.test.ts:200:28
]]>
</failure>
<system-err>
<![CDATA[❌ API authentication failed: Error: Firebase signin failed: 401 Unauthorized
    at Object.apiContext [as fn] [90m(file:///Users/deepak/Downloads/Projects/StackLens-AI-Deploy/[39mtests/fixtures.ts:67:23[90m)[39m
    at [90m/Users/deepak/Downloads/Projects/StackLens-AI-Deploy/[39mnode_modules/[4mplaywright[24m/lib/worker/fixtureRunner.js:94:9
]]>
</system-err>
</testcase>
</testsuite>
<testsuite name="api/comprehensive.test.ts" timestamp="2025-10-10T06:55:27.522Z" hostname="api-tests" tests="89" failures="78" skipped="0" time="5.95" errors="0">
<testcase name="API Tests - Error Management Endpoints › GET /api/errors › should retrieve all errors" classname="api/comprehensive.test.ts" time="0.049">
<failure message="comprehensive.test.ts:5:9 should retrieve all errors" type="FAILURE">
<![CDATA[  [api-tests] › api/comprehensive.test.ts:5:9 › API Tests - Error Management Endpoints › GET /api/errors › should retrieve all errors 

    Error: expect(received).toBeTruthy()

    Received: false

       6 |             const response = await apiContext.get('http://localhost:4000/api/errors');
       7 |
    >  8 |             expect(response.ok()).toBeTruthy();
         |                                   ^
       9 |             const errors = await response.json();
      10 |             expect(Array.isArray(errors)).toBeTruthy();
      11 |         });
        at /Users/deepak/Downloads/Projects/StackLens-AI-Deploy/tests/api/comprehensive.test.ts:8:35
]]>
</failure>
<system-err>
<![CDATA[❌ API authentication failed: Error: Firebase signin failed: 401 Unauthorized
    at Object.apiContext [as fn] [90m(file:///Users/deepak/Downloads/Projects/StackLens-AI-Deploy/[39mtests/fixtures.ts:67:23[90m)[39m
    at [90m/Users/deepak/Downloads/Projects/StackLens-AI-Deploy/[39mnode_modules/[4mplaywright[24m/lib/worker/fixtureRunner.js:94:9
]]>
</system-err>
</testcase>
<testcase name="API Tests - Error Management Endpoints › GET /api/errors › should support pagination" classname="api/comprehensive.test.ts" time="0.048">
<failure message="comprehensive.test.ts:13:9 should support pagination" type="FAILURE">
<![CDATA[  [api-tests] › api/comprehensive.test.ts:13:9 › API Tests - Error Management Endpoints › GET /api/errors › should support pagination 

    Error: expect(received).toBeTruthy()

    Received: false

      14 |             const response = await apiContext.get('http://localhost:4000/api/errors?page=1&limit=10');
      15 |
    > 16 |             expect(response.ok()).toBeTruthy();
         |                                   ^
      17 |             const data = await response.json();
      18 |             expect(data).toHaveProperty('errors');
      19 |             expect(data).toHaveProperty('total');
        at /Users/deepak/Downloads/Projects/StackLens-AI-Deploy/tests/api/comprehensive.test.ts:16:35
]]>
</failure>
<system-err>
<![CDATA[❌ API authentication failed: Error: Firebase signin failed: 401 Unauthorized
    at Object.apiContext [as fn] [90m(file:///Users/deepak/Downloads/Projects/StackLens-AI-Deploy/[39mtests/fixtures.ts:67:23[90m)[39m
    at [90m/Users/deepak/Downloads/Projects/StackLens-AI-Deploy/[39mnode_modules/[4mplaywright[24m/lib/worker/fixtureRunner.js:94:9
]]>
</system-err>
</testcase>
<testcase name="API Tests - Error Management Endpoints › GET /api/errors › should filter by severity" classname="api/comprehensive.test.ts" time="0.051">
<failure message="comprehensive.test.ts:25:9 should filter by severity" type="FAILURE">
<![CDATA[  [api-tests] › api/comprehensive.test.ts:25:9 › API Tests - Error Management Endpoints › GET /api/errors › should filter by severity 

    Error: expect(received).toBeTruthy()

    Received: false

      26 |             const response = await apiContext.get('http://localhost:4000/api/errors?severity=critical');
      27 |
    > 28 |             expect(response.ok()).toBeTruthy();
         |                                   ^
      29 |             const errors = await response.json();
      30 |             errors.forEach((error: any) => {
      31 |                 expect(error.severity).toBe('critical');
        at /Users/deepak/Downloads/Projects/StackLens-AI-Deploy/tests/api/comprehensive.test.ts:28:35
]]>
</failure>
<system-err>
<![CDATA[❌ API authentication failed: Error: Firebase signin failed: 401 Unauthorized
    at Object.apiContext [as fn] [90m(file:///Users/deepak/Downloads/Projects/StackLens-AI-Deploy/[39mtests/fixtures.ts:67:23[90m)[39m
    at [90m/Users/deepak/Downloads/Projects/StackLens-AI-Deploy/[39mnode_modules/[4mplaywright[24m/lib/worker/fixtureRunner.js:94:9
]]>
</system-err>
</testcase>
<testcase name="API Tests - Error Management Endpoints › GET /api/errors › should filter by error type" classname="api/comprehensive.test.ts" time="0.108">
<failure message="comprehensive.test.ts:35:9 should filter by error type" type="FAILURE">
<![CDATA[  [api-tests] › api/comprehensive.test.ts:35:9 › API Tests - Error Management Endpoints › GET /api/errors › should filter by error type 

    Error: expect(received).toBeTruthy()

    Received: false

      36 |             const response = await apiContext.get('http://localhost:4000/api/errors?errorType=Runtime');
      37 |
    > 38 |             expect(response.ok()).toBeTruthy();
         |                                   ^
      39 |             const errors = await response.json();
      40 |             errors.forEach((error: any) => {
      41 |                 expect(error.errorType).toBe('Runtime');
        at /Users/deepak/Downloads/Projects/StackLens-AI-Deploy/tests/api/comprehensive.test.ts:38:35
]]>
</failure>
<system-err>
<![CDATA[❌ API authentication failed: Error: Firebase signin failed: 401 Unauthorized
    at Object.apiContext [as fn] [90m(file:///Users/deepak/Downloads/Projects/StackLens-AI-Deploy/[39mtests/fixtures.ts:67:23[90m)[39m
    at [90m/Users/deepak/Downloads/Projects/StackLens-AI-Deploy/[39mnode_modules/[4mplaywright[24m/lib/worker/fixtureRunner.js:94:9
]]>
</system-err>
</testcase>
<testcase name="API Tests - Error Management Endpoints › GET /api/errors › should filter by date range" classname="api/comprehensive.test.ts" time="0.063">
<failure message="comprehensive.test.ts:45:9 should filter by date range" type="FAILURE">
<![CDATA[  [api-tests] › api/comprehensive.test.ts:45:9 › API Tests - Error Management Endpoints › GET /api/errors › should filter by date range 

    Error: expect(received).toBeTruthy()

    Received: false

      51 |             );
      52 |
    > 53 |             expect(response.ok()).toBeTruthy();
         |                                   ^
      54 |         });
      55 |
      56 |         test('should search by message', async ({ apiContext }) => {
        at /Users/deepak/Downloads/Projects/StackLens-AI-Deploy/tests/api/comprehensive.test.ts:53:35
]]>
</failure>
<system-err>
<![CDATA[❌ API authentication failed: Error: Firebase signin failed: 401 Unauthorized
    at Object.apiContext [as fn] [90m(file:///Users/deepak/Downloads/Projects/StackLens-AI-Deploy/[39mtests/fixtures.ts:67:23[90m)[39m
    at [90m/Users/deepak/Downloads/Projects/StackLens-AI-Deploy/[39mnode_modules/[4mplaywright[24m/lib/worker/fixtureRunner.js:94:9
]]>
</system-err>
</testcase>
<testcase name="API Tests - Error Management Endpoints › GET /api/errors › should search by message" classname="api/comprehensive.test.ts" time="0.054">
<failure message="comprehensive.test.ts:56:9 should search by message" type="FAILURE">
<![CDATA[  [api-tests] › api/comprehensive.test.ts:56:9 › API Tests - Error Management Endpoints › GET /api/errors › should search by message 

    Error: expect(received).toBeTruthy()

    Received: false

      57 |             const response = await apiContext.get('http://localhost:4000/api/errors?search=database');
      58 |
    > 59 |             expect(response.ok()).toBeTruthy();
         |                                   ^
      60 |             const errors = await response.json();
      61 |             errors.forEach((error: any) => {
      62 |                 expect(error.message.toLowerCase()).toContain('database');
        at /Users/deepak/Downloads/Projects/StackLens-AI-Deploy/tests/api/comprehensive.test.ts:59:35
]]>
</failure>
<system-err>
<![CDATA[❌ API authentication failed: Error: Firebase signin failed: 401 Unauthorized
    at Object.apiContext [as fn] [90m(file:///Users/deepak/Downloads/Projects/StackLens-AI-Deploy/[39mtests/fixtures.ts:67:23[90m)[39m
    at [90m/Users/deepak/Downloads/Projects/StackLens-AI-Deploy/[39mnode_modules/[4mplaywright[24m/lib/worker/fixtureRunner.js:94:9
]]>
</system-err>
</testcase>
<testcase name="API Tests - Error Management Endpoints › GET /api/errors › should filter by resolved status" classname="api/comprehensive.test.ts" time="0.052">
<failure message="comprehensive.test.ts:66:9 should filter by resolved status" type="FAILURE">
<![CDATA[  [api-tests] › api/comprehensive.test.ts:66:9 › API Tests - Error Management Endpoints › GET /api/errors › should filter by resolved status 

    Error: expect(received).toBeTruthy()

    Received: false

      67 |             const response = await apiContext.get('http://localhost:4000/api/errors?resolved=false');
      68 |
    > 69 |             expect(response.ok()).toBeTruthy();
         |                                   ^
      70 |             const errors = await response.json();
      71 |             errors.forEach((error: any) => {
      72 |                 expect(error.resolved).toBe(false);
        at /Users/deepak/Downloads/Projects/StackLens-AI-Deploy/tests/api/comprehensive.test.ts:69:35
]]>
</failure>
<system-err>
<![CDATA[❌ API authentication failed: Error: Firebase signin failed: 401 Unauthorized
    at Object.apiContext [as fn] [90m(file:///Users/deepak/Downloads/Projects/StackLens-AI-Deploy/[39mtests/fixtures.ts:67:23[90m)[39m
    at [90m/Users/deepak/Downloads/Projects/StackLens-AI-Deploy/[39mnode_modules/[4mplaywright[24m/lib/worker/fixtureRunner.js:94:9
]]>
</system-err>
</testcase>
<testcase name="API Tests - Error Management Endpoints › GET /api/errors › should filter by store" classname="api/comprehensive.test.ts" time="0.056">
<failure message="comprehensive.test.ts:76:9 should filter by store" type="FAILURE">
<![CDATA[  [api-tests] › api/comprehensive.test.ts:76:9 › API Tests - Error Management Endpoints › GET /api/errors › should filter by store 

    Error: expect(received).toBeTruthy()

    Received: false

      77 |             const response = await apiContext.get('http://localhost:4000/api/errors?store=STORE-0001');
      78 |
    > 79 |             expect(response.ok()).toBeTruthy();
         |                                   ^
      80 |             const errors = await response.json();
      81 |             errors.forEach((error: any) => {
      82 |                 expect(error.store).toBe('STORE-0001');
        at /Users/deepak/Downloads/Projects/StackLens-AI-Deploy/tests/api/comprehensive.test.ts:79:35
]]>
</failure>
<system-err>
<![CDATA[❌ API authentication failed: Error: Firebase signin failed: 401 Unauthorized
    at Object.apiContext [as fn] [90m(file:///Users/deepak/Downloads/Projects/StackLens-AI-Deploy/[39mtests/fixtures.ts:67:23[90m)[39m
    at [90m/Users/deepak/Downloads/Projects/StackLens-AI-Deploy/[39mnode_modules/[4mplaywright[24m/lib/worker/fixtureRunner.js:94:9
]]>
</system-err>
</testcase>
<testcase name="API Tests - Error Management Endpoints › GET /api/errors › should support sorting" classname="api/comprehensive.test.ts" time="0.05">
<failure message="comprehensive.test.ts:86:9 should support sorting" type="FAILURE">
<![CDATA[  [api-tests] › api/comprehensive.test.ts:86:9 › API Tests - Error Management Endpoints › GET /api/errors › should support sorting 

    Error: expect(received).toBeTruthy()

    Received: false

      87 |             const response = await apiContext.get('http://localhost:4000/api/errors?sortBy=timestamp&order=desc');
      88 |
    > 89 |             expect(response.ok()).toBeTruthy();
         |                                   ^
      90 |             const errors = await response.json();
      91 |
      92 |             // Verify descending order
        at /Users/deepak/Downloads/Projects/StackLens-AI-Deploy/tests/api/comprehensive.test.ts:89:35
]]>
</failure>
<system-err>
<![CDATA[❌ API authentication failed: Error: Firebase signin failed: 401 Unauthorized
    at Object.apiContext [as fn] [90m(file:///Users/deepak/Downloads/Projects/StackLens-AI-Deploy/[39mtests/fixtures.ts:67:23[90m)[39m
    at [90m/Users/deepak/Downloads/Projects/StackLens-AI-Deploy/[39mnode_modules/[4mplaywright[24m/lib/worker/fixtureRunner.js:94:9
]]>
</system-err>
</testcase>
<testcase name="API Tests - Error Management Endpoints › GET /api/errors › should handle invalid query parameters gracefully" classname="api/comprehensive.test.ts" time="0.055">
<failure message="comprehensive.test.ts:100:9 should handle invalid query parameters gracefully" type="FAILURE">
<![CDATA[  [api-tests] › api/comprehensive.test.ts:100:9 › API Tests - Error Management Endpoints › GET /api/errors › should handle invalid query parameters gracefully 

    Error: expect(received).toBe(expected) // Object.is equality

    Expected: 400
    Received: 401

      101 |             const response = await apiContext.get('http://localhost:4000/api/errors?page=-1&limit=1000');
      102 |
    > 103 |             expect(response.status()).toBe(400);
          |                                       ^
      104 |             const error = await response.json();
      105 |             expect(error).toHaveProperty('error');
      106 |         });
        at /Users/deepak/Downloads/Projects/StackLens-AI-Deploy/tests/api/comprehensive.test.ts:103:39
]]>
</failure>
<system-err>
<![CDATA[❌ API authentication failed: Error: Firebase signin failed: 401 Unauthorized
    at Object.apiContext [as fn] [90m(file:///Users/deepak/Downloads/Projects/StackLens-AI-Deploy/[39mtests/fixtures.ts:67:23[90m)[39m
    at [90m/Users/deepak/Downloads/Projects/StackLens-AI-Deploy/[39mnode_modules/[4mplaywright[24m/lib/worker/fixtureRunner.js:94:9
]]>
</system-err>
</testcase>
<testcase name="API Tests - Error Management Endpoints › POST /api/errors › should create new error" classname="api/comprehensive.test.ts" time="0.055">
<failure message="comprehensive.test.ts:110:9 should create new error" type="FAILURE">
<![CDATA[  [api-tests] › api/comprehensive.test.ts:110:9 › API Tests - Error Management Endpoints › POST /api/errors › should create new error 

    Error: expect(received).toBeTruthy()

    Received: false

      122 |             });
      123 |
    > 124 |             expect(response.ok()).toBeTruthy();
          |                                   ^
      125 |             const created = await response.json();
      126 |             expect(created).toHaveProperty('id');
      127 |             expect(created.message).toBe(newError.message);
        at /Users/deepak/Downloads/Projects/StackLens-AI-Deploy/tests/api/comprehensive.test.ts:124:35
]]>
</failure>
<system-err>
<![CDATA[❌ API authentication failed: Error: Firebase signin failed: 401 Unauthorized
    at Object.apiContext [as fn] [90m(file:///Users/deepak/Downloads/Projects/StackLens-AI-Deploy/[39mtests/fixtures.ts:67:23[90m)[39m
    at [90m/Users/deepak/Downloads/Projects/StackLens-AI-Deploy/[39mnode_modules/[4mplaywright[24m/lib/worker/fixtureRunner.js:94:9
]]>
</system-err>
</testcase>
<testcase name="API Tests - Error Management Endpoints › POST /api/errors › should validate required fields" classname="api/comprehensive.test.ts" time="0.051">
<failure message="comprehensive.test.ts:131:9 should validate required fields" type="FAILURE">
<![CDATA[  [api-tests] › api/comprehensive.test.ts:131:9 › API Tests - Error Management Endpoints › POST /api/errors › should validate required fields 

    Error: expect(received).toBe(expected) // Object.is equality

    Expected: 400
    Received: 404

      139 |             });
      140 |
    > 141 |             expect(response.status()).toBe(400);
          |                                       ^
      142 |             const error = await response.json();
      143 |             expect(error).toHaveProperty('error');
      144 |         });
        at /Users/deepak/Downloads/Projects/StackLens-AI-Deploy/tests/api/comprehensive.test.ts:141:39
]]>
</failure>
<system-err>
<![CDATA[❌ API authentication failed: Error: Firebase signin failed: 401 Unauthorized
    at Object.apiContext [as fn] [90m(file:///Users/deepak/Downloads/Projects/StackLens-AI-Deploy/[39mtests/fixtures.ts:67:23[90m)[39m
    at [90m/Users/deepak/Downloads/Projects/StackLens-AI-Deploy/[39mnode_modules/[4mplaywright[24m/lib/worker/fixtureRunner.js:94:9
]]>
</system-err>
</testcase>
<testcase name="API Tests - Error Management Endpoints › POST /api/errors › should validate severity values" classname="api/comprehensive.test.ts" time="0.057">
<failure message="comprehensive.test.ts:146:9 should validate severity values" type="FAILURE">
<![CDATA[  [api-tests] › api/comprehensive.test.ts:146:9 › API Tests - Error Management Endpoints › POST /api/errors › should validate severity values 

    Error: expect(received).toBe(expected) // Object.is equality

    Expected: 400
    Received: 404

      155 |             });
      156 |
    > 157 |             expect(response.status()).toBe(400);
          |                                       ^
      158 |         });
      159 |
      160 |         test('should set default values for optional fields', async ({ apiContext }) => {
        at /Users/deepak/Downloads/Projects/StackLens-AI-Deploy/tests/api/comprehensive.test.ts:157:39
]]>
</failure>
<system-err>
<![CDATA[❌ API authentication failed: Error: Firebase signin failed: 401 Unauthorized
    at Object.apiContext [as fn] [90m(file:///Users/deepak/Downloads/Projects/StackLens-AI-Deploy/[39mtests/fixtures.ts:67:23[90m)[39m
    at [90m/Users/deepak/Downloads/Projects/StackLens-AI-Deploy/[39mnode_modules/[4mplaywright[24m/lib/worker/fixtureRunner.js:94:9
]]>
</system-err>
</testcase>
<testcase name="API Tests - Error Management Endpoints › POST /api/errors › should set default values for optional fields" classname="api/comprehensive.test.ts" time="0.048">
<failure message="comprehensive.test.ts:160:9 should set default values for optional fields" type="FAILURE">
<![CDATA[  [api-tests] › api/comprehensive.test.ts:160:9 › API Tests - Error Management Endpoints › POST /api/errors › should set default values for optional fields 

    Error: expect(received).toBeTruthy()

    Received: false

      169 |             });
      170 |
    > 171 |             expect(response.ok()).toBeTruthy();
          |                                   ^
      172 |             const created = await response.json();
      173 |             expect(created).toHaveProperty('timestamp');
      174 |             expect(created).toHaveProperty('resolved');
        at /Users/deepak/Downloads/Projects/StackLens-AI-Deploy/tests/api/comprehensive.test.ts:171:35
]]>
</failure>
<system-err>
<![CDATA[❌ API authentication failed: Error: Firebase signin failed: 401 Unauthorized
    at Object.apiContext [as fn] [90m(file:///Users/deepak/Downloads/Projects/StackLens-AI-Deploy/[39mtests/fixtures.ts:67:23[90m)[39m
    at [90m/Users/deepak/Downloads/Projects/StackLens-AI-Deploy/[39mnode_modules/[4mplaywright[24m/lib/worker/fixtureRunner.js:94:9
]]>
</system-err>
</testcase>
<testcase name="API Tests - Error Management Endpoints › GET /api/errors/:id › should retrieve specific error by ID" classname="api/comprehensive.test.ts" time="0.052">
<failure message="comprehensive.test.ts:180:9 should retrieve specific error by ID" type="FAILURE">
<![CDATA[  [api-tests] › api/comprehensive.test.ts:180:9 › API Tests - Error Management Endpoints › GET /api/errors/:id › should retrieve specific error by ID 

    SyntaxError: Unexpected token '<', "<!DOCTYPE "... is not valid JSON

      190 |             });
      191 |
    > 192 |             const created = await createResponse.json();
          |                             ^
      193 |
      194 |             // Retrieve the error
      195 |             const getResponse = await apiContext.get(`http://localhost:4000/api/errors/${created.id}`);
        at /Users/deepak/Downloads/Projects/StackLens-AI-Deploy/tests/api/comprehensive.test.ts:192:29
]]>
</failure>
<system-err>
<![CDATA[❌ API authentication failed: Error: Firebase signin failed: 401 Unauthorized
    at Object.apiContext [as fn] [90m(file:///Users/deepak/Downloads/Projects/StackLens-AI-Deploy/[39mtests/fixtures.ts:67:23[90m)[39m
    at [90m/Users/deepak/Downloads/Projects/StackLens-AI-Deploy/[39mnode_modules/[4mplaywright[24m/lib/worker/fixtureRunner.js:94:9
]]>
</system-err>
</testcase>
<testcase name="API Tests - Error Management Endpoints › GET /api/errors/:id › should return 404 for non-existent error" classname="api/comprehensive.test.ts" time="0.049">
<system-err>
<![CDATA[❌ API authentication failed: Error: Firebase signin failed: 401 Unauthorized
    at Object.apiContext [as fn] [90m(file:///Users/deepak/Downloads/Projects/StackLens-AI-Deploy/[39mtests/fixtures.ts:67:23[90m)[39m
    at [90m/Users/deepak/Downloads/Projects/StackLens-AI-Deploy/[39mnode_modules/[4mplaywright[24m/lib/worker/fixtureRunner.js:94:9
]]>
</system-err>
</testcase>
<testcase name="API Tests - Error Management Endpoints › GET /api/errors/:id › should return 400 for invalid ID format" classname="api/comprehensive.test.ts" time="0.051">
<failure message="comprehensive.test.ts:208:9 should return 400 for invalid ID format" type="FAILURE">
<![CDATA[  [api-tests] › api/comprehensive.test.ts:208:9 › API Tests - Error Management Endpoints › GET /api/errors/:id › should return 400 for invalid ID format 

    Error: expect(received).toBe(expected) // Object.is equality

    Expected: 400
    Received: 404

      208 |         test('should return 400 for invalid ID format', async ({ apiContext }) => {
      209 |             const response = await apiContext.get('http://localhost:4000/api/errors/invalid-id');
    > 210 |             expect(response.status()).toBe(400);
          |                                       ^
      211 |         });
      212 |     });
      213 |
        at /Users/deepak/Downloads/Projects/StackLens-AI-Deploy/tests/api/comprehensive.test.ts:210:39
]]>
</failure>
<system-err>
<![CDATA[❌ API authentication failed: Error: Firebase signin failed: 401 Unauthorized
    at Object.apiContext [as fn] [90m(file:///Users/deepak/Downloads/Projects/StackLens-AI-Deploy/[39mtests/fixtures.ts:67:23[90m)[39m
    at [90m/Users/deepak/Downloads/Projects/StackLens-AI-Deploy/[39mnode_modules/[4mplaywright[24m/lib/worker/fixtureRunner.js:94:9
]]>
</system-err>
</testcase>
<testcase name="API Tests - Error Management Endpoints › PATCH /api/errors/:id › should update error fields" classname="api/comprehensive.test.ts" time="0.048">
<failure message="comprehensive.test.ts:215:9 should update error fields" type="FAILURE">
<![CDATA[  [api-tests] › api/comprehensive.test.ts:215:9 › API Tests - Error Management Endpoints › PATCH /api/errors/:id › should update error fields 

    SyntaxError: Unexpected token '<', "<!DOCTYPE "... is not valid JSON

      225 |             });
      226 |
    > 227 |             const created = await createResponse.json();
          |                             ^
      228 |
      229 |             // Update error
      230 |             const updates = {
        at /Users/deepak/Downloads/Projects/StackLens-AI-Deploy/tests/api/comprehensive.test.ts:227:29
]]>
</failure>
<system-err>
<![CDATA[❌ API authentication failed: Error: Firebase signin failed: 401 Unauthorized
    at Object.apiContext [as fn] [90m(file:///Users/deepak/Downloads/Projects/StackLens-AI-Deploy/[39mtests/fixtures.ts:67:23[90m)[39m
    at [90m/Users/deepak/Downloads/Projects/StackLens-AI-Deploy/[39mnode_modules/[4mplaywright[24m/lib/worker/fixtureRunner.js:94:9
]]>
</system-err>
</testcase>
<testcase name="API Tests - Error Management Endpoints › PATCH /api/errors/:id › should validate updated field values" classname="api/comprehensive.test.ts" time="0.053">
<failure message="comprehensive.test.ts:248:9 should validate updated field values" type="FAILURE">
<![CDATA[  [api-tests] › api/comprehensive.test.ts:248:9 › API Tests - Error Management Endpoints › PATCH /api/errors/:id › should validate updated field values 

    SyntaxError: Unexpected token '<', "<!DOCTYPE "... is not valid JSON

      251 |             });
      252 |
    > 253 |             const created = await createResponse.json();
          |                             ^
      254 |
      255 |             const invalidUpdate = {
      256 |                 severity: 'invalid_value'
        at /Users/deepak/Downloads/Projects/StackLens-AI-Deploy/tests/api/comprehensive.test.ts:253:29
]]>
</failure>
<system-err>
<![CDATA[❌ API authentication failed: Error: Firebase signin failed: 401 Unauthorized
    at Object.apiContext [as fn] [90m(file:///Users/deepak/Downloads/Projects/StackLens-AI-Deploy/[39mtests/fixtures.ts:67:23[90m)[39m
    at [90m/Users/deepak/Downloads/Projects/StackLens-AI-Deploy/[39mnode_modules/[4mplaywright[24m/lib/worker/fixtureRunner.js:94:9
]]>
</system-err>
</testcase>
<testcase name="API Tests - Error Management Endpoints › PATCH /api/errors/:id › should return 404 when updating non-existent error" classname="api/comprehensive.test.ts" time="0.055">
<system-err>
<![CDATA[❌ API authentication failed: Error: Firebase signin failed: 401 Unauthorized
    at Object.apiContext [as fn] [90m(file:///Users/deepak/Downloads/Projects/StackLens-AI-Deploy/[39mtests/fixtures.ts:67:23[90m)[39m
    at [90m/Users/deepak/Downloads/Projects/StackLens-AI-Deploy/[39mnode_modules/[4mplaywright[24m/lib/worker/fixtureRunner.js:94:9
]]>
</system-err>
</testcase>
<testcase name="API Tests - Error Management Endpoints › DELETE /api/errors/:id › should delete error" classname="api/comprehensive.test.ts" time="0.013">
<failure message="comprehensive.test.ts:276:9 should delete error" type="FAILURE">
<![CDATA[  [api-tests] › api/comprehensive.test.ts:276:9 › API Tests - Error Management Endpoints › DELETE /api/errors/:id › should delete error 

    SyntaxError: Unexpected token '<', "<!DOCTYPE "... is not valid JSON

      286 |             });
      287 |
    > 288 |             const created = await createResponse.json();
          |                             ^
      289 |
      290 |             // Delete error
      291 |             const deleteResponse = await apiContext.delete(`http://localhost:4000/api/errors/${created.id}`);
        at /Users/deepak/Downloads/Projects/StackLens-AI-Deploy/tests/api/comprehensive.test.ts:288:29
]]>
</failure>
<system-err>
<![CDATA[❌ API authentication failed: Error: Firebase signin failed: 401 Unauthorized
    at Object.apiContext [as fn] [90m(file:///Users/deepak/Downloads/Projects/StackLens-AI-Deploy/[39mtests/fixtures.ts:67:23[90m)[39m
    at [90m/Users/deepak/Downloads/Projects/StackLens-AI-Deploy/[39mnode_modules/[4mplaywright[24m/lib/worker/fixtureRunner.js:94:9
]]>
</system-err>
</testcase>
<testcase name="API Tests - Error Management Endpoints › DELETE /api/errors/:id › should return 404 when deleting non-existent error" classname="api/comprehensive.test.ts" time="0.045">
<system-err>
<![CDATA[❌ API authentication failed: Error: Firebase signin failed: 401 Unauthorized
    at Object.apiContext [as fn] [90m(file:///Users/deepak/Downloads/Projects/StackLens-AI-Deploy/[39mtests/fixtures.ts:67:23[90m)[39m
    at [90m/Users/deepak/Downloads/Projects/StackLens-AI-Deploy/[39mnode_modules/[4mplaywright[24m/lib/worker/fixtureRunner.js:94:9
]]>
</system-err>
</testcase>
<testcase name="API Tests - Error Management Endpoints › POST /api/errors/bulk › should create multiple errors in bulk" classname="api/comprehensive.test.ts" time="0.047">
<failure message="comprehensive.test.ts:306:9 should create multiple errors in bulk" type="FAILURE">
<![CDATA[  [api-tests] › api/comprehensive.test.ts:306:9 › API Tests - Error Management Endpoints › POST /api/errors/bulk › should create multiple errors in bulk 

    Error: expect(received).toBeTruthy()

    Received: false

      315 |             });
      316 |
    > 317 |             expect(response.ok()).toBeTruthy();
          |                                   ^
      318 |             const result = await response.json();
      319 |             expect(result).toHaveProperty('created');
      320 |             expect(result.created).toBe(3);
        at /Users/deepak/Downloads/Projects/StackLens-AI-Deploy/tests/api/comprehensive.test.ts:317:35
]]>
</failure>
<system-err>
<![CDATA[❌ API authentication failed: Error: Firebase signin failed: 401 Unauthorized
    at Object.apiContext [as fn] [90m(file:///Users/deepak/Downloads/Projects/StackLens-AI-Deploy/[39mtests/fixtures.ts:67:23[90m)[39m
    at [90m/Users/deepak/Downloads/Projects/StackLens-AI-Deploy/[39mnode_modules/[4mplaywright[24m/lib/worker/fixtureRunner.js:94:9
]]>
</system-err>
</testcase>
<testcase name="API Tests - Error Management Endpoints › POST /api/errors/bulk › should handle validation errors in bulk creation" classname="api/comprehensive.test.ts" time="0.053">
<failure message="comprehensive.test.ts:325:9 should handle validation errors in bulk creation" type="FAILURE">
<![CDATA[  [api-tests] › api/comprehensive.test.ts:325:9 › API Tests - Error Management Endpoints › POST /api/errors/bulk › should handle validation errors in bulk creation 

    Error: expect(received).toBe(expected) // Object.is equality

    Expected: 400
    Received: 404

      333 |             });
      334 |
    > 335 |             expect(response.status()).toBe(400);
          |                                       ^
      336 |             const error = await response.json();
      337 |             expect(error).toHaveProperty('invalidIndices');
      338 |         });
        at /Users/deepak/Downloads/Projects/StackLens-AI-Deploy/tests/api/comprehensive.test.ts:335:39
]]>
</failure>
<system-err>
<![CDATA[❌ API authentication failed: Error: Firebase signin failed: 401 Unauthorized
    at Object.apiContext [as fn] [90m(file:///Users/deepak/Downloads/Projects/StackLens-AI-Deploy/[39mtests/fixtures.ts:67:23[90m)[39m
    at [90m/Users/deepak/Downloads/Projects/StackLens-AI-Deploy/[39mnode_modules/[4mplaywright[24m/lib/worker/fixtureRunner.js:94:9
]]>
</system-err>
</testcase>
<testcase name="API Tests - Error Management Endpoints › GET /api/errors/stats › should retrieve error statistics" classname="api/comprehensive.test.ts" time="0.048">
<failure message="comprehensive.test.ts:342:9 should retrieve error statistics" type="FAILURE">
<![CDATA[  [api-tests] › api/comprehensive.test.ts:342:9 › API Tests - Error Management Endpoints › GET /api/errors/stats › should retrieve error statistics 

    Error: expect(received).toBeTruthy()

    Received: false

      343 |             const response = await apiContext.get('http://localhost:4000/api/errors/stats');
      344 |
    > 345 |             expect(response.ok()).toBeTruthy();
          |                                   ^
      346 |             const stats = await response.json();
      347 |             expect(stats).toHaveProperty('total');
      348 |             expect(stats).toHaveProperty('bySeverity');
        at /Users/deepak/Downloads/Projects/StackLens-AI-Deploy/tests/api/comprehensive.test.ts:345:35
]]>
</failure>
<system-err>
<![CDATA[❌ API authentication failed: Error: Firebase signin failed: 401 Unauthorized
    at Object.apiContext [as fn] [90m(file:///Users/deepak/Downloads/Projects/StackLens-AI-Deploy/[39mtests/fixtures.ts:67:23[90m)[39m
    at [90m/Users/deepak/Downloads/Projects/StackLens-AI-Deploy/[39mnode_modules/[4mplaywright[24m/lib/worker/fixtureRunner.js:94:9
]]>
</system-err>
</testcase>
<testcase name="API Tests - Error Management Endpoints › GET /api/errors/stats › should filter statistics by date range" classname="api/comprehensive.test.ts" time="0.016">
<failure message="comprehensive.test.ts:354:9 should filter statistics by date range" type="FAILURE">
<![CDATA[  [api-tests] › api/comprehensive.test.ts:354:9 › API Tests - Error Management Endpoints › GET /api/errors/stats › should filter statistics by date range 

    Error: expect(received).toBeTruthy()

    Received: false

      357 |             );
      358 |
    > 359 |             expect(response.ok()).toBeTruthy();
          |                                   ^
      360 |             const stats = await response.json();
      361 |             expect(stats).toHaveProperty('dateRange');
      362 |         });
        at /Users/deepak/Downloads/Projects/StackLens-AI-Deploy/tests/api/comprehensive.test.ts:359:35
]]>
</failure>
<system-err>
<![CDATA[❌ API authentication failed: Error: Firebase signin failed: 401 Unauthorized
    at Object.apiContext [as fn] [90m(file:///Users/deepak/Downloads/Projects/StackLens-AI-Deploy/[39mtests/fixtures.ts:67:23[90m)[39m
    at [90m/Users/deepak/Downloads/Projects/StackLens-AI-Deploy/[39mnode_modules/[4mplaywright[24m/lib/worker/fixtureRunner.js:94:9
]]>
</system-err>
</testcase>
<testcase name="API Tests - Error Management Endpoints › GET /api/errors/stats › should provide statistics by store" classname="api/comprehensive.test.ts" time="0.072">
<failure message="comprehensive.test.ts:364:9 should provide statistics by store" type="FAILURE">
<![CDATA[  [api-tests] › api/comprehensive.test.ts:364:9 › API Tests - Error Management Endpoints › GET /api/errors/stats › should provide statistics by store 

    Error: expect(received).toBeTruthy()

    Received: false

      365 |             const response = await apiContext.get('http://localhost:4000/api/errors/stats/by-store');
      366 |
    > 367 |             expect(response.ok()).toBeTruthy();
          |                                   ^
      368 |             const stats = await response.json();
      369 |             expect(Array.isArray(stats)).toBeTruthy();
      370 |         });
        at /Users/deepak/Downloads/Projects/StackLens-AI-Deploy/tests/api/comprehensive.test.ts:367:35
]]>
</failure>
<system-err>
<![CDATA[❌ API authentication failed: Error: Firebase signin failed: 401 Unauthorized
    at Object.apiContext [as fn] [90m(file:///Users/deepak/Downloads/Projects/StackLens-AI-Deploy/[39mtests/fixtures.ts:67:23[90m)[39m
    at [90m/Users/deepak/Downloads/Projects/StackLens-AI-Deploy/[39mnode_modules/[4mplaywright[24m/lib/worker/fixtureRunner.js:94:9
]]>
</system-err>
</testcase>
<testcase name="API Tests - Error Management Endpoints › POST /api/errors/export › should export errors as CSV" classname="api/comprehensive.test.ts" time="0.059">
<failure message="comprehensive.test.ts:374:9 should export errors as CSV" type="FAILURE">
<![CDATA[  [api-tests] › api/comprehensive.test.ts:374:9 › API Tests - Error Management Endpoints › POST /api/errors/export › should export errors as CSV 

    Error: expect(received).toBeTruthy()

    Received: false

      380 |             });
      381 |
    > 382 |             expect(response.ok()).toBeTruthy();
          |                                   ^
      383 |             const contentType = response.headers()['content-type'];
      384 |             expect(contentType).toContain('text/csv');
      385 |         });
        at /Users/deepak/Downloads/Projects/StackLens-AI-Deploy/tests/api/comprehensive.test.ts:382:35
]]>
</failure>
<system-err>
<![CDATA[❌ API authentication failed: Error: Firebase signin failed: 401 Unauthorized
    at Object.apiContext [as fn] [90m(file:///Users/deepak/Downloads/Projects/StackLens-AI-Deploy/[39mtests/fixtures.ts:67:23[90m)[39m
    at [90m/Users/deepak/Downloads/Projects/StackLens-AI-Deploy/[39mnode_modules/[4mplaywright[24m/lib/worker/fixtureRunner.js:94:9
]]>
</system-err>
</testcase>
<testcase name="API Tests - Error Management Endpoints › POST /api/errors/export › should export errors as JSON" classname="api/comprehensive.test.ts" time="0.064">
<failure message="comprehensive.test.ts:387:9 should export errors as JSON" type="FAILURE">
<![CDATA[  [api-tests] › api/comprehensive.test.ts:387:9 › API Tests - Error Management Endpoints › POST /api/errors/export › should export errors as JSON 

    Error: expect(received).toBeTruthy()

    Received: false

      393 |             });
      394 |
    > 395 |             expect(response.ok()).toBeTruthy();
          |                                   ^
      396 |             const contentType = response.headers()['content-type'];
      397 |             expect(contentType).toContain('application/json');
      398 |         });
        at /Users/deepak/Downloads/Projects/StackLens-AI-Deploy/tests/api/comprehensive.test.ts:395:35
]]>
</failure>
<system-err>
<![CDATA[❌ API authentication failed: Error: Firebase signin failed: 401 Unauthorized
    at Object.apiContext [as fn] [90m(file:///Users/deepak/Downloads/Projects/StackLens-AI-Deploy/[39mtests/fixtures.ts:67:23[90m)[39m
    at [90m/Users/deepak/Downloads/Projects/StackLens-AI-Deploy/[39mnode_modules/[4mplaywright[24m/lib/worker/fixtureRunner.js:94:9
]]>
</system-err>
</testcase>
<testcase name="API Tests - Error Management Endpoints › POST /api/errors/export › should export errors as Excel" classname="api/comprehensive.test.ts" time="0.015">
<failure message="comprehensive.test.ts:400:9 should export errors as Excel" type="FAILURE">
<![CDATA[  [api-tests] › api/comprehensive.test.ts:400:9 › API Tests - Error Management Endpoints › POST /api/errors/export › should export errors as Excel 

    Error: expect(received).toBeTruthy()

    Received: false

      406 |             });
      407 |
    > 408 |             expect(response.ok()).toBeTruthy();
          |                                   ^
      409 |             const contentType = response.headers()['content-type'];
      410 |             expect(contentType).toContain('spreadsheet');
      411 |         });
        at /Users/deepak/Downloads/Projects/StackLens-AI-Deploy/tests/api/comprehensive.test.ts:408:35
]]>
</failure>
<system-err>
<![CDATA[❌ API authentication failed: Error: Firebase signin failed: 401 Unauthorized
    at Object.apiContext [as fn] [90m(file:///Users/deepak/Downloads/Projects/StackLens-AI-Deploy/[39mtests/fixtures.ts:67:23[90m)[39m
    at [90m/Users/deepak/Downloads/Projects/StackLens-AI-Deploy/[39mnode_modules/[4mplaywright[24m/lib/worker/fixtureRunner.js:94:9
]]>
</system-err>
</testcase>
<testcase name="API Tests - Store &amp; Kiosk Management › GET /api/stores › should retrieve all stores" classname="api/comprehensive.test.ts" time="0.058">
<failure message="comprehensive.test.ts:417:9 should retrieve all stores" type="FAILURE">
<![CDATA[  [api-tests] › api/comprehensive.test.ts:417:9 › API Tests - Store & Kiosk Management › GET /api/stores › should retrieve all stores 

    Error: expect(received).toBeTruthy()

    Received: false

      418 |             const response = await apiContext.get('http://localhost:4000/api/stores');
      419 |
    > 420 |             expect(response.ok()).toBeTruthy();
          |                                   ^
      421 |             const stores = await response.json();
      422 |             expect(Array.isArray(stores)).toBeTruthy();
      423 |         });
        at /Users/deepak/Downloads/Projects/StackLens-AI-Deploy/tests/api/comprehensive.test.ts:420:35
]]>
</failure>
<system-err>
<![CDATA[❌ API authentication failed: Error: Firebase signin failed: 401 Unauthorized
    at Object.apiContext [as fn] [90m(file:///Users/deepak/Downloads/Projects/StackLens-AI-Deploy/[39mtests/fixtures.ts:67:23[90m)[39m
    at [90m/Users/deepak/Downloads/Projects/StackLens-AI-Deploy/[39mnode_modules/[4mplaywright[24m/lib/worker/fixtureRunner.js:94:9
]]>
</system-err>
</testcase>
<testcase name="API Tests - Store &amp; Kiosk Management › GET /api/stores › should support pagination for stores" classname="api/comprehensive.test.ts" time="0.058">
<failure message="comprehensive.test.ts:425:9 should support pagination for stores" type="FAILURE">
<![CDATA[  [api-tests] › api/comprehensive.test.ts:425:9 › API Tests - Store & Kiosk Management › GET /api/stores › should support pagination for stores 

    Error: expect(received).toBeTruthy()

    Received: false

      426 |             const response = await apiContext.get('http://localhost:4000/api/stores?page=1&limit=20');
      427 |
    > 428 |             expect(response.ok()).toBeTruthy();
          |                                   ^
      429 |             const data = await response.json();
      430 |             expect(data.stores.length).toBeLessThanOrEqual(20);
      431 |         });
        at /Users/deepak/Downloads/Projects/StackLens-AI-Deploy/tests/api/comprehensive.test.ts:428:35
]]>
</failure>
<system-err>
<![CDATA[❌ API authentication failed: Error: Firebase signin failed: 401 Unauthorized
    at Object.apiContext [as fn] [90m(file:///Users/deepak/Downloads/Projects/StackLens-AI-Deploy/[39mtests/fixtures.ts:67:23[90m)[39m
    at [90m/Users/deepak/Downloads/Projects/StackLens-AI-Deploy/[39mnode_modules/[4mplaywright[24m/lib/worker/fixtureRunner.js:94:9
]]>
</system-err>
</testcase>
<testcase name="API Tests - Store &amp; Kiosk Management › GET /api/stores › should search stores by name" classname="api/comprehensive.test.ts" time="0.062">
<failure message="comprehensive.test.ts:433:9 should search stores by name" type="FAILURE">
<![CDATA[  [api-tests] › api/comprehensive.test.ts:433:9 › API Tests - Store & Kiosk Management › GET /api/stores › should search stores by name 

    Error: expect(received).toBeTruthy()

    Received: false

      434 |             const response = await apiContext.get('http://localhost:4000/api/stores?search=test');
      435 |
    > 436 |             expect(response.ok()).toBeTruthy();
          |                                   ^
      437 |         });
      438 |     });
      439 |
        at /Users/deepak/Downloads/Projects/StackLens-AI-Deploy/tests/api/comprehensive.test.ts:436:35
]]>
</failure>
<system-err>
<![CDATA[❌ API authentication failed: Error: Firebase signin failed: 401 Unauthorized
    at Object.apiContext [as fn] [90m(file:///Users/deepak/Downloads/Projects/StackLens-AI-Deploy/[39mtests/fixtures.ts:67:23[90m)[39m
    at [90m/Users/deepak/Downloads/Projects/StackLens-AI-Deploy/[39mnode_modules/[4mplaywright[24m/lib/worker/fixtureRunner.js:94:9
]]>
</system-err>
</testcase>
<testcase name="API Tests - Store &amp; Kiosk Management › POST /api/stores › should create new store" classname="api/comprehensive.test.ts" time="0.059">
<failure message="comprehensive.test.ts:441:9 should create new store" type="FAILURE">
<![CDATA[  [api-tests] › api/comprehensive.test.ts:441:9 › API Tests - Store & Kiosk Management › POST /api/stores › should create new store 

    Error: expect(received).toBeTruthy()

    Received: false

      451 |             });
      452 |
    > 453 |             expect(response.ok()).toBeTruthy();
          |                                   ^
      454 |             const created = await response.json();
      455 |             expect(created.storeNumber).toBe(newStore.storeNumber);
      456 |         });
        at /Users/deepak/Downloads/Projects/StackLens-AI-Deploy/tests/api/comprehensive.test.ts:453:35
]]>
</failure>
<system-err>
<![CDATA[❌ API authentication failed: Error: Firebase signin failed: 401 Unauthorized
    at Object.apiContext [as fn] [90m(file:///Users/deepak/Downloads/Projects/StackLens-AI-Deploy/[39mtests/fixtures.ts:67:23[90m)[39m
    at [90m/Users/deepak/Downloads/Projects/StackLens-AI-Deploy/[39mnode_modules/[4mplaywright[24m/lib/worker/fixtureRunner.js:94:9
]]>
</system-err>
</testcase>
<testcase name="API Tests - Store &amp; Kiosk Management › POST /api/stores › should prevent duplicate store numbers" classname="api/comprehensive.test.ts" time="0.058">
<failure message="comprehensive.test.ts:458:9 should prevent duplicate store numbers" type="FAILURE">
<![CDATA[  [api-tests] › api/comprehensive.test.ts:458:9 › API Tests - Store & Kiosk Management › POST /api/stores › should prevent duplicate store numbers 

    Error: expect(received).toBe(expected) // Object.is equality

    Expected: 409
    Received: 401

      469 |             });
      470 |
    > 471 |             expect(response.status()).toBe(409); // Conflict
          |                                       ^
      472 |         });
      473 |     });
      474 |
        at /Users/deepak/Downloads/Projects/StackLens-AI-Deploy/tests/api/comprehensive.test.ts:471:39
]]>
</failure>
<system-err>
<![CDATA[❌ API authentication failed: Error: Firebase signin failed: 401 Unauthorized
    at Object.apiContext [as fn] [90m(file:///Users/deepak/Downloads/Projects/StackLens-AI-Deploy/[39mtests/fixtures.ts:67:23[90m)[39m
    at [90m/Users/deepak/Downloads/Projects/StackLens-AI-Deploy/[39mnode_modules/[4mplaywright[24m/lib/worker/fixtureRunner.js:94:9
]]>
</system-err>
</testcase>
<testcase name="API Tests - Store &amp; Kiosk Management › GET /api/kiosks › should retrieve all kiosks" classname="api/comprehensive.test.ts" time="0.054">
<failure message="comprehensive.test.ts:476:9 should retrieve all kiosks" type="FAILURE">
<![CDATA[  [api-tests] › api/comprehensive.test.ts:476:9 › API Tests - Store & Kiosk Management › GET /api/kiosks › should retrieve all kiosks 

    Error: expect(received).toBeTruthy()

    Received: false

      477 |             const response = await apiContext.get('http://localhost:4000/api/kiosks');
      478 |
    > 479 |             expect(response.ok()).toBeTruthy();
          |                                   ^
      480 |             const kiosks = await response.json();
      481 |             expect(Array.isArray(kiosks)).toBeTruthy();
      482 |         });
        at /Users/deepak/Downloads/Projects/StackLens-AI-Deploy/tests/api/comprehensive.test.ts:479:35
]]>
</failure>
<system-err>
<![CDATA[❌ API authentication failed: Error: Firebase signin failed: 401 Unauthorized
    at Object.apiContext [as fn] [90m(file:///Users/deepak/Downloads/Projects/StackLens-AI-Deploy/[39mtests/fixtures.ts:67:23[90m)[39m
    at [90m/Users/deepak/Downloads/Projects/StackLens-AI-Deploy/[39mnode_modules/[4mplaywright[24m/lib/worker/fixtureRunner.js:94:9
]]>
</system-err>
</testcase>
<testcase name="API Tests - Store &amp; Kiosk Management › GET /api/kiosks › should filter kiosks by store" classname="api/comprehensive.test.ts" time="0.048">
<failure message="comprehensive.test.ts:484:9 should filter kiosks by store" type="FAILURE">
<![CDATA[  [api-tests] › api/comprehensive.test.ts:484:9 › API Tests - Store & Kiosk Management › GET /api/kiosks › should filter kiosks by store 

    Error: expect(received).toBeTruthy()

    Received: false

      485 |             const response = await apiContext.get('http://localhost:4000/api/kiosks?store=STORE-0001');
      486 |
    > 487 |             expect(response.ok()).toBeTruthy();
          |                                   ^
      488 |             const kiosks = await response.json();
      489 |             kiosks.forEach((kiosk: any) => {
      490 |                 expect(kiosk.storeNumber).toBe('STORE-0001');
        at /Users/deepak/Downloads/Projects/StackLens-AI-Deploy/tests/api/comprehensive.test.ts:487:35
]]>
</failure>
<system-err>
<![CDATA[❌ API authentication failed: Error: Firebase signin failed: 401 Unauthorized
    at Object.apiContext [as fn] [90m(file:///Users/deepak/Downloads/Projects/StackLens-AI-Deploy/[39mtests/fixtures.ts:67:23[90m)[39m
    at [90m/Users/deepak/Downloads/Projects/StackLens-AI-Deploy/[39mnode_modules/[4mplaywright[24m/lib/worker/fixtureRunner.js:94:9
]]>
</system-err>
</testcase>
<testcase name="API Tests - Store &amp; Kiosk Management › POST /api/kiosks › should create new kiosk" classname="api/comprehensive.test.ts" time="0.055">
<failure message="comprehensive.test.ts:496:9 should create new kiosk" type="FAILURE">
<![CDATA[  [api-tests] › api/comprehensive.test.ts:496:9 › API Tests - Store & Kiosk Management › POST /api/kiosks › should create new kiosk 

    Error: expect(received).toBeTruthy()

    Received: false

      505 |             });
      506 |
    > 507 |             expect(response.ok()).toBeTruthy();
          |                                   ^
      508 |             const created = await response.json();
      509 |             expect(created.kioskNumber).toBe(newKiosk.kioskNumber);
      510 |         });
        at /Users/deepak/Downloads/Projects/StackLens-AI-Deploy/tests/api/comprehensive.test.ts:507:35
]]>
</failure>
<system-err>
<![CDATA[❌ API authentication failed: Error: Firebase signin failed: 401 Unauthorized
    at Object.apiContext [as fn] [90m(file:///Users/deepak/Downloads/Projects/StackLens-AI-Deploy/[39mtests/fixtures.ts:67:23[90m)[39m
    at [90m/Users/deepak/Downloads/Projects/StackLens-AI-Deploy/[39mnode_modules/[4mplaywright[24m/lib/worker/fixtureRunner.js:94:9
]]>
</system-err>
</testcase>
<testcase name="API Tests - Store &amp; Kiosk Management › POST /api/kiosks › should validate kiosk belongs to valid store" classname="api/comprehensive.test.ts" time="0.053">
<failure message="comprehensive.test.ts:512:9 should validate kiosk belongs to valid store" type="FAILURE">
<![CDATA[  [api-tests] › api/comprehensive.test.ts:512:9 › API Tests - Store & Kiosk Management › POST /api/kiosks › should validate kiosk belongs to valid store 

    Error: expect(received).toBe(expected) // Object.is equality

    Expected: 400
    Received: 401

      521 |             });
      522 |
    > 523 |             expect(response.status()).toBe(400);
          |                                       ^
      524 |         });
      525 |     });
      526 | });
        at /Users/deepak/Downloads/Projects/StackLens-AI-Deploy/tests/api/comprehensive.test.ts:523:39
]]>
</failure>
<system-err>
<![CDATA[❌ API authentication failed: Error: Firebase signin failed: 401 Unauthorized
    at Object.apiContext [as fn] [90m(file:///Users/deepak/Downloads/Projects/StackLens-AI-Deploy/[39mtests/fixtures.ts:67:23[90m)[39m
    at [90m/Users/deepak/Downloads/Projects/StackLens-AI-Deploy/[39mnode_modules/[4mplaywright[24m/lib/worker/fixtureRunner.js:94:9
]]>
</system-err>
</testcase>
<testcase name="API Tests - ML Training Endpoints › POST /api/ml/train › should initiate ML training job" classname="api/comprehensive.test.ts" time="0.051">
<failure message="comprehensive.test.ts:530:9 should initiate ML training job" type="FAILURE">
<![CDATA[  [api-tests] › api/comprehensive.test.ts:530:9 › API Tests - ML Training Endpoints › POST /api/ml/train › should initiate ML training job 

    Error: expect(received).toBeTruthy()

    Received: false

      540 |             });
      541 |
    > 542 |             expect(response.ok()).toBeTruthy();
          |                                   ^
      543 |             const result = await response.json();
      544 |             expect(result).toHaveProperty('jobId');
      545 |             expect(result).toHaveProperty('status');
        at /Users/deepak/Downloads/Projects/StackLens-AI-Deploy/tests/api/comprehensive.test.ts:542:35
]]>
</failure>
<system-err>
<![CDATA[❌ API authentication failed: Error: Firebase signin failed: 401 Unauthorized
    at Object.apiContext [as fn] [90m(file:///Users/deepak/Downloads/Projects/StackLens-AI-Deploy/[39mtests/fixtures.ts:67:23[90m)[39m
    at [90m/Users/deepak/Downloads/Projects/StackLens-AI-Deploy/[39mnode_modules/[4mplaywright[24m/lib/worker/fixtureRunner.js:94:9
]]>
</system-err>
</testcase>
<testcase name="API Tests - ML Training Endpoints › POST /api/ml/train › should validate training configuration" classname="api/comprehensive.test.ts" time="0.109">
<failure message="comprehensive.test.ts:549:9 should validate training configuration" type="FAILURE">
<![CDATA[  [api-tests] › api/comprehensive.test.ts:549:9 › API Tests - ML Training Endpoints › POST /api/ml/train › should validate training configuration 

    Error: expect(received).toBe(expected) // Object.is equality

    Expected: 400
    Received: 429

      556 |             });
      557 |
    > 558 |             expect(response.status()).toBe(400);
          |                                       ^
      559 |         });
      560 |     });
      561 |
        at /Users/deepak/Downloads/Projects/StackLens-AI-Deploy/tests/api/comprehensive.test.ts:558:39
]]>
</failure>
<system-err>
<![CDATA[❌ API authentication failed: Error: Firebase signin failed: 401 Unauthorized
    at Object.apiContext [as fn] [90m(file:///Users/deepak/Downloads/Projects/StackLens-AI-Deploy/[39mtests/fixtures.ts:67:23[90m)[39m
    at [90m/Users/deepak/Downloads/Projects/StackLens-AI-Deploy/[39mnode_modules/[4mplaywright[24m/lib/worker/fixtureRunner.js:94:9
]]>
</system-err>
</testcase>
<testcase name="API Tests - ML Training Endpoints › GET /api/ml/jobs/:jobId › should retrieve training job status" classname="api/comprehensive.test.ts" time="0.047">
<failure message="comprehensive.test.ts:563:9 should retrieve training job status" type="FAILURE">
<![CDATA[  [api-tests] › api/comprehensive.test.ts:563:9 › API Tests - ML Training Endpoints › GET /api/ml/jobs/:jobId › should retrieve training job status 

    Error: expect(received).toBeTruthy()

    Received: false

      577 |             // Check status
      578 |             const statusResponse = await apiContext.get(`http://localhost:4000/api/ml/jobs/${job.jobId}`);
    > 579 |             expect(statusResponse.ok()).toBeTruthy();
          |                                         ^
      580 |
      581 |             const status = await statusResponse.json();
      582 |             expect(status).toHaveProperty('jobId');
        at /Users/deepak/Downloads/Projects/StackLens-AI-Deploy/tests/api/comprehensive.test.ts:579:41
]]>
</failure>
<system-err>
<![CDATA[❌ API authentication failed: Error: Firebase signin failed: 429 Too Many Requests
    at Object.apiContext [as fn] [90m(file:///Users/deepak/Downloads/Projects/StackLens-AI-Deploy/[39mtests/fixtures.ts:67:23[90m)[39m
    at [90m/Users/deepak/Downloads/Projects/StackLens-AI-Deploy/[39mnode_modules/[4mplaywright[24m/lib/worker/fixtureRunner.js:94:9
]]>
</system-err>
</testcase>
<testcase name="API Tests - ML Training Endpoints › POST /api/ml/predict › should make prediction with trained model" classname="api/comprehensive.test.ts" time="0.048">
<failure message="comprehensive.test.ts:589:9 should make prediction with trained model" type="FAILURE">
<![CDATA[  [api-tests] › api/comprehensive.test.ts:589:9 › API Tests - ML Training Endpoints › POST /api/ml/predict › should make prediction with trained model 

    Error: expect(received).toBeTruthy()

    Received: false

      598 |             });
      599 |
    > 600 |             expect(response.ok()).toBeTruthy();
          |                                   ^
      601 |             const result = await response.json();
      602 |             expect(result).toHaveProperty('prediction');
      603 |             expect(result).toHaveProperty('confidence');
        at /Users/deepak/Downloads/Projects/StackLens-AI-Deploy/tests/api/comprehensive.test.ts:600:35
]]>
</failure>
<system-err>
<![CDATA[❌ API authentication failed: Error: Firebase signin failed: 429 Too Many Requests
    at Object.apiContext [as fn] [90m(file:///Users/deepak/Downloads/Projects/StackLens-AI-Deploy/[39mtests/fixtures.ts:67:23[90m)[39m
    at [90m/Users/deepak/Downloads/Projects/StackLens-AI-Deploy/[39mnode_modules/[4mplaywright[24m/lib/worker/fixtureRunner.js:94:9
]]>
</system-err>
</testcase>
<testcase name="API Tests - ML Training Endpoints › GET /api/ml/models › should list all trained models" classname="api/comprehensive.test.ts" time="0.056">
<failure message="comprehensive.test.ts:610:9 should list all trained models" type="FAILURE">
<![CDATA[  [api-tests] › api/comprehensive.test.ts:610:9 › API Tests - ML Training Endpoints › GET /api/ml/models › should list all trained models 

    Error: expect(received).toBeTruthy()

    Received: false

      611 |             const response = await apiContext.get('http://localhost:4000/api/ml/models');
      612 |
    > 613 |             expect(response.ok()).toBeTruthy();
          |                                   ^
      614 |             const models = await response.json();
      615 |             expect(Array.isArray(models)).toBeTruthy();
      616 |         });
        at /Users/deepak/Downloads/Projects/StackLens-AI-Deploy/tests/api/comprehensive.test.ts:613:35
]]>
</failure>
<system-err>
<![CDATA[❌ API authentication failed: Error: Firebase signin failed: 429 Too Many Requests
    at Object.apiContext [as fn] [90m(file:///Users/deepak/Downloads/Projects/StackLens-AI-Deploy/[39mtests/fixtures.ts:67:23[90m)[39m
    at [90m/Users/deepak/Downloads/Projects/StackLens-AI-Deploy/[39mnode_modules/[4mplaywright[24m/lib/worker/fixtureRunner.js:94:9
]]>
</system-err>
</testcase>
<testcase name="API Tests - ML Training Endpoints › GET /api/ml/models › should filter models by status" classname="api/comprehensive.test.ts" time="0.058">
<failure message="comprehensive.test.ts:618:9 should filter models by status" type="FAILURE">
<![CDATA[  [api-tests] › api/comprehensive.test.ts:618:9 › API Tests - ML Training Endpoints › GET /api/ml/models › should filter models by status 

    Error: expect(received).toBeTruthy()

    Received: false

      619 |             const response = await apiContext.get('http://localhost:4000/api/ml/models?status=active');
      620 |
    > 621 |             expect(response.ok()).toBeTruthy();
          |                                   ^
      622 |             const models = await response.json();
      623 |             models.forEach((model: any) => {
      624 |                 expect(model.status).toBe('active');
        at /Users/deepak/Downloads/Projects/StackLens-AI-Deploy/tests/api/comprehensive.test.ts:621:35
]]>
</failure>
<system-err>
<![CDATA[❌ API authentication failed: Error: Firebase signin failed: 429 Too Many Requests
    at Object.apiContext [as fn] [90m(file:///Users/deepak/Downloads/Projects/StackLens-AI-Deploy/[39mtests/fixtures.ts:67:23[90m)[39m
    at [90m/Users/deepak/Downloads/Projects/StackLens-AI-Deploy/[39mnode_modules/[4mplaywright[24m/lib/worker/fixtureRunner.js:94:9
]]>
</system-err>
</testcase>
<testcase name="API Tests - AI Analysis Endpoints › POST /api/ai/analyze › should analyze error with AI" classname="api/comprehensive.test.ts" time="0.062">
<failure message="comprehensive.test.ts:632:9 should analyze error with AI" type="FAILURE">
<![CDATA[  [api-tests] › api/comprehensive.test.ts:632:9 › API Tests - AI Analysis Endpoints › POST /api/ai/analyze › should analyze error with AI 

    Error: expect(received).toBeTruthy()

    Received: false

      641 |             });
      642 |
    > 643 |             expect(response.ok()).toBeTruthy();
          |                                   ^
      644 |             const result = await response.json();
      645 |             expect(result).toHaveProperty('analysis');
      646 |             expect(result).toHaveProperty('suggestions');
        at /Users/deepak/Downloads/Projects/StackLens-AI-Deploy/tests/api/comprehensive.test.ts:643:35
]]>
</failure>
<system-err>
<![CDATA[❌ API authentication failed: Error: Firebase signin failed: 429 Too Many Requests
    at Object.apiContext [as fn] [90m(file:///Users/deepak/Downloads/Projects/StackLens-AI-Deploy/[39mtests/fixtures.ts:67:23[90m)[39m
    at [90m/Users/deepak/Downloads/Projects/StackLens-AI-Deploy/[39mnode_modules/[4mplaywright[24m/lib/worker/fixtureRunner.js:94:9
]]>
</system-err>
</testcase>
<testcase name="API Tests - AI Analysis Endpoints › POST /api/ai/analyze › should handle timeout for long-running analysis" classname="api/comprehensive.test.ts" time="0.054">
<failure message="comprehensive.test.ts:650:9 should handle timeout for long-running analysis" type="FAILURE">
<![CDATA[  [api-tests] › api/comprehensive.test.ts:650:9 › API Tests - AI Analysis Endpoints › POST /api/ai/analyze › should handle timeout for long-running analysis 

    Error: expect(received).toContain(expected) // indexOf

    Expected value: 429
    Received array: [200, 408]

      654 |             });
      655 |
    > 656 |             expect([200, 408]).toContain(response.status()); // OK or Timeout
          |                                ^
      657 |         });
      658 |     });
      659 |
        at /Users/deepak/Downloads/Projects/StackLens-AI-Deploy/tests/api/comprehensive.test.ts:656:32
]]>
</failure>
<system-err>
<![CDATA[❌ API authentication failed: Error: Firebase signin failed: 429 Too Many Requests
    at Object.apiContext [as fn] [90m(file:///Users/deepak/Downloads/Projects/StackLens-AI-Deploy/[39mtests/fixtures.ts:67:23[90m)[39m
    at [90m/Users/deepak/Downloads/Projects/StackLens-AI-Deploy/[39mnode_modules/[4mplaywright[24m/lib/worker/fixtureRunner.js:94:9
]]>
</system-err>
</testcase>
<testcase name="API Tests - AI Analysis Endpoints › POST /api/ai/suggest › should provide fix suggestions" classname="api/comprehensive.test.ts" time="0.049">
<failure message="comprehensive.test.ts:661:9 should provide fix suggestions" type="FAILURE">
<![CDATA[  [api-tests] › api/comprehensive.test.ts:661:9 › API Tests - AI Analysis Endpoints › POST /api/ai/suggest › should provide fix suggestions 

    Error: expect(received).toBeTruthy()

    Received: false

      669 |             });
      670 |
    > 671 |             expect(response.ok()).toBeTruthy();
          |                                   ^
      672 |             const result = await response.json();
      673 |             expect(result).toHaveProperty('suggestions');
      674 |             expect(Array.isArray(result.suggestions)).toBeTruthy();
        at /Users/deepak/Downloads/Projects/StackLens-AI-Deploy/tests/api/comprehensive.test.ts:671:35
]]>
</failure>
<system-err>
<![CDATA[❌ API authentication failed: Error: Firebase signin failed: 429 Too Many Requests
    at Object.apiContext [as fn] [90m(file:///Users/deepak/Downloads/Projects/StackLens-AI-Deploy/[39mtests/fixtures.ts:67:23[90m)[39m
    at [90m/Users/deepak/Downloads/Projects/StackLens-AI-Deploy/[39mnode_modules/[4mplaywright[24m/lib/worker/fixtureRunner.js:94:9
]]>
</system-err>
</testcase>
<testcase name="API Tests - AI Analysis Endpoints › POST /api/ai/summarize › should summarize multiple errors" classname="api/comprehensive.test.ts" time="0.059">
<failure message="comprehensive.test.ts:680:9 should summarize multiple errors" type="FAILURE">
<![CDATA[  [api-tests] › api/comprehensive.test.ts:680:9 › API Tests - AI Analysis Endpoints › POST /api/ai/summarize › should summarize multiple errors 

    Error: expect(received).toBeTruthy()

    Received: false

      689 |             });
      690 |
    > 691 |             expect(response.ok()).toBeTruthy();
          |                                   ^
      692 |             const result = await response.json();
      693 |             expect(result).toHaveProperty('summary');
      694 |             expect(result).toHaveProperty('keyInsights');
        at /Users/deepak/Downloads/Projects/StackLens-AI-Deploy/tests/api/comprehensive.test.ts:691:35
]]>
</failure>
<system-err>
<![CDATA[❌ API authentication failed: Error: Firebase signin failed: 429 Too Many Requests
    at Object.apiContext [as fn] [90m(file:///Users/deepak/Downloads/Projects/StackLens-AI-Deploy/[39mtests/fixtures.ts:67:23[90m)[39m
    at [90m/Users/deepak/Downloads/Projects/StackLens-AI-Deploy/[39mnode_modules/[4mplaywright[24m/lib/worker/fixtureRunner.js:94:9
]]>
</system-err>
</testcase>
<testcase name="API Tests - File Upload &amp; Processing › POST /api/upload › should handle Excel file upload" classname="api/comprehensive.test.ts" time="0.057">
<failure message="comprehensive.test.ts:702:9 should handle Excel file upload" type="FAILURE">
<![CDATA[  [api-tests] › api/comprehensive.test.ts:702:9 › API Tests - File Upload & Processing › POST /api/upload › should handle Excel file upload 

    Error: expect(received).toBeTruthy()

    Received: false

      713 |             });
      714 |
    > 715 |             expect(response.ok()).toBeTruthy();
          |                                   ^
      716 |             const result = await response.json();
      717 |             expect(result).toHaveProperty('fileId');
      718 |             expect(result).toHaveProperty('filename');
        at /Users/deepak/Downloads/Projects/StackLens-AI-Deploy/tests/api/comprehensive.test.ts:715:35
]]>
</failure>
<system-err>
<![CDATA[❌ API authentication failed: Error: Firebase signin failed: 429 Too Many Requests
    at Object.apiContext [as fn] [90m(file:///Users/deepak/Downloads/Projects/StackLens-AI-Deploy/[39mtests/fixtures.ts:67:23[90m)[39m
    at [90m/Users/deepak/Downloads/Projects/StackLens-AI-Deploy/[39mnode_modules/[4mplaywright[24m/lib/worker/fixtureRunner.js:94:9
]]>
</system-err>
</testcase>
<testcase name="API Tests - File Upload &amp; Processing › POST /api/upload › should reject files exceeding size limit" classname="api/comprehensive.test.ts" time="0.078">
<failure message="comprehensive.test.ts:721:9 should reject files exceeding size limit" type="FAILURE">
<![CDATA[  [api-tests] › api/comprehensive.test.ts:721:9 › API Tests - File Upload & Processing › POST /api/upload › should reject files exceeding size limit 

    Error: expect(received).toBe(expected) // Object.is equality

    Expected: 413
    Received: 429

      732 |             });
      733 |
    > 734 |             expect(response.status()).toBe(413); // Payload Too Large
          |                                       ^
      735 |         });
      736 |
      737 |         test('should reject unsupported file types', async ({ apiContext }) => {
        at /Users/deepak/Downloads/Projects/StackLens-AI-Deploy/tests/api/comprehensive.test.ts:734:39
]]>
</failure>
<system-err>
<![CDATA[❌ API authentication failed: Error: Firebase signin failed: 429 Too Many Requests
    at Object.apiContext [as fn] [90m(file:///Users/deepak/Downloads/Projects/StackLens-AI-Deploy/[39mtests/fixtures.ts:67:23[90m)[39m
    at [90m/Users/deepak/Downloads/Projects/StackLens-AI-Deploy/[39mnode_modules/[4mplaywright[24m/lib/worker/fixtureRunner.js:94:9
]]>
</system-err>
</testcase>
<testcase name="API Tests - File Upload &amp; Processing › POST /api/upload › should reject unsupported file types" classname="api/comprehensive.test.ts" time="0.072">
<failure message="comprehensive.test.ts:737:9 should reject unsupported file types" type="FAILURE">
<![CDATA[  [api-tests] › api/comprehensive.test.ts:737:9 › API Tests - File Upload & Processing › POST /api/upload › should reject unsupported file types 

    Error: expect(received).toBe(expected) // Object.is equality

    Expected: 400
    Received: 429

      748 |             });
      749 |
    > 750 |             expect(response.status()).toBe(400);
          |                                       ^
      751 |         });
      752 |     });
      753 |
        at /Users/deepak/Downloads/Projects/StackLens-AI-Deploy/tests/api/comprehensive.test.ts:750:39
]]>
</failure>
<system-err>
<![CDATA[❌ API authentication failed: Error: Firebase signin failed: 429 Too Many Requests
    at Object.apiContext [as fn] [90m(file:///Users/deepak/Downloads/Projects/StackLens-AI-Deploy/[39mtests/fixtures.ts:67:23[90m)[39m
    at [90m/Users/deepak/Downloads/Projects/StackLens-AI-Deploy/[39mnode_modules/[4mplaywright[24m/lib/worker/fixtureRunner.js:94:9
]]>
</system-err>
</testcase>
<testcase name="API Tests - File Upload &amp; Processing › GET /api/uploads/:fileId › should retrieve upload status" classname="api/comprehensive.test.ts" time="0.065">
<failure message="comprehensive.test.ts:755:9 should retrieve upload status" type="FAILURE">
<![CDATA[  [api-tests] › api/comprehensive.test.ts:755:9 › API Tests - File Upload & Processing › GET /api/uploads/:fileId › should retrieve upload status 

    Error: expect(received).toBeTruthy()

    Received: false

      766 |             // Check status
      767 |             const statusResponse = await apiContext.get(`http://localhost:4000/api/uploads/${upload.fileId}`);
    > 768 |             expect(statusResponse.ok()).toBeTruthy();
          |                                         ^
      769 |
      770 |             const status = await statusResponse.json();
      771 |             expect(status).toHaveProperty('fileId');
        at /Users/deepak/Downloads/Projects/StackLens-AI-Deploy/tests/api/comprehensive.test.ts:768:41
]]>
</failure>
<system-err>
<![CDATA[❌ API authentication failed: Error: Firebase signin failed: 429 Too Many Requests
    at Object.apiContext [as fn] [90m(file:///Users/deepak/Downloads/Projects/StackLens-AI-Deploy/[39mtests/fixtures.ts:67:23[90m)[39m
    at [90m/Users/deepak/Downloads/Projects/StackLens-AI-Deploy/[39mnode_modules/[4mplaywright[24m/lib/worker/fixtureRunner.js:94:9
]]>
</system-err>
</testcase>
<testcase name="API Tests - Authentication &amp; Authorization › POST /api/auth/firebase › should authenticate with valid Firebase token" classname="api/comprehensive.test.ts" time="0.048">
<failure message="comprehensive.test.ts:780:9 should authenticate with valid Firebase token" type="FAILURE">
<![CDATA[  [api-tests] › api/comprehensive.test.ts:780:9 › API Tests - Authentication & Authorization › POST /api/auth/firebase › should authenticate with valid Firebase token 

    Error: expect(received).toBeTruthy()

    Received: false

      785 |             });
      786 |
    > 787 |             expect(response.ok()).toBeTruthy();
          |                                   ^
      788 |             const auth = await response.json();
      789 |             expect(auth).toHaveProperty('userId');
      790 |             expect(auth).toHaveProperty('email');
        at /Users/deepak/Downloads/Projects/StackLens-AI-Deploy/tests/api/comprehensive.test.ts:787:35
]]>
</failure>
<system-err>
<![CDATA[❌ API authentication failed: Error: Firebase signin failed: 429 Too Many Requests
    at Object.apiContext [as fn] [90m(file:///Users/deepak/Downloads/Projects/StackLens-AI-Deploy/[39mtests/fixtures.ts:67:23[90m)[39m
    at [90m/Users/deepak/Downloads/Projects/StackLens-AI-Deploy/[39mnode_modules/[4mplaywright[24m/lib/worker/fixtureRunner.js:94:9
]]>
</system-err>
</testcase>
<testcase name="API Tests - Authentication &amp; Authorization › POST /api/auth/firebase › should reject invalid token" classname="api/comprehensive.test.ts" time="0.048">
<failure message="comprehensive.test.ts:794:9 should reject invalid token" type="FAILURE">
<![CDATA[  [api-tests] › api/comprehensive.test.ts:794:9 › API Tests - Authentication & Authorization › POST /api/auth/firebase › should reject invalid token 

    Error: expect(received).toBe(expected) // Object.is equality

    Expected: 401
    Received: 429

      799 |             });
      800 |
    > 801 |             expect(response.status()).toBe(401);
          |                                       ^
      802 |         });
      803 |     });
      804 |
        at /Users/deepak/Downloads/Projects/StackLens-AI-Deploy/tests/api/comprehensive.test.ts:801:39
]]>
</failure>
<system-err>
<![CDATA[❌ API authentication failed: Error: Firebase signin failed: 429 Too Many Requests
    at Object.apiContext [as fn] [90m(file:///Users/deepak/Downloads/Projects/StackLens-AI-Deploy/[39mtests/fixtures.ts:67:23[90m)[39m
    at [90m/Users/deepak/Downloads/Projects/StackLens-AI-Deploy/[39mnode_modules/[4mplaywright[24m/lib/worker/fixtureRunner.js:94:9
]]>
</system-err>
</testcase>
<testcase name="API Tests - Authentication &amp; Authorization › POST /api/auth/logout › should logout user" classname="api/comprehensive.test.ts" time="0.054">
<failure message="comprehensive.test.ts:806:9 should logout user" type="FAILURE">
<![CDATA[  [api-tests] › api/comprehensive.test.ts:806:9 › API Tests - Authentication & Authorization › POST /api/auth/logout › should logout user 

    Error: expect(received).toBeTruthy()

    Received: false

      819 |             });
      820 |
    > 821 |             expect(logoutResponse.ok()).toBeTruthy();
          |                                         ^
      822 |         });
      823 |     });
      824 |
        at /Users/deepak/Downloads/Projects/StackLens-AI-Deploy/tests/api/comprehensive.test.ts:821:41
]]>
</failure>
<system-err>
<![CDATA[❌ API authentication failed: Error: Firebase signin failed: 429 Too Many Requests
    at Object.apiContext [as fn] [90m(file:///Users/deepak/Downloads/Projects/StackLens-AI-Deploy/[39mtests/fixtures.ts:67:23[90m)[39m
    at [90m/Users/deepak/Downloads/Projects/StackLens-AI-Deploy/[39mnode_modules/[4mplaywright[24m/lib/worker/fixtureRunner.js:94:9
]]>
</system-err>
</testcase>
<testcase name="API Tests - Authentication &amp; Authorization › GET /api/admin/users › should require admin role" classname="api/comprehensive.test.ts" time="0.047">
<failure message="comprehensive.test.ts:826:9 should require admin role" type="FAILURE">
<![CDATA[  [api-tests] › api/comprehensive.test.ts:826:9 › API Tests - Authentication & Authorization › GET /api/admin/users › should require admin role 

    Error: expect(received).toBe(expected) // Object.is equality

    Expected: 401
    Received: 429

      826 |         test('should require admin role', async ({ apiContext }) => {
      827 |             const response = await apiContext.get('http://localhost:4000/api/admin/users');
    > 828 |             expect(response.status()).toBe(401);
          |                                       ^
      829 |         });
      830 |
      831 |         test('should allow access with admin token', async ({ apiContext }) => {
        at /Users/deepak/Downloads/Projects/StackLens-AI-Deploy/tests/api/comprehensive.test.ts:828:39
]]>
</failure>
<system-err>
<![CDATA[❌ API authentication failed: Error: Firebase signin failed: 429 Too Many Requests
    at Object.apiContext [as fn] [90m(file:///Users/deepak/Downloads/Projects/StackLens-AI-Deploy/[39mtests/fixtures.ts:67:23[90m)[39m
    at [90m/Users/deepak/Downloads/Projects/StackLens-AI-Deploy/[39mnode_modules/[4mplaywright[24m/lib/worker/fixtureRunner.js:94:9
]]>
</system-err>
</testcase>
<testcase name="API Tests - Authentication &amp; Authorization › GET /api/admin/users › should allow access with admin token" classname="api/comprehensive.test.ts" time="0.052">
<failure message="comprehensive.test.ts:831:9 should allow access with admin token" type="FAILURE">
<![CDATA[  [api-tests] › api/comprehensive.test.ts:831:9 › API Tests - Authentication & Authorization › GET /api/admin/users › should allow access with admin token 

    Error: expect(received).toBeTruthy()

    Received: false

      844 |             });
      845 |
    > 846 |             expect(response.ok()).toBeTruthy();
          |                                   ^
      847 |         });
      848 |     });
      849 | });
        at /Users/deepak/Downloads/Projects/StackLens-AI-Deploy/tests/api/comprehensive.test.ts:846:35
]]>
</failure>
<system-err>
<![CDATA[❌ API authentication failed: Error: Firebase signin failed: 429 Too Many Requests
    at Object.apiContext [as fn] [90m(file:///Users/deepak/Downloads/Projects/StackLens-AI-Deploy/[39mtests/fixtures.ts:67:23[90m)[39m
    at [90m/Users/deepak/Downloads/Projects/StackLens-AI-Deploy/[39mnode_modules/[4mplaywright[24m/lib/worker/fixtureRunner.js:94:9
]]>
</system-err>
</testcase>
<testcase name="API Tests - Request Validation › should reject requests with invalid Content-Type" classname="api/comprehensive.test.ts" time="0.048">
<failure message="comprehensive.test.ts:852:5 should reject requests with invalid Content-Type" type="FAILURE">
<![CDATA[  [api-tests] › api/comprehensive.test.ts:852:5 › API Tests - Request Validation › should reject requests with invalid Content-Type 

    Error: expect(received).toContain(expected) // indexOf

    Expected value: 429
    Received array: [400, 415]

      858 |         });
      859 |
    > 860 |         expect([400, 415]).toContain(response.status());
          |                            ^
      861 |     });
      862 |
      863 |     test('should validate JSON syntax', async ({ apiContext }) => {
        at /Users/deepak/Downloads/Projects/StackLens-AI-Deploy/tests/api/comprehensive.test.ts:860:28
]]>
</failure>
<system-err>
<![CDATA[❌ API authentication failed: Error: Firebase signin failed: 429 Too Many Requests
    at Object.apiContext [as fn] [90m(file:///Users/deepak/Downloads/Projects/StackLens-AI-Deploy/[39mtests/fixtures.ts:67:23[90m)[39m
    at [90m/Users/deepak/Downloads/Projects/StackLens-AI-Deploy/[39mnode_modules/[4mplaywright[24m/lib/worker/fixtureRunner.js:94:9
]]>
</system-err>
</testcase>
<testcase name="API Tests - Request Validation › should validate JSON syntax" classname="api/comprehensive.test.ts" time="0.049">
<system-err>
<![CDATA[❌ API authentication failed: Error: Firebase signin failed: 429 Too Many Requests
    at Object.apiContext [as fn] [90m(file:///Users/deepak/Downloads/Projects/StackLens-AI-Deploy/[39mtests/fixtures.ts:67:23[90m)[39m
    at [90m/Users/deepak/Downloads/Projects/StackLens-AI-Deploy/[39mnode_modules/[4mplaywright[24m/lib/worker/fixtureRunner.js:94:9
]]>
</system-err>
</testcase>
<testcase name="API Tests - Request Validation › should enforce maximum payload size" classname="api/comprehensive.test.ts" time="0.056">
<system-err>
<![CDATA[❌ API authentication failed: Error: Firebase signin failed: 429 Too Many Requests
    at Object.apiContext [as fn] [90m(file:///Users/deepak/Downloads/Projects/StackLens-AI-Deploy/[39mtests/fixtures.ts:67:23[90m)[39m
    at [90m/Users/deepak/Downloads/Projects/StackLens-AI-Deploy/[39mnode_modules/[4mplaywright[24m/lib/worker/fixtureRunner.js:94:9
]]>
</system-err>
</testcase>
<testcase name="API Tests - Request Validation › should validate required headers" classname="api/comprehensive.test.ts" time="0.046">
<failure message="comprehensive.test.ts:888:5 should validate required headers" type="FAILURE">
<![CDATA[  [api-tests] › api/comprehensive.test.ts:888:5 › API Tests - Request Validation › should validate required headers 

    Error: expect(received).toContain(expected) // indexOf

    Expected value: 429
    Received array: [200, 400]

      894 |
      895 |         // Should still work or return specific error
    > 896 |         expect([200, 400]).toContain(response.status());
          |                            ^
      897 |     });
      898 |
      899 |     test('should handle missing request body', async ({ apiContext }) => {
        at /Users/deepak/Downloads/Projects/StackLens-AI-Deploy/tests/api/comprehensive.test.ts:896:28
]]>
</failure>
<system-err>
<![CDATA[❌ API authentication failed: Error: Firebase signin failed: 429 Too Many Requests
    at Object.apiContext [as fn] [90m(file:///Users/deepak/Downloads/Projects/StackLens-AI-Deploy/[39mtests/fixtures.ts:67:23[90m)[39m
    at [90m/Users/deepak/Downloads/Projects/StackLens-AI-Deploy/[39mnode_modules/[4mplaywright[24m/lib/worker/fixtureRunner.js:94:9
]]>
</system-err>
</testcase>
<testcase name="API Tests - Request Validation › should handle missing request body" classname="api/comprehensive.test.ts" time="0.06">
<failure message="comprehensive.test.ts:899:5 should handle missing request body" type="FAILURE">
<![CDATA[  [api-tests] › api/comprehensive.test.ts:899:5 › API Tests - Request Validation › should handle missing request body 

    Error: expect(received).toBe(expected) // Object.is equality

    Expected: 400
    Received: 429

      900 |         const response = await apiContext.post('http://localhost:4000/api/errors');
      901 |
    > 902 |         expect(response.status()).toBe(400);
          |                                   ^
      903 |     });
      904 |
      905 |     test('should validate URL parameter formats', async ({ apiContext }) => {
        at /Users/deepak/Downloads/Projects/StackLens-AI-Deploy/tests/api/comprehensive.test.ts:902:35
]]>
</failure>
<system-err>
<![CDATA[❌ API authentication failed: Error: Firebase signin failed: 429 Too Many Requests
    at Object.apiContext [as fn] [90m(file:///Users/deepak/Downloads/Projects/StackLens-AI-Deploy/[39mtests/fixtures.ts:67:23[90m)[39m
    at [90m/Users/deepak/Downloads/Projects/StackLens-AI-Deploy/[39mnode_modules/[4mplaywright[24m/lib/worker/fixtureRunner.js:94:9
]]>
</system-err>
</testcase>
<testcase name="API Tests - Request Validation › should validate URL parameter formats" classname="api/comprehensive.test.ts" time="0.053">
<failure message="comprehensive.test.ts:905:5 should validate URL parameter formats" type="FAILURE">
<![CDATA[  [api-tests] › api/comprehensive.test.ts:905:5 › API Tests - Request Validation › should validate URL parameter formats 

    Error: expect(received).toContain(expected) // indexOf

    Expected value: 429
    Received array: [400, 422]

      906 |         const response = await apiContext.get('http://localhost:4000/api/errors?page=invalid');
      907 |
    > 908 |         expect([400, 422]).toContain(response.status());
          |                            ^
      909 |     });
      910 |
      911 |     test('should handle special characters in query params', async ({ apiContext }) => {
        at /Users/deepak/Downloads/Projects/StackLens-AI-Deploy/tests/api/comprehensive.test.ts:908:28
]]>
</failure>
<system-err>
<![CDATA[❌ API authentication failed: Error: Firebase signin failed: 429 Too Many Requests
    at Object.apiContext [as fn] [90m(file:///Users/deepak/Downloads/Projects/StackLens-AI-Deploy/[39mtests/fixtures.ts:67:23[90m)[39m
    at [90m/Users/deepak/Downloads/Projects/StackLens-AI-Deploy/[39mnode_modules/[4mplaywright[24m/lib/worker/fixtureRunner.js:94:9
]]>
</system-err>
</testcase>
<testcase name="API Tests - Request Validation › should handle special characters in query params" classname="api/comprehensive.test.ts" time="0.013">
<failure message="comprehensive.test.ts:911:5 should handle special characters in query params" type="FAILURE">
<![CDATA[  [api-tests] › api/comprehensive.test.ts:911:5 › API Tests - Request Validation › should handle special characters in query params 

    Error: expect(received).toContain(expected) // indexOf

    Expected value: 429
    Received array: [200, 400]

      915 |         );
      916 |
    > 917 |         expect([200, 400]).toContain(response.status());
          |                            ^
      918 |     });
      919 | });
      920 |
        at /Users/deepak/Downloads/Projects/StackLens-AI-Deploy/tests/api/comprehensive.test.ts:917:28
]]>
</failure>
<system-err>
<![CDATA[❌ API authentication failed: Error: Firebase signin failed: 429 Too Many Requests
    at Object.apiContext [as fn] [90m(file:///Users/deepak/Downloads/Projects/StackLens-AI-Deploy/[39mtests/fixtures.ts:67:23[90m)[39m
    at [90m/Users/deepak/Downloads/Projects/StackLens-AI-Deploy/[39mnode_modules/[4mplaywright[24m/lib/worker/fixtureRunner.js:94:9
]]>
</system-err>
</testcase>
<testcase name="API Tests - Response Format Validation › should return proper Content-Type headers" classname="api/comprehensive.test.ts" time="0.056">
<system-err>
<![CDATA[❌ API authentication failed: Error: Firebase signin failed: 429 Too Many Requests
    at Object.apiContext [as fn] [90m(file:///Users/deepak/Downloads/Projects/StackLens-AI-Deploy/[39mtests/fixtures.ts:67:23[90m)[39m
    at [90m/Users/deepak/Downloads/Projects/StackLens-AI-Deploy/[39mnode_modules/[4mplaywright[24m/lib/worker/fixtureRunner.js:94:9
]]>
</system-err>
</testcase>
<testcase name="API Tests - Response Format Validation › should include CORS headers" classname="api/comprehensive.test.ts" time="0.012">
<system-err>
<![CDATA[❌ API authentication failed: Error: Firebase signin failed: 429 Too Many Requests
    at Object.apiContext [as fn] [90m(file:///Users/deepak/Downloads/Projects/StackLens-AI-Deploy/[39mtests/fixtures.ts:67:23[90m)[39m
    at [90m/Users/deepak/Downloads/Projects/StackLens-AI-Deploy/[39mnode_modules/[4mplaywright[24m/lib/worker/fixtureRunner.js:94:9
]]>
</system-err>
</testcase>
<testcase name="API Tests - Response Format Validation › should return consistent error response format" classname="api/comprehensive.test.ts" time="0.012">
<failure message="comprehensive.test.ts:940:5 should return consistent error response format" type="FAILURE">
<![CDATA[  [api-tests] › api/comprehensive.test.ts:940:5 › API Tests - Response Format Validation › should return consistent error response format 

    Error: expect(received).toBe(expected) // Object.is equality

    Expected: 404
    Received: 429

      941 |         const response = await apiContext.get('http://localhost:4000/api/errors/999999');
      942 |
    > 943 |         expect(response.status()).toBe(404);
          |                                   ^
      944 |         const error = await response.json();
      945 |
      946 |         expect(error).toHaveProperty('error');
        at /Users/deepak/Downloads/Projects/StackLens-AI-Deploy/tests/api/comprehensive.test.ts:943:35
]]>
</failure>
<system-err>
<![CDATA[❌ API authentication failed: Error: Firebase signin failed: 429 Too Many Requests
    at Object.apiContext [as fn] [90m(file:///Users/deepak/Downloads/Projects/StackLens-AI-Deploy/[39mtests/fixtures.ts:67:23[90m)[39m
    at [90m/Users/deepak/Downloads/Projects/StackLens-AI-Deploy/[39mnode_modules/[4mplaywright[24m/lib/worker/fixtureRunner.js:94:9
]]>
</system-err>
</testcase>
<testcase name="API Tests - Response Format Validation › should include pagination metadata" classname="api/comprehensive.test.ts" time="0.052">
<failure message="comprehensive.test.ts:950:5 should include pagination metadata" type="FAILURE">
<![CDATA[  [api-tests] › api/comprehensive.test.ts:950:5 › API Tests - Response Format Validation › should include pagination metadata 

    Error: expect(received).toBeTruthy()

    Received: false

      951 |         const response = await apiContext.get('http://localhost:4000/api/errors?page=1&limit=5');
      952 |
    > 953 |         expect(response.ok()).toBeTruthy();
          |                               ^
      954 |         const data = await response.json();
      955 |
      956 |         expect(data).toHaveProperty('page');
        at /Users/deepak/Downloads/Projects/StackLens-AI-Deploy/tests/api/comprehensive.test.ts:953:31
]]>
</failure>
<system-err>
<![CDATA[❌ API authentication failed: Error: Firebase signin failed: 429 Too Many Requests
    at Object.apiContext [as fn] [90m(file:///Users/deepak/Downloads/Projects/StackLens-AI-Deploy/[39mtests/fixtures.ts:67:23[90m)[39m
    at [90m/Users/deepak/Downloads/Projects/StackLens-AI-Deploy/[39mnode_modules/[4mplaywright[24m/lib/worker/fixtureRunner.js:94:9
]]>
</system-err>
</testcase>
<testcase name="API Tests - Response Format Validation › should return timestamps in ISO format" classname="api/comprehensive.test.ts" time="0.047">
<failure message="comprehensive.test.ts:962:5 should return timestamps in ISO format" type="FAILURE">
<![CDATA[  [api-tests] › api/comprehensive.test.ts:962:5 › API Tests - Response Format Validation › should return timestamps in ISO format 

    Error: expect(received).toBeTruthy()

    Received: false

      963 |         const response = await apiContext.get('http://localhost:4000/api/errors');
      964 |
    > 965 |         expect(response.ok()).toBeTruthy();
          |                               ^
      966 |         const errors = await response.json();
      967 |
      968 |         if (errors.length > 0 && errors[0].timestamp) {
        at /Users/deepak/Downloads/Projects/StackLens-AI-Deploy/tests/api/comprehensive.test.ts:965:31
]]>
</failure>
<system-err>
<![CDATA[❌ API authentication failed: Error: Firebase signin failed: 429 Too Many Requests
    at Object.apiContext [as fn] [90m(file:///Users/deepak/Downloads/Projects/StackLens-AI-Deploy/[39mtests/fixtures.ts:67:23[90m)[39m
    at [90m/Users/deepak/Downloads/Projects/StackLens-AI-Deploy/[39mnode_modules/[4mplaywright[24m/lib/worker/fixtureRunner.js:94:9
]]>
</system-err>
</testcase>
<testcase name="API Tests - Error Handling › should handle database connection errors gracefully" classname="api/comprehensive.test.ts" time="0.046">
<failure message="comprehensive.test.ts:976:5 should handle database connection errors gracefully" type="FAILURE">
<![CDATA[  [api-tests] › api/comprehensive.test.ts:976:5 › API Tests - Error Handling › should handle database connection errors gracefully 

    Error: expect(received).toContain(expected) // indexOf

    Expected value: 429
    Received array: [200, 500, 503]

      979 |
      980 |         // Should return proper error, not crash
    > 981 |         expect([200, 500, 503]).toContain(response.status());
          |                                 ^
      982 |     });
      983 |
      984 |     test('should return 404 for non-existent routes', async ({ apiContext }) => {
        at /Users/deepak/Downloads/Projects/StackLens-AI-Deploy/tests/api/comprehensive.test.ts:981:33
]]>
</failure>
<system-err>
<![CDATA[❌ API authentication failed: Error: Firebase signin failed: 429 Too Many Requests
    at Object.apiContext [as fn] [90m(file:///Users/deepak/Downloads/Projects/StackLens-AI-Deploy/[39mtests/fixtures.ts:67:23[90m)[39m
    at [90m/Users/deepak/Downloads/Projects/StackLens-AI-Deploy/[39mnode_modules/[4mplaywright[24m/lib/worker/fixtureRunner.js:94:9
]]>
</system-err>
</testcase>
<testcase name="API Tests - Error Handling › should return 404 for non-existent routes" classname="api/comprehensive.test.ts" time="0.047">
<failure message="comprehensive.test.ts:984:5 should return 404 for non-existent routes" type="FAILURE">
<![CDATA[  [api-tests] › api/comprehensive.test.ts:984:5 › API Tests - Error Handling › should return 404 for non-existent routes 

    Error: expect(received).toBe(expected) // Object.is equality

    Expected: 404
    Received: 429

      985 |         const response = await apiContext.get('http://localhost:4000/api/nonexistent');
      986 |
    > 987 |         expect(response.status()).toBe(404);
          |                                   ^
      988 |     });
      989 |
      990 |     test('should handle malformed route parameters', async ({ apiContext }) => {
        at /Users/deepak/Downloads/Projects/StackLens-AI-Deploy/tests/api/comprehensive.test.ts:987:35
]]>
</failure>
<system-err>
<![CDATA[❌ API authentication failed: Error: Firebase signin failed: 429 Too Many Requests
    at Object.apiContext [as fn] [90m(file:///Users/deepak/Downloads/Projects/StackLens-AI-Deploy/[39mtests/fixtures.ts:67:23[90m)[39m
    at [90m/Users/deepak/Downloads/Projects/StackLens-AI-Deploy/[39mnode_modules/[4mplaywright[24m/lib/worker/fixtureRunner.js:94:9
]]>
</system-err>
</testcase>
<testcase name="API Tests - Error Handling › should handle malformed route parameters" classname="api/comprehensive.test.ts" time="0.015">
<failure message="comprehensive.test.ts:990:5 should handle malformed route parameters" type="FAILURE">
<![CDATA[  [api-tests] › api/comprehensive.test.ts:990:5 › API Tests - Error Handling › should handle malformed route parameters 

    Error: expect(received).toContain(expected) // indexOf

    Expected value: 429
    Received array: [400, 404]

      991 |         const response = await apiContext.get('http://localhost:4000/api/errors/not-a-number');
      992 |
    > 993 |         expect([400, 404]).toContain(response.status());
          |                            ^
      994 |     });
      995 |
      996 |     test('should provide helpful error messages', async ({ apiContext }) => {
        at /Users/deepak/Downloads/Projects/StackLens-AI-Deploy/tests/api/comprehensive.test.ts:993:28
]]>
</failure>
<system-err>
<![CDATA[❌ API authentication failed: Error: Firebase signin failed: 429 Too Many Requests
    at Object.apiContext [as fn] [90m(file:///Users/deepak/Downloads/Projects/StackLens-AI-Deploy/[39mtests/fixtures.ts:67:23[90m)[39m
    at [90m/Users/deepak/Downloads/Projects/StackLens-AI-Deploy/[39mnode_modules/[4mplaywright[24m/lib/worker/fixtureRunner.js:94:9
]]>
</system-err>
</testcase>
<testcase name="API Tests - Error Handling › should provide helpful error messages" classname="api/comprehensive.test.ts" time="0.048">
<failure message="comprehensive.test.ts:996:5 should provide helpful error messages" type="FAILURE">
<![CDATA[  [api-tests] › api/comprehensive.test.ts:996:5 › API Tests - Error Handling › should provide helpful error messages 

    Error: expect(received).toBe(expected) // Object.is equality

    Expected: 400
    Received: 429

       999 |         });
      1000 |
    > 1001 |         expect(response.status()).toBe(400);
           |                                   ^
      1002 |         const error = await response.json();
      1003 |
      1004 |         expect(error.message).toBeTruthy();
        at /Users/deepak/Downloads/Projects/StackLens-AI-Deploy/tests/api/comprehensive.test.ts:1001:35
]]>
</failure>
<system-err>
<![CDATA[❌ API authentication failed: Error: Firebase signin failed: 429 Too Many Requests
    at Object.apiContext [as fn] [90m(file:///Users/deepak/Downloads/Projects/StackLens-AI-Deploy/[39mtests/fixtures.ts:67:23[90m)[39m
    at [90m/Users/deepak/Downloads/Projects/StackLens-AI-Deploy/[39mnode_modules/[4mplaywright[24m/lib/worker/fixtureRunner.js:94:9
]]>
</system-err>
</testcase>
<testcase name="API Tests - Error Handling › should handle concurrent request failures" classname="api/comprehensive.test.ts" time="0.076">
<failure message="comprehensive.test.ts:1008:5 should handle concurrent request failures" type="FAILURE">
<![CDATA[  [api-tests] › api/comprehensive.test.ts:1008:5 › API Tests - Error Handling › should handle concurrent request failures 

    Error: expect(received).toBe(expected) // Object.is equality

    Expected: 404
    Received: 429

      1014 |
      1015 |         responses.forEach(response => {
    > 1016 |             expect(response.status()).toBe(404);
           |                                       ^
      1017 |         });
      1018 |     });
      1019 | });
        at forEach (/Users/deepak/Downloads/Projects/StackLens-AI-Deploy/tests/api/comprehensive.test.ts:1016:39)
        at /Users/deepak/Downloads/Projects/StackLens-AI-Deploy/tests/api/comprehensive.test.ts:1015:19
]]>
</failure>
<system-err>
<![CDATA[❌ API authentication failed: Error: Firebase signin failed: 429 Too Many Requests
    at Object.apiContext [as fn] [90m(file:///Users/deepak/Downloads/Projects/StackLens-AI-Deploy/[39mtests/fixtures.ts:67:23[90m)[39m
    at [90m/Users/deepak/Downloads/Projects/StackLens-AI-Deploy/[39mnode_modules/[4mplaywright[24m/lib/worker/fixtureRunner.js:94:9
]]>
</system-err>
</testcase>
<testcase name="API Tests - Rate Limiting › should implement rate limiting" classname="api/comprehensive.test.ts" time="0.185">
<system-err>
<![CDATA[❌ API authentication failed: Error: Firebase signin failed: 429 Too Many Requests
    at Object.apiContext [as fn] [90m(file:///Users/deepak/Downloads/Projects/StackLens-AI-Deploy/[39mtests/fixtures.ts:67:23[90m)[39m
    at [90m/Users/deepak/Downloads/Projects/StackLens-AI-Deploy/[39mnode_modules/[4mplaywright[24m/lib/worker/fixtureRunner.js:94:9
]]>
</system-err>
</testcase>
<testcase name="API Tests - Rate Limiting › should include rate limit headers" classname="api/comprehensive.test.ts" time="0.045">
<system-err>
<![CDATA[❌ API authentication failed: Error: Firebase signin failed: 429 Too Many Requests
    at Object.apiContext [as fn] [90m(file:///Users/deepak/Downloads/Projects/StackLens-AI-Deploy/[39mtests/fixtures.ts:67:23[90m)[39m
    at [90m/Users/deepak/Downloads/Projects/StackLens-AI-Deploy/[39mnode_modules/[4mplaywright[24m/lib/worker/fixtureRunner.js:94:9
]]>
</system-err>
</testcase>
<testcase name="API Tests - Rate Limiting › should reset rate limits after time window" classname="api/comprehensive.test.ts" time="1.147">
<system-err>
<![CDATA[❌ API authentication failed: Error: Firebase signin failed: 429 Too Many Requests
    at Object.apiContext [as fn] [90m(file:///Users/deepak/Downloads/Projects/StackLens-AI-Deploy/[39mtests/fixtures.ts:67:23[90m)[39m
    at [90m/Users/deepak/Downloads/Projects/StackLens-AI-Deploy/[39mnode_modules/[4mplaywright[24m/lib/worker/fixtureRunner.js:94:9
]]>
</system-err>
</testcase>
<testcase name="API Tests - Pagination Edge Cases › should handle page=0" classname="api/comprehensive.test.ts" time="0.074">
<failure message="comprehensive.test.ts:1070:5 should handle page=0" type="FAILURE">
<![CDATA[  [api-tests] › api/comprehensive.test.ts:1070:5 › API Tests - Pagination Edge Cases › should handle page=0 

    Error: expect(received).toContain(expected) // indexOf

    Expected value: 429
    Received array: [200, 400]

      1072 |
      1073 |         // Should either default to page 1 or return error
    > 1074 |         expect([200, 400]).toContain(response.status());
           |                            ^
      1075 |     });
      1076 |
      1077 |     test('should handle negative page numbers', async ({ apiContext }) => {
        at /Users/deepak/Downloads/Projects/StackLens-AI-Deploy/tests/api/comprehensive.test.ts:1074:28
]]>
</failure>
<system-err>
<![CDATA[❌ API authentication failed: Error: Firebase signin failed: 429 Too Many Requests
    at Object.apiContext [as fn] [90m(file:///Users/deepak/Downloads/Projects/StackLens-AI-Deploy/[39mtests/fixtures.ts:67:23[90m)[39m
    at [90m/Users/deepak/Downloads/Projects/StackLens-AI-Deploy/[39mnode_modules/[4mplaywright[24m/lib/worker/fixtureRunner.js:94:9
]]>
</system-err>
</testcase>
<testcase name="API Tests - Pagination Edge Cases › should handle negative page numbers" classname="api/comprehensive.test.ts" time="0.051">
<failure message="comprehensive.test.ts:1077:5 should handle negative page numbers" type="FAILURE">
<![CDATA[  [api-tests] › api/comprehensive.test.ts:1077:5 › API Tests - Pagination Edge Cases › should handle negative page numbers 

    Error: expect(received).toContain(expected) // indexOf

    Expected value: 429
    Received array: [400, 422]

      1078 |         const response = await apiContext.get('http://localhost:4000/api/errors?page=-1&limit=10');
      1079 |
    > 1080 |         expect([400, 422]).toContain(response.status());
           |                            ^
      1081 |     });
      1082 |
      1083 |     test('should handle excessive page numbers', async ({ apiContext }) => {
        at /Users/deepak/Downloads/Projects/StackLens-AI-Deploy/tests/api/comprehensive.test.ts:1080:28
]]>
</failure>
<system-err>
<![CDATA[❌ API authentication failed: Error: Firebase signin failed: 429 Too Many Requests
    at Object.apiContext [as fn] [90m(file:///Users/deepak/Downloads/Projects/StackLens-AI-Deploy/[39mtests/fixtures.ts:67:23[90m)[39m
    at [90m/Users/deepak/Downloads/Projects/StackLens-AI-Deploy/[39mnode_modules/[4mplaywright[24m/lib/worker/fixtureRunner.js:94:9
]]>
</system-err>
</testcase>
<testcase name="API Tests - Pagination Edge Cases › should handle excessive page numbers" classname="api/comprehensive.test.ts" time="0.009">
<failure message="comprehensive.test.ts:1083:5 should handle excessive page numbers" type="FAILURE">
<![CDATA[  [api-tests] › api/comprehensive.test.ts:1083:5 › API Tests - Pagination Edge Cases › should handle excessive page numbers 

    Error: expect(received).toBeTruthy()

    Received: false

      1084 |         const response = await apiContext.get('http://localhost:4000/api/errors?page=999999&limit=10');
      1085 |
    > 1086 |         expect(response.ok()).toBeTruthy();
           |                               ^
      1087 |         const data = await response.json();
      1088 |
      1089 |         // Should return empty array for pages beyond data
        at /Users/deepak/Downloads/Projects/StackLens-AI-Deploy/tests/api/comprehensive.test.ts:1086:31
]]>
</failure>
<system-err>
<![CDATA[❌ API authentication failed: Error: Firebase signin failed: 429 Too Many Requests
    at Object.apiContext [as fn] [90m(file:///Users/deepak/Downloads/Projects/StackLens-AI-Deploy/[39mtests/fixtures.ts:67:23[90m)[39m
    at [90m/Users/deepak/Downloads/Projects/StackLens-AI-Deploy/[39mnode_modules/[4mplaywright[24m/lib/worker/fixtureRunner.js:94:9
]]>
</system-err>
</testcase>
<testcase name="API Tests - Pagination Edge Cases › should handle limit=0" classname="api/comprehensive.test.ts" time="0.052">
<failure message="comprehensive.test.ts:1093:5 should handle limit=0" type="FAILURE">
<![CDATA[  [api-tests] › api/comprehensive.test.ts:1093:5 › API Tests - Pagination Edge Cases › should handle limit=0 

    Error: expect(received).toContain(expected) // indexOf

    Expected value: 429
    Received array: [400, 422]

      1094 |         const response = await apiContext.get('http://localhost:4000/api/errors?page=1&limit=0');
      1095 |
    > 1096 |         expect([400, 422]).toContain(response.status());
           |                            ^
      1097 |     });
      1098 |
      1099 |     test('should enforce maximum limit', async ({ apiContext }) => {
        at /Users/deepak/Downloads/Projects/StackLens-AI-Deploy/tests/api/comprehensive.test.ts:1096:28
]]>
</failure>
<system-err>
<![CDATA[❌ API authentication failed: Error: Firebase signin failed: 429 Too Many Requests
    at Object.apiContext [as fn] [90m(file:///Users/deepak/Downloads/Projects/StackLens-AI-Deploy/[39mtests/fixtures.ts:67:23[90m)[39m
    at [90m/Users/deepak/Downloads/Projects/StackLens-AI-Deploy/[39mnode_modules/[4mplaywright[24m/lib/worker/fixtureRunner.js:94:9
]]>
</system-err>
</testcase>
<testcase name="API Tests - Pagination Edge Cases › should enforce maximum limit" classname="api/comprehensive.test.ts" time="0.014">
<failure message="comprehensive.test.ts:1099:5 should enforce maximum limit" type="FAILURE">
<![CDATA[  [api-tests] › api/comprehensive.test.ts:1099:5 › API Tests - Pagination Edge Cases › should enforce maximum limit 

    Error: expect(received).toContain(expected) // indexOf

    Expected value: 429
    Received array: [200, 400]

      1101 |
      1102 |         // Should cap at reasonable limit or return error
    > 1103 |         expect([200, 400]).toContain(response.status());
           |                            ^
      1104 |
      1105 |         if (response.ok()) {
      1106 |             const data = await response.json();
        at /Users/deepak/Downloads/Projects/StackLens-AI-Deploy/tests/api/comprehensive.test.ts:1103:28
]]>
</failure>
<system-err>
<![CDATA[❌ API authentication failed: Error: Firebase signin failed: 429 Too Many Requests
    at Object.apiContext [as fn] [90m(file:///Users/deepak/Downloads/Projects/StackLens-AI-Deploy/[39mtests/fixtures.ts:67:23[90m)[39m
    at [90m/Users/deepak/Downloads/Projects/StackLens-AI-Deploy/[39mnode_modules/[4mplaywright[24m/lib/worker/fixtureRunner.js:94:9
]]>
</system-err>
</testcase>
<testcase name="API Tests - Concurrent Operations › should handle concurrent reads safely" classname="api/comprehensive.test.ts" time="0.188">
<failure message="comprehensive.test.ts:1113:5 should handle concurrent reads safely" type="FAILURE">
<![CDATA[  [api-tests] › api/comprehensive.test.ts:1113:5 › API Tests - Concurrent Operations › should handle concurrent reads safely 

    Error: expect(received).toBeTruthy()

    Received: false

      1119 |
      1120 |         const allSuccessful = responses.every(r => r.ok());
    > 1121 |         expect(allSuccessful).toBeTruthy();
           |                               ^
      1122 |     });
      1123 |
      1124 |     test('should handle concurrent writes with proper isolation', async ({ apiContext }) => {
        at /Users/deepak/Downloads/Projects/StackLens-AI-Deploy/tests/api/comprehensive.test.ts:1121:31
]]>
</failure>
<system-err>
<![CDATA[❌ API authentication failed: Error: Firebase signin failed: 429 Too Many Requests
    at Object.apiContext [as fn] [90m(file:///Users/deepak/Downloads/Projects/StackLens-AI-Deploy/[39mtests/fixtures.ts:67:23[90m)[39m
    at [90m/Users/deepak/Downloads/Projects/StackLens-AI-Deploy/[39mnode_modules/[4mplaywright[24m/lib/worker/fixtureRunner.js:94:9
]]>
</system-err>
</testcase>
<testcase name="API Tests - Concurrent Operations › should handle concurrent writes with proper isolation" classname="api/comprehensive.test.ts" time="0.071">
<failure message="comprehensive.test.ts:1124:5 should handle concurrent writes with proper isolation" type="FAILURE">
<![CDATA[  [api-tests] › api/comprehensive.test.ts:1124:5 › API Tests - Concurrent Operations › should handle concurrent writes with proper isolation 

    Error: expect(received).toBeTruthy()

    Received: false

      1136 |
      1137 |         const allSuccessful = responses.every(r => r.ok());
    > 1138 |         expect(allSuccessful).toBeTruthy();
           |                               ^
      1139 |     });
      1140 |
      1141 |     test('should prevent race conditions on updates', async ({ apiContext }) => {
        at /Users/deepak/Downloads/Projects/StackLens-AI-Deploy/tests/api/comprehensive.test.ts:1138:31
]]>
</failure>
<system-err>
<![CDATA[❌ API authentication failed: Error: Firebase signin failed: 429 Too Many Requests
    at Object.apiContext [as fn] [90m(file:///Users/deepak/Downloads/Projects/StackLens-AI-Deploy/[39mtests/fixtures.ts:67:23[90m)[39m
    at [90m/Users/deepak/Downloads/Projects/StackLens-AI-Deploy/[39mnode_modules/[4mplaywright[24m/lib/worker/fixtureRunner.js:94:9
]]>
</system-err>
</testcase>
<testcase name="API Tests - Concurrent Operations › should prevent race conditions on updates" classname="api/comprehensive.test.ts" time="0.053">
<failure message="comprehensive.test.ts:1141:5 should prevent race conditions on updates" type="FAILURE">
<![CDATA[  [api-tests] › api/comprehensive.test.ts:1141:5 › API Tests - Concurrent Operations › should prevent race conditions on updates 

    ReferenceError: request is not defined

      1153 |         // Concurrent updates
      1154 |         const updates = Array.from({ length: 5 }, (_, i) =>
    > 1155 |             request.put(`http://localhost:4000/api/errors/${created.id}`, {
           |                     ^
      1156 |                 data: {
      1157 |                     message: `Updated ${i}`,
      1158 |                     severity: 'high',
        at from (/Users/deepak/Downloads/Projects/StackLens-AI-Deploy/tests/api/comprehensive.test.ts:1155:21)
        at /Users/deepak/Downloads/Projects/StackLens-AI-Deploy/tests/api/comprehensive.test.ts:1154:31
]]>
</failure>
<system-err>
<![CDATA[❌ API authentication failed: Error: Firebase signin failed: 429 Too Many Requests
    at Object.apiContext [as fn] [90m(file:///Users/deepak/Downloads/Projects/StackLens-AI-Deploy/[39mtests/fixtures.ts:67:23[90m)[39m
    at [90m/Users/deepak/Downloads/Projects/StackLens-AI-Deploy/[39mnode_modules/[4mplaywright[24m/lib/worker/fixtureRunner.js:94:9
]]>
</system-err>
</testcase>
<testcase name="API Tests - Cache Control › should include appropriate cache headers" classname="api/comprehensive.test.ts" time="0.051">
<system-err>
<![CDATA[❌ API authentication failed: Error: Firebase signin failed: 429 Too Many Requests
    at Object.apiContext [as fn] [90m(file:///Users/deepak/Downloads/Projects/StackLens-AI-Deploy/[39mtests/fixtures.ts:67:23[90m)[39m
    at [90m/Users/deepak/Downloads/Projects/StackLens-AI-Deploy/[39mnode_modules/[4mplaywright[24m/lib/worker/fixtureRunner.js:94:9
]]>
</system-err>
</testcase>
<testcase name="API Tests - Cache Control › should respect If-None-Match for conditional requests" classname="api/comprehensive.test.ts" time="0.059">
<failure message="comprehensive.test.ts:1185:5 should respect If-None-Match for conditional requests" type="FAILURE">
<![CDATA[  [api-tests] › api/comprehensive.test.ts:1185:5 › API Tests - Cache Control › should respect If-None-Match for conditional requests 

    Error: expect(received).toContain(expected) // indexOf

    Expected value: 429
    Received array: [200, 304]

      1194 |             });
      1195 |
    > 1196 |             expect([200, 304]).toContain(response2.status());
           |                                ^
      1197 |         }
      1198 |     });
      1199 |
        at /Users/deepak/Downloads/Projects/StackLens-AI-Deploy/tests/api/comprehensive.test.ts:1196:32
]]>
</failure>
<system-err>
<![CDATA[❌ API authentication failed: Error: Firebase signin failed: 429 Too Many Requests
    at Object.apiContext [as fn] [90m(file:///Users/deepak/Downloads/Projects/StackLens-AI-Deploy/[39mtests/fixtures.ts:67:23[90m)[39m
    at [90m/Users/deepak/Downloads/Projects/StackLens-AI-Deploy/[39mnode_modules/[4mplaywright[24m/lib/worker/fixtureRunner.js:94:9
]]>
</system-err>
</testcase>
<testcase name="API Tests - Cache Control › should support If-Modified-Since" classname="api/comprehensive.test.ts" time="0.059">
<failure message="comprehensive.test.ts:1200:5 should support If-Modified-Since" type="FAILURE">
<![CDATA[  [api-tests] › api/comprehensive.test.ts:1200:5 › API Tests - Cache Control › should support If-Modified-Since 

    Error: expect(received).toContain(expected) // indexOf

    Expected value: 429
    Received array: [200, 304]

      1207 |         });
      1208 |
    > 1209 |         expect([200, 304]).toContain(response.status());
           |                            ^
      1210 |     });
      1211 | });
      1212 |
        at /Users/deepak/Downloads/Projects/StackLens-AI-Deploy/tests/api/comprehensive.test.ts:1209:28
]]>
</failure>
<system-err>
<![CDATA[❌ API authentication failed: Error: Firebase signin failed: 429 Too Many Requests
    at Object.apiContext [as fn] [90m(file:///Users/deepak/Downloads/Projects/StackLens-AI-Deploy/[39mtests/fixtures.ts:67:23[90m)[39m
    at [90m/Users/deepak/Downloads/Projects/StackLens-AI-Deploy/[39mnode_modules/[4mplaywright[24m/lib/worker/fixtureRunner.js:94:9
]]>
</system-err>
</testcase>
</testsuite>
<testsuite name="unit/utilities.test.ts" timestamp="2025-10-10T06:55:27.522Z" hostname="unit-tests" tests="49" failures="0" skipped="0" time="0.152" errors="0">
<testcase name="Unit Tests - Utilities › cn() - Class Name Utility › should merge class names" classname="unit/utilities.test.ts" time="0.011">
</testcase>
<testcase name="Unit Tests - Utilities › cn() - Class Name Utility › should handle conditional classes" classname="unit/utilities.test.ts" time="0.016">
</testcase>
<testcase name="Unit Tests - Utilities › cn() - Class Name Utility › should handle undefined and null values" classname="unit/utilities.test.ts" time="0.011">
</testcase>
<testcase name="Unit Tests - Utilities › cn() - Class Name Utility › should merge tailwind classes correctly" classname="unit/utilities.test.ts" time="0.011">
</testcase>
<testcase name="Unit Tests - Utilities › buildApiUrl() - API URL Builder › should build API URL with path" classname="unit/utilities.test.ts" time="0.002">
</testcase>
<testcase name="Unit Tests - Utilities › buildApiUrl() - API URL Builder › should handle paths without leading slash" classname="unit/utilities.test.ts" time="0.002">
</testcase>
<testcase name="Unit Tests - Error Handling › should validate error log structure" classname="unit/utilities.test.ts" time="0.005">
</testcase>
<testcase name="Unit Tests - Error Handling › should validate severity levels" classname="unit/utilities.test.ts" time="0.009">
</testcase>
<testcase name="Unit Tests - Error Handling › should validate error types" classname="unit/utilities.test.ts" time="0.005">
</testcase>
<testcase name="Unit Tests - Data Validation › should validate file upload constraints" classname="unit/utilities.test.ts" time="0.002">
</testcase>
<testcase name="Unit Tests - Data Validation › should validate store/kiosk number format" classname="unit/utilities.test.ts" time="0.002">
</testcase>
<testcase name="Unit Tests - Data Validation › should validate pagination parameters" classname="unit/utilities.test.ts" time="0.002">
</testcase>
<testcase name="Unit Tests - Date/Time Utilities › should format dates correctly" classname="unit/utilities.test.ts" time="0.016">
</testcase>
<testcase name="Unit Tests - Date/Time Utilities › should calculate time differences" classname="unit/utilities.test.ts" time="0.001">
</testcase>
<testcase name="Unit Tests - Date/Time Utilities › should validate timestamp ranges" classname="unit/utilities.test.ts" time="0.001">
</testcase>
<testcase name="Unit Tests - Filter Logic › should filter by severity" classname="unit/utilities.test.ts" time="0.003">
</testcase>
<testcase name="Unit Tests - Filter Logic › should filter by multiple criteria" classname="unit/utilities.test.ts" time="0.002">
</testcase>
<testcase name="Unit Tests - Filter Logic › should handle empty filter results" classname="unit/utilities.test.ts" time="0.002">
</testcase>
<testcase name="Unit Tests - Search Functionality › should search by message content" classname="unit/utilities.test.ts" time="0.001">
</testcase>
<testcase name="Unit Tests - Search Functionality › should be case-insensitive" classname="unit/utilities.test.ts" time="0.001">
</testcase>
<testcase name="Unit Tests - Search Functionality › should handle special characters in search" classname="unit/utilities.test.ts" time="0.001">
</testcase>
<testcase name="Unit Tests - Sorting Logic › should sort by timestamp descending" classname="unit/utilities.test.ts" time="0.001">
</testcase>
<testcase name="Unit Tests - Sorting Logic › should sort by severity priority" classname="unit/utilities.test.ts" time="0.002">
</testcase>
<testcase name="Unit Tests - Export Functionality › should format data for CSV export" classname="unit/utilities.test.ts" time="0.005">
</testcase>
<testcase name="Unit Tests - Export Functionality › should escape special characters for CSV" classname="unit/utilities.test.ts" time="0.001">
</testcase>
<testcase name="Unit Tests - Export Functionality › should handle null values in CSV export" classname="unit/utilities.test.ts" time="0.003">
</testcase>
<testcase name="Unit Tests - Export Functionality › should format timestamps for export" classname="unit/utilities.test.ts" time="0.004">
</testcase>
<testcase name="Unit Tests - Export Functionality › should handle large datasets for export" classname="unit/utilities.test.ts" time="0.002">
</testcase>
<testcase name="Unit Tests - URL and Path Utilities › should validate URL format" classname="unit/utilities.test.ts" time="0.002">
</testcase>
<testcase name="Unit Tests - URL and Path Utilities › should extract query parameters from URL" classname="unit/utilities.test.ts" time="0.002">
</testcase>
<testcase name="Unit Tests - URL and Path Utilities › should build URLs with query parameters" classname="unit/utilities.test.ts" time="0.002">
</testcase>
<testcase name="Unit Tests - URL and Path Utilities › should handle URL encoding" classname="unit/utilities.test.ts" time="0.001">
</testcase>
<testcase name="Unit Tests - Math and Statistics › should calculate average severity" classname="unit/utilities.test.ts" time="0.001">
</testcase>
<testcase name="Unit Tests - Math and Statistics › should calculate percentage distribution" classname="unit/utilities.test.ts" time="0.002">
</testcase>
<testcase name="Unit Tests - Math and Statistics › should calculate error rate trends" classname="unit/utilities.test.ts" time="0.001">
</testcase>
<testcase name="Unit Tests - Math and Statistics › should identify outliers" classname="unit/utilities.test.ts" time="0.001">
</testcase>
<testcase name="Unit Tests - String Utilities › should truncate long messages" classname="unit/utilities.test.ts" time="0.001">
</testcase>
<testcase name="Unit Tests - String Utilities › should sanitize HTML in error messages" classname="unit/utilities.test.ts" time="0.001">
</testcase>
<testcase name="Unit Tests - String Utilities › should format error codes" classname="unit/utilities.test.ts" time="0.002">
</testcase>
<testcase name="Unit Tests - String Utilities › should convert camelCase to readable format" classname="unit/utilities.test.ts" time="0.001">
</testcase>
<testcase name="Unit Tests - String Utilities › should highlight search terms" classname="unit/utilities.test.ts" time="0.001">
</testcase>
<testcase name="Unit Tests - Array Utilities › should remove duplicates from array" classname="unit/utilities.test.ts" time="0.001">
</testcase>
<testcase name="Unit Tests - Array Utilities › should group errors by severity" classname="unit/utilities.test.ts" time="0.001">
</testcase>
<testcase name="Unit Tests - Array Utilities › should chunk array into batches" classname="unit/utilities.test.ts" time="0.002">
</testcase>
<testcase name="Unit Tests - Array Utilities › should find intersection of arrays" classname="unit/utilities.test.ts" time="0.001">
</testcase>
<testcase name="Unit Tests - Validation Rules › should validate email format" classname="unit/utilities.test.ts" time="0.002">
</testcase>
<testcase name="Unit Tests - Validation Rules › should validate phone numbers" classname="unit/utilities.test.ts" time="0.001">
</testcase>
<testcase name="Unit Tests - Validation Rules › should validate IP addresses" classname="unit/utilities.test.ts" time="0.001">
</testcase>
<testcase name="Unit Tests - Validation Rules › should validate numeric ranges" classname="unit/utilities.test.ts" time="0.001">
</testcase>
</testsuite>
<testsuite name="integration/services.test.ts" timestamp="2025-10-10T06:55:27.522Z" hostname="integration-tests" tests="40" failures="35" skipped="0" time="32.026" errors="0">
<testcase name="Integration Tests - Services › ML Service Integration › should train model with valid data" classname="integration/services.test.ts" time="0.049">
<failure message="services.test.ts:5:9 should train model with valid data" type="FAILURE">
<![CDATA[  [integration-tests] › integration/services.test.ts:5:9 › Integration Tests - Services › ML Service Integration › should train model with valid data 

    Error: expect(received).toBeTruthy()

    Received: false

      17 |             });
      18 |
    > 19 |             expect(response.ok()).toBeTruthy();
         |                                   ^
      20 |             const result = await response.json();
      21 |             expect(result).toHaveProperty('modelId');
      22 |             expect(result).toHaveProperty('accuracy');
        at /Users/deepak/Downloads/Projects/StackLens-AI-Deploy/tests/integration/services.test.ts:19:35
]]>
</failure>
</testcase>
<testcase name="Integration Tests - Services › ML Service Integration › should make predictions with trained model" classname="integration/services.test.ts" time="0.047">
<failure message="services.test.ts:25:9 should make predictions with trained model" type="FAILURE">
<![CDATA[  [integration-tests] › integration/services.test.ts:25:9 › Integration Tests - Services › ML Service Integration › should make predictions with trained model 

    Error: expect(received).toBeTruthy()

    Received: false

      34 |             });
      35 |
    > 36 |             expect(response.ok()).toBeTruthy();
         |                                   ^
      37 |             const result = await response.json();
      38 |             expect(result).toHaveProperty('prediction');
      39 |             expect(result).toHaveProperty('confidence');
        at /Users/deepak/Downloads/Projects/StackLens-AI-Deploy/tests/integration/services.test.ts:36:35
]]>
</failure>
</testcase>
<testcase name="Integration Tests - Services › ML Service Integration › should handle invalid training data" classname="integration/services.test.ts" time="0.047">
<failure message="services.test.ts:42:9 should handle invalid training data" type="FAILURE">
<![CDATA[  [integration-tests] › integration/services.test.ts:42:9 › Integration Tests - Services › ML Service Integration › should handle invalid training data 

    Error: expect(received).toBe(expected) // Object.is equality

    Expected: 400
    Received: 429

      50 |             });
      51 |
    > 52 |             expect(response.status()).toBe(400);
         |                                       ^
      53 |             const error = await response.json();
      54 |             expect(error).toHaveProperty('error');
      55 |         });
        at /Users/deepak/Downloads/Projects/StackLens-AI-Deploy/tests/integration/services.test.ts:52:39
]]>
</failure>
</testcase>
<testcase name="Integration Tests - Services › AI Service Integration › should analyze error with AI" classname="integration/services.test.ts" time="0.044">
<failure message="services.test.ts:59:9 should analyze error with AI" type="FAILURE">
<![CDATA[  [integration-tests] › integration/services.test.ts:59:9 › Integration Tests - Services › AI Service Integration › should analyze error with AI 

    Error: expect(received).toBeTruthy()

    Received: false

      68 |             });
      69 |
    > 70 |             expect(response.ok()).toBeTruthy();
         |                                   ^
      71 |             const result = await response.json();
      72 |             expect(result).toHaveProperty('analysis');
      73 |             expect(result).toHaveProperty('suggestions');
        at /Users/deepak/Downloads/Projects/StackLens-AI-Deploy/tests/integration/services.test.ts:70:35
]]>
</failure>
</testcase>
<testcase name="Integration Tests - Services › AI Service Integration › should generate error summary" classname="integration/services.test.ts" time="0.043">
<failure message="services.test.ts:77:9 should generate error summary" type="FAILURE">
<![CDATA[  [integration-tests] › integration/services.test.ts:77:9 › Integration Tests - Services › AI Service Integration › should generate error summary 

    Error: expect(received).toBeTruthy()

    Received: false

      85 |             });
      86 |
    > 87 |             expect(response.ok()).toBeTruthy();
         |                                   ^
      88 |             const result = await response.json();
      89 |             expect(result).toHaveProperty('summary');
      90 |             expect(result.summary).toBeTruthy();
        at /Users/deepak/Downloads/Projects/StackLens-AI-Deploy/tests/integration/services.test.ts:87:35
]]>
</failure>
</testcase>
<testcase name="Integration Tests - Services › AI Service Integration › should suggest fixes for error" classname="integration/services.test.ts" time="0.042">
<failure message="services.test.ts:93:9 should suggest fixes for error" type="FAILURE">
<![CDATA[  [integration-tests] › integration/services.test.ts:93:9 › Integration Tests - Services › AI Service Integration › should suggest fixes for error 

    Error: expect(received).toBeTruthy()

    Received: false

      101 |             });
      102 |
    > 103 |             expect(response.ok()).toBeTruthy();
          |                                   ^
      104 |             const result = await response.json();
      105 |             expect(result).toHaveProperty('suggestions');
      106 |             expect(result.suggestions.length).toBeGreaterThan(0);
        at /Users/deepak/Downloads/Projects/StackLens-AI-Deploy/tests/integration/services.test.ts:103:35
]]>
</failure>
</testcase>
<testcase name="Integration Tests - Services › Database Service Integration › should create and retrieve error" classname="integration/services.test.ts" time="0.047">
<failure message="services.test.ts:111:9 should create and retrieve error" type="FAILURE">
<![CDATA[  [integration-tests] › integration/services.test.ts:111:9 › Integration Tests - Services › Database Service Integration › should create and retrieve error 

    Error: expect(received).toBeTruthy()

    Received: false

      123 |             });
      124 |
    > 125 |             expect(createResponse.ok()).toBeTruthy();
          |                                         ^
      126 |             const created = await createResponse.json();
      127 |             expect(created).toHaveProperty('id');
      128 |
        at /Users/deepak/Downloads/Projects/StackLens-AI-Deploy/tests/integration/services.test.ts:125:41
]]>
</failure>
</testcase>
<testcase name="Integration Tests - Services › Database Service Integration › should update error status" classname="integration/services.test.ts" time="0.047">
<failure message="services.test.ts:138:9 should update error status" type="FAILURE">
<![CDATA[  [integration-tests] › integration/services.test.ts:138:9 › Integration Tests - Services › Database Service Integration › should update error status 

    Error: expect(received).toBeTruthy()

    Received: false

      155 |             });
      156 |
    > 157 |             expect(updateResponse.ok()).toBeTruthy();
          |                                         ^
      158 |
      159 |             // Verify update
      160 |             const getResponse = await request.get(`http://localhost:4000/api/errors/${created.id}`);
        at /Users/deepak/Downloads/Projects/StackLens-AI-Deploy/tests/integration/services.test.ts:157:41
]]>
</failure>
</testcase>
<testcase name="Integration Tests - Services › Database Service Integration › should delete error" classname="integration/services.test.ts" time="0.05">
<failure message="services.test.ts:165:9 should delete error" type="FAILURE">
<![CDATA[  [integration-tests] › integration/services.test.ts:165:9 › Integration Tests - Services › Database Service Integration › should delete error 

    Error: expect(received).toBeTruthy()

    Received: false

      178 |             // Delete error
      179 |             const deleteResponse = await request.delete(`http://localhost:4000/api/errors/${created.id}`);
    > 180 |             expect(deleteResponse.ok()).toBeTruthy();
          |                                         ^
      181 |
      182 |             // Verify deletion
      183 |             const getResponse = await request.get(`http://localhost:4000/api/errors/${created.id}`);
        at /Users/deepak/Downloads/Projects/StackLens-AI-Deploy/tests/integration/services.test.ts:180:41
]]>
</failure>
</testcase>
<testcase name="Integration Tests - Services › Database Service Integration › should handle concurrent database operations" classname="integration/services.test.ts" time="0.058">
<failure message="services.test.ts:187:9 should handle concurrent database operations" type="FAILURE">
<![CDATA[  [integration-tests] › integration/services.test.ts:187:9 › Integration Tests - Services › Database Service Integration › should handle concurrent database operations 

    Error: expect(received).toBeTruthy()

    Received: false

      198 |             const allSuccessful = responses.every(r => r.ok());
      199 |
    > 200 |             expect(allSuccessful).toBeTruthy();
          |                                   ^
      201 |         });
      202 |     });
      203 |
        at /Users/deepak/Downloads/Projects/StackLens-AI-Deploy/tests/integration/services.test.ts:200:35
]]>
</failure>
</testcase>
<testcase name="Integration Tests - Services › Auth Service Integration › should authenticate user and create session" classname="integration/services.test.ts" time="0.044">
<failure message="services.test.ts:205:9 should authenticate user and create session" type="FAILURE">
<![CDATA[  [integration-tests] › integration/services.test.ts:205:9 › Integration Tests - Services › Auth Service Integration › should authenticate user and create session 

    Error: expect(received).toBeTruthy()

    Received: false

      210 |             });
      211 |
    > 212 |             expect(authResponse.ok()).toBeTruthy();
          |                                       ^
      213 |             const auth = await authResponse.json();
      214 |             expect(auth).toHaveProperty('userId');
      215 |             expect(auth).toHaveProperty('sessionId');
        at /Users/deepak/Downloads/Projects/StackLens-AI-Deploy/tests/integration/services.test.ts:212:39
]]>
</failure>
</testcase>
<testcase name="Integration Tests - Services › Auth Service Integration › should reject invalid authentication" classname="integration/services.test.ts" time="0.046">
<failure message="services.test.ts:218:9 should reject invalid authentication" type="FAILURE">
<![CDATA[  [integration-tests] › integration/services.test.ts:218:9 › Integration Tests - Services › Auth Service Integration › should reject invalid authentication 

    Error: expect(received).toBe(expected) // Object.is equality

    Expected: 401
    Received: 429

      223 |             });
      224 |
    > 225 |             expect(authResponse.status()).toBe(401);
          |                                           ^
      226 |         });
      227 |
      228 |         test('should verify admin permissions', async ({ request }) => {
        at /Users/deepak/Downloads/Projects/StackLens-AI-Deploy/tests/integration/services.test.ts:225:43
]]>
</failure>
</testcase>
<testcase name="Integration Tests - Services › Auth Service Integration › should verify admin permissions" classname="integration/services.test.ts" time="0.05">
<failure message="services.test.ts:228:9 should verify admin permissions" type="FAILURE">
<![CDATA[  [integration-tests] › integration/services.test.ts:228:9 › Integration Tests - Services › Auth Service Integration › should verify admin permissions 

    Error: expect(received).toBeTruthy()

    Received: false

      244 |             });
      245 |
    > 246 |             expect(adminResponse.ok()).toBeTruthy();
          |                                        ^
      247 |         });
      248 |     });
      249 |
        at /Users/deepak/Downloads/Projects/StackLens-AI-Deploy/tests/integration/services.test.ts:246:40
]]>
</failure>
</testcase>
<testcase name="Integration Tests - Services › File Upload Integration › should upload Excel file and process errors" classname="integration/services.test.ts" time="0.045">
<failure message="services.test.ts:251:9 should upload Excel file and process errors" type="FAILURE">
<![CDATA[  [integration-tests] › integration/services.test.ts:251:9 › Integration Tests - Services › File Upload Integration › should upload Excel file and process errors 

    Error: expect(received).toBeTruthy()

    Received: false

      265 |             });
      266 |
    > 267 |             expect(uploadResponse.ok()).toBeTruthy();
          |                                         ^
      268 |             const result = await uploadResponse.json();
      269 |             expect(result).toHaveProperty('fileId');
      270 |             expect(result).toHaveProperty('processedCount');
        at /Users/deepak/Downloads/Projects/StackLens-AI-Deploy/tests/integration/services.test.ts:267:41
]]>
</failure>
</testcase>
<testcase name="Integration Tests - Services › File Upload Integration › should upload and analyze log file" classname="integration/services.test.ts" time="0.046">
<failure message="services.test.ts:273:9 should upload and analyze log file" type="FAILURE">
<![CDATA[  [integration-tests] › integration/services.test.ts:273:9 › Integration Tests - Services › File Upload Integration › should upload and analyze log file 

    Error: expect(received).toBeTruthy()

    Received: false

      290 |             });
      291 |
    > 292 |             expect(uploadResponse.ok()).toBeTruthy();
          |                                         ^
      293 |             const result = await uploadResponse.json();
      294 |             expect(result.processedCount).toBeGreaterThan(0);
      295 |         });
        at /Users/deepak/Downloads/Projects/StackLens-AI-Deploy/tests/integration/services.test.ts:292:41
]]>
</failure>
</testcase>
<testcase name="Integration Tests - Service Interactions › should chain AI analysis with ML prediction" classname="integration/services.test.ts" time="0.053">
<failure message="services.test.ts:300:5 should chain AI analysis with ML prediction" type="FAILURE">
<![CDATA[  [integration-tests] › integration/services.test.ts:300:5 › Integration Tests - Service Interactions › should chain AI analysis with ML prediction 

    Error: expect(received).toBeTruthy()

    Received: false

      319 |         });
      320 |
    > 321 |         expect(mlResponse.ok()).toBeTruthy();
          |                                 ^
      322 |         const mlResult = await mlResponse.json();
      323 |         expect(mlResult).toHaveProperty('prediction');
      324 |     });
        at /Users/deepak/Downloads/Projects/StackLens-AI-Deploy/tests/integration/services.test.ts:321:33
]]>
</failure>
</testcase>
<testcase name="Integration Tests - Service Interactions › should upload file and trigger AI analysis" classname="integration/services.test.ts" time="0.054">
<failure message="services.test.ts:326:5 should upload file and trigger AI analysis" type="FAILURE">
<![CDATA[  [integration-tests] › integration/services.test.ts:326:5 › Integration Tests - Service Interactions › should upload file and trigger AI analysis 

    Error: expect(received).toBeTruthy()

    Received: false

      346 |         });
      347 |
    > 348 |         expect(analysisResponse.ok()).toBeTruthy();
          |                                       ^
      349 |         const analysis = await analysisResponse.json();
      350 |         expect(analysis).toHaveProperty('insights');
      351 |     });
        at /Users/deepak/Downloads/Projects/StackLens-AI-Deploy/tests/integration/services.test.ts:348:39
]]>
</failure>
</testcase>
<testcase name="Integration Tests - Service Interactions › should process error through complete pipeline" classname="integration/services.test.ts" time="0.052">
<failure message="services.test.ts:353:5 should process error through complete pipeline" type="FAILURE">
<![CDATA[  [integration-tests] › integration/services.test.ts:353:5 › Integration Tests - Service Interactions › should process error through complete pipeline 

    Error: expect(received).toBeTruthy()

    Received: false

      367 |         // 2. AI Analysis
      368 |         const aiResponse = await request.post(`http://localhost:4000/api/errors/${error.id}/analyze`, {});
    > 369 |         expect(aiResponse.ok()).toBeTruthy();
          |                                 ^
      370 |
      371 |         // 3. ML Prediction
      372 |         const mlResponse = await request.post(`http://localhost:4000/api/errors/${error.id}/predict`, {});
        at /Users/deepak/Downloads/Projects/StackLens-AI-Deploy/tests/integration/services.test.ts:369:33
]]>
</failure>
</testcase>
<testcase name="Integration Tests - Data Consistency › should maintain consistency across store updates" classname="integration/services.test.ts" time="0.069">
<failure message="services.test.ts:389:5 should maintain consistency across store updates" type="FAILURE">
<![CDATA[  [integration-tests] › integration/services.test.ts:389:5 › Integration Tests - Data Consistency › should maintain consistency across store updates 

    Error: expect(received).toBe(expected) // Object.is equality

    Expected: 5
    Received: undefined

      416 |         const storeData = await storeResponse.json();
      417 |
    > 418 |         expect(storeData.errorCount).toBe(5);
          |                                      ^
      419 |     });
      420 |
      421 |     test('should handle transaction rollback on failure', async ({ request }) => {
        at /Users/deepak/Downloads/Projects/StackLens-AI-Deploy/tests/integration/services.test.ts:418:38
]]>
</failure>
</testcase>
<testcase name="Integration Tests - Data Consistency › should handle transaction rollback on failure" classname="integration/services.test.ts" time="0.048">
<failure message="services.test.ts:421:5 should handle transaction rollback on failure" type="FAILURE">
<![CDATA[  [integration-tests] › integration/services.test.ts:421:5 › Integration Tests - Data Consistency › should handle transaction rollback on failure 

    Error: expect(received).toBe(expected) // Object.is equality

    Expected: 400
    Received: 429

      434 |
      435 |         // Should rollback all if one fails
    > 436 |         expect(response.status()).toBe(400);
          |                                   ^
      437 |
      438 |         // Verify no partial data was saved
      439 |         const listResponse = await request.get('http://localhost:4000/api/errors?search=Valid error');
        at /Users/deepak/Downloads/Projects/StackLens-AI-Deploy/tests/integration/services.test.ts:436:35
]]>
</failure>
</testcase>
<testcase name="Integration Tests - Caching and Performance › should cache frequent queries" classname="integration/services.test.ts" time="0.057">
<failure message="services.test.ts:451:5 should cache frequent queries" type="FAILURE">
<![CDATA[  [integration-tests] › integration/services.test.ts:451:5 › Integration Tests - Caching and Performance › should cache frequent queries 

    Error: expect(received).toBeTruthy()

    Received: false

      462 |         const time2 = Date.now() - start2;
      463 |
    > 464 |         expect(response.ok()).toBeTruthy();
          |                               ^
      465 |         // Cached request should be faster (or similar if network is very fast)
      466 |         expect(time2).toBeLessThanOrEqual(time1 + 100);
      467 |     });
        at /Users/deepak/Downloads/Projects/StackLens-AI-Deploy/tests/integration/services.test.ts:464:31
]]>
</failure>
</testcase>
<testcase name="Integration Tests - Caching and Performance › should handle rate limiting gracefully" classname="integration/services.test.ts" time="0.154">
</testcase>
<testcase name="Integration Tests - Caching and Performance › should implement query result pagination efficiently" classname="integration/services.test.ts" time="0.057">
<failure message="services.test.ts:481:5 should implement query result pagination efficiently" type="FAILURE">
<![CDATA[  [integration-tests] › integration/services.test.ts:481:5 › Integration Tests - Caching and Performance › should implement query result pagination efficiently 

    Error: expect(received).toBeTruthy()

    Received: false

      483 |         const page2Response = await request.get('http://localhost:4000/api/errors?page=2&limit=10');
      484 |
    > 485 |         expect(page1Response.ok()).toBeTruthy();
          |                                    ^
      486 |         expect(page2Response.ok()).toBeTruthy();
      487 |
      488 |         const page1Data = await page1Response.json();
        at /Users/deepak/Downloads/Projects/StackLens-AI-Deploy/tests/integration/services.test.ts:485:36
]]>
</failure>
</testcase>
<testcase name="Integration Tests - Error Recovery › should recover from temporary database errors" classname="integration/services.test.ts" time="30.007">
<failure message="services.test.ts:499:5 should recover from temporary database errors" type="FAILURE">
<![CDATA[  [integration-tests] › integration/services.test.ts:499:5 › Integration Tests - Error Recovery › should recover from temporary database errors 

    Test timeout of 30000ms exceeded.
]]>
</failure>
</testcase>
<testcase name="Integration Tests - Error Recovery › should handle circuit breaker pattern" classname="integration/services.test.ts" time="0.057">
</testcase>
<testcase name="Integration Tests - Error Recovery › should implement graceful degradation" classname="integration/services.test.ts" time="0.121">
<failure message="services.test.ts:536:5 should implement graceful degradation" type="FAILURE">
<![CDATA[  [integration-tests] › integration/services.test.ts:536:5 › Integration Tests - Error Recovery › should implement graceful degradation 

    Error: expect(received).toBeTruthy()

    Received: false

      538 |         const response = await request.get('http://localhost:4000/api/errors');
      539 |
    > 540 |         expect(response.ok()).toBeTruthy();
          |                               ^
      541 |         const data = await response.json();
      542 |
      543 |         // Should have errors even if AI analysis is unavailable
        at /Users/deepak/Downloads/Projects/StackLens-AI-Deploy/tests/integration/services.test.ts:540:31
]]>
</failure>
</testcase>
<testcase name="Integration Tests - Security › should validate authentication tokens" classname="integration/services.test.ts" time="0.125">
<failure message="services.test.ts:549:5 should validate authentication tokens" type="FAILURE">
<![CDATA[  [integration-tests] › integration/services.test.ts:549:5 › Integration Tests - Security › should validate authentication tokens 

    Error: expect(received).toContain(expected) // indexOf

    Expected value: 429
    Received array: [401, 403]

      550 |         // Request without auth should fail
      551 |         const response = await request.get('http://localhost:4000/api/admin/users');
    > 552 |         expect([401, 403]).toContain(response.status());
          |                            ^
      553 |     });
      554 |
      555 |     test('should prevent SQL injection in queries', async ({ request }) => {
        at /Users/deepak/Downloads/Projects/StackLens-AI-Deploy/tests/integration/services.test.ts:552:28
]]>
</failure>
</testcase>
<testcase name="Integration Tests - Security › should prevent SQL injection in queries" classname="integration/services.test.ts" time="0.006">
<failure message="services.test.ts:555:5 should prevent SQL injection in queries" type="FAILURE">
<![CDATA[  [integration-tests] › integration/services.test.ts:555:5 › Integration Tests - Security › should prevent SQL injection in queries 

    Error: expect(received).toContain(expected) // indexOf

    Expected value: 429
    Received array: [200, 400]

      558 |
      559 |         // Should handle safely without error
    > 560 |         expect([200, 400]).toContain(response.status());
          |                            ^
      561 |     });
      562 |
      563 |     test('should sanitize user input', async ({ request }) => {
        at /Users/deepak/Downloads/Projects/StackLens-AI-Deploy/tests/integration/services.test.ts:560:28
]]>
</failure>
</testcase>
<testcase name="Integration Tests - Security › should sanitize user input" classname="integration/services.test.ts" time="0.044">
</testcase>
<testcase name="Integration Tests - Security › should enforce CORS policies" classname="integration/services.test.ts" time="0.01">
</testcase>
<testcase name="Integration Tests - Data Validation › should validate required fields on creation" classname="integration/services.test.ts" time="0.008">
<failure message="services.test.ts:594:5 should validate required fields on creation" type="FAILURE">
<![CDATA[  [integration-tests] › integration/services.test.ts:594:5 › Integration Tests - Data Validation › should validate required fields on creation 

    Error: expect(received).toBe(expected) // Object.is equality

    Expected: 400
    Received: 429

      602 |         });
      603 |
    > 604 |         expect(response.status()).toBe(400);
          |                                   ^
      605 |     });
      606 |
      607 |     test('should validate data types', async ({ request }) => {
        at /Users/deepak/Downloads/Projects/StackLens-AI-Deploy/tests/integration/services.test.ts:604:35
]]>
</failure>
</testcase>
<testcase name="Integration Tests - Data Validation › should validate data types" classname="integration/services.test.ts" time="0.046">
<failure message="services.test.ts:607:5 should validate data types" type="FAILURE">
<![CDATA[  [integration-tests] › integration/services.test.ts:607:5 › Integration Tests - Data Validation › should validate data types 

    Error: expect(received).toContain(expected) // indexOf

    Expected value: 429
    Received array: [400, 422]

      617 |         });
      618 |
    > 619 |         expect([400, 422]).toContain(response.status());
          |                            ^
      620 |     });
      621 |
      622 |     test('should validate enum values', async ({ request }) => {
        at /Users/deepak/Downloads/Projects/StackLens-AI-Deploy/tests/integration/services.test.ts:619:28
]]>
</failure>
</testcase>
<testcase name="Integration Tests - Data Validation › should validate enum values" classname="integration/services.test.ts" time="0.047">
<failure message="services.test.ts:622:5 should validate enum values" type="FAILURE">
<![CDATA[  [integration-tests] › integration/services.test.ts:622:5 › Integration Tests - Data Validation › should validate enum values 

    Error: expect(received).toBe(expected) // Object.is equality

    Expected: 400
    Received: 429

      631 |         });
      632 |
    > 633 |         expect(response.status()).toBe(400);
          |                                   ^
      634 |     });
      635 |
      636 |     test('should enforce maximum string lengths', async ({ request }) => {
        at /Users/deepak/Downloads/Projects/StackLens-AI-Deploy/tests/integration/services.test.ts:633:35
]]>
</failure>
</testcase>
<testcase name="Integration Tests - Data Validation › should enforce maximum string lengths" classname="integration/services.test.ts" time="0.047">
<failure message="services.test.ts:636:5 should enforce maximum string lengths" type="FAILURE">
<![CDATA[  [integration-tests] › integration/services.test.ts:636:5 › Integration Tests - Data Validation › should enforce maximum string lengths 

    Error: expect(received).toContain(expected) // indexOf

    Expected value: 429
    Received array: [200, 201, 400, 413]

      645 |
      646 |         // Should either accept and truncate, or reject
    > 647 |         expect([200, 201, 400, 413]).toContain(response.status());
          |                                      ^
      648 |     });
      649 | });
      650 |
        at /Users/deepak/Downloads/Projects/StackLens-AI-Deploy/tests/integration/services.test.ts:647:38
]]>
</failure>
</testcase>
<testcase name="Integration Tests - Webhooks and Notifications › should trigger webhook on critical error" classname="integration/services.test.ts" time="0.009">
<failure message="services.test.ts:652:5 should trigger webhook on critical error" type="FAILURE">
<![CDATA[  [integration-tests] › integration/services.test.ts:652:5 › Integration Tests - Webhooks and Notifications › should trigger webhook on critical error 

    Error: expect(received).toBeTruthy()

    Received: false

      662 |         });
      663 |
    > 664 |         expect(response.ok()).toBeTruthy();
          |                               ^
      665 |         // Webhook should be triggered (check logs or webhook service)
      666 |     });
      667 |
        at /Users/deepak/Downloads/Projects/StackLens-AI-Deploy/tests/integration/services.test.ts:664:31
]]>
</failure>
</testcase>
<testcase name="Integration Tests - Webhooks and Notifications › should send notifications for escalated errors" classname="integration/services.test.ts" time="0.048">
<failure message="services.test.ts:668:5 should send notifications for escalated errors" type="FAILURE">
<![CDATA[  [integration-tests] › integration/services.test.ts:668:5 › Integration Tests - Webhooks and Notifications › should send notifications for escalated errors 

    Error: expect(received).toContain(expected) // indexOf

    Expected value: 429
    Received array: [200, 201, 202]

      686 |
      687 |         // Should trigger notification
    > 688 |         expect([200, 201, 202]).toContain(escalateResponse.status());
          |                                 ^
      689 |     });
      690 | });
      691 |
        at /Users/deepak/Downloads/Projects/StackLens-AI-Deploy/tests/integration/services.test.ts:688:33
]]>
</failure>
</testcase>
<testcase name="Integration Tests - Batch Operations › should process batch updates efficiently" classname="integration/services.test.ts" time="0.064">
<failure message="services.test.ts:693:5 should process batch updates efficiently" type="FAILURE">
<![CDATA[  [integration-tests] › integration/services.test.ts:693:5 › Integration Tests - Batch Operations › should process batch updates efficiently 

    Error: expect(received).toBeTruthy()

    Received: false

      706 |         const allCreated = responses.every(r => r.ok());
      707 |
    > 708 |         expect(allCreated).toBeTruthy();
          |                            ^
      709 |     });
      710 |
      711 |     test('should handle batch deletion atomically', async ({ request }) => {
        at /Users/deepak/Downloads/Projects/StackLens-AI-Deploy/tests/integration/services.test.ts:708:28
]]>
</failure>
</testcase>
<testcase name="Integration Tests - Batch Operations › should handle batch deletion atomically" classname="integration/services.test.ts" time="0.053">
<failure message="services.test.ts:711:5 should handle batch deletion atomically" type="FAILURE">
<![CDATA[  [integration-tests] › integration/services.test.ts:711:5 › Integration Tests - Batch Operations › should handle batch deletion atomically 

    Error: expect(received).toContain(expected) // indexOf

    Expected value: 429
    Received array: [200, 204]

      729 |         });
      730 |
    > 731 |         expect([200, 204]).toContain(deleteResponse.status());
          |                            ^
      732 |     });
      733 | });
      734 |
        at /Users/deepak/Downloads/Projects/StackLens-AI-Deploy/tests/integration/services.test.ts:731:28
]]>
</failure>
</testcase>
<testcase name="Integration Tests - Real-time Updates › should support server-sent events for real-time updates" classname="integration/services.test.ts" time="0.042">
</testcase>
<testcase name="Integration Tests - Real-time Updates › should broadcast changes to connected clients" classname="integration/services.test.ts" time="0.043">
<failure message="services.test.ts:747:5 should broadcast changes to connected clients" type="FAILURE">
<![CDATA[  [integration-tests] › integration/services.test.ts:747:5 › Integration Tests - Real-time Updates › should broadcast changes to connected clients 

    Error: expect(received).toBeTruthy()

    Received: false

      757 |         });
      758 |
    > 759 |         expect(response.ok()).toBeTruthy();
          |                               ^
      760 |         // In real scenario, connected WebSocket/SSE clients would receive this
      761 |     });
      762 | });
        at /Users/deepak/Downloads/Projects/StackLens-AI-Deploy/tests/integration/services.test.ts:759:31
]]>
</failure>
</testcase>
</testsuite>
<testsuite name="e2e/auth.test.ts" timestamp="2025-10-10T06:55:27.522Z" hostname="e2e-chromium" tests="6" failures="6" skipped="0" time="82.778" errors="0">
<testcase name="Authentication › should display login page" classname="e2e/auth.test.ts" time="2.26">
<failure message="auth.test.ts:13:5 should display login page" type="FAILURE">
<![CDATA[  [e2e-chromium] › e2e/auth.test.ts:13:5 › Authentication › should display login page ──────────────

    Error: expect.toContainText: Error: strict mode violation: locator('h1') resolved to 2 elements:
        1) <h1 class="text-3xl font-bold">StackLens AI</h1> aka getByRole('heading', { name: 'StackLens AI' })
        2) <h1 class="text-2xl font-bold">StackLens AI</h1> aka getByText('StackLens AI').nth(1)

    Call log:
      - Expect "toContainText" with timeout 5000ms
      - waiting for locator('h1')


      13 |     test('should display login page', async ({ page }) => {
      14 |         await expect(page).toHaveTitle(/StackLens AI/);
    > 15 |         await expect(page.locator('h1')).toContainText('Welcome to StackLens AI');
         |                                          ^
      16 |         await expect(page.locator('button:has-text("Sign in with Google")')).toBeVisible();
      17 |     });
      18 |
        at /Users/deepak/Downloads/Projects/StackLens-AI-Deploy/tests/e2e/auth.test.ts:15:42

    attachment #1: screenshot (image/png) ──────────────────────────────────────────────────────────
    ../test-results/e2e-auth-Authentication-should-display-login-page-e2e-chromium/test-failed-1.png
    ────────────────────────────────────────────────────────────────────────────────────────────────

    attachment #2: video (video/webm) ──────────────────────────────────────────────────────────────
    ../test-results/e2e-auth-Authentication-should-display-login-page-e2e-chromium/video.webm
    ────────────────────────────────────────────────────────────────────────────────────────────────

    Error Context: ../test-results/e2e-auth-Authentication-should-display-login-page-e2e-chromium/error-context.md
]]>
</failure>
<system-out>
<![CDATA[
[[ATTACHMENT|e2e-auth-Authentication-should-display-login-page-e2e-chromium/test-failed-1.png]]

[[ATTACHMENT|e2e-auth-Authentication-should-display-login-page-e2e-chromium/video.webm]]

[[ATTACHMENT|e2e-auth-Authentication-should-display-login-page-e2e-chromium/error-context.md]]
]]>
</system-out>
</testcase>
<testcase name="Authentication › should login with Google successfully" classname="e2e/auth.test.ts" time="17.745">
<failure message="auth.test.ts:19:5 should login with Google successfully" type="FAILURE">
<![CDATA[  [e2e-chromium] › e2e/auth.test.ts:19:5 › Authentication › should login with Google successfully ──

    TimeoutError: page.waitForURL: Timeout 10000ms exceeded.
    =========================== logs ===========================
    waiting for navigation to "**/dashboard" until "load"
    ============================================================

      22 |
      23 |         // Wait for Firebase auth redirect
    > 24 |         await page.waitForURL('**/dashboard', { timeout: 10000 });
         |                    ^
      25 |
      26 |         // Verify dashboard loaded
      27 |         await expect(page.locator('[data-testid="dashboard"]')).toBeVisible();
        at /Users/deepak/Downloads/Projects/StackLens-AI-Deploy/tests/e2e/auth.test.ts:24:20

    attachment #1: screenshot (image/png) ──────────────────────────────────────────────────────────
    ../test-results/e2e-auth-Authentication-sh-73416-in-with-Google-successfully-e2e-chromium/test-failed-2.png
    ────────────────────────────────────────────────────────────────────────────────────────────────

    attachment #2: screenshot (image/png) ──────────────────────────────────────────────────────────
    ../test-results/e2e-auth-Authentication-sh-73416-in-with-Google-successfully-e2e-chromium/test-failed-1.png
    ────────────────────────────────────────────────────────────────────────────────────────────────

    attachment #3: video (video/webm) ──────────────────────────────────────────────────────────────
    ../test-results/e2e-auth-Authentication-sh-73416-in-with-Google-successfully-e2e-chromium/video-1.webm
    ────────────────────────────────────────────────────────────────────────────────────────────────

    attachment #4: video (video/webm) ──────────────────────────────────────────────────────────────
    ../test-results/e2e-auth-Authentication-sh-73416-in-with-Google-successfully-e2e-chromium/video.webm
    ────────────────────────────────────────────────────────────────────────────────────────────────

    Error Context: ../test-results/e2e-auth-Authentication-sh-73416-in-with-Google-successfully-e2e-chromium/error-context.md
]]>
</failure>
<system-out>
<![CDATA[
[[ATTACHMENT|e2e-auth-Authentication-sh-73416-in-with-Google-successfully-e2e-chromium/test-failed-2.png]]

[[ATTACHMENT|e2e-auth-Authentication-sh-73416-in-with-Google-successfully-e2e-chromium/test-failed-1.png]]

[[ATTACHMENT|e2e-auth-Authentication-sh-73416-in-with-Google-successfully-e2e-chromium/video-1.webm]]

[[ATTACHMENT|e2e-auth-Authentication-sh-73416-in-with-Google-successfully-e2e-chromium/video.webm]]

[[ATTACHMENT|e2e-auth-Authentication-sh-73416-in-with-Google-successfully-e2e-chromium/error-context.md]]
]]>
</system-out>
</testcase>
<testcase name="Authentication › should display user profile after login" classname="e2e/auth.test.ts" time="17.542">
<failure message="auth.test.ts:31:5 should display user profile after login" type="FAILURE">
<![CDATA[  [e2e-chromium] › e2e/auth.test.ts:31:5 › Authentication › should display user profile after login 

    TimeoutError: page.waitForURL: Timeout 10000ms exceeded.
    =========================== logs ===========================
    waiting for navigation to "**/dashboard" until "load"
    ============================================================

       at fixtures.ts:32

      30 |
      31 |         // Wait for authentication
    > 32 |         await page.waitForURL('**/dashboard', { timeout: 10000 });
         |                    ^
      33 |
      34 |         // Verify authenticated
      35 |         await expect(page.locator('[data-testid="user-profile"]')).toBeVisible();
        at Object.authenticatedPage (/Users/deepak/Downloads/Projects/StackLens-AI-Deploy/tests/fixtures.ts:32:20)

    attachment #1: screenshot (image/png) ──────────────────────────────────────────────────────────
    ../test-results/e2e-auth-Authentication-sh-6a33f-ay-user-profile-after-login-e2e-chromium/test-failed-1.png
    ────────────────────────────────────────────────────────────────────────────────────────────────

    attachment #2: screenshot (image/png) ──────────────────────────────────────────────────────────
    ../test-results/e2e-auth-Authentication-sh-6a33f-ay-user-profile-after-login-e2e-chromium/test-failed-2.png
    ────────────────────────────────────────────────────────────────────────────────────────────────

    attachment #3: video (video/webm) ──────────────────────────────────────────────────────────────
    ../test-results/e2e-auth-Authentication-sh-6a33f-ay-user-profile-after-login-e2e-chromium/video-1.webm
    ────────────────────────────────────────────────────────────────────────────────────────────────

    attachment #4: video (video/webm) ──────────────────────────────────────────────────────────────
    ../test-results/e2e-auth-Authentication-sh-6a33f-ay-user-profile-after-login-e2e-chromium/video.webm
    ────────────────────────────────────────────────────────────────────────────────────────────────

    Error Context: ../test-results/e2e-auth-Authentication-sh-6a33f-ay-user-profile-after-login-e2e-chromium/error-context.md
]]>
</failure>
<system-out>
<![CDATA[
[[ATTACHMENT|e2e-auth-Authentication-sh-6a33f-ay-user-profile-after-login-e2e-chromium/test-failed-1.png]]

[[ATTACHMENT|e2e-auth-Authentication-sh-6a33f-ay-user-profile-after-login-e2e-chromium/test-failed-2.png]]

[[ATTACHMENT|e2e-auth-Authentication-sh-6a33f-ay-user-profile-after-login-e2e-chromium/video-1.webm]]

[[ATTACHMENT|e2e-auth-Authentication-sh-6a33f-ay-user-profile-after-login-e2e-chromium/video.webm]]

[[ATTACHMENT|e2e-auth-Authentication-sh-6a33f-ay-user-profile-after-login-e2e-chromium/error-context.md]]
]]>
</system-out>
</testcase>
<testcase name="Authentication › should logout successfully" classname="e2e/auth.test.ts" time="17.768">
<failure message="auth.test.ts:37:5 should logout successfully" type="FAILURE">
<![CDATA[  [e2e-chromium] › e2e/auth.test.ts:37:5 › Authentication › should logout successfully ─────────────

    TimeoutError: page.waitForURL: Timeout 10000ms exceeded.
    =========================== logs ===========================
    waiting for navigation to "**/dashboard" until "load"
    ============================================================

       at fixtures.ts:32

      30 |
      31 |         // Wait for authentication
    > 32 |         await page.waitForURL('**/dashboard', { timeout: 10000 });
         |                    ^
      33 |
      34 |         // Verify authenticated
      35 |         await expect(page.locator('[data-testid="user-profile"]')).toBeVisible();
        at Object.authenticatedPage (/Users/deepak/Downloads/Projects/StackLens-AI-Deploy/tests/fixtures.ts:32:20)

    attachment #1: screenshot (image/png) ──────────────────────────────────────────────────────────
    ../test-results/e2e-auth-Authentication-should-logout-successfully-e2e-chromium/test-failed-2.png
    ────────────────────────────────────────────────────────────────────────────────────────────────

    attachment #2: screenshot (image/png) ──────────────────────────────────────────────────────────
    ../test-results/e2e-auth-Authentication-should-logout-successfully-e2e-chromium/test-failed-1.png
    ────────────────────────────────────────────────────────────────────────────────────────────────

    attachment #3: video (video/webm) ──────────────────────────────────────────────────────────────
    ../test-results/e2e-auth-Authentication-should-logout-successfully-e2e-chromium/video-1.webm
    ────────────────────────────────────────────────────────────────────────────────────────────────

    attachment #4: video (video/webm) ──────────────────────────────────────────────────────────────
    ../test-results/e2e-auth-Authentication-should-logout-successfully-e2e-chromium/video.webm
    ────────────────────────────────────────────────────────────────────────────────────────────────

    Error Context: ../test-results/e2e-auth-Authentication-should-logout-successfully-e2e-chromium/error-context.md
]]>
</failure>
<system-out>
<![CDATA[
[[ATTACHMENT|e2e-auth-Authentication-should-logout-successfully-e2e-chromium/test-failed-2.png]]

[[ATTACHMENT|e2e-auth-Authentication-should-logout-successfully-e2e-chromium/test-failed-1.png]]

[[ATTACHMENT|e2e-auth-Authentication-should-logout-successfully-e2e-chromium/video-1.webm]]

[[ATTACHMENT|e2e-auth-Authentication-should-logout-successfully-e2e-chromium/video.webm]]

[[ATTACHMENT|e2e-auth-Authentication-should-logout-successfully-e2e-chromium/error-context.md]]
]]>
</system-out>
</testcase>
<testcase name="Authentication › should persist session on page reload" classname="e2e/auth.test.ts" time="16.253">
<failure message="auth.test.ts:47:5 should persist session on page reload" type="FAILURE">
<![CDATA[  [e2e-chromium] › e2e/auth.test.ts:47:5 › Authentication › should persist session on page reload ──

    TimeoutError: page.waitForURL: Timeout 10000ms exceeded.
    =========================== logs ===========================
    waiting for navigation to "**/dashboard" until "load"
    ============================================================

       at fixtures.ts:32

      30 |
      31 |         // Wait for authentication
    > 32 |         await page.waitForURL('**/dashboard', { timeout: 10000 });
         |                    ^
      33 |
      34 |         // Verify authenticated
      35 |         await expect(page.locator('[data-testid="user-profile"]')).toBeVisible();
        at Object.authenticatedPage (/Users/deepak/Downloads/Projects/StackLens-AI-Deploy/tests/fixtures.ts:32:20)

    attachment #1: screenshot (image/png) ──────────────────────────────────────────────────────────
    ../test-results/e2e-auth-Authentication-sh-c5bd4-sist-session-on-page-reload-e2e-chromium/test-failed-1.png
    ────────────────────────────────────────────────────────────────────────────────────────────────

    attachment #2: screenshot (image/png) ──────────────────────────────────────────────────────────
    ../test-results/e2e-auth-Authentication-sh-c5bd4-sist-session-on-page-reload-e2e-chromium/test-failed-2.png
    ────────────────────────────────────────────────────────────────────────────────────────────────

    attachment #3: video (video/webm) ──────────────────────────────────────────────────────────────
    ../test-results/e2e-auth-Authentication-sh-c5bd4-sist-session-on-page-reload-e2e-chromium/video-1.webm
    ────────────────────────────────────────────────────────────────────────────────────────────────

    attachment #4: video (video/webm) ──────────────────────────────────────────────────────────────
    ../test-results/e2e-auth-Authentication-sh-c5bd4-sist-session-on-page-reload-e2e-chromium/video.webm
    ────────────────────────────────────────────────────────────────────────────────────────────────

    Error Context: ../test-results/e2e-auth-Authentication-sh-c5bd4-sist-session-on-page-reload-e2e-chromium/error-context.md
]]>
</failure>
<system-out>
<![CDATA[
[[ATTACHMENT|e2e-auth-Authentication-sh-c5bd4-sist-session-on-page-reload-e2e-chromium/test-failed-1.png]]

[[ATTACHMENT|e2e-auth-Authentication-sh-c5bd4-sist-session-on-page-reload-e2e-chromium/test-failed-2.png]]

[[ATTACHMENT|e2e-auth-Authentication-sh-c5bd4-sist-session-on-page-reload-e2e-chromium/video-1.webm]]

[[ATTACHMENT|e2e-auth-Authentication-sh-c5bd4-sist-session-on-page-reload-e2e-chromium/video.webm]]

[[ATTACHMENT|e2e-auth-Authentication-sh-c5bd4-sist-session-on-page-reload-e2e-chromium/error-context.md]]
]]>
</system-out>
</testcase>
<testcase name="Authentication › should handle authentication errors" classname="e2e/auth.test.ts" time="11.21">
<failure message="auth.test.ts:55:5 should handle authentication errors" type="FAILURE">
<![CDATA[  [e2e-chromium] › e2e/auth.test.ts:55:5 › Authentication › should handle authentication errors ────

    Error: expect(locator).toContainText(expected) failed

    Locator: locator('[data-testid="error-message"]')
    Expected string: "Authentication failed"
    Received: <element(s) not found>
    Timeout: 5000ms

    Call log:
      - Expect "toContainText" with timeout 5000ms
      - waiting for locator('[data-testid="error-message"]')


      65 |
      66 |         // Should show error message
    > 67 |         await expect(page.locator('[data-testid="error-message"]')).toContainText('Authentication failed');
         |                                                                     ^
      68 |     });
      69 | });
      70 |
        at /Users/deepak/Downloads/Projects/StackLens-AI-Deploy/tests/e2e/auth.test.ts:67:69

    attachment #1: screenshot (image/png) ──────────────────────────────────────────────────────────
    ../test-results/e2e-auth-Authentication-should-handle-authentication-errors-e2e-chromium/test-failed-2.png
    ────────────────────────────────────────────────────────────────────────────────────────────────

    attachment #2: screenshot (image/png) ──────────────────────────────────────────────────────────
    ../test-results/e2e-auth-Authentication-should-handle-authentication-errors-e2e-chromium/test-failed-1.png
    ────────────────────────────────────────────────────────────────────────────────────────────────

    attachment #3: video (video/webm) ──────────────────────────────────────────────────────────────
    ../test-results/e2e-auth-Authentication-should-handle-authentication-errors-e2e-chromium/video-1.webm
    ────────────────────────────────────────────────────────────────────────────────────────────────

    attachment #4: video (video/webm) ──────────────────────────────────────────────────────────────
    ../test-results/e2e-auth-Authentication-should-handle-authentication-errors-e2e-chromium/video.webm
    ────────────────────────────────────────────────────────────────────────────────────────────────

    Error Context: ../test-results/e2e-auth-Authentication-should-handle-authentication-errors-e2e-chromium/error-context.md
]]>
</failure>
<system-out>
<![CDATA[
[[ATTACHMENT|e2e-auth-Authentication-should-handle-authentication-errors-e2e-chromium/test-failed-2.png]]

[[ATTACHMENT|e2e-auth-Authentication-should-handle-authentication-errors-e2e-chromium/test-failed-1.png]]

[[ATTACHMENT|e2e-auth-Authentication-should-handle-authentication-errors-e2e-chromium/video-1.webm]]

[[ATTACHMENT|e2e-auth-Authentication-should-handle-authentication-errors-e2e-chromium/video.webm]]

[[ATTACHMENT|e2e-auth-Authentication-should-handle-authentication-errors-e2e-chromium/error-context.md]]
]]>
</system-out>
</testcase>
</testsuite>
<testsuite name="e2e/dashboard.test.ts" timestamp="2025-10-10T06:55:27.522Z" hostname="e2e-chromium" tests="18" failures="18" skipped="0" time="298.995" errors="0">
<testcase name="Error Dashboard › should display dashboard with error statistics" classname="e2e/dashboard.test.ts" time="16.041">
<failure message="dashboard.test.ts:15:5 should display dashboard with error statistics" type="FAILURE">
<![CDATA[  [e2e-chromium] › e2e/dashboard.test.ts:15:5 › Error Dashboard › should display dashboard with error statistics 

    TimeoutError: page.waitForURL: Timeout 10000ms exceeded.
    =========================== logs ===========================
    waiting for navigation to "**/dashboard" until "load"
    ============================================================

       at fixtures.ts:32

      30 |
      31 |         // Wait for authentication
    > 32 |         await page.waitForURL('**/dashboard', { timeout: 10000 });
         |                    ^
      33 |
      34 |         // Verify authenticated
      35 |         await expect(page.locator('[data-testid="user-profile"]')).toBeVisible();
        at Object.authenticatedPage (/Users/deepak/Downloads/Projects/StackLens-AI-Deploy/tests/fixtures.ts:32:20)

    attachment #1: screenshot (image/png) ──────────────────────────────────────────────────────────
    ../test-results/e2e-dashboard-Error-Dashbo-2f8a5-board-with-error-statistics-e2e-chromium/test-failed-1.png
    ────────────────────────────────────────────────────────────────────────────────────────────────

    attachment #2: screenshot (image/png) ──────────────────────────────────────────────────────────
    ../test-results/e2e-dashboard-Error-Dashbo-2f8a5-board-with-error-statistics-e2e-chromium/test-failed-2.png
    ────────────────────────────────────────────────────────────────────────────────────────────────

    attachment #3: video (video/webm) ──────────────────────────────────────────────────────────────
    ../test-results/e2e-dashboard-Error-Dashbo-2f8a5-board-with-error-statistics-e2e-chromium/video-1.webm
    ────────────────────────────────────────────────────────────────────────────────────────────────

    attachment #4: video (video/webm) ──────────────────────────────────────────────────────────────
    ../test-results/e2e-dashboard-Error-Dashbo-2f8a5-board-with-error-statistics-e2e-chromium/video.webm
    ────────────────────────────────────────────────────────────────────────────────────────────────

    Error Context: ../test-results/e2e-dashboard-Error-Dashbo-2f8a5-board-with-error-statistics-e2e-chromium/error-context.md
]]>
</failure>
<system-out>
<![CDATA[
[[ATTACHMENT|e2e-dashboard-Error-Dashbo-2f8a5-board-with-error-statistics-e2e-chromium/test-failed-1.png]]

[[ATTACHMENT|e2e-dashboard-Error-Dashbo-2f8a5-board-with-error-statistics-e2e-chromium/test-failed-2.png]]

[[ATTACHMENT|e2e-dashboard-Error-Dashbo-2f8a5-board-with-error-statistics-e2e-chromium/video-1.webm]]

[[ATTACHMENT|e2e-dashboard-Error-Dashbo-2f8a5-board-with-error-statistics-e2e-chromium/video.webm]]

[[ATTACHMENT|e2e-dashboard-Error-Dashbo-2f8a5-board-with-error-statistics-e2e-chromium/error-context.md]]
]]>
</system-out>
</testcase>
<testcase name="Error Dashboard › should display error severity breakdown" classname="e2e/dashboard.test.ts" time="16.066">
<failure message="dashboard.test.ts:22:5 should display error severity breakdown" type="FAILURE">
<![CDATA[  [e2e-chromium] › e2e/dashboard.test.ts:22:5 › Error Dashboard › should display error severity breakdown 

    TimeoutError: page.waitForURL: Timeout 10000ms exceeded.
    =========================== logs ===========================
    waiting for navigation to "**/dashboard" until "load"
    ============================================================

       at fixtures.ts:32

      30 |
      31 |         // Wait for authentication
    > 32 |         await page.waitForURL('**/dashboard', { timeout: 10000 });
         |                    ^
      33 |
      34 |         // Verify authenticated
      35 |         await expect(page.locator('[data-testid="user-profile"]')).toBeVisible();
        at Object.authenticatedPage (/Users/deepak/Downloads/Projects/StackLens-AI-Deploy/tests/fixtures.ts:32:20)

    attachment #1: screenshot (image/png) ──────────────────────────────────────────────────────────
    ../test-results/e2e-dashboard-Error-Dashbo-7efcf-ay-error-severity-breakdown-e2e-chromium/test-failed-2.png
    ────────────────────────────────────────────────────────────────────────────────────────────────

    attachment #2: screenshot (image/png) ──────────────────────────────────────────────────────────
    ../test-results/e2e-dashboard-Error-Dashbo-7efcf-ay-error-severity-breakdown-e2e-chromium/test-failed-1.png
    ────────────────────────────────────────────────────────────────────────────────────────────────

    attachment #3: video (video/webm) ──────────────────────────────────────────────────────────────
    ../test-results/e2e-dashboard-Error-Dashbo-7efcf-ay-error-severity-breakdown-e2e-chromium/video-1.webm
    ────────────────────────────────────────────────────────────────────────────────────────────────

    attachment #4: video (video/webm) ──────────────────────────────────────────────────────────────
    ../test-results/e2e-dashboard-Error-Dashbo-7efcf-ay-error-severity-breakdown-e2e-chromium/video.webm
    ────────────────────────────────────────────────────────────────────────────────────────────────

    Error Context: ../test-results/e2e-dashboard-Error-Dashbo-7efcf-ay-error-severity-breakdown-e2e-chromium/error-context.md
]]>
</failure>
<system-out>
<![CDATA[
[[ATTACHMENT|e2e-dashboard-Error-Dashbo-7efcf-ay-error-severity-breakdown-e2e-chromium/test-failed-2.png]]

[[ATTACHMENT|e2e-dashboard-Error-Dashbo-7efcf-ay-error-severity-breakdown-e2e-chromium/test-failed-1.png]]

[[ATTACHMENT|e2e-dashboard-Error-Dashbo-7efcf-ay-error-severity-breakdown-e2e-chromium/video-1.webm]]

[[ATTACHMENT|e2e-dashboard-Error-Dashbo-7efcf-ay-error-severity-breakdown-e2e-chromium/video.webm]]

[[ATTACHMENT|e2e-dashboard-Error-Dashbo-7efcf-ay-error-severity-breakdown-e2e-chromium/error-context.md]]
]]>
</system-out>
</testcase>
<testcase name="Error Dashboard › should filter errors by store" classname="e2e/dashboard.test.ts" time="16.25">
<failure message="dashboard.test.ts:29:5 should filter errors by store" type="FAILURE">
<![CDATA[  [e2e-chromium] › e2e/dashboard.test.ts:29:5 › Error Dashboard › should filter errors by store ────

    TimeoutError: page.waitForURL: Timeout 10000ms exceeded.
    =========================== logs ===========================
    waiting for navigation to "**/dashboard" until "load"
    ============================================================

       at fixtures.ts:32

      30 |
      31 |         // Wait for authentication
    > 32 |         await page.waitForURL('**/dashboard', { timeout: 10000 });
         |                    ^
      33 |
      34 |         // Verify authenticated
      35 |         await expect(page.locator('[data-testid="user-profile"]')).toBeVisible();
        at Object.authenticatedPage (/Users/deepak/Downloads/Projects/StackLens-AI-Deploy/tests/fixtures.ts:32:20)

    attachment #1: screenshot (image/png) ──────────────────────────────────────────────────────────
    ../test-results/e2e-dashboard-Error-Dashboard-should-filter-errors-by-store-e2e-chromium/test-failed-1.png
    ────────────────────────────────────────────────────────────────────────────────────────────────

    attachment #2: screenshot (image/png) ──────────────────────────────────────────────────────────
    ../test-results/e2e-dashboard-Error-Dashboard-should-filter-errors-by-store-e2e-chromium/test-failed-2.png
    ────────────────────────────────────────────────────────────────────────────────────────────────

    attachment #3: video (video/webm) ──────────────────────────────────────────────────────────────
    ../test-results/e2e-dashboard-Error-Dashboard-should-filter-errors-by-store-e2e-chromium/video-1.webm
    ────────────────────────────────────────────────────────────────────────────────────────────────

    attachment #4: video (video/webm) ──────────────────────────────────────────────────────────────
    ../test-results/e2e-dashboard-Error-Dashboard-should-filter-errors-by-store-e2e-chromium/video.webm
    ────────────────────────────────────────────────────────────────────────────────────────────────

    Error Context: ../test-results/e2e-dashboard-Error-Dashboard-should-filter-errors-by-store-e2e-chromium/error-context.md
]]>
</failure>
<system-out>
<![CDATA[
[[ATTACHMENT|e2e-dashboard-Error-Dashboard-should-filter-errors-by-store-e2e-chromium/test-failed-1.png]]

[[ATTACHMENT|e2e-dashboard-Error-Dashboard-should-filter-errors-by-store-e2e-chromium/test-failed-2.png]]

[[ATTACHMENT|e2e-dashboard-Error-Dashboard-should-filter-errors-by-store-e2e-chromium/video-1.webm]]

[[ATTACHMENT|e2e-dashboard-Error-Dashboard-should-filter-errors-by-store-e2e-chromium/video.webm]]

[[ATTACHMENT|e2e-dashboard-Error-Dashboard-should-filter-errors-by-store-e2e-chromium/error-context.md]]
]]>
</system-out>
</testcase>
<testcase name="Error Dashboard › should filter errors by kiosk" classname="e2e/dashboard.test.ts" time="16.333">
<failure message="dashboard.test.ts:44:5 should filter errors by kiosk" type="FAILURE">
<![CDATA[  [e2e-chromium] › e2e/dashboard.test.ts:44:5 › Error Dashboard › should filter errors by kiosk ────

    TimeoutError: page.waitForURL: Timeout 10000ms exceeded.
    =========================== logs ===========================
    waiting for navigation to "**/dashboard" until "load"
    ============================================================

       at fixtures.ts:32

      30 |
      31 |         // Wait for authentication
    > 32 |         await page.waitForURL('**/dashboard', { timeout: 10000 });
         |                    ^
      33 |
      34 |         // Verify authenticated
      35 |         await expect(page.locator('[data-testid="user-profile"]')).toBeVisible();
        at Object.authenticatedPage (/Users/deepak/Downloads/Projects/StackLens-AI-Deploy/tests/fixtures.ts:32:20)

    attachment #1: screenshot (image/png) ──────────────────────────────────────────────────────────
    ../test-results/e2e-dashboard-Error-Dashboard-should-filter-errors-by-kiosk-e2e-chromium/test-failed-1.png
    ────────────────────────────────────────────────────────────────────────────────────────────────

    attachment #2: screenshot (image/png) ──────────────────────────────────────────────────────────
    ../test-results/e2e-dashboard-Error-Dashboard-should-filter-errors-by-kiosk-e2e-chromium/test-failed-2.png
    ────────────────────────────────────────────────────────────────────────────────────────────────

    attachment #3: video (video/webm) ──────────────────────────────────────────────────────────────
    ../test-results/e2e-dashboard-Error-Dashboard-should-filter-errors-by-kiosk-e2e-chromium/video-1.webm
    ────────────────────────────────────────────────────────────────────────────────────────────────

    attachment #4: video (video/webm) ──────────────────────────────────────────────────────────────
    ../test-results/e2e-dashboard-Error-Dashboard-should-filter-errors-by-kiosk-e2e-chromium/video.webm
    ────────────────────────────────────────────────────────────────────────────────────────────────

    Error Context: ../test-results/e2e-dashboard-Error-Dashboard-should-filter-errors-by-kiosk-e2e-chromium/error-context.md
]]>
</failure>
<system-out>
<![CDATA[
[[ATTACHMENT|e2e-dashboard-Error-Dashboard-should-filter-errors-by-kiosk-e2e-chromium/test-failed-1.png]]

[[ATTACHMENT|e2e-dashboard-Error-Dashboard-should-filter-errors-by-kiosk-e2e-chromium/test-failed-2.png]]

[[ATTACHMENT|e2e-dashboard-Error-Dashboard-should-filter-errors-by-kiosk-e2e-chromium/video-1.webm]]

[[ATTACHMENT|e2e-dashboard-Error-Dashboard-should-filter-errors-by-kiosk-e2e-chromium/video.webm]]

[[ATTACHMENT|e2e-dashboard-Error-Dashboard-should-filter-errors-by-kiosk-e2e-chromium/error-context.md]]
]]>
</system-out>
</testcase>
<testcase name="Error Dashboard › should filter errors by severity" classname="e2e/dashboard.test.ts" time="16.249">
<failure message="dashboard.test.ts:57:5 should filter errors by severity" type="FAILURE">
<![CDATA[  [e2e-chromium] › e2e/dashboard.test.ts:57:5 › Error Dashboard › should filter errors by severity ─

    TimeoutError: page.waitForURL: Timeout 10000ms exceeded.
    =========================== logs ===========================
    waiting for navigation to "**/dashboard" until "load"
    ============================================================

       at fixtures.ts:32

      30 |
      31 |         // Wait for authentication
    > 32 |         await page.waitForURL('**/dashboard', { timeout: 10000 });
         |                    ^
      33 |
      34 |         // Verify authenticated
      35 |         await expect(page.locator('[data-testid="user-profile"]')).toBeVisible();
        at Object.authenticatedPage (/Users/deepak/Downloads/Projects/StackLens-AI-Deploy/tests/fixtures.ts:32:20)

    attachment #1: screenshot (image/png) ──────────────────────────────────────────────────────────
    ../test-results/e2e-dashboard-Error-Dashbo-c3f10-d-filter-errors-by-severity-e2e-chromium/test-failed-1.png
    ────────────────────────────────────────────────────────────────────────────────────────────────

    attachment #2: screenshot (image/png) ──────────────────────────────────────────────────────────
    ../test-results/e2e-dashboard-Error-Dashbo-c3f10-d-filter-errors-by-severity-e2e-chromium/test-failed-2.png
    ────────────────────────────────────────────────────────────────────────────────────────────────

    attachment #3: video (video/webm) ──────────────────────────────────────────────────────────────
    ../test-results/e2e-dashboard-Error-Dashbo-c3f10-d-filter-errors-by-severity-e2e-chromium/video-1.webm
    ────────────────────────────────────────────────────────────────────────────────────────────────

    attachment #4: video (video/webm) ──────────────────────────────────────────────────────────────
    ../test-results/e2e-dashboard-Error-Dashbo-c3f10-d-filter-errors-by-severity-e2e-chromium/video.webm
    ────────────────────────────────────────────────────────────────────────────────────────────────

    Error Context: ../test-results/e2e-dashboard-Error-Dashbo-c3f10-d-filter-errors-by-severity-e2e-chromium/error-context.md
]]>
</failure>
<system-out>
<![CDATA[
[[ATTACHMENT|e2e-dashboard-Error-Dashbo-c3f10-d-filter-errors-by-severity-e2e-chromium/test-failed-1.png]]

[[ATTACHMENT|e2e-dashboard-Error-Dashbo-c3f10-d-filter-errors-by-severity-e2e-chromium/test-failed-2.png]]

[[ATTACHMENT|e2e-dashboard-Error-Dashbo-c3f10-d-filter-errors-by-severity-e2e-chromium/video-1.webm]]

[[ATTACHMENT|e2e-dashboard-Error-Dashbo-c3f10-d-filter-errors-by-severity-e2e-chromium/video.webm]]

[[ATTACHMENT|e2e-dashboard-Error-Dashbo-c3f10-d-filter-errors-by-severity-e2e-chromium/error-context.md]]
]]>
</system-out>
</testcase>
<testcase name="Error Dashboard › should filter errors by date range" classname="e2e/dashboard.test.ts" time="16.015">
<failure message="dashboard.test.ts:67:5 should filter errors by date range" type="FAILURE">
<![CDATA[  [e2e-chromium] › e2e/dashboard.test.ts:67:5 › Error Dashboard › should filter errors by date range 

    TimeoutError: page.waitForURL: Timeout 10000ms exceeded.
    =========================== logs ===========================
    waiting for navigation to "**/dashboard" until "load"
    ============================================================

       at fixtures.ts:32

      30 |
      31 |         // Wait for authentication
    > 32 |         await page.waitForURL('**/dashboard', { timeout: 10000 });
         |                    ^
      33 |
      34 |         // Verify authenticated
      35 |         await expect(page.locator('[data-testid="user-profile"]')).toBeVisible();
        at Object.authenticatedPage (/Users/deepak/Downloads/Projects/StackLens-AI-Deploy/tests/fixtures.ts:32:20)

    attachment #1: screenshot (image/png) ──────────────────────────────────────────────────────────
    ../test-results/e2e-dashboard-Error-Dashbo-bcfaa-filter-errors-by-date-range-e2e-chromium/test-failed-2.png
    ────────────────────────────────────────────────────────────────────────────────────────────────

    attachment #2: screenshot (image/png) ──────────────────────────────────────────────────────────
    ../test-results/e2e-dashboard-Error-Dashbo-bcfaa-filter-errors-by-date-range-e2e-chromium/test-failed-1.png
    ────────────────────────────────────────────────────────────────────────────────────────────────

    attachment #3: video (video/webm) ──────────────────────────────────────────────────────────────
    ../test-results/e2e-dashboard-Error-Dashbo-bcfaa-filter-errors-by-date-range-e2e-chromium/video-1.webm
    ────────────────────────────────────────────────────────────────────────────────────────────────

    attachment #4: video (video/webm) ──────────────────────────────────────────────────────────────
    ../test-results/e2e-dashboard-Error-Dashbo-bcfaa-filter-errors-by-date-range-e2e-chromium/video.webm
    ────────────────────────────────────────────────────────────────────────────────────────────────

    Error Context: ../test-results/e2e-dashboard-Error-Dashbo-bcfaa-filter-errors-by-date-range-e2e-chromium/error-context.md
]]>
</failure>
<system-out>
<![CDATA[
[[ATTACHMENT|e2e-dashboard-Error-Dashbo-bcfaa-filter-errors-by-date-range-e2e-chromium/test-failed-2.png]]

[[ATTACHMENT|e2e-dashboard-Error-Dashbo-bcfaa-filter-errors-by-date-range-e2e-chromium/test-failed-1.png]]

[[ATTACHMENT|e2e-dashboard-Error-Dashbo-bcfaa-filter-errors-by-date-range-e2e-chromium/video-1.webm]]

[[ATTACHMENT|e2e-dashboard-Error-Dashbo-bcfaa-filter-errors-by-date-range-e2e-chromium/video.webm]]

[[ATTACHMENT|e2e-dashboard-Error-Dashbo-bcfaa-filter-errors-by-date-range-e2e-chromium/error-context.md]]
]]>
</system-out>
</testcase>
<testcase name="Error Dashboard › should apply multiple filters together" classname="e2e/dashboard.test.ts" time="16.038">
<failure message="dashboard.test.ts:82:5 should apply multiple filters together" type="FAILURE">
<![CDATA[  [e2e-chromium] › e2e/dashboard.test.ts:82:5 › Error Dashboard › should apply multiple filters together 

    TimeoutError: page.waitForURL: Timeout 10000ms exceeded.
    =========================== logs ===========================
    waiting for navigation to "**/dashboard" until "load"
    ============================================================

       at fixtures.ts:32

      30 |
      31 |         // Wait for authentication
    > 32 |         await page.waitForURL('**/dashboard', { timeout: 10000 });
         |                    ^
      33 |
      34 |         // Verify authenticated
      35 |         await expect(page.locator('[data-testid="user-profile"]')).toBeVisible();
        at Object.authenticatedPage (/Users/deepak/Downloads/Projects/StackLens-AI-Deploy/tests/fixtures.ts:32:20)

    attachment #1: screenshot (image/png) ──────────────────────────────────────────────────────────
    ../test-results/e2e-dashboard-Error-Dashbo-c876a-y-multiple-filters-together-e2e-chromium/test-failed-1.png
    ────────────────────────────────────────────────────────────────────────────────────────────────

    attachment #2: screenshot (image/png) ──────────────────────────────────────────────────────────
    ../test-results/e2e-dashboard-Error-Dashbo-c876a-y-multiple-filters-together-e2e-chromium/test-failed-2.png
    ────────────────────────────────────────────────────────────────────────────────────────────────

    attachment #3: video (video/webm) ──────────────────────────────────────────────────────────────
    ../test-results/e2e-dashboard-Error-Dashbo-c876a-y-multiple-filters-together-e2e-chromium/video-1.webm
    ────────────────────────────────────────────────────────────────────────────────────────────────

    attachment #4: video (video/webm) ──────────────────────────────────────────────────────────────
    ../test-results/e2e-dashboard-Error-Dashbo-c876a-y-multiple-filters-together-e2e-chromium/video.webm
    ────────────────────────────────────────────────────────────────────────────────────────────────

    Error Context: ../test-results/e2e-dashboard-Error-Dashbo-c876a-y-multiple-filters-together-e2e-chromium/error-context.md
]]>
</failure>
<system-out>
<![CDATA[
[[ATTACHMENT|e2e-dashboard-Error-Dashbo-c876a-y-multiple-filters-together-e2e-chromium/test-failed-1.png]]

[[ATTACHMENT|e2e-dashboard-Error-Dashbo-c876a-y-multiple-filters-together-e2e-chromium/test-failed-2.png]]

[[ATTACHMENT|e2e-dashboard-Error-Dashbo-c876a-y-multiple-filters-together-e2e-chromium/video-1.webm]]

[[ATTACHMENT|e2e-dashboard-Error-Dashbo-c876a-y-multiple-filters-together-e2e-chromium/video.webm]]

[[ATTACHMENT|e2e-dashboard-Error-Dashbo-c876a-y-multiple-filters-together-e2e-chromium/error-context.md]]
]]>
</system-out>
</testcase>
<testcase name="Error Dashboard › should clear all filters" classname="e2e/dashboard.test.ts" time="15.839">
<failure message="dashboard.test.ts:100:5 should clear all filters" type="FAILURE">
<![CDATA[  [e2e-chromium] › e2e/dashboard.test.ts:100:5 › Error Dashboard › should clear all filters ────────

    TimeoutError: page.waitForURL: Timeout 10000ms exceeded.
    =========================== logs ===========================
    waiting for navigation to "**/dashboard" until "load"
    ============================================================

       at fixtures.ts:32

      30 |
      31 |         // Wait for authentication
    > 32 |         await page.waitForURL('**/dashboard', { timeout: 10000 });
         |                    ^
      33 |
      34 |         // Verify authenticated
      35 |         await expect(page.locator('[data-testid="user-profile"]')).toBeVisible();
        at Object.authenticatedPage (/Users/deepak/Downloads/Projects/StackLens-AI-Deploy/tests/fixtures.ts:32:20)

    attachment #1: screenshot (image/png) ──────────────────────────────────────────────────────────
    ../test-results/e2e-dashboard-Error-Dashboard-should-clear-all-filters-e2e-chromium/test-failed-1.png
    ────────────────────────────────────────────────────────────────────────────────────────────────

    attachment #2: screenshot (image/png) ──────────────────────────────────────────────────────────
    ../test-results/e2e-dashboard-Error-Dashboard-should-clear-all-filters-e2e-chromium/test-failed-2.png
    ────────────────────────────────────────────────────────────────────────────────────────────────

    attachment #3: video (video/webm) ──────────────────────────────────────────────────────────────
    ../test-results/e2e-dashboard-Error-Dashboard-should-clear-all-filters-e2e-chromium/video-1.webm
    ────────────────────────────────────────────────────────────────────────────────────────────────

    attachment #4: video (video/webm) ──────────────────────────────────────────────────────────────
    ../test-results/e2e-dashboard-Error-Dashboard-should-clear-all-filters-e2e-chromium/video.webm
    ────────────────────────────────────────────────────────────────────────────────────────────────

    Error Context: ../test-results/e2e-dashboard-Error-Dashboard-should-clear-all-filters-e2e-chromium/error-context.md
]]>
</failure>
<system-out>
<![CDATA[
[[ATTACHMENT|e2e-dashboard-Error-Dashboard-should-clear-all-filters-e2e-chromium/test-failed-1.png]]

[[ATTACHMENT|e2e-dashboard-Error-Dashboard-should-clear-all-filters-e2e-chromium/test-failed-2.png]]

[[ATTACHMENT|e2e-dashboard-Error-Dashboard-should-clear-all-filters-e2e-chromium/video-1.webm]]

[[ATTACHMENT|e2e-dashboard-Error-Dashboard-should-clear-all-filters-e2e-chromium/video.webm]]

[[ATTACHMENT|e2e-dashboard-Error-Dashboard-should-clear-all-filters-e2e-chromium/error-context.md]]
]]>
</system-out>
</testcase>
<testcase name="Error Dashboard › should search errors by keyword" classname="e2e/dashboard.test.ts" time="16.182">
<failure message="dashboard.test.ts:116:5 should search errors by keyword" type="FAILURE">
<![CDATA[  [e2e-chromium] › e2e/dashboard.test.ts:116:5 › Error Dashboard › should search errors by keyword ─

    TimeoutError: page.waitForURL: Timeout 10000ms exceeded.
    =========================== logs ===========================
    waiting for navigation to "**/dashboard" until "load"
    ============================================================

       at fixtures.ts:32

      30 |
      31 |         // Wait for authentication
    > 32 |         await page.waitForURL('**/dashboard', { timeout: 10000 });
         |                    ^
      33 |
      34 |         // Verify authenticated
      35 |         await expect(page.locator('[data-testid="user-profile"]')).toBeVisible();
        at Object.authenticatedPage (/Users/deepak/Downloads/Projects/StackLens-AI-Deploy/tests/fixtures.ts:32:20)

    attachment #1: screenshot (image/png) ──────────────────────────────────────────────────────────
    ../test-results/e2e-dashboard-Error-Dashbo-bcbbc-ld-search-errors-by-keyword-e2e-chromium/test-failed-2.png
    ────────────────────────────────────────────────────────────────────────────────────────────────

    attachment #2: screenshot (image/png) ──────────────────────────────────────────────────────────
    ../test-results/e2e-dashboard-Error-Dashbo-bcbbc-ld-search-errors-by-keyword-e2e-chromium/test-failed-1.png
    ────────────────────────────────────────────────────────────────────────────────────────────────

    attachment #3: video (video/webm) ──────────────────────────────────────────────────────────────
    ../test-results/e2e-dashboard-Error-Dashbo-bcbbc-ld-search-errors-by-keyword-e2e-chromium/video-1.webm
    ────────────────────────────────────────────────────────────────────────────────────────────────

    attachment #4: video (video/webm) ──────────────────────────────────────────────────────────────
    ../test-results/e2e-dashboard-Error-Dashbo-bcbbc-ld-search-errors-by-keyword-e2e-chromium/video.webm
    ────────────────────────────────────────────────────────────────────────────────────────────────

    Error Context: ../test-results/e2e-dashboard-Error-Dashbo-bcbbc-ld-search-errors-by-keyword-e2e-chromium/error-context.md
]]>
</failure>
<system-out>
<![CDATA[
[[ATTACHMENT|e2e-dashboard-Error-Dashbo-bcbbc-ld-search-errors-by-keyword-e2e-chromium/test-failed-2.png]]

[[ATTACHMENT|e2e-dashboard-Error-Dashbo-bcbbc-ld-search-errors-by-keyword-e2e-chromium/test-failed-1.png]]

[[ATTACHMENT|e2e-dashboard-Error-Dashbo-bcbbc-ld-search-errors-by-keyword-e2e-chromium/video-1.webm]]

[[ATTACHMENT|e2e-dashboard-Error-Dashbo-bcbbc-ld-search-errors-by-keyword-e2e-chromium/video.webm]]

[[ATTACHMENT|e2e-dashboard-Error-Dashbo-bcbbc-ld-search-errors-by-keyword-e2e-chromium/error-context.md]]
]]>
</system-out>
</testcase>
<testcase name="Error Dashboard › should paginate through error results" classname="e2e/dashboard.test.ts" time="16.609">
<failure message="dashboard.test.ts:127:5 should paginate through error results" type="FAILURE">
<![CDATA[  [e2e-chromium] › e2e/dashboard.test.ts:127:5 › Error Dashboard › should paginate through error results 

    TimeoutError: page.waitForURL: Timeout 10000ms exceeded.
    =========================== logs ===========================
    waiting for navigation to "**/dashboard" until "load"
    ============================================================

       at fixtures.ts:32

      30 |
      31 |         // Wait for authentication
    > 32 |         await page.waitForURL('**/dashboard', { timeout: 10000 });
         |                    ^
      33 |
      34 |         // Verify authenticated
      35 |         await expect(page.locator('[data-testid="user-profile"]')).toBeVisible();
        at Object.authenticatedPage (/Users/deepak/Downloads/Projects/StackLens-AI-Deploy/tests/fixtures.ts:32:20)

    attachment #1: screenshot (image/png) ──────────────────────────────────────────────────────────
    ../test-results/e2e-dashboard-Error-Dashbo-509b8-inate-through-error-results-e2e-chromium/test-failed-2.png
    ────────────────────────────────────────────────────────────────────────────────────────────────

    attachment #2: screenshot (image/png) ──────────────────────────────────────────────────────────
    ../test-results/e2e-dashboard-Error-Dashbo-509b8-inate-through-error-results-e2e-chromium/test-failed-1.png
    ────────────────────────────────────────────────────────────────────────────────────────────────

    attachment #3: video (video/webm) ──────────────────────────────────────────────────────────────
    ../test-results/e2e-dashboard-Error-Dashbo-509b8-inate-through-error-results-e2e-chromium/video-1.webm
    ────────────────────────────────────────────────────────────────────────────────────────────────

    attachment #4: video (video/webm) ──────────────────────────────────────────────────────────────
    ../test-results/e2e-dashboard-Error-Dashbo-509b8-inate-through-error-results-e2e-chromium/video.webm
    ────────────────────────────────────────────────────────────────────────────────────────────────

    Error Context: ../test-results/e2e-dashboard-Error-Dashbo-509b8-inate-through-error-results-e2e-chromium/error-context.md
]]>
</failure>
<system-out>
<![CDATA[
[[ATTACHMENT|e2e-dashboard-Error-Dashbo-509b8-inate-through-error-results-e2e-chromium/test-failed-2.png]]

[[ATTACHMENT|e2e-dashboard-Error-Dashbo-509b8-inate-through-error-results-e2e-chromium/test-failed-1.png]]

[[ATTACHMENT|e2e-dashboard-Error-Dashbo-509b8-inate-through-error-results-e2e-chromium/video-1.webm]]

[[ATTACHMENT|e2e-dashboard-Error-Dashbo-509b8-inate-through-error-results-e2e-chromium/video.webm]]

[[ATTACHMENT|e2e-dashboard-Error-Dashbo-509b8-inate-through-error-results-e2e-chromium/error-context.md]]
]]>
</system-out>
</testcase>
<testcase name="Error Dashboard › should change items per page" classname="e2e/dashboard.test.ts" time="18.159">
<failure message="dashboard.test.ts:139:5 should change items per page" type="FAILURE">
<![CDATA[  [e2e-chromium] › e2e/dashboard.test.ts:139:5 › Error Dashboard › should change items per page ────

    TimeoutError: page.waitForURL: Timeout 10000ms exceeded.
    =========================== logs ===========================
    waiting for navigation to "**/dashboard" until "load"
    ============================================================

       at fixtures.ts:32

      30 |
      31 |         // Wait for authentication
    > 32 |         await page.waitForURL('**/dashboard', { timeout: 10000 });
         |                    ^
      33 |
      34 |         // Verify authenticated
      35 |         await expect(page.locator('[data-testid="user-profile"]')).toBeVisible();
        at Object.authenticatedPage (/Users/deepak/Downloads/Projects/StackLens-AI-Deploy/tests/fixtures.ts:32:20)

    attachment #1: screenshot (image/png) ──────────────────────────────────────────────────────────
    ../test-results/e2e-dashboard-Error-Dashboard-should-change-items-per-page-e2e-chromium/test-failed-2.png
    ────────────────────────────────────────────────────────────────────────────────────────────────

    attachment #2: screenshot (image/png) ──────────────────────────────────────────────────────────
    ../test-results/e2e-dashboard-Error-Dashboard-should-change-items-per-page-e2e-chromium/test-failed-1.png
    ────────────────────────────────────────────────────────────────────────────────────────────────

    attachment #3: video (video/webm) ──────────────────────────────────────────────────────────────
    ../test-results/e2e-dashboard-Error-Dashboard-should-change-items-per-page-e2e-chromium/video.webm
    ────────────────────────────────────────────────────────────────────────────────────────────────

    attachment #4: video (video/webm) ──────────────────────────────────────────────────────────────
    ../test-results/e2e-dashboard-Error-Dashboard-should-change-items-per-page-e2e-chromium/video-1.webm
    ────────────────────────────────────────────────────────────────────────────────────────────────

    Error Context: ../test-results/e2e-dashboard-Error-Dashboard-should-change-items-per-page-e2e-chromium/error-context.md
]]>
</failure>
<system-out>
<![CDATA[
[[ATTACHMENT|e2e-dashboard-Error-Dashboard-should-change-items-per-page-e2e-chromium/test-failed-2.png]]

[[ATTACHMENT|e2e-dashboard-Error-Dashboard-should-change-items-per-page-e2e-chromium/test-failed-1.png]]

[[ATTACHMENT|e2e-dashboard-Error-Dashboard-should-change-items-per-page-e2e-chromium/video.webm]]

[[ATTACHMENT|e2e-dashboard-Error-Dashboard-should-change-items-per-page-e2e-chromium/video-1.webm]]

[[ATTACHMENT|e2e-dashboard-Error-Dashboard-should-change-items-per-page-e2e-chromium/error-context.md]]
]]>
</system-out>
</testcase>
<testcase name="Error Dashboard › should sort errors by severity" classname="e2e/dashboard.test.ts" time="18.078">
<failure message="dashboard.test.ts:149:5 should sort errors by severity" type="FAILURE">
<![CDATA[  [e2e-chromium] › e2e/dashboard.test.ts:149:5 › Error Dashboard › should sort errors by severity ──

    TimeoutError: page.waitForURL: Timeout 10000ms exceeded.
    =========================== logs ===========================
    waiting for navigation to "**/dashboard" until "load"
    ============================================================

       at fixtures.ts:32

      30 |
      31 |         // Wait for authentication
    > 32 |         await page.waitForURL('**/dashboard', { timeout: 10000 });
         |                    ^
      33 |
      34 |         // Verify authenticated
      35 |         await expect(page.locator('[data-testid="user-profile"]')).toBeVisible();
        at Object.authenticatedPage (/Users/deepak/Downloads/Projects/StackLens-AI-Deploy/tests/fixtures.ts:32:20)

    attachment #1: screenshot (image/png) ──────────────────────────────────────────────────────────
    ../test-results/e2e-dashboard-Error-Dashboard-should-sort-errors-by-severity-e2e-chromium/test-failed-2.png
    ────────────────────────────────────────────────────────────────────────────────────────────────

    attachment #2: screenshot (image/png) ──────────────────────────────────────────────────────────
    ../test-results/e2e-dashboard-Error-Dashboard-should-sort-errors-by-severity-e2e-chromium/test-failed-1.png
    ────────────────────────────────────────────────────────────────────────────────────────────────

    attachment #3: video (video/webm) ──────────────────────────────────────────────────────────────
    ../test-results/e2e-dashboard-Error-Dashboard-should-sort-errors-by-severity-e2e-chromium/video.webm
    ────────────────────────────────────────────────────────────────────────────────────────────────

    attachment #4: video (video/webm) ──────────────────────────────────────────────────────────────
    ../test-results/e2e-dashboard-Error-Dashboard-should-sort-errors-by-severity-e2e-chromium/video-1.webm
    ────────────────────────────────────────────────────────────────────────────────────────────────

    Error Context: ../test-results/e2e-dashboard-Error-Dashboard-should-sort-errors-by-severity-e2e-chromium/error-context.md
]]>
</failure>
<system-out>
<![CDATA[
[[ATTACHMENT|e2e-dashboard-Error-Dashboard-should-sort-errors-by-severity-e2e-chromium/test-failed-2.png]]

[[ATTACHMENT|e2e-dashboard-Error-Dashboard-should-sort-errors-by-severity-e2e-chromium/test-failed-1.png]]

[[ATTACHMENT|e2e-dashboard-Error-Dashboard-should-sort-errors-by-severity-e2e-chromium/video.webm]]

[[ATTACHMENT|e2e-dashboard-Error-Dashboard-should-sort-errors-by-severity-e2e-chromium/video-1.webm]]

[[ATTACHMENT|e2e-dashboard-Error-Dashboard-should-sort-errors-by-severity-e2e-chromium/error-context.md]]
]]>
</system-out>
</testcase>
<testcase name="Error Dashboard › should sort errors by date" classname="e2e/dashboard.test.ts" time="17.182">
<failure message="dashboard.test.ts:162:5 should sort errors by date" type="FAILURE">
<![CDATA[  [e2e-chromium] › e2e/dashboard.test.ts:162:5 › Error Dashboard › should sort errors by date ──────

    TimeoutError: page.waitForURL: Timeout 10000ms exceeded.
    =========================== logs ===========================
    waiting for navigation to "**/dashboard" until "load"
    ============================================================

       at fixtures.ts:32

      30 |
      31 |         // Wait for authentication
    > 32 |         await page.waitForURL('**/dashboard', { timeout: 10000 });
         |                    ^
      33 |
      34 |         // Verify authenticated
      35 |         await expect(page.locator('[data-testid="user-profile"]')).toBeVisible();
        at Object.authenticatedPage (/Users/deepak/Downloads/Projects/StackLens-AI-Deploy/tests/fixtures.ts:32:20)

    attachment #1: screenshot (image/png) ──────────────────────────────────────────────────────────
    ../test-results/e2e-dashboard-Error-Dashboard-should-sort-errors-by-date-e2e-chromium/test-failed-1.png
    ────────────────────────────────────────────────────────────────────────────────────────────────

    attachment #2: screenshot (image/png) ──────────────────────────────────────────────────────────
    ../test-results/e2e-dashboard-Error-Dashboard-should-sort-errors-by-date-e2e-chromium/test-failed-2.png
    ────────────────────────────────────────────────────────────────────────────────────────────────

    attachment #3: video (video/webm) ──────────────────────────────────────────────────────────────
    ../test-results/e2e-dashboard-Error-Dashboard-should-sort-errors-by-date-e2e-chromium/video-1.webm
    ────────────────────────────────────────────────────────────────────────────────────────────────

    attachment #4: video (video/webm) ──────────────────────────────────────────────────────────────
    ../test-results/e2e-dashboard-Error-Dashboard-should-sort-errors-by-date-e2e-chromium/video.webm
    ────────────────────────────────────────────────────────────────────────────────────────────────

    Error Context: ../test-results/e2e-dashboard-Error-Dashboard-should-sort-errors-by-date-e2e-chromium/error-context.md
]]>
</failure>
<system-out>
<![CDATA[
[[ATTACHMENT|e2e-dashboard-Error-Dashboard-should-sort-errors-by-date-e2e-chromium/test-failed-1.png]]

[[ATTACHMENT|e2e-dashboard-Error-Dashboard-should-sort-errors-by-date-e2e-chromium/test-failed-2.png]]

[[ATTACHMENT|e2e-dashboard-Error-Dashboard-should-sort-errors-by-date-e2e-chromium/video-1.webm]]

[[ATTACHMENT|e2e-dashboard-Error-Dashboard-should-sort-errors-by-date-e2e-chromium/video.webm]]

[[ATTACHMENT|e2e-dashboard-Error-Dashboard-should-sort-errors-by-date-e2e-chromium/error-context.md]]
]]>
</system-out>
</testcase>
<testcase name="Error Dashboard › should export errors to CSV" classname="e2e/dashboard.test.ts" time="17.438">
<failure message="dashboard.test.ts:175:5 should export errors to CSV" type="FAILURE">
<![CDATA[  [e2e-chromium] › e2e/dashboard.test.ts:175:5 › Error Dashboard › should export errors to CSV ─────

    TimeoutError: page.waitForURL: Timeout 10000ms exceeded.
    =========================== logs ===========================
    waiting for navigation to "**/dashboard" until "load"
    ============================================================

       at fixtures.ts:32

      30 |
      31 |         // Wait for authentication
    > 32 |         await page.waitForURL('**/dashboard', { timeout: 10000 });
         |                    ^
      33 |
      34 |         // Verify authenticated
      35 |         await expect(page.locator('[data-testid="user-profile"]')).toBeVisible();
        at Object.authenticatedPage (/Users/deepak/Downloads/Projects/StackLens-AI-Deploy/tests/fixtures.ts:32:20)

    attachment #1: screenshot (image/png) ──────────────────────────────────────────────────────────
    ../test-results/e2e-dashboard-Error-Dashboard-should-export-errors-to-CSV-e2e-chromium/test-failed-1.png
    ────────────────────────────────────────────────────────────────────────────────────────────────

    attachment #2: screenshot (image/png) ──────────────────────────────────────────────────────────
    ../test-results/e2e-dashboard-Error-Dashboard-should-export-errors-to-CSV-e2e-chromium/test-failed-2.png
    ────────────────────────────────────────────────────────────────────────────────────────────────

    attachment #3: video (video/webm) ──────────────────────────────────────────────────────────────
    ../test-results/e2e-dashboard-Error-Dashboard-should-export-errors-to-CSV-e2e-chromium/video-1.webm
    ────────────────────────────────────────────────────────────────────────────────────────────────

    attachment #4: video (video/webm) ──────────────────────────────────────────────────────────────
    ../test-results/e2e-dashboard-Error-Dashboard-should-export-errors-to-CSV-e2e-chromium/video.webm
    ────────────────────────────────────────────────────────────────────────────────────────────────

    Error Context: ../test-results/e2e-dashboard-Error-Dashboard-should-export-errors-to-CSV-e2e-chromium/error-context.md
]]>
</failure>
<system-out>
<![CDATA[
[[ATTACHMENT|e2e-dashboard-Error-Dashboard-should-export-errors-to-CSV-e2e-chromium/test-failed-1.png]]

[[ATTACHMENT|e2e-dashboard-Error-Dashboard-should-export-errors-to-CSV-e2e-chromium/test-failed-2.png]]

[[ATTACHMENT|e2e-dashboard-Error-Dashboard-should-export-errors-to-CSV-e2e-chromium/video-1.webm]]

[[ATTACHMENT|e2e-dashboard-Error-Dashboard-should-export-errors-to-CSV-e2e-chromium/video.webm]]

[[ATTACHMENT|e2e-dashboard-Error-Dashboard-should-export-errors-to-CSV-e2e-chromium/error-context.md]]
]]>
</system-out>
</testcase>
<testcase name="Error Dashboard › should export errors to Excel" classname="e2e/dashboard.test.ts" time="16.344">
<failure message="dashboard.test.ts:184:5 should export errors to Excel" type="FAILURE">
<![CDATA[  [e2e-chromium] › e2e/dashboard.test.ts:184:5 › Error Dashboard › should export errors to Excel ───

    TimeoutError: page.waitForURL: Timeout 10000ms exceeded.
    =========================== logs ===========================
    waiting for navigation to "**/dashboard" until "load"
    ============================================================

       at fixtures.ts:32

      30 |
      31 |         // Wait for authentication
    > 32 |         await page.waitForURL('**/dashboard', { timeout: 10000 });
         |                    ^
      33 |
      34 |         // Verify authenticated
      35 |         await expect(page.locator('[data-testid="user-profile"]')).toBeVisible();
        at Object.authenticatedPage (/Users/deepak/Downloads/Projects/StackLens-AI-Deploy/tests/fixtures.ts:32:20)

    attachment #1: screenshot (image/png) ──────────────────────────────────────────────────────────
    ../test-results/e2e-dashboard-Error-Dashboard-should-export-errors-to-Excel-e2e-chromium/test-failed-1.png
    ────────────────────────────────────────────────────────────────────────────────────────────────

    attachment #2: screenshot (image/png) ──────────────────────────────────────────────────────────
    ../test-results/e2e-dashboard-Error-Dashboard-should-export-errors-to-Excel-e2e-chromium/test-failed-2.png
    ────────────────────────────────────────────────────────────────────────────────────────────────

    attachment #3: video (video/webm) ──────────────────────────────────────────────────────────────
    ../test-results/e2e-dashboard-Error-Dashboard-should-export-errors-to-Excel-e2e-chromium/video-1.webm
    ────────────────────────────────────────────────────────────────────────────────────────────────

    attachment #4: video (video/webm) ──────────────────────────────────────────────────────────────
    ../test-results/e2e-dashboard-Error-Dashboard-should-export-errors-to-Excel-e2e-chromium/video.webm
    ────────────────────────────────────────────────────────────────────────────────────────────────

    Error Context: ../test-results/e2e-dashboard-Error-Dashboard-should-export-errors-to-Excel-e2e-chromium/error-context.md
]]>
</failure>
<system-out>
<![CDATA[
[[ATTACHMENT|e2e-dashboard-Error-Dashboard-should-export-errors-to-Excel-e2e-chromium/test-failed-1.png]]

[[ATTACHMENT|e2e-dashboard-Error-Dashboard-should-export-errors-to-Excel-e2e-chromium/test-failed-2.png]]

[[ATTACHMENT|e2e-dashboard-Error-Dashboard-should-export-errors-to-Excel-e2e-chromium/video-1.webm]]

[[ATTACHMENT|e2e-dashboard-Error-Dashboard-should-export-errors-to-Excel-e2e-chromium/video.webm]]

[[ATTACHMENT|e2e-dashboard-Error-Dashboard-should-export-errors-to-Excel-e2e-chromium/error-context.md]]
]]>
</system-out>
</testcase>
<testcase name="Error Dashboard › should display error details on click" classname="e2e/dashboard.test.ts" time="18.364">
<failure message="dashboard.test.ts:193:5 should display error details on click" type="FAILURE">
<![CDATA[  [e2e-chromium] › e2e/dashboard.test.ts:193:5 › Error Dashboard › should display error details on click 

    TimeoutError: page.waitForURL: Timeout 10000ms exceeded.
    =========================== logs ===========================
    waiting for navigation to "**/dashboard" until "load"
    ============================================================

       at fixtures.ts:32

      30 |
      31 |         // Wait for authentication
    > 32 |         await page.waitForURL('**/dashboard', { timeout: 10000 });
         |                    ^
      33 |
      34 |         // Verify authenticated
      35 |         await expect(page.locator('[data-testid="user-profile"]')).toBeVisible();
        at Object.authenticatedPage (/Users/deepak/Downloads/Projects/StackLens-AI-Deploy/tests/fixtures.ts:32:20)

    attachment #1: screenshot (image/png) ──────────────────────────────────────────────────────────
    ../test-results/e2e-dashboard-Error-Dashbo-fd154-play-error-details-on-click-e2e-chromium/test-failed-2.png
    ────────────────────────────────────────────────────────────────────────────────────────────────

    attachment #2: screenshot (image/png) ──────────────────────────────────────────────────────────
    ../test-results/e2e-dashboard-Error-Dashbo-fd154-play-error-details-on-click-e2e-chromium/test-failed-1.png
    ────────────────────────────────────────────────────────────────────────────────────────────────

    attachment #3: video (video/webm) ──────────────────────────────────────────────────────────────
    ../test-results/e2e-dashboard-Error-Dashbo-fd154-play-error-details-on-click-e2e-chromium/video-1.webm
    ────────────────────────────────────────────────────────────────────────────────────────────────

    attachment #4: video (video/webm) ──────────────────────────────────────────────────────────────
    ../test-results/e2e-dashboard-Error-Dashbo-fd154-play-error-details-on-click-e2e-chromium/video.webm
    ────────────────────────────────────────────────────────────────────────────────────────────────

    Error Context: ../test-results/e2e-dashboard-Error-Dashbo-fd154-play-error-details-on-click-e2e-chromium/error-context.md
]]>
</failure>
<system-out>
<![CDATA[
[[ATTACHMENT|e2e-dashboard-Error-Dashbo-fd154-play-error-details-on-click-e2e-chromium/test-failed-2.png]]

[[ATTACHMENT|e2e-dashboard-Error-Dashbo-fd154-play-error-details-on-click-e2e-chromium/test-failed-1.png]]

[[ATTACHMENT|e2e-dashboard-Error-Dashbo-fd154-play-error-details-on-click-e2e-chromium/video-1.webm]]

[[ATTACHMENT|e2e-dashboard-Error-Dashbo-fd154-play-error-details-on-click-e2e-chromium/video.webm]]

[[ATTACHMENT|e2e-dashboard-Error-Dashbo-fd154-play-error-details-on-click-e2e-chromium/error-context.md]]
]]>
</system-out>
</testcase>
<testcase name="Error Dashboard › should mark error as resolved" classname="e2e/dashboard.test.ts" time="13.609">
<failure message="dashboard.test.ts:201:5 should mark error as resolved" type="FAILURE">
<![CDATA[  [e2e-chromium] › e2e/dashboard.test.ts:201:5 › Error Dashboard › should mark error as resolved ───

    TimeoutError: page.waitForURL: Timeout 10000ms exceeded.
    =========================== logs ===========================
    waiting for navigation to "**/dashboard" until "load"
    ============================================================

       at fixtures.ts:32

      30 |
      31 |         // Wait for authentication
    > 32 |         await page.waitForURL('**/dashboard', { timeout: 10000 });
         |                    ^
      33 |
      34 |         // Verify authenticated
      35 |         await expect(page.locator('[data-testid="user-profile"]')).toBeVisible();
        at Object.authenticatedPage (/Users/deepak/Downloads/Projects/StackLens-AI-Deploy/tests/fixtures.ts:32:20)

    attachment #1: screenshot (image/png) ──────────────────────────────────────────────────────────
    ../test-results/e2e-dashboard-Error-Dashboard-should-mark-error-as-resolved-e2e-chromium/test-failed-1.png
    ────────────────────────────────────────────────────────────────────────────────────────────────

    attachment #2: screenshot (image/png) ──────────────────────────────────────────────────────────
    ../test-results/e2e-dashboard-Error-Dashboard-should-mark-error-as-resolved-e2e-chromium/test-failed-2.png
    ────────────────────────────────────────────────────────────────────────────────────────────────

    attachment #3: video (video/webm) ──────────────────────────────────────────────────────────────
    ../test-results/e2e-dashboard-Error-Dashboard-should-mark-error-as-resolved-e2e-chromium/video-1.webm
    ────────────────────────────────────────────────────────────────────────────────────────────────

    attachment #4: video (video/webm) ──────────────────────────────────────────────────────────────
    ../test-results/e2e-dashboard-Error-Dashboard-should-mark-error-as-resolved-e2e-chromium/video.webm
    ────────────────────────────────────────────────────────────────────────────────────────────────

    Error Context: ../test-results/e2e-dashboard-Error-Dashboard-should-mark-error-as-resolved-e2e-chromium/error-context.md
]]>
</failure>
<system-out>
<![CDATA[
[[ATTACHMENT|e2e-dashboard-Error-Dashboard-should-mark-error-as-resolved-e2e-chromium/test-failed-1.png]]

[[ATTACHMENT|e2e-dashboard-Error-Dashboard-should-mark-error-as-resolved-e2e-chromium/test-failed-2.png]]

[[ATTACHMENT|e2e-dashboard-Error-Dashboard-should-mark-error-as-resolved-e2e-chromium/video-1.webm]]

[[ATTACHMENT|e2e-dashboard-Error-Dashboard-should-mark-error-as-resolved-e2e-chromium/video.webm]]

[[ATTACHMENT|e2e-dashboard-Error-Dashboard-should-mark-error-as-resolved-e2e-chromium/error-context.md]]
]]>
</system-out>
</testcase>
<testcase name="Error Dashboard › should display real-time updates" classname="e2e/dashboard.test.ts" time="18.199">
<failure message="dashboard.test.ts:210:5 should display real-time updates" type="FAILURE">
<![CDATA[  [e2e-chromium] › e2e/dashboard.test.ts:210:5 › Error Dashboard › should display real-time updates 

    TimeoutError: page.waitForURL: Timeout 10000ms exceeded.
    =========================== logs ===========================
    waiting for navigation to "**/dashboard" until "load"
    ============================================================

       at fixtures.ts:32

      30 |
      31 |         // Wait for authentication
    > 32 |         await page.waitForURL('**/dashboard', { timeout: 10000 });
         |                    ^
      33 |
      34 |         // Verify authenticated
      35 |         await expect(page.locator('[data-testid="user-profile"]')).toBeVisible();
        at Object.authenticatedPage (/Users/deepak/Downloads/Projects/StackLens-AI-Deploy/tests/fixtures.ts:32:20)

    attachment #1: screenshot (image/png) ──────────────────────────────────────────────────────────
    ../test-results/e2e-dashboard-Error-Dashbo-4e597-d-display-real-time-updates-e2e-chromium/test-failed-1.png
    ────────────────────────────────────────────────────────────────────────────────────────────────

    attachment #2: screenshot (image/png) ──────────────────────────────────────────────────────────
    ../test-results/e2e-dashboard-Error-Dashbo-4e597-d-display-real-time-updates-e2e-chromium/test-failed-2.png
    ────────────────────────────────────────────────────────────────────────────────────────────────

    attachment #3: video (video/webm) ──────────────────────────────────────────────────────────────
    ../test-results/e2e-dashboard-Error-Dashbo-4e597-d-display-real-time-updates-e2e-chromium/video-1.webm
    ────────────────────────────────────────────────────────────────────────────────────────────────

    attachment #4: video (video/webm) ──────────────────────────────────────────────────────────────
    ../test-results/e2e-dashboard-Error-Dashbo-4e597-d-display-real-time-updates-e2e-chromium/video.webm
    ────────────────────────────────────────────────────────────────────────────────────────────────

    Error Context: ../test-results/e2e-dashboard-Error-Dashbo-4e597-d-display-real-time-updates-e2e-chromium/error-context.md
]]>
</failure>
<system-out>
<![CDATA[
[[ATTACHMENT|e2e-dashboard-Error-Dashbo-4e597-d-display-real-time-updates-e2e-chromium/test-failed-1.png]]

[[ATTACHMENT|e2e-dashboard-Error-Dashbo-4e597-d-display-real-time-updates-e2e-chromium/test-failed-2.png]]

[[ATTACHMENT|e2e-dashboard-Error-Dashbo-4e597-d-display-real-time-updates-e2e-chromium/video-1.webm]]

[[ATTACHMENT|e2e-dashboard-Error-Dashbo-4e597-d-display-real-time-updates-e2e-chromium/video.webm]]

[[ATTACHMENT|e2e-dashboard-Error-Dashbo-4e597-d-display-real-time-updates-e2e-chromium/error-context.md]]
]]>
</system-out>
</testcase>
</testsuite>
<testsuite name="e2e/enhanced.test.ts" timestamp="2025-10-10T06:55:27.522Z" hostname="e2e-chromium" tests="40" failures="38" skipped="2" time="1145.471" errors="0">
<testcase name="Enhanced E2E Tests - Multi-User Scenarios › concurrent users editing same error" classname="e2e/enhanced.test.ts" time="30.972">
<failure message="enhanced.test.ts:4:5 concurrent users editing same error" type="FAILURE">
<![CDATA[  [e2e-chromium] › e2e/enhanced.test.ts:4:5 › Enhanced E2E Tests - Multi-User Scenarios › concurrent users editing same error 

    Test timeout of 30000ms exceeded.

    Error: page.waitForURL: Test ended.
    =========================== logs ===========================
    waiting for navigation to "**/dashboard" until "load"
    ============================================================

      13 |         await page1.goto('http://localhost:5173/login');
      14 |         await page1.click('button:has-text("Sign in with Google")');
    > 15 |         await page1.waitForURL('**/dashboard');
         |                     ^
      16 |
      17 |         await page2.goto('http://localhost:5173/login');
      18 |         await page2.click('button:has-text("Sign in with Google")');
        at /Users/deepak/Downloads/Projects/StackLens-AI-Deploy/tests/e2e/enhanced.test.ts:15:21

    attachment #1: screenshot (image/png) ──────────────────────────────────────────────────────────
    ../test-results/e2e-enhanced-Enhanced-E2E--e3d83-nt-users-editing-same-error-e2e-chromium/test-failed-3.png
    ────────────────────────────────────────────────────────────────────────────────────────────────

    attachment #2: screenshot (image/png) ──────────────────────────────────────────────────────────
    ../test-results/e2e-enhanced-Enhanced-E2E--e3d83-nt-users-editing-same-error-e2e-chromium/test-failed-2.png
    ────────────────────────────────────────────────────────────────────────────────────────────────

    attachment #3: screenshot (image/png) ──────────────────────────────────────────────────────────
    ../test-results/e2e-enhanced-Enhanced-E2E--e3d83-nt-users-editing-same-error-e2e-chromium/test-failed-1.png
    ────────────────────────────────────────────────────────────────────────────────────────────────

    Error Context: ../test-results/e2e-enhanced-Enhanced-E2E--e3d83-nt-users-editing-same-error-e2e-chromium/error-context.md
]]>
</failure>
<system-out>
<![CDATA[
[[ATTACHMENT|e2e-enhanced-Enhanced-E2E--e3d83-nt-users-editing-same-error-e2e-chromium/test-failed-3.png]]

[[ATTACHMENT|e2e-enhanced-Enhanced-E2E--e3d83-nt-users-editing-same-error-e2e-chromium/test-failed-2.png]]

[[ATTACHMENT|e2e-enhanced-Enhanced-E2E--e3d83-nt-users-editing-same-error-e2e-chromium/test-failed-1.png]]

[[ATTACHMENT|e2e-enhanced-Enhanced-E2E--e3d83-nt-users-editing-same-error-e2e-chromium/error-context.md]]
]]>
</system-out>
</testcase>
<testcase name="Enhanced E2E Tests - Multi-User Scenarios › collaborative analysis workflow" classname="e2e/enhanced.test.ts" time="30.174">
<failure message="enhanced.test.ts:53:5 collaborative analysis workflow" type="FAILURE">
<![CDATA[  [e2e-chromium] › e2e/enhanced.test.ts:53:5 › Enhanced E2E Tests - Multi-User Scenarios › collaborative analysis workflow 

    Test timeout of 30000ms exceeded.

    Error: page.waitForURL: Test ended.
    =========================== logs ===========================
    waiting for navigation to "**/dashboard" until "load"
    ============================================================

      61 |         await analyst.goto('http://localhost:5173/login');
      62 |         await analyst.click('button:has-text("Sign in with Google")');
    > 63 |         await analyst.waitForURL('**/dashboard');
         |                       ^
      64 |
      65 |         await analyst.click('button:has-text("Upload")');
      66 |         const fileInput = analyst.locator('input[type="file"]');
        at /Users/deepak/Downloads/Projects/StackLens-AI-Deploy/tests/e2e/enhanced.test.ts:63:23

    attachment #1: screenshot (image/png) ──────────────────────────────────────────────────────────
    ../test-results/e2e-enhanced-Enhanced-E2E--d0fca-aborative-analysis-workflow-e2e-chromium/test-failed-3.png
    ────────────────────────────────────────────────────────────────────────────────────────────────

    attachment #2: screenshot (image/png) ──────────────────────────────────────────────────────────
    ../test-results/e2e-enhanced-Enhanced-E2E--d0fca-aborative-analysis-workflow-e2e-chromium/test-failed-2.png
    ────────────────────────────────────────────────────────────────────────────────────────────────

    attachment #3: screenshot (image/png) ──────────────────────────────────────────────────────────
    ../test-results/e2e-enhanced-Enhanced-E2E--d0fca-aborative-analysis-workflow-e2e-chromium/test-failed-1.png
    ────────────────────────────────────────────────────────────────────────────────────────────────

    Error Context: ../test-results/e2e-enhanced-Enhanced-E2E--d0fca-aborative-analysis-workflow-e2e-chromium/error-context.md
]]>
</failure>
<system-out>
<![CDATA[
[[ATTACHMENT|e2e-enhanced-Enhanced-E2E--d0fca-aborative-analysis-workflow-e2e-chromium/test-failed-3.png]]

[[ATTACHMENT|e2e-enhanced-Enhanced-E2E--d0fca-aborative-analysis-workflow-e2e-chromium/test-failed-2.png]]

[[ATTACHMENT|e2e-enhanced-Enhanced-E2E--d0fca-aborative-analysis-workflow-e2e-chromium/test-failed-1.png]]

[[ATTACHMENT|e2e-enhanced-Enhanced-E2E--d0fca-aborative-analysis-workflow-e2e-chromium/error-context.md]]
]]>
</system-out>
</testcase>
<testcase name="Enhanced E2E Tests - Error Scenarios › handle network failures gracefully" classname="e2e/enhanced.test.ts" time="35.562">
<failure message="enhanced.test.ts:116:5 handle network failures gracefully" type="FAILURE">
<![CDATA[  [e2e-chromium] › e2e/enhanced.test.ts:116:5 › Enhanced E2E Tests - Error Scenarios › handle network failures gracefully 

    Test timeout of 30000ms exceeded.

    Error: page.waitForURL: Test timeout of 30000ms exceeded.
    =========================== logs ===========================
    waiting for navigation to "**/dashboard" until "load"
    ============================================================

      117 |         await page.goto('http://localhost:5173/login');
      118 |         await page.click('button:has-text("Sign in with Google")');
    > 119 |         await page.waitForURL('**/dashboard');
          |                    ^
      120 |
      121 |         // Go offline
      122 |         await context.setOffline(true);
        at /Users/deepak/Downloads/Projects/StackLens-AI-Deploy/tests/e2e/enhanced.test.ts:119:20

    attachment #1: screenshot (image/png) ──────────────────────────────────────────────────────────
    ../test-results/e2e-enhanced-Enhanced-E2E--e27c1-network-failures-gracefully-e2e-chromium/test-failed-2.png
    ────────────────────────────────────────────────────────────────────────────────────────────────

    attachment #2: screenshot (image/png) ──────────────────────────────────────────────────────────
    ../test-results/e2e-enhanced-Enhanced-E2E--e27c1-network-failures-gracefully-e2e-chromium/test-failed-1.png
    ────────────────────────────────────────────────────────────────────────────────────────────────

    attachment #3: video (video/webm) ──────────────────────────────────────────────────────────────
    ../test-results/e2e-enhanced-Enhanced-E2E--e27c1-network-failures-gracefully-e2e-chromium/video-1.webm
    ────────────────────────────────────────────────────────────────────────────────────────────────

    attachment #4: video (video/webm) ──────────────────────────────────────────────────────────────
    ../test-results/e2e-enhanced-Enhanced-E2E--e27c1-network-failures-gracefully-e2e-chromium/video.webm
    ────────────────────────────────────────────────────────────────────────────────────────────────

    Error Context: ../test-results/e2e-enhanced-Enhanced-E2E--e27c1-network-failures-gracefully-e2e-chromium/error-context.md
]]>
</failure>
<system-out>
<![CDATA[
[[ATTACHMENT|e2e-enhanced-Enhanced-E2E--e27c1-network-failures-gracefully-e2e-chromium/test-failed-2.png]]

[[ATTACHMENT|e2e-enhanced-Enhanced-E2E--e27c1-network-failures-gracefully-e2e-chromium/test-failed-1.png]]

[[ATTACHMENT|e2e-enhanced-Enhanced-E2E--e27c1-network-failures-gracefully-e2e-chromium/video-1.webm]]

[[ATTACHMENT|e2e-enhanced-Enhanced-E2E--e27c1-network-failures-gracefully-e2e-chromium/video.webm]]

[[ATTACHMENT|e2e-enhanced-Enhanced-E2E--e27c1-network-failures-gracefully-e2e-chromium/error-context.md]]
]]>
</system-out>
</testcase>
<testcase name="Enhanced E2E Tests - Error Scenarios › handle API errors and retry" classname="e2e/enhanced.test.ts" time="35.649">
<failure message="enhanced.test.ts:142:5 handle API errors and retry" type="FAILURE">
<![CDATA[  [e2e-chromium] › e2e/enhanced.test.ts:142:5 › Enhanced E2E Tests - Error Scenarios › handle API errors and retry 

    Test timeout of 30000ms exceeded.

    Error: page.waitForURL: Test timeout of 30000ms exceeded.
    =========================== logs ===========================
    waiting for navigation to "**/dashboard" until "load"
    ============================================================

      143 |         await page.goto('http://localhost:5173/login');
      144 |         await page.click('button:has-text("Sign in with Google")');
    > 145 |         await page.waitForURL('**/dashboard');
          |                    ^
      146 |
      147 |         // Intercept API to return error
      148 |         let attemptCount = 0;
        at /Users/deepak/Downloads/Projects/StackLens-AI-Deploy/tests/e2e/enhanced.test.ts:145:20

    attachment #1: screenshot (image/png) ──────────────────────────────────────────────────────────
    ../test-results/e2e-enhanced-Enhanced-E2E--58667-handle-API-errors-and-retry-e2e-chromium/test-failed-2.png
    ────────────────────────────────────────────────────────────────────────────────────────────────

    attachment #2: screenshot (image/png) ──────────────────────────────────────────────────────────
    ../test-results/e2e-enhanced-Enhanced-E2E--58667-handle-API-errors-and-retry-e2e-chromium/test-failed-1.png
    ────────────────────────────────────────────────────────────────────────────────────────────────

    attachment #3: video (video/webm) ──────────────────────────────────────────────────────────────
    ../test-results/e2e-enhanced-Enhanced-E2E--58667-handle-API-errors-and-retry-e2e-chromium/video-1.webm
    ────────────────────────────────────────────────────────────────────────────────────────────────

    attachment #4: video (video/webm) ──────────────────────────────────────────────────────────────
    ../test-results/e2e-enhanced-Enhanced-E2E--58667-handle-API-errors-and-retry-e2e-chromium/video.webm
    ────────────────────────────────────────────────────────────────────────────────────────────────

    Error Context: ../test-results/e2e-enhanced-Enhanced-E2E--58667-handle-API-errors-and-retry-e2e-chromium/error-context.md
]]>
</failure>
<system-out>
<![CDATA[
[[ATTACHMENT|e2e-enhanced-Enhanced-E2E--58667-handle-API-errors-and-retry-e2e-chromium/test-failed-2.png]]

[[ATTACHMENT|e2e-enhanced-Enhanced-E2E--58667-handle-API-errors-and-retry-e2e-chromium/test-failed-1.png]]

[[ATTACHMENT|e2e-enhanced-Enhanced-E2E--58667-handle-API-errors-and-retry-e2e-chromium/video-1.webm]]

[[ATTACHMENT|e2e-enhanced-Enhanced-E2E--58667-handle-API-errors-and-retry-e2e-chromium/video.webm]]

[[ATTACHMENT|e2e-enhanced-Enhanced-E2E--58667-handle-API-errors-and-retry-e2e-chromium/error-context.md]]
]]>
</system-out>
</testcase>
<testcase name="Enhanced E2E Tests - Error Scenarios › handle session timeout" classname="e2e/enhanced.test.ts" time="35.642">
<failure message="enhanced.test.ts:178:5 handle session timeout" type="FAILURE">
<![CDATA[  [e2e-chromium] › e2e/enhanced.test.ts:178:5 › Enhanced E2E Tests - Error Scenarios › handle session timeout 

    Test timeout of 30000ms exceeded.

    Error: page.waitForURL: Test timeout of 30000ms exceeded.
    =========================== logs ===========================
    waiting for navigation to "**/dashboard" until "load"
    ============================================================

      179 |         await page.goto('http://localhost:5173/login');
      180 |         await page.click('button:has-text("Sign in with Google")');
    > 181 |         await page.waitForURL('**/dashboard');
          |                    ^
      182 |
      183 |         // Simulate session expiry by intercepting auth check
      184 |         await page.route('**/api/auth/verify', route => {
        at /Users/deepak/Downloads/Projects/StackLens-AI-Deploy/tests/e2e/enhanced.test.ts:181:20

    attachment #1: screenshot (image/png) ──────────────────────────────────────────────────────────
    ../test-results/e2e-enhanced-Enhanced-E2E--4f68f-rios-handle-session-timeout-e2e-chromium/test-failed-1.png
    ────────────────────────────────────────────────────────────────────────────────────────────────

    attachment #2: screenshot (image/png) ──────────────────────────────────────────────────────────
    ../test-results/e2e-enhanced-Enhanced-E2E--4f68f-rios-handle-session-timeout-e2e-chromium/test-failed-2.png
    ────────────────────────────────────────────────────────────────────────────────────────────────

    attachment #3: video (video/webm) ──────────────────────────────────────────────────────────────
    ../test-results/e2e-enhanced-Enhanced-E2E--4f68f-rios-handle-session-timeout-e2e-chromium/video-1.webm
    ────────────────────────────────────────────────────────────────────────────────────────────────

    attachment #4: video (video/webm) ──────────────────────────────────────────────────────────────
    ../test-results/e2e-enhanced-Enhanced-E2E--4f68f-rios-handle-session-timeout-e2e-chromium/video.webm
    ────────────────────────────────────────────────────────────────────────────────────────────────

    Error Context: ../test-results/e2e-enhanced-Enhanced-E2E--4f68f-rios-handle-session-timeout-e2e-chromium/error-context.md
]]>
</failure>
<system-out>
<![CDATA[
[[ATTACHMENT|e2e-enhanced-Enhanced-E2E--4f68f-rios-handle-session-timeout-e2e-chromium/test-failed-1.png]]

[[ATTACHMENT|e2e-enhanced-Enhanced-E2E--4f68f-rios-handle-session-timeout-e2e-chromium/test-failed-2.png]]

[[ATTACHMENT|e2e-enhanced-Enhanced-E2E--4f68f-rios-handle-session-timeout-e2e-chromium/video-1.webm]]

[[ATTACHMENT|e2e-enhanced-Enhanced-E2E--4f68f-rios-handle-session-timeout-e2e-chromium/video.webm]]

[[ATTACHMENT|e2e-enhanced-Enhanced-E2E--4f68f-rios-handle-session-timeout-e2e-chromium/error-context.md]]
]]>
</system-out>
</testcase>
<testcase name="Enhanced E2E Tests - Error Scenarios › handle upload errors and validation" classname="e2e/enhanced.test.ts" time="35.301">
<failure message="enhanced.test.ts:200:5 handle upload errors and validation" type="FAILURE">
<![CDATA[  [e2e-chromium] › e2e/enhanced.test.ts:200:5 › Enhanced E2E Tests - Error Scenarios › handle upload errors and validation 

    Test timeout of 30000ms exceeded.

    Error: page.waitForURL: Test timeout of 30000ms exceeded.
    =========================== logs ===========================
    waiting for navigation to "**/dashboard" until "load"
    ============================================================

      201 |         await page.goto('http://localhost:5173/login');
      202 |         await page.click('button:has-text("Sign in with Google")');
    > 203 |         await page.waitForURL('**/dashboard');
          |                    ^
      204 |
      205 |         await page.click('button:has-text("Upload")');
      206 |
        at /Users/deepak/Downloads/Projects/StackLens-AI-Deploy/tests/e2e/enhanced.test.ts:203:20

    attachment #1: screenshot (image/png) ──────────────────────────────────────────────────────────
    ../test-results/e2e-enhanced-Enhanced-E2E--fe960-pload-errors-and-validation-e2e-chromium/test-failed-1.png
    ────────────────────────────────────────────────────────────────────────────────────────────────

    attachment #2: screenshot (image/png) ──────────────────────────────────────────────────────────
    ../test-results/e2e-enhanced-Enhanced-E2E--fe960-pload-errors-and-validation-e2e-chromium/test-failed-2.png
    ────────────────────────────────────────────────────────────────────────────────────────────────

    attachment #3: video (video/webm) ──────────────────────────────────────────────────────────────
    ../test-results/e2e-enhanced-Enhanced-E2E--fe960-pload-errors-and-validation-e2e-chromium/video-1.webm
    ────────────────────────────────────────────────────────────────────────────────────────────────

    attachment #4: video (video/webm) ──────────────────────────────────────────────────────────────
    ../test-results/e2e-enhanced-Enhanced-E2E--fe960-pload-errors-and-validation-e2e-chromium/video.webm
    ────────────────────────────────────────────────────────────────────────────────────────────────

    Error Context: ../test-results/e2e-enhanced-Enhanced-E2E--fe960-pload-errors-and-validation-e2e-chromium/error-context.md
]]>
</failure>
<system-out>
<![CDATA[
[[ATTACHMENT|e2e-enhanced-Enhanced-E2E--fe960-pload-errors-and-validation-e2e-chromium/test-failed-1.png]]

[[ATTACHMENT|e2e-enhanced-Enhanced-E2E--fe960-pload-errors-and-validation-e2e-chromium/test-failed-2.png]]

[[ATTACHMENT|e2e-enhanced-Enhanced-E2E--fe960-pload-errors-and-validation-e2e-chromium/video-1.webm]]

[[ATTACHMENT|e2e-enhanced-Enhanced-E2E--fe960-pload-errors-and-validation-e2e-chromium/video.webm]]

[[ATTACHMENT|e2e-enhanced-Enhanced-E2E--fe960-pload-errors-and-validation-e2e-chromium/error-context.md]]
]]>
</system-out>
</testcase>
<testcase name="Enhanced E2E Tests - Error Scenarios › handle ML training failures" classname="e2e/enhanced.test.ts" time="35.301">
<failure message="enhanced.test.ts:237:5 handle ML training failures" type="FAILURE">
<![CDATA[  [e2e-chromium] › e2e/enhanced.test.ts:237:5 › Enhanced E2E Tests - Error Scenarios › handle ML training failures 

    Test timeout of 30000ms exceeded.

    Error: page.waitForURL: Test timeout of 30000ms exceeded.
    =========================== logs ===========================
    waiting for navigation to "**/dashboard" until "load"
    ============================================================

      238 |         await page.goto('http://localhost:5173/login');
      239 |         await page.click('button:has-text("Sign in with Google")');
    > 240 |         await page.waitForURL('**/dashboard');
          |                    ^
      241 |
      242 |         await page.click('nav a:has-text("ML Training")');
      243 |
        at /Users/deepak/Downloads/Projects/StackLens-AI-Deploy/tests/e2e/enhanced.test.ts:240:20

    attachment #1: screenshot (image/png) ──────────────────────────────────────────────────────────
    ../test-results/e2e-enhanced-Enhanced-E2E--1017e-handle-ML-training-failures-e2e-chromium/test-failed-1.png
    ────────────────────────────────────────────────────────────────────────────────────────────────

    attachment #2: screenshot (image/png) ──────────────────────────────────────────────────────────
    ../test-results/e2e-enhanced-Enhanced-E2E--1017e-handle-ML-training-failures-e2e-chromium/test-failed-2.png
    ────────────────────────────────────────────────────────────────────────────────────────────────

    attachment #3: video (video/webm) ──────────────────────────────────────────────────────────────
    ../test-results/e2e-enhanced-Enhanced-E2E--1017e-handle-ML-training-failures-e2e-chromium/video-1.webm
    ────────────────────────────────────────────────────────────────────────────────────────────────

    attachment #4: video (video/webm) ──────────────────────────────────────────────────────────────
    ../test-results/e2e-enhanced-Enhanced-E2E--1017e-handle-ML-training-failures-e2e-chromium/video.webm
    ────────────────────────────────────────────────────────────────────────────────────────────────

    Error Context: ../test-results/e2e-enhanced-Enhanced-E2E--1017e-handle-ML-training-failures-e2e-chromium/error-context.md
]]>
</failure>
<system-out>
<![CDATA[
[[ATTACHMENT|e2e-enhanced-Enhanced-E2E--1017e-handle-ML-training-failures-e2e-chromium/test-failed-1.png]]

[[ATTACHMENT|e2e-enhanced-Enhanced-E2E--1017e-handle-ML-training-failures-e2e-chromium/test-failed-2.png]]

[[ATTACHMENT|e2e-enhanced-Enhanced-E2E--1017e-handle-ML-training-failures-e2e-chromium/video-1.webm]]

[[ATTACHMENT|e2e-enhanced-Enhanced-E2E--1017e-handle-ML-training-failures-e2e-chromium/video.webm]]

[[ATTACHMENT|e2e-enhanced-Enhanced-E2E--1017e-handle-ML-training-failures-e2e-chromium/error-context.md]]
]]>
</system-out>
</testcase>
<testcase name="Enhanced E2E Tests - Performance Scenarios › handle large datasets efficiently" classname="e2e/enhanced.test.ts" time="35.859">
<failure message="enhanced.test.ts:270:5 handle large datasets efficiently" type="FAILURE">
<![CDATA[  [e2e-chromium] › e2e/enhanced.test.ts:270:5 › Enhanced E2E Tests - Performance Scenarios › handle large datasets efficiently 

    Test timeout of 30000ms exceeded.

    Error: page.waitForURL: Test timeout of 30000ms exceeded.
    =========================== logs ===========================
    waiting for navigation to "**/dashboard" until "load"
    ============================================================

      271 |         await page.goto('http://localhost:5173/login');
      272 |         await page.click('button:has-text("Sign in with Google")');
    > 273 |         await page.waitForURL('**/dashboard');
          |                    ^
      274 |
      275 |         // Mock large dataset response
      276 |         await page.route('**/api/errors*', route => {
        at /Users/deepak/Downloads/Projects/StackLens-AI-Deploy/tests/e2e/enhanced.test.ts:273:20

    attachment #1: screenshot (image/png) ──────────────────────────────────────────────────────────
    ../test-results/e2e-enhanced-Enhanced-E2E--a6d25--large-datasets-efficiently-e2e-chromium/test-failed-1.png
    ────────────────────────────────────────────────────────────────────────────────────────────────

    attachment #2: screenshot (image/png) ──────────────────────────────────────────────────────────
    ../test-results/e2e-enhanced-Enhanced-E2E--a6d25--large-datasets-efficiently-e2e-chromium/test-failed-2.png
    ────────────────────────────────────────────────────────────────────────────────────────────────

    attachment #3: video (video/webm) ──────────────────────────────────────────────────────────────
    ../test-results/e2e-enhanced-Enhanced-E2E--a6d25--large-datasets-efficiently-e2e-chromium/video-1.webm
    ────────────────────────────────────────────────────────────────────────────────────────────────

    attachment #4: video (video/webm) ──────────────────────────────────────────────────────────────
    ../test-results/e2e-enhanced-Enhanced-E2E--a6d25--large-datasets-efficiently-e2e-chromium/video.webm
    ────────────────────────────────────────────────────────────────────────────────────────────────

    Error Context: ../test-results/e2e-enhanced-Enhanced-E2E--a6d25--large-datasets-efficiently-e2e-chromium/error-context.md
]]>
</failure>
<system-out>
<![CDATA[
[[ATTACHMENT|e2e-enhanced-Enhanced-E2E--a6d25--large-datasets-efficiently-e2e-chromium/test-failed-1.png]]

[[ATTACHMENT|e2e-enhanced-Enhanced-E2E--a6d25--large-datasets-efficiently-e2e-chromium/test-failed-2.png]]

[[ATTACHMENT|e2e-enhanced-Enhanced-E2E--a6d25--large-datasets-efficiently-e2e-chromium/video-1.webm]]

[[ATTACHMENT|e2e-enhanced-Enhanced-E2E--a6d25--large-datasets-efficiently-e2e-chromium/video.webm]]

[[ATTACHMENT|e2e-enhanced-Enhanced-E2E--a6d25--large-datasets-efficiently-e2e-chromium/error-context.md]]
]]>
</system-out>
</testcase>
<testcase name="Enhanced E2E Tests - Performance Scenarios › handle rapid filter changes without lag" classname="e2e/enhanced.test.ts" time="36.924">
<failure message="enhanced.test.ts:310:5 handle rapid filter changes without lag" type="FAILURE">
<![CDATA[  [e2e-chromium] › e2e/enhanced.test.ts:310:5 › Enhanced E2E Tests - Performance Scenarios › handle rapid filter changes without lag 

    Test timeout of 30000ms exceeded.

    Error: page.waitForURL: Test timeout of 30000ms exceeded.
    =========================== logs ===========================
    waiting for navigation to "**/dashboard" until "load"
    ============================================================

      311 |         await page.goto('http://localhost:5173/login');
      312 |         await page.click('button:has-text("Sign in with Google")');
    > 313 |         await page.waitForURL('**/dashboard');
          |                    ^
      314 |
      315 |         const startTime = Date.now();
      316 |
        at /Users/deepak/Downloads/Projects/StackLens-AI-Deploy/tests/e2e/enhanced.test.ts:313:20

    attachment #1: screenshot (image/png) ──────────────────────────────────────────────────────────
    ../test-results/e2e-enhanced-Enhanced-E2E--056fc--filter-changes-without-lag-e2e-chromium/test-failed-1.png
    ────────────────────────────────────────────────────────────────────────────────────────────────

    attachment #2: screenshot (image/png) ──────────────────────────────────────────────────────────
    ../test-results/e2e-enhanced-Enhanced-E2E--056fc--filter-changes-without-lag-e2e-chromium/test-failed-2.png
    ────────────────────────────────────────────────────────────────────────────────────────────────

    attachment #3: video (video/webm) ──────────────────────────────────────────────────────────────
    ../test-results/e2e-enhanced-Enhanced-E2E--056fc--filter-changes-without-lag-e2e-chromium/video-1.webm
    ────────────────────────────────────────────────────────────────────────────────────────────────

    attachment #4: video (video/webm) ──────────────────────────────────────────────────────────────
    ../test-results/e2e-enhanced-Enhanced-E2E--056fc--filter-changes-without-lag-e2e-chromium/video.webm
    ────────────────────────────────────────────────────────────────────────────────────────────────

    Error Context: ../test-results/e2e-enhanced-Enhanced-E2E--056fc--filter-changes-without-lag-e2e-chromium/error-context.md
]]>
</failure>
<system-out>
<![CDATA[
[[ATTACHMENT|e2e-enhanced-Enhanced-E2E--056fc--filter-changes-without-lag-e2e-chromium/test-failed-1.png]]

[[ATTACHMENT|e2e-enhanced-Enhanced-E2E--056fc--filter-changes-without-lag-e2e-chromium/test-failed-2.png]]

[[ATTACHMENT|e2e-enhanced-Enhanced-E2E--056fc--filter-changes-without-lag-e2e-chromium/video-1.webm]]

[[ATTACHMENT|e2e-enhanced-Enhanced-E2E--056fc--filter-changes-without-lag-e2e-chromium/video.webm]]

[[ATTACHMENT|e2e-enhanced-Enhanced-E2E--056fc--filter-changes-without-lag-e2e-chromium/error-context.md]]
]]>
</system-out>
</testcase>
<testcase name="Enhanced E2E Tests - Performance Scenarios › handle concurrent API requests" classname="e2e/enhanced.test.ts" time="37.872">
<failure message="enhanced.test.ts:334:5 handle concurrent API requests" type="FAILURE">
<![CDATA[  [e2e-chromium] › e2e/enhanced.test.ts:334:5 › Enhanced E2E Tests - Performance Scenarios › handle concurrent API requests 

    Test timeout of 30000ms exceeded.

    Error: page.waitForURL: Test timeout of 30000ms exceeded.
    =========================== logs ===========================
    waiting for navigation to "**/dashboard" until "load"
    ============================================================

      335 |         await page.goto('http://localhost:5173/login');
      336 |         await page.click('button:has-text("Sign in with Google")');
    > 337 |         await page.waitForURL('**/dashboard');
          |                    ^
      338 |
      339 |         // Track API requests
      340 |         const apiRequests: string[] = [];
        at /Users/deepak/Downloads/Projects/StackLens-AI-Deploy/tests/e2e/enhanced.test.ts:337:20

    attachment #1: screenshot (image/png) ──────────────────────────────────────────────────────────
    ../test-results/e2e-enhanced-Enhanced-E2E--40746-dle-concurrent-API-requests-e2e-chromium/test-failed-1.png
    ────────────────────────────────────────────────────────────────────────────────────────────────

    attachment #2: screenshot (image/png) ──────────────────────────────────────────────────────────
    ../test-results/e2e-enhanced-Enhanced-E2E--40746-dle-concurrent-API-requests-e2e-chromium/test-failed-2.png
    ────────────────────────────────────────────────────────────────────────────────────────────────

    attachment #3: video (video/webm) ──────────────────────────────────────────────────────────────
    ../test-results/e2e-enhanced-Enhanced-E2E--40746-dle-concurrent-API-requests-e2e-chromium/video-1.webm
    ────────────────────────────────────────────────────────────────────────────────────────────────

    attachment #4: video (video/webm) ──────────────────────────────────────────────────────────────
    ../test-results/e2e-enhanced-Enhanced-E2E--40746-dle-concurrent-API-requests-e2e-chromium/video.webm
    ────────────────────────────────────────────────────────────────────────────────────────────────

    Error Context: ../test-results/e2e-enhanced-Enhanced-E2E--40746-dle-concurrent-API-requests-e2e-chromium/error-context.md
]]>
</failure>
<system-out>
<![CDATA[
[[ATTACHMENT|e2e-enhanced-Enhanced-E2E--40746-dle-concurrent-API-requests-e2e-chromium/test-failed-1.png]]

[[ATTACHMENT|e2e-enhanced-Enhanced-E2E--40746-dle-concurrent-API-requests-e2e-chromium/test-failed-2.png]]

[[ATTACHMENT|e2e-enhanced-Enhanced-E2E--40746-dle-concurrent-API-requests-e2e-chromium/video-1.webm]]

[[ATTACHMENT|e2e-enhanced-Enhanced-E2E--40746-dle-concurrent-API-requests-e2e-chromium/video.webm]]

[[ATTACHMENT|e2e-enhanced-Enhanced-E2E--40746-dle-concurrent-API-requests-e2e-chromium/error-context.md]]
]]>
</system-out>
</testcase>
<testcase name="Enhanced E2E Tests - Security Scenarios › prevent unauthorized access to admin pages" classname="e2e/enhanced.test.ts" time="31.135">
<failure message="enhanced.test.ts:363:5 prevent unauthorized access to admin pages" type="FAILURE">
<![CDATA[  [e2e-chromium] › e2e/enhanced.test.ts:363:5 › Enhanced E2E Tests - Security Scenarios › prevent unauthorized access to admin pages 

    Test timeout of 30000ms exceeded.

    Error: page.waitForURL: Test timeout of 30000ms exceeded.
    =========================== logs ===========================
    waiting for navigation to "**/dashboard" until "load"
    ============================================================

      365 |         await page.goto('http://localhost:5173/login');
      366 |         await page.click('button:has-text("Sign in with Google")');
    > 367 |         await page.waitForURL('**/dashboard');
          |                    ^
      368 |
      369 |         // Attempt to access admin page
      370 |         await page.goto('http://localhost:5173/admin/users');
        at /Users/deepak/Downloads/Projects/StackLens-AI-Deploy/tests/e2e/enhanced.test.ts:367:20

    attachment #1: screenshot (image/png) ──────────────────────────────────────────────────────────
    ../test-results/e2e-enhanced-Enhanced-E2E--6df8d-rized-access-to-admin-pages-e2e-chromium/test-failed-1.png
    ────────────────────────────────────────────────────────────────────────────────────────────────

    attachment #2: screenshot (image/png) ──────────────────────────────────────────────────────────
    ../test-results/e2e-enhanced-Enhanced-E2E--6df8d-rized-access-to-admin-pages-e2e-chromium/test-failed-2.png
    ────────────────────────────────────────────────────────────────────────────────────────────────

    attachment #3: video (video/webm) ──────────────────────────────────────────────────────────────
    ../test-results/e2e-enhanced-Enhanced-E2E--6df8d-rized-access-to-admin-pages-e2e-chromium/video-1.webm
    ────────────────────────────────────────────────────────────────────────────────────────────────

    attachment #4: video (video/webm) ──────────────────────────────────────────────────────────────
    ../test-results/e2e-enhanced-Enhanced-E2E--6df8d-rized-access-to-admin-pages-e2e-chromium/video.webm
    ────────────────────────────────────────────────────────────────────────────────────────────────

    Error Context: ../test-results/e2e-enhanced-Enhanced-E2E--6df8d-rized-access-to-admin-pages-e2e-chromium/error-context.md
]]>
</failure>
<system-out>
<![CDATA[
[[ATTACHMENT|e2e-enhanced-Enhanced-E2E--6df8d-rized-access-to-admin-pages-e2e-chromium/test-failed-1.png]]

[[ATTACHMENT|e2e-enhanced-Enhanced-E2E--6df8d-rized-access-to-admin-pages-e2e-chromium/test-failed-2.png]]

[[ATTACHMENT|e2e-enhanced-Enhanced-E2E--6df8d-rized-access-to-admin-pages-e2e-chromium/video-1.webm]]

[[ATTACHMENT|e2e-enhanced-Enhanced-E2E--6df8d-rized-access-to-admin-pages-e2e-chromium/video.webm]]

[[ATTACHMENT|e2e-enhanced-Enhanced-E2E--6df8d-rized-access-to-admin-pages-e2e-chromium/error-context.md]]
]]>
</system-out>
</testcase>
<testcase name="Enhanced E2E Tests - Security Scenarios › sanitize user input to prevent XSS" classname="e2e/enhanced.test.ts" time="30.923">
<failure message="enhanced.test.ts:377:5 sanitize user input to prevent XSS" type="FAILURE">
<![CDATA[  [e2e-chromium] › e2e/enhanced.test.ts:377:5 › Enhanced E2E Tests - Security Scenarios › sanitize user input to prevent XSS 

    Test timeout of 30000ms exceeded.

    Error: page.waitForURL: Test timeout of 30000ms exceeded.
    =========================== logs ===========================
    waiting for navigation to "**/dashboard" until "load"
    ============================================================

      378 |         await page.goto('http://localhost:5173/login');
      379 |         await page.click('button:has-text("Sign in with Google")');
    > 380 |         await page.waitForURL('**/dashboard');
          |                    ^
      381 |
      382 |         // Attempt XSS in search
      383 |         const xssPayload = '<script>alert("XSS")</script>';
        at /Users/deepak/Downloads/Projects/StackLens-AI-Deploy/tests/e2e/enhanced.test.ts:380:20

    attachment #1: screenshot (image/png) ──────────────────────────────────────────────────────────
    ../test-results/e2e-enhanced-Enhanced-E2E--26599-e-user-input-to-prevent-XSS-e2e-chromium/test-failed-1.png
    ────────────────────────────────────────────────────────────────────────────────────────────────

    attachment #2: screenshot (image/png) ──────────────────────────────────────────────────────────
    ../test-results/e2e-enhanced-Enhanced-E2E--26599-e-user-input-to-prevent-XSS-e2e-chromium/test-failed-2.png
    ────────────────────────────────────────────────────────────────────────────────────────────────

    attachment #3: video (video/webm) ──────────────────────────────────────────────────────────────
    ../test-results/e2e-enhanced-Enhanced-E2E--26599-e-user-input-to-prevent-XSS-e2e-chromium/video-1.webm
    ────────────────────────────────────────────────────────────────────────────────────────────────

    attachment #4: video (video/webm) ──────────────────────────────────────────────────────────────
    ../test-results/e2e-enhanced-Enhanced-E2E--26599-e-user-input-to-prevent-XSS-e2e-chromium/video.webm
    ────────────────────────────────────────────────────────────────────────────────────────────────

    Error Context: ../test-results/e2e-enhanced-Enhanced-E2E--26599-e-user-input-to-prevent-XSS-e2e-chromium/error-context.md
]]>
</failure>
<system-out>
<![CDATA[
[[ATTACHMENT|e2e-enhanced-Enhanced-E2E--26599-e-user-input-to-prevent-XSS-e2e-chromium/test-failed-1.png]]

[[ATTACHMENT|e2e-enhanced-Enhanced-E2E--26599-e-user-input-to-prevent-XSS-e2e-chromium/test-failed-2.png]]

[[ATTACHMENT|e2e-enhanced-Enhanced-E2E--26599-e-user-input-to-prevent-XSS-e2e-chromium/video-1.webm]]

[[ATTACHMENT|e2e-enhanced-Enhanced-E2E--26599-e-user-input-to-prevent-XSS-e2e-chromium/video.webm]]

[[ATTACHMENT|e2e-enhanced-Enhanced-E2E--26599-e-user-input-to-prevent-XSS-e2e-chromium/error-context.md]]
]]>
</system-out>
</testcase>
<testcase name="Enhanced E2E Tests - Security Scenarios › validate CSRF protection" classname="e2e/enhanced.test.ts" time="35.297">
<failure message="enhanced.test.ts:402:5 validate CSRF protection" type="FAILURE">
<![CDATA[  [e2e-chromium] › e2e/enhanced.test.ts:402:5 › Enhanced E2E Tests - Security Scenarios › validate CSRF protection 

    Test timeout of 30000ms exceeded.

    Error: page.waitForURL: Test timeout of 30000ms exceeded.
    =========================== logs ===========================
    waiting for navigation to "**/dashboard" until "load"
    ============================================================

      403 |         await page.goto('http://localhost:5173/login');
      404 |         await page.click('button:has-text("Sign in with Google")');
    > 405 |         await page.waitForURL('**/dashboard');
          |                    ^
      406 |
      407 |         // Check that state-changing requests include CSRF token
      408 |         let csrfToken: string | null = null;
        at /Users/deepak/Downloads/Projects/StackLens-AI-Deploy/tests/e2e/enhanced.test.ts:405:20

    attachment #1: screenshot (image/png) ──────────────────────────────────────────────────────────
    ../test-results/e2e-enhanced-Enhanced-E2E--9a31d-os-validate-CSRF-protection-e2e-chromium/test-failed-2.png
    ────────────────────────────────────────────────────────────────────────────────────────────────

    attachment #2: screenshot (image/png) ──────────────────────────────────────────────────────────
    ../test-results/e2e-enhanced-Enhanced-E2E--9a31d-os-validate-CSRF-protection-e2e-chromium/test-failed-1.png
    ────────────────────────────────────────────────────────────────────────────────────────────────

    attachment #3: video (video/webm) ──────────────────────────────────────────────────────────────
    ../test-results/e2e-enhanced-Enhanced-E2E--9a31d-os-validate-CSRF-protection-e2e-chromium/video-1.webm
    ────────────────────────────────────────────────────────────────────────────────────────────────

    attachment #4: video (video/webm) ──────────────────────────────────────────────────────────────
    ../test-results/e2e-enhanced-Enhanced-E2E--9a31d-os-validate-CSRF-protection-e2e-chromium/video.webm
    ────────────────────────────────────────────────────────────────────────────────────────────────

    Error Context: ../test-results/e2e-enhanced-Enhanced-E2E--9a31d-os-validate-CSRF-protection-e2e-chromium/error-context.md
]]>
</failure>
<system-out>
<![CDATA[
[[ATTACHMENT|e2e-enhanced-Enhanced-E2E--9a31d-os-validate-CSRF-protection-e2e-chromium/test-failed-2.png]]

[[ATTACHMENT|e2e-enhanced-Enhanced-E2E--9a31d-os-validate-CSRF-protection-e2e-chromium/test-failed-1.png]]

[[ATTACHMENT|e2e-enhanced-Enhanced-E2E--9a31d-os-validate-CSRF-protection-e2e-chromium/video-1.webm]]

[[ATTACHMENT|e2e-enhanced-Enhanced-E2E--9a31d-os-validate-CSRF-protection-e2e-chromium/video.webm]]

[[ATTACHMENT|e2e-enhanced-Enhanced-E2E--9a31d-os-validate-CSRF-protection-e2e-chromium/error-context.md]]
]]>
</system-out>
</testcase>
<testcase name="Enhanced E2E Tests - Data Integrity › verify data consistency across operations" classname="e2e/enhanced.test.ts" time="35.273">
<failure message="enhanced.test.ts:432:5 verify data consistency across operations" type="FAILURE">
<![CDATA[  [e2e-chromium] › e2e/enhanced.test.ts:432:5 › Enhanced E2E Tests - Data Integrity › verify data consistency across operations 

    Test timeout of 30000ms exceeded.

    Error: page.waitForURL: Test timeout of 30000ms exceeded.
    =========================== logs ===========================
    waiting for navigation to "**/dashboard" until "load"
    ============================================================

      433 |         await page.goto('http://localhost:5173/login');
      434 |         await page.click('button:has-text("Sign in with Google")');
    > 435 |         await page.waitForURL('**/dashboard');
          |                    ^
      436 |
      437 |         // Get initial error count
      438 |         const initialCount = await page.locator('[data-testid="total-errors"]').textContent();
        at /Users/deepak/Downloads/Projects/StackLens-AI-Deploy/tests/e2e/enhanced.test.ts:435:20

    attachment #1: screenshot (image/png) ──────────────────────────────────────────────────────────
    ../test-results/e2e-enhanced-Enhanced-E2E--5a794-nsistency-across-operations-e2e-chromium/test-failed-1.png
    ────────────────────────────────────────────────────────────────────────────────────────────────

    attachment #2: screenshot (image/png) ──────────────────────────────────────────────────────────
    ../test-results/e2e-enhanced-Enhanced-E2E--5a794-nsistency-across-operations-e2e-chromium/test-failed-2.png
    ────────────────────────────────────────────────────────────────────────────────────────────────

    attachment #3: video (video/webm) ──────────────────────────────────────────────────────────────
    ../test-results/e2e-enhanced-Enhanced-E2E--5a794-nsistency-across-operations-e2e-chromium/video-1.webm
    ────────────────────────────────────────────────────────────────────────────────────────────────

    attachment #4: video (video/webm) ──────────────────────────────────────────────────────────────
    ../test-results/e2e-enhanced-Enhanced-E2E--5a794-nsistency-across-operations-e2e-chromium/video.webm
    ────────────────────────────────────────────────────────────────────────────────────────────────

    Error Context: ../test-results/e2e-enhanced-Enhanced-E2E--5a794-nsistency-across-operations-e2e-chromium/error-context.md
]]>
</failure>
<system-out>
<![CDATA[
[[ATTACHMENT|e2e-enhanced-Enhanced-E2E--5a794-nsistency-across-operations-e2e-chromium/test-failed-1.png]]

[[ATTACHMENT|e2e-enhanced-Enhanced-E2E--5a794-nsistency-across-operations-e2e-chromium/test-failed-2.png]]

[[ATTACHMENT|e2e-enhanced-Enhanced-E2E--5a794-nsistency-across-operations-e2e-chromium/video-1.webm]]

[[ATTACHMENT|e2e-enhanced-Enhanced-E2E--5a794-nsistency-across-operations-e2e-chromium/video.webm]]

[[ATTACHMENT|e2e-enhanced-Enhanced-E2E--5a794-nsistency-across-operations-e2e-chromium/error-context.md]]
]]>
</system-out>
</testcase>
<testcase name="Enhanced E2E Tests - Data Integrity › handle optimistic updates correctly" classname="e2e/enhanced.test.ts" time="35.291">
<failure message="enhanced.test.ts:462:5 handle optimistic updates correctly" type="FAILURE">
<![CDATA[  [e2e-chromium] › e2e/enhanced.test.ts:462:5 › Enhanced E2E Tests - Data Integrity › handle optimistic updates correctly 

    Test timeout of 30000ms exceeded.

    Error: page.waitForURL: Test timeout of 30000ms exceeded.
    =========================== logs ===========================
    waiting for navigation to "**/dashboard" until "load"
    ============================================================

      463 |         await page.goto('http://localhost:5173/login');
      464 |         await page.click('button:has-text("Sign in with Google")');
    > 465 |         await page.waitForURL('**/dashboard');
          |                    ^
      466 |
      467 |         // Select first error
      468 |         const firstRow = page.locator('table tbody tr').first();
        at /Users/deepak/Downloads/Projects/StackLens-AI-Deploy/tests/e2e/enhanced.test.ts:465:20

    attachment #1: screenshot (image/png) ──────────────────────────────────────────────────────────
    ../test-results/e2e-enhanced-Enhanced-E2E--57f63-ptimistic-updates-correctly-e2e-chromium/test-failed-1.png
    ────────────────────────────────────────────────────────────────────────────────────────────────

    attachment #2: screenshot (image/png) ──────────────────────────────────────────────────────────
    ../test-results/e2e-enhanced-Enhanced-E2E--57f63-ptimistic-updates-correctly-e2e-chromium/test-failed-2.png
    ────────────────────────────────────────────────────────────────────────────────────────────────

    attachment #3: video (video/webm) ──────────────────────────────────────────────────────────────
    ../test-results/e2e-enhanced-Enhanced-E2E--57f63-ptimistic-updates-correctly-e2e-chromium/video-1.webm
    ────────────────────────────────────────────────────────────────────────────────────────────────

    attachment #4: video (video/webm) ──────────────────────────────────────────────────────────────
    ../test-results/e2e-enhanced-Enhanced-E2E--57f63-ptimistic-updates-correctly-e2e-chromium/video.webm
    ────────────────────────────────────────────────────────────────────────────────────────────────

    Error Context: ../test-results/e2e-enhanced-Enhanced-E2E--57f63-ptimistic-updates-correctly-e2e-chromium/error-context.md
]]>
</failure>
<system-out>
<![CDATA[
[[ATTACHMENT|e2e-enhanced-Enhanced-E2E--57f63-ptimistic-updates-correctly-e2e-chromium/test-failed-1.png]]

[[ATTACHMENT|e2e-enhanced-Enhanced-E2E--57f63-ptimistic-updates-correctly-e2e-chromium/test-failed-2.png]]

[[ATTACHMENT|e2e-enhanced-Enhanced-E2E--57f63-ptimistic-updates-correctly-e2e-chromium/video-1.webm]]

[[ATTACHMENT|e2e-enhanced-Enhanced-E2E--57f63-ptimistic-updates-correctly-e2e-chromium/video.webm]]

[[ATTACHMENT|e2e-enhanced-Enhanced-E2E--57f63-ptimistic-updates-correctly-e2e-chromium/error-context.md]]
]]>
</system-out>
</testcase>
<testcase name="Enhanced E2E Tests - Accessibility › keyboard navigation works correctly" classname="e2e/enhanced.test.ts" time="35.516">
<failure message="enhanced.test.ts:496:5 keyboard navigation works correctly" type="FAILURE">
<![CDATA[  [e2e-chromium] › e2e/enhanced.test.ts:496:5 › Enhanced E2E Tests - Accessibility › keyboard navigation works correctly 

    Test timeout of 30000ms exceeded.

    Error: page.waitForURL: Test timeout of 30000ms exceeded.
    =========================== logs ===========================
    waiting for navigation to "**/dashboard" until "load"
    ============================================================

      497 |         await page.goto('http://localhost:5173/login');
      498 |         await page.click('button:has-text("Sign in with Google")');
    > 499 |         await page.waitForURL('**/dashboard');
          |                    ^
      500 |
      501 |         await page.goto('http://localhost:5173/dashboard');
      502 |
        at /Users/deepak/Downloads/Projects/StackLens-AI-Deploy/tests/e2e/enhanced.test.ts:499:20

    attachment #1: screenshot (image/png) ──────────────────────────────────────────────────────────
    ../test-results/e2e-enhanced-Enhanced-E2E--209f4--navigation-works-correctly-e2e-chromium/test-failed-2.png
    ────────────────────────────────────────────────────────────────────────────────────────────────

    attachment #2: screenshot (image/png) ──────────────────────────────────────────────────────────
    ../test-results/e2e-enhanced-Enhanced-E2E--209f4--navigation-works-correctly-e2e-chromium/test-failed-1.png
    ────────────────────────────────────────────────────────────────────────────────────────────────

    attachment #3: video (video/webm) ──────────────────────────────────────────────────────────────
    ../test-results/e2e-enhanced-Enhanced-E2E--209f4--navigation-works-correctly-e2e-chromium/video-1.webm
    ────────────────────────────────────────────────────────────────────────────────────────────────

    attachment #4: video (video/webm) ──────────────────────────────────────────────────────────────
    ../test-results/e2e-enhanced-Enhanced-E2E--209f4--navigation-works-correctly-e2e-chromium/video.webm
    ────────────────────────────────────────────────────────────────────────────────────────────────

    Error Context: ../test-results/e2e-enhanced-Enhanced-E2E--209f4--navigation-works-correctly-e2e-chromium/error-context.md
]]>
</failure>
<system-out>
<![CDATA[
[[ATTACHMENT|e2e-enhanced-Enhanced-E2E--209f4--navigation-works-correctly-e2e-chromium/test-failed-2.png]]

[[ATTACHMENT|e2e-enhanced-Enhanced-E2E--209f4--navigation-works-correctly-e2e-chromium/test-failed-1.png]]

[[ATTACHMENT|e2e-enhanced-Enhanced-E2E--209f4--navigation-works-correctly-e2e-chromium/video-1.webm]]

[[ATTACHMENT|e2e-enhanced-Enhanced-E2E--209f4--navigation-works-correctly-e2e-chromium/video.webm]]

[[ATTACHMENT|e2e-enhanced-Enhanced-E2E--209f4--navigation-works-correctly-e2e-chromium/error-context.md]]
]]>
</system-out>
</testcase>
<testcase name="Enhanced E2E Tests - Accessibility › screen reader support" classname="e2e/enhanced.test.ts" time="35.435">
<failure message="enhanced.test.ts:528:5 screen reader support" type="FAILURE">
<![CDATA[  [e2e-chromium] › e2e/enhanced.test.ts:528:5 › Enhanced E2E Tests - Accessibility › screen reader support 

    Test timeout of 30000ms exceeded.

    Error: page.waitForURL: Test timeout of 30000ms exceeded.
    =========================== logs ===========================
    waiting for navigation to "**/dashboard" until "load"
    ============================================================

      529 |         await page.goto('http://localhost:5173/login');
      530 |         await page.click('button:has-text("Sign in with Google")');
    > 531 |         await page.waitForURL('**/dashboard');
          |                    ^
      532 |
      533 |         // Check ARIA labels
      534 |         await expect(page.locator('[aria-label="Error list table"]')).toBeVisible();
        at /Users/deepak/Downloads/Projects/StackLens-AI-Deploy/tests/e2e/enhanced.test.ts:531:20

    attachment #1: screenshot (image/png) ──────────────────────────────────────────────────────────
    ../test-results/e2e-enhanced-Enhanced-E2E--668ca-ility-screen-reader-support-e2e-chromium/test-failed-1.png
    ────────────────────────────────────────────────────────────────────────────────────────────────

    attachment #2: screenshot (image/png) ──────────────────────────────────────────────────────────
    ../test-results/e2e-enhanced-Enhanced-E2E--668ca-ility-screen-reader-support-e2e-chromium/test-failed-2.png
    ────────────────────────────────────────────────────────────────────────────────────────────────

    attachment #3: video (video/webm) ──────────────────────────────────────────────────────────────
    ../test-results/e2e-enhanced-Enhanced-E2E--668ca-ility-screen-reader-support-e2e-chromium/video-1.webm
    ────────────────────────────────────────────────────────────────────────────────────────────────

    attachment #4: video (video/webm) ──────────────────────────────────────────────────────────────
    ../test-results/e2e-enhanced-Enhanced-E2E--668ca-ility-screen-reader-support-e2e-chromium/video.webm
    ────────────────────────────────────────────────────────────────────────────────────────────────

    Error Context: ../test-results/e2e-enhanced-Enhanced-E2E--668ca-ility-screen-reader-support-e2e-chromium/error-context.md
]]>
</failure>
<system-out>
<![CDATA[
[[ATTACHMENT|e2e-enhanced-Enhanced-E2E--668ca-ility-screen-reader-support-e2e-chromium/test-failed-1.png]]

[[ATTACHMENT|e2e-enhanced-Enhanced-E2E--668ca-ility-screen-reader-support-e2e-chromium/test-failed-2.png]]

[[ATTACHMENT|e2e-enhanced-Enhanced-E2E--668ca-ility-screen-reader-support-e2e-chromium/video-1.webm]]

[[ATTACHMENT|e2e-enhanced-Enhanced-E2E--668ca-ility-screen-reader-support-e2e-chromium/video.webm]]

[[ATTACHMENT|e2e-enhanced-Enhanced-E2E--668ca-ility-screen-reader-support-e2e-chromium/error-context.md]]
]]>
</system-out>
</testcase>
<testcase name="Enhanced E2E Tests - Accessibility › color contrast meets WCAG standards" classname="e2e/enhanced.test.ts" time="31.003">
<failure message="enhanced.test.ts:551:5 color contrast meets WCAG standards" type="FAILURE">
<![CDATA[  [e2e-chromium] › e2e/enhanced.test.ts:551:5 › Enhanced E2E Tests - Accessibility › color contrast meets WCAG standards 

    Test timeout of 30000ms exceeded.

    Error: locator.evaluate: Test timeout of 30000ms exceeded.
    Call log:
      - waiting for locator('[data-severity="critical"]').first()


      554 |         // Critical severity badge - should have high contrast
      555 |         const criticalBadge = page.locator('[data-severity="critical"]').first();
    > 556 |         const criticalBg = await criticalBadge.evaluate(el =>
          |                                                ^
      557 |             window.getComputedStyle(el).backgroundColor
      558 |         );
      559 |         const criticalColor = await criticalBadge.evaluate(el =>
        at /Users/deepak/Downloads/Projects/StackLens-AI-Deploy/tests/e2e/enhanced.test.ts:556:48

    attachment #1: screenshot (image/png) ──────────────────────────────────────────────────────────
    ../test-results/e2e-enhanced-Enhanced-E2E--d530e-ntrast-meets-WCAG-standards-e2e-chromium/test-failed-1.png
    ────────────────────────────────────────────────────────────────────────────────────────────────

    attachment #2: video (video/webm) ──────────────────────────────────────────────────────────────
    ../test-results/e2e-enhanced-Enhanced-E2E--d530e-ntrast-meets-WCAG-standards-e2e-chromium/video.webm
    ────────────────────────────────────────────────────────────────────────────────────────────────

    Error Context: ../test-results/e2e-enhanced-Enhanced-E2E--d530e-ntrast-meets-WCAG-standards-e2e-chromium/error-context.md
]]>
</failure>
<system-out>
<![CDATA[
[[ATTACHMENT|e2e-enhanced-Enhanced-E2E--d530e-ntrast-meets-WCAG-standards-e2e-chromium/test-failed-1.png]]

[[ATTACHMENT|e2e-enhanced-Enhanced-E2E--d530e-ntrast-meets-WCAG-standards-e2e-chromium/video.webm]]

[[ATTACHMENT|e2e-enhanced-Enhanced-E2E--d530e-ntrast-meets-WCAG-standards-e2e-chromium/error-context.md]]
]]>
</system-out>
</testcase>
<testcase name="Enhanced E2E Tests - Cross-Browser Compatibility › works in Chromium" classname="e2e/enhanced.test.ts" time="35.269">
<failure message="enhanced.test.ts:571:5 works in Chromium" type="FAILURE">
<![CDATA[  [e2e-chromium] › e2e/enhanced.test.ts:571:5 › Enhanced E2E Tests - Cross-Browser Compatibility › works in Chromium 

    Test timeout of 30000ms exceeded.

    Error: page.waitForURL: Test timeout of 30000ms exceeded.
    =========================== logs ===========================
    waiting for navigation to "**/dashboard" until "load"
    ============================================================

      574 |         await page.goto('http://localhost:5173/login');
      575 |         await page.click('button:has-text("Sign in with Google")');
    > 576 |         await page.waitForURL('**/dashboard');
          |                    ^
      577 |
      578 |         await expect(page.locator('table')).toBeVisible();
      579 |     });
        at /Users/deepak/Downloads/Projects/StackLens-AI-Deploy/tests/e2e/enhanced.test.ts:576:20

    attachment #1: screenshot (image/png) ──────────────────────────────────────────────────────────
    ../test-results/e2e-enhanced-Enhanced-E2E--e3396-atibility-works-in-Chromium-e2e-chromium/test-failed-2.png
    ────────────────────────────────────────────────────────────────────────────────────────────────

    attachment #2: screenshot (image/png) ──────────────────────────────────────────────────────────
    ../test-results/e2e-enhanced-Enhanced-E2E--e3396-atibility-works-in-Chromium-e2e-chromium/test-failed-1.png
    ────────────────────────────────────────────────────────────────────────────────────────────────

    attachment #3: video (video/webm) ──────────────────────────────────────────────────────────────
    ../test-results/e2e-enhanced-Enhanced-E2E--e3396-atibility-works-in-Chromium-e2e-chromium/video-1.webm
    ────────────────────────────────────────────────────────────────────────────────────────────────

    attachment #4: video (video/webm) ──────────────────────────────────────────────────────────────
    ../test-results/e2e-enhanced-Enhanced-E2E--e3396-atibility-works-in-Chromium-e2e-chromium/video.webm
    ────────────────────────────────────────────────────────────────────────────────────────────────

    Error Context: ../test-results/e2e-enhanced-Enhanced-E2E--e3396-atibility-works-in-Chromium-e2e-chromium/error-context.md
]]>
</failure>
<system-out>
<![CDATA[
[[ATTACHMENT|e2e-enhanced-Enhanced-E2E--e3396-atibility-works-in-Chromium-e2e-chromium/test-failed-2.png]]

[[ATTACHMENT|e2e-enhanced-Enhanced-E2E--e3396-atibility-works-in-Chromium-e2e-chromium/test-failed-1.png]]

[[ATTACHMENT|e2e-enhanced-Enhanced-E2E--e3396-atibility-works-in-Chromium-e2e-chromium/video-1.webm]]

[[ATTACHMENT|e2e-enhanced-Enhanced-E2E--e3396-atibility-works-in-Chromium-e2e-chromium/video.webm]]

[[ATTACHMENT|e2e-enhanced-Enhanced-E2E--e3396-atibility-works-in-Chromium-e2e-chromium/error-context.md]]
]]>
</system-out>
</testcase>
<testcase name="Enhanced E2E Tests - Cross-Browser Compatibility › works in Firefox" classname="e2e/enhanced.test.ts" time="0.167">
<properties>
<property name="skip" value="Firefox-only test">
</property>
</properties>
<skipped>
</skipped>
</testcase>
<testcase name="Enhanced E2E Tests - Cross-Browser Compatibility › works in WebKit/Safari" classname="e2e/enhanced.test.ts" time="0.134">
<properties>
<property name="skip" value="WebKit-only test">
</property>
</properties>
<skipped>
</skipped>
</testcase>
<testcase name="Enhanced E2E Tests - Cross-Browser Compatibility › handles CSS Grid across browsers" classname="e2e/enhanced.test.ts" time="30.978">
<failure message="enhanced.test.ts:601:5 handles CSS Grid across browsers" type="FAILURE">
<![CDATA[  [e2e-chromium] › e2e/enhanced.test.ts:601:5 › Enhanced E2E Tests - Cross-Browser Compatibility › handles CSS Grid across browsers 

    Test timeout of 30000ms exceeded.

    Error: locator.evaluate: Test timeout of 30000ms exceeded.
    Call log:
      - waiting for locator('[data-testid="dashboard-grid"]')


      603 |
      604 |         const grid = page.locator('[data-testid="dashboard-grid"]');
    > 605 |         const display = await grid.evaluate(el =>
          |                                    ^
      606 |             window.getComputedStyle(el).display
      607 |         );
      608 |
        at /Users/deepak/Downloads/Projects/StackLens-AI-Deploy/tests/e2e/enhanced.test.ts:605:36

    attachment #1: screenshot (image/png) ──────────────────────────────────────────────────────────
    ../test-results/e2e-enhanced-Enhanced-E2E--d0f8f-es-CSS-Grid-across-browsers-e2e-chromium/test-failed-1.png
    ────────────────────────────────────────────────────────────────────────────────────────────────

    attachment #2: video (video/webm) ──────────────────────────────────────────────────────────────
    ../test-results/e2e-enhanced-Enhanced-E2E--d0f8f-es-CSS-Grid-across-browsers-e2e-chromium/video.webm
    ────────────────────────────────────────────────────────────────────────────────────────────────

    Error Context: ../test-results/e2e-enhanced-Enhanced-E2E--d0f8f-es-CSS-Grid-across-browsers-e2e-chromium/error-context.md
]]>
</failure>
<system-out>
<![CDATA[
[[ATTACHMENT|e2e-enhanced-Enhanced-E2E--d0f8f-es-CSS-Grid-across-browsers-e2e-chromium/test-failed-1.png]]

[[ATTACHMENT|e2e-enhanced-Enhanced-E2E--d0f8f-es-CSS-Grid-across-browsers-e2e-chromium/video.webm]]

[[ATTACHMENT|e2e-enhanced-Enhanced-E2E--d0f8f-es-CSS-Grid-across-browsers-e2e-chromium/error-context.md]]
]]>
</system-out>
</testcase>
<testcase name="Enhanced E2E Tests - Cross-Browser Compatibility › handles Flexbox across browsers" classname="e2e/enhanced.test.ts" time="30.965">
<failure message="enhanced.test.ts:612:5 handles Flexbox across browsers" type="FAILURE">
<![CDATA[  [e2e-chromium] › e2e/enhanced.test.ts:612:5 › Enhanced E2E Tests - Cross-Browser Compatibility › handles Flexbox across browsers 

    Test timeout of 30000ms exceeded.

    Error: locator.evaluate: Test timeout of 30000ms exceeded.
    Call log:
      - waiting for locator('[data-testid="header-nav"]')


      614 |
      615 |         const flex = page.locator('[data-testid="header-nav"]');
    > 616 |         const display = await flex.evaluate(el =>
          |                                    ^
      617 |             window.getComputedStyle(el).display
      618 |         );
      619 |
        at /Users/deepak/Downloads/Projects/StackLens-AI-Deploy/tests/e2e/enhanced.test.ts:616:36

    attachment #1: screenshot (image/png) ──────────────────────────────────────────────────────────
    ../test-results/e2e-enhanced-Enhanced-E2E--0c855-les-Flexbox-across-browsers-e2e-chromium/test-failed-1.png
    ────────────────────────────────────────────────────────────────────────────────────────────────

    attachment #2: video (video/webm) ──────────────────────────────────────────────────────────────
    ../test-results/e2e-enhanced-Enhanced-E2E--0c855-les-Flexbox-across-browsers-e2e-chromium/video.webm
    ────────────────────────────────────────────────────────────────────────────────────────────────

    Error Context: ../test-results/e2e-enhanced-Enhanced-E2E--0c855-les-Flexbox-across-browsers-e2e-chromium/error-context.md
]]>
</failure>
<system-out>
<![CDATA[
[[ATTACHMENT|e2e-enhanced-Enhanced-E2E--0c855-les-Flexbox-across-browsers-e2e-chromium/test-failed-1.png]]

[[ATTACHMENT|e2e-enhanced-Enhanced-E2E--0c855-les-Flexbox-across-browsers-e2e-chromium/video.webm]]

[[ATTACHMENT|e2e-enhanced-Enhanced-E2E--0c855-les-Flexbox-across-browsers-e2e-chromium/error-context.md]]
]]>
</system-out>
</testcase>
<testcase name="Enhanced E2E Tests - Mobile Viewport › iPhone SE viewport" classname="e2e/enhanced.test.ts" time="5.818">
<failure message="enhanced.test.ts:625:5 iPhone SE viewport" type="FAILURE">
<![CDATA[  [e2e-chromium] › e2e/enhanced.test.ts:625:5 › Enhanced E2E Tests - Mobile Viewport › iPhone SE viewport 

    Error: expect(locator).toBeVisible() failed

    Locator:  locator('[data-testid="mobile-menu-button"]')
    Expected: visible
    Received: <element(s) not found>
    Timeout:  5000ms

    Call log:
      - Expect "toBeVisible" with timeout 5000ms
      - waiting for locator('[data-testid="mobile-menu-button"]')


      627 |         await page.goto('http://localhost:5173/dashboard');
      628 |
    > 629 |         await expect(page.locator('[data-testid="mobile-menu-button"]')).toBeVisible();
          |                                                                          ^
      630 |         await expect(page.locator('table, [data-testid="error-card"]')).toHaveCount(await page.locator('table, [data-testid="error-card"]').count());
      631 |     });
      632 |
        at /Users/deepak/Downloads/Projects/StackLens-AI-Deploy/tests/e2e/enhanced.test.ts:629:74

    attachment #1: screenshot (image/png) ──────────────────────────────────────────────────────────
    ../test-results/e2e-enhanced-Enhanced-E2E--0e9c0-Viewport-iPhone-SE-viewport-e2e-chromium/test-failed-1.png
    ────────────────────────────────────────────────────────────────────────────────────────────────

    attachment #2: video (video/webm) ──────────────────────────────────────────────────────────────
    ../test-results/e2e-enhanced-Enhanced-E2E--0e9c0-Viewport-iPhone-SE-viewport-e2e-chromium/video.webm
    ────────────────────────────────────────────────────────────────────────────────────────────────

    Error Context: ../test-results/e2e-enhanced-Enhanced-E2E--0e9c0-Viewport-iPhone-SE-viewport-e2e-chromium/error-context.md
]]>
</failure>
<system-out>
<![CDATA[
[[ATTACHMENT|e2e-enhanced-Enhanced-E2E--0e9c0-Viewport-iPhone-SE-viewport-e2e-chromium/test-failed-1.png]]

[[ATTACHMENT|e2e-enhanced-Enhanced-E2E--0e9c0-Viewport-iPhone-SE-viewport-e2e-chromium/video.webm]]

[[ATTACHMENT|e2e-enhanced-Enhanced-E2E--0e9c0-Viewport-iPhone-SE-viewport-e2e-chromium/error-context.md]]
]]>
</system-out>
</testcase>
<testcase name="Enhanced E2E Tests - Mobile Viewport › iPhone 12 Pro viewport" classname="e2e/enhanced.test.ts" time="30.838">
<failure message="enhanced.test.ts:633:5 iPhone 12 Pro viewport" type="FAILURE">
<![CDATA[  [e2e-chromium] › e2e/enhanced.test.ts:633:5 › Enhanced E2E Tests - Mobile Viewport › iPhone 12 Pro viewport 

    Test timeout of 30000ms exceeded.

    Error: locator.boundingBox: Test timeout of 30000ms exceeded.
    Call log:
      - waiting for locator('main')


      636 |
      637 |         const content = page.locator('main');
    > 638 |         const box = await content.boundingBox();
          |                                   ^
      639 |         expect(box?.width).toBeLessThanOrEqual(390);
      640 |     });
      641 |
        at /Users/deepak/Downloads/Projects/StackLens-AI-Deploy/tests/e2e/enhanced.test.ts:638:35

    attachment #1: screenshot (image/png) ──────────────────────────────────────────────────────────
    ../test-results/e2e-enhanced-Enhanced-E2E--fba33-port-iPhone-12-Pro-viewport-e2e-chromium/test-failed-1.png
    ────────────────────────────────────────────────────────────────────────────────────────────────

    attachment #2: video (video/webm) ──────────────────────────────────────────────────────────────
    ../test-results/e2e-enhanced-Enhanced-E2E--fba33-port-iPhone-12-Pro-viewport-e2e-chromium/video.webm
    ────────────────────────────────────────────────────────────────────────────────────────────────

    Error Context: ../test-results/e2e-enhanced-Enhanced-E2E--fba33-port-iPhone-12-Pro-viewport-e2e-chromium/error-context.md
]]>
</failure>
<system-out>
<![CDATA[
[[ATTACHMENT|e2e-enhanced-Enhanced-E2E--fba33-port-iPhone-12-Pro-viewport-e2e-chromium/test-failed-1.png]]

[[ATTACHMENT|e2e-enhanced-Enhanced-E2E--fba33-port-iPhone-12-Pro-viewport-e2e-chromium/video.webm]]

[[ATTACHMENT|e2e-enhanced-Enhanced-E2E--fba33-port-iPhone-12-Pro-viewport-e2e-chromium/error-context.md]]
]]>
</system-out>
</testcase>
<testcase name="Enhanced E2E Tests - Mobile Viewport › iPad viewport" classname="e2e/enhanced.test.ts" time="5.55">
<failure message="enhanced.test.ts:642:5 iPad viewport" type="FAILURE">
<![CDATA[  [e2e-chromium] › e2e/enhanced.test.ts:642:5 › Enhanced E2E Tests - Mobile Viewport › iPad viewport 

    Error: expect(locator).toBeVisible() failed

    Locator:  locator('table')
    Expected: visible
    Received: <element(s) not found>
    Timeout:  5000ms

    Call log:
      - Expect "toBeVisible" with timeout 5000ms
      - waiting for locator('table')


      644 |         await page.goto('http://localhost:5173/dashboard');
      645 |
    > 646 |         await expect(page.locator('table')).toBeVisible();
          |                                             ^
      647 |     });
      648 |
      649 |     test('iPad Pro viewport (landscape)', async ({ page }) => {
        at /Users/deepak/Downloads/Projects/StackLens-AI-Deploy/tests/e2e/enhanced.test.ts:646:45

    attachment #1: screenshot (image/png) ──────────────────────────────────────────────────────────
    ../test-results/e2e-enhanced-Enhanced-E2E--537b9-bile-Viewport-iPad-viewport-e2e-chromium/test-failed-1.png
    ────────────────────────────────────────────────────────────────────────────────────────────────

    attachment #2: video (video/webm) ──────────────────────────────────────────────────────────────
    ../test-results/e2e-enhanced-Enhanced-E2E--537b9-bile-Viewport-iPad-viewport-e2e-chromium/video.webm
    ────────────────────────────────────────────────────────────────────────────────────────────────

    Error Context: ../test-results/e2e-enhanced-Enhanced-E2E--537b9-bile-Viewport-iPad-viewport-e2e-chromium/error-context.md
]]>
</failure>
<system-out>
<![CDATA[
[[ATTACHMENT|e2e-enhanced-Enhanced-E2E--537b9-bile-Viewport-iPad-viewport-e2e-chromium/test-failed-1.png]]

[[ATTACHMENT|e2e-enhanced-Enhanced-E2E--537b9-bile-Viewport-iPad-viewport-e2e-chromium/video.webm]]

[[ATTACHMENT|e2e-enhanced-Enhanced-E2E--537b9-bile-Viewport-iPad-viewport-e2e-chromium/error-context.md]]
]]>
</system-out>
</testcase>
<testcase name="Enhanced E2E Tests - Mobile Viewport › iPad Pro viewport (landscape)" classname="e2e/enhanced.test.ts" time="5.57">
<failure message="enhanced.test.ts:649:5 iPad Pro viewport (landscape)" type="FAILURE">
<![CDATA[  [e2e-chromium] › e2e/enhanced.test.ts:649:5 › Enhanced E2E Tests - Mobile Viewport › iPad Pro viewport (landscape) 

    Error: expect(locator).toBeVisible() failed

    Locator:  locator('[data-testid="desktop-nav"]')
    Expected: visible
    Received: <element(s) not found>
    Timeout:  5000ms

    Call log:
      - Expect "toBeVisible" with timeout 5000ms
      - waiting for locator('[data-testid="desktop-nav"]')


      651 |         await page.goto('http://localhost:5173/dashboard');
      652 |
    > 653 |         await expect(page.locator('[data-testid="desktop-nav"]')).toBeVisible();
          |                                                                   ^
      654 |     });
      655 |
      656 |     test('Android phone viewport', async ({ page }) => {
        at /Users/deepak/Downloads/Projects/StackLens-AI-Deploy/tests/e2e/enhanced.test.ts:653:67

    attachment #1: screenshot (image/png) ──────────────────────────────────────────────────────────
    ../test-results/e2e-enhanced-Enhanced-E2E--d4f6d-Pad-Pro-viewport-landscape--e2e-chromium/test-failed-1.png
    ────────────────────────────────────────────────────────────────────────────────────────────────

    attachment #2: video (video/webm) ──────────────────────────────────────────────────────────────
    ../test-results/e2e-enhanced-Enhanced-E2E--d4f6d-Pad-Pro-viewport-landscape--e2e-chromium/video.webm
    ────────────────────────────────────────────────────────────────────────────────────────────────

    Error Context: ../test-results/e2e-enhanced-Enhanced-E2E--d4f6d-Pad-Pro-viewport-landscape--e2e-chromium/error-context.md
]]>
</failure>
<system-out>
<![CDATA[
[[ATTACHMENT|e2e-enhanced-Enhanced-E2E--d4f6d-Pad-Pro-viewport-landscape--e2e-chromium/test-failed-1.png]]

[[ATTACHMENT|e2e-enhanced-Enhanced-E2E--d4f6d-Pad-Pro-viewport-landscape--e2e-chromium/video.webm]]

[[ATTACHMENT|e2e-enhanced-Enhanced-E2E--d4f6d-Pad-Pro-viewport-landscape--e2e-chromium/error-context.md]]
]]>
</system-out>
</testcase>
<testcase name="Enhanced E2E Tests - Mobile Viewport › Android phone viewport" classname="e2e/enhanced.test.ts" time="5.542">
<failure message="enhanced.test.ts:656:5 Android phone viewport" type="FAILURE">
<![CDATA[  [e2e-chromium] › e2e/enhanced.test.ts:656:5 › Enhanced E2E Tests - Mobile Viewport › Android phone viewport 

    Error: expect(locator).toBeVisible() failed

    Locator:  locator('[data-testid="mobile-menu-button"]')
    Expected: visible
    Received: <element(s) not found>
    Timeout:  5000ms

    Call log:
      - Expect "toBeVisible" with timeout 5000ms
      - waiting for locator('[data-testid="mobile-menu-button"]')


      658 |         await page.goto('http://localhost:5173/dashboard');
      659 |
    > 660 |         await expect(page.locator('[data-testid="mobile-menu-button"]')).toBeVisible();
          |                                                                          ^
      661 |     });
      662 | });
      663 |
        at /Users/deepak/Downloads/Projects/StackLens-AI-Deploy/tests/e2e/enhanced.test.ts:660:74

    attachment #1: screenshot (image/png) ──────────────────────────────────────────────────────────
    ../test-results/e2e-enhanced-Enhanced-E2E--e0159-port-Android-phone-viewport-e2e-chromium/test-failed-1.png
    ────────────────────────────────────────────────────────────────────────────────────────────────

    attachment #2: video (video/webm) ──────────────────────────────────────────────────────────────
    ../test-results/e2e-enhanced-Enhanced-E2E--e0159-port-Android-phone-viewport-e2e-chromium/video.webm
    ────────────────────────────────────────────────────────────────────────────────────────────────

    Error Context: ../test-results/e2e-enhanced-Enhanced-E2E--e0159-port-Android-phone-viewport-e2e-chromium/error-context.md
]]>
</failure>
<system-out>
<![CDATA[
[[ATTACHMENT|e2e-enhanced-Enhanced-E2E--e0159-port-Android-phone-viewport-e2e-chromium/test-failed-1.png]]

[[ATTACHMENT|e2e-enhanced-Enhanced-E2E--e0159-port-Android-phone-viewport-e2e-chromium/video.webm]]

[[ATTACHMENT|e2e-enhanced-Enhanced-E2E--e0159-port-Android-phone-viewport-e2e-chromium/error-context.md]]
]]>
</system-out>
</testcase>
<testcase name="Enhanced E2E Tests - File Operations › download error report as PDF" classname="e2e/enhanced.test.ts" time="35.3">
<failure message="enhanced.test.ts:665:5 download error report as PDF" type="FAILURE">
<![CDATA[  [e2e-chromium] › e2e/enhanced.test.ts:665:5 › Enhanced E2E Tests - File Operations › download error report as PDF 

    Test timeout of 30000ms exceeded.

    Error: page.waitForURL: Test timeout of 30000ms exceeded.
    =========================== logs ===========================
    waiting for navigation to "**/dashboard" until "load"
    ============================================================

      666 |         await page.goto('http://localhost:5173/login');
      667 |         await page.click('button:has-text("Sign in with Google")');
    > 668 |         await page.waitForURL('**/dashboard');
          |                    ^
      669 |
      670 |         const firstRow = page.locator('table tbody tr').first();
      671 |         await firstRow.click();
        at /Users/deepak/Downloads/Projects/StackLens-AI-Deploy/tests/e2e/enhanced.test.ts:668:20

    attachment #1: screenshot (image/png) ──────────────────────────────────────────────────────────
    ../test-results/e2e-enhanced-Enhanced-E2E--ad685-ownload-error-report-as-PDF-e2e-chromium/test-failed-2.png
    ────────────────────────────────────────────────────────────────────────────────────────────────

    attachment #2: screenshot (image/png) ──────────────────────────────────────────────────────────
    ../test-results/e2e-enhanced-Enhanced-E2E--ad685-ownload-error-report-as-PDF-e2e-chromium/test-failed-1.png
    ────────────────────────────────────────────────────────────────────────────────────────────────

    attachment #3: video (video/webm) ──────────────────────────────────────────────────────────────
    ../test-results/e2e-enhanced-Enhanced-E2E--ad685-ownload-error-report-as-PDF-e2e-chromium/video-1.webm
    ────────────────────────────────────────────────────────────────────────────────────────────────

    attachment #4: video (video/webm) ──────────────────────────────────────────────────────────────
    ../test-results/e2e-enhanced-Enhanced-E2E--ad685-ownload-error-report-as-PDF-e2e-chromium/video.webm
    ────────────────────────────────────────────────────────────────────────────────────────────────

    Error Context: ../test-results/e2e-enhanced-Enhanced-E2E--ad685-ownload-error-report-as-PDF-e2e-chromium/error-context.md
]]>
</failure>
<system-out>
<![CDATA[
[[ATTACHMENT|e2e-enhanced-Enhanced-E2E--ad685-ownload-error-report-as-PDF-e2e-chromium/test-failed-2.png]]

[[ATTACHMENT|e2e-enhanced-Enhanced-E2E--ad685-ownload-error-report-as-PDF-e2e-chromium/test-failed-1.png]]

[[ATTACHMENT|e2e-enhanced-Enhanced-E2E--ad685-ownload-error-report-as-PDF-e2e-chromium/video-1.webm]]

[[ATTACHMENT|e2e-enhanced-Enhanced-E2E--ad685-ownload-error-report-as-PDF-e2e-chromium/video.webm]]

[[ATTACHMENT|e2e-enhanced-Enhanced-E2E--ad685-ownload-error-report-as-PDF-e2e-chromium/error-context.md]]
]]>
</system-out>
</testcase>
<testcase name="Enhanced E2E Tests - File Operations › download error log as text file" classname="e2e/enhanced.test.ts" time="35.794">
<failure message="enhanced.test.ts:683:5 download error log as text file" type="FAILURE">
<![CDATA[  [e2e-chromium] › e2e/enhanced.test.ts:683:5 › Enhanced E2E Tests - File Operations › download error log as text file 

    Test timeout of 30000ms exceeded.

    Error: page.waitForURL: Test timeout of 30000ms exceeded.
    =========================== logs ===========================
    waiting for navigation to "**/dashboard" until "load"
    ============================================================

      684 |         await page.goto('http://localhost:5173/login');
      685 |         await page.click('button:has-text("Sign in with Google")');
    > 686 |         await page.waitForURL('**/dashboard');
          |                    ^
      687 |
      688 |         const firstRow = page.locator('table tbody tr').first();
      689 |         await firstRow.click();
        at /Users/deepak/Downloads/Projects/StackLens-AI-Deploy/tests/e2e/enhanced.test.ts:686:20

    attachment #1: screenshot (image/png) ──────────────────────────────────────────────────────────
    ../test-results/e2e-enhanced-Enhanced-E2E--54063-load-error-log-as-text-file-e2e-chromium/test-failed-2.png
    ────────────────────────────────────────────────────────────────────────────────────────────────

    attachment #2: screenshot (image/png) ──────────────────────────────────────────────────────────
    ../test-results/e2e-enhanced-Enhanced-E2E--54063-load-error-log-as-text-file-e2e-chromium/test-failed-1.png
    ────────────────────────────────────────────────────────────────────────────────────────────────

    attachment #3: video (video/webm) ──────────────────────────────────────────────────────────────
    ../test-results/e2e-enhanced-Enhanced-E2E--54063-load-error-log-as-text-file-e2e-chromium/video-1.webm
    ────────────────────────────────────────────────────────────────────────────────────────────────

    attachment #4: video (video/webm) ──────────────────────────────────────────────────────────────
    ../test-results/e2e-enhanced-Enhanced-E2E--54063-load-error-log-as-text-file-e2e-chromium/video.webm
    ────────────────────────────────────────────────────────────────────────────────────────────────

    Error Context: ../test-results/e2e-enhanced-Enhanced-E2E--54063-load-error-log-as-text-file-e2e-chromium/error-context.md
]]>
</failure>
<system-out>
<![CDATA[
[[ATTACHMENT|e2e-enhanced-Enhanced-E2E--54063-load-error-log-as-text-file-e2e-chromium/test-failed-2.png]]

[[ATTACHMENT|e2e-enhanced-Enhanced-E2E--54063-load-error-log-as-text-file-e2e-chromium/test-failed-1.png]]

[[ATTACHMENT|e2e-enhanced-Enhanced-E2E--54063-load-error-log-as-text-file-e2e-chromium/video-1.webm]]

[[ATTACHMENT|e2e-enhanced-Enhanced-E2E--54063-load-error-log-as-text-file-e2e-chromium/video.webm]]

[[ATTACHMENT|e2e-enhanced-Enhanced-E2E--54063-load-error-log-as-text-file-e2e-chromium/error-context.md]]
]]>
</system-out>
</testcase>
<testcase name="Enhanced E2E Tests - File Operations › export multiple errors to Excel" classname="e2e/enhanced.test.ts" time="35.377">
<failure message="enhanced.test.ts:699:5 export multiple errors to Excel" type="FAILURE">
<![CDATA[  [e2e-chromium] › e2e/enhanced.test.ts:699:5 › Enhanced E2E Tests - File Operations › export multiple errors to Excel 

    Test timeout of 30000ms exceeded.

    Error: page.waitForURL: Test timeout of 30000ms exceeded.
    =========================== logs ===========================
    waiting for navigation to "**/dashboard" until "load"
    ============================================================

      700 |         await page.goto('http://localhost:5173/login');
      701 |         await page.click('button:has-text("Sign in with Google")');
    > 702 |         await page.waitForURL('**/dashboard');
          |                    ^
      703 |
      704 |         // Select multiple errors
      705 |         await page.check('table tbody tr:nth-child(1) input[type="checkbox"]');
        at /Users/deepak/Downloads/Projects/StackLens-AI-Deploy/tests/e2e/enhanced.test.ts:702:20

    attachment #1: screenshot (image/png) ──────────────────────────────────────────────────────────
    ../test-results/e2e-enhanced-Enhanced-E2E--f594e-rt-multiple-errors-to-Excel-e2e-chromium/test-failed-2.png
    ────────────────────────────────────────────────────────────────────────────────────────────────

    attachment #2: screenshot (image/png) ──────────────────────────────────────────────────────────
    ../test-results/e2e-enhanced-Enhanced-E2E--f594e-rt-multiple-errors-to-Excel-e2e-chromium/test-failed-1.png
    ────────────────────────────────────────────────────────────────────────────────────────────────

    attachment #3: video (video/webm) ──────────────────────────────────────────────────────────────
    ../test-results/e2e-enhanced-Enhanced-E2E--f594e-rt-multiple-errors-to-Excel-e2e-chromium/video-1.webm
    ────────────────────────────────────────────────────────────────────────────────────────────────

    attachment #4: video (video/webm) ──────────────────────────────────────────────────────────────
    ../test-results/e2e-enhanced-Enhanced-E2E--f594e-rt-multiple-errors-to-Excel-e2e-chromium/video.webm
    ────────────────────────────────────────────────────────────────────────────────────────────────

    Error Context: ../test-results/e2e-enhanced-Enhanced-E2E--f594e-rt-multiple-errors-to-Excel-e2e-chromium/error-context.md
]]>
</failure>
<system-out>
<![CDATA[
[[ATTACHMENT|e2e-enhanced-Enhanced-E2E--f594e-rt-multiple-errors-to-Excel-e2e-chromium/test-failed-2.png]]

[[ATTACHMENT|e2e-enhanced-Enhanced-E2E--f594e-rt-multiple-errors-to-Excel-e2e-chromium/test-failed-1.png]]

[[ATTACHMENT|e2e-enhanced-Enhanced-E2E--f594e-rt-multiple-errors-to-Excel-e2e-chromium/video-1.webm]]

[[ATTACHMENT|e2e-enhanced-Enhanced-E2E--f594e-rt-multiple-errors-to-Excel-e2e-chromium/video.webm]]

[[ATTACHMENT|e2e-enhanced-Enhanced-E2E--f594e-rt-multiple-errors-to-Excel-e2e-chromium/error-context.md]]
]]>
</system-out>
</testcase>
<testcase name="Enhanced E2E Tests - File Operations › upload and process CSV file" classname="e2e/enhanced.test.ts" time="35.337">
<failure message="enhanced.test.ts:717:5 upload and process CSV file" type="FAILURE">
<![CDATA[  [e2e-chromium] › e2e/enhanced.test.ts:717:5 › Enhanced E2E Tests - File Operations › upload and process CSV file 

    Test timeout of 30000ms exceeded.

    Error: page.waitForURL: Test timeout of 30000ms exceeded.
    =========================== logs ===========================
    waiting for navigation to "**/dashboard" until "load"
    ============================================================

      718 |         await page.goto('http://localhost:5173/login');
      719 |         await page.click('button:has-text("Sign in with Google")');
    > 720 |         await page.waitForURL('**/dashboard');
          |                    ^
      721 |
      722 |         await page.click('button:has-text("Import")');
      723 |
        at /Users/deepak/Downloads/Projects/StackLens-AI-Deploy/tests/e2e/enhanced.test.ts:720:20

    attachment #1: screenshot (image/png) ──────────────────────────────────────────────────────────
    ../test-results/e2e-enhanced-Enhanced-E2E--6bf2a-upload-and-process-CSV-file-e2e-chromium/test-failed-1.png
    ────────────────────────────────────────────────────────────────────────────────────────────────

    attachment #2: screenshot (image/png) ──────────────────────────────────────────────────────────
    ../test-results/e2e-enhanced-Enhanced-E2E--6bf2a-upload-and-process-CSV-file-e2e-chromium/test-failed-2.png
    ────────────────────────────────────────────────────────────────────────────────────────────────

    attachment #3: video (video/webm) ──────────────────────────────────────────────────────────────
    ../test-results/e2e-enhanced-Enhanced-E2E--6bf2a-upload-and-process-CSV-file-e2e-chromium/video-1.webm
    ────────────────────────────────────────────────────────────────────────────────────────────────

    attachment #4: video (video/webm) ──────────────────────────────────────────────────────────────
    ../test-results/e2e-enhanced-Enhanced-E2E--6bf2a-upload-and-process-CSV-file-e2e-chromium/video.webm
    ────────────────────────────────────────────────────────────────────────────────────────────────

    Error Context: ../test-results/e2e-enhanced-Enhanced-E2E--6bf2a-upload-and-process-CSV-file-e2e-chromium/error-context.md
]]>
</failure>
<system-out>
<![CDATA[
[[ATTACHMENT|e2e-enhanced-Enhanced-E2E--6bf2a-upload-and-process-CSV-file-e2e-chromium/test-failed-1.png]]

[[ATTACHMENT|e2e-enhanced-Enhanced-E2E--6bf2a-upload-and-process-CSV-file-e2e-chromium/test-failed-2.png]]

[[ATTACHMENT|e2e-enhanced-Enhanced-E2E--6bf2a-upload-and-process-CSV-file-e2e-chromium/video-1.webm]]

[[ATTACHMENT|e2e-enhanced-Enhanced-E2E--6bf2a-upload-and-process-CSV-file-e2e-chromium/video.webm]]

[[ATTACHMENT|e2e-enhanced-Enhanced-E2E--6bf2a-upload-and-process-CSV-file-e2e-chromium/error-context.md]]
]]>
</system-out>
</testcase>
<testcase name="Enhanced E2E Tests - File Operations › handle file upload errors gracefully" classname="e2e/enhanced.test.ts" time="31.175">
<failure message="enhanced.test.ts:740:5 handle file upload errors gracefully" type="FAILURE">
<![CDATA[  [e2e-chromium] › e2e/enhanced.test.ts:740:5 › Enhanced E2E Tests - File Operations › handle file upload errors gracefully 

    Test timeout of 30000ms exceeded.

    Error: locator.setInputFiles: Test timeout of 30000ms exceeded.
    Call log:
      - waiting for locator('input[type="file"]')


      743 |         // Upload invalid file type
      744 |         const fileInput = page.locator('input[type="file"]');
    > 745 |         await fileInput.setInputFiles({
          |         ^
      746 |             name: 'invalid.exe',
      747 |             mimeType: 'application/exe',
      748 |             buffer: Buffer.from('invalid content')
        at /Users/deepak/Downloads/Projects/StackLens-AI-Deploy/tests/e2e/enhanced.test.ts:745:9

    attachment #1: screenshot (image/png) ──────────────────────────────────────────────────────────
    ../test-results/e2e-enhanced-Enhanced-E2E--e909e-le-upload-errors-gracefully-e2e-chromium/test-failed-1.png
    ────────────────────────────────────────────────────────────────────────────────────────────────

    attachment #2: video (video/webm) ──────────────────────────────────────────────────────────────
    ../test-results/e2e-enhanced-Enhanced-E2E--e909e-le-upload-errors-gracefully-e2e-chromium/video.webm
    ────────────────────────────────────────────────────────────────────────────────────────────────

    Error Context: ../test-results/e2e-enhanced-Enhanced-E2E--e909e-le-upload-errors-gracefully-e2e-chromium/error-context.md
]]>
</failure>
<system-out>
<![CDATA[
[[ATTACHMENT|e2e-enhanced-Enhanced-E2E--e909e-le-upload-errors-gracefully-e2e-chromium/test-failed-1.png]]

[[ATTACHMENT|e2e-enhanced-Enhanced-E2E--e909e-le-upload-errors-gracefully-e2e-chromium/video.webm]]

[[ATTACHMENT|e2e-enhanced-Enhanced-E2E--e909e-le-upload-errors-gracefully-e2e-chromium/error-context.md]]
]]>
</system-out>
</testcase>
<testcase name="Enhanced E2E Tests - Media and Assets › display error screenshots" classname="e2e/enhanced.test.ts" time="35.493">
<failure message="enhanced.test.ts:756:5 display error screenshots" type="FAILURE">
<![CDATA[  [e2e-chromium] › e2e/enhanced.test.ts:756:5 › Enhanced E2E Tests - Media and Assets › display error screenshots 

    Test timeout of 30000ms exceeded.

    Error: page.waitForURL: Test timeout of 30000ms exceeded.
    =========================== logs ===========================
    waiting for navigation to "**/dashboard" until "load"
    ============================================================

      757 |         await page.goto('http://localhost:5173/login');
      758 |         await page.click('button:has-text("Sign in with Google")');
    > 759 |         await page.waitForURL('**/dashboard');
          |                    ^
      760 |
      761 |         await page.click('table tbody tr:has([data-has-screenshot="true"])');
      762 |
        at /Users/deepak/Downloads/Projects/StackLens-AI-Deploy/tests/e2e/enhanced.test.ts:759:20

    attachment #1: screenshot (image/png) ──────────────────────────────────────────────────────────
    ../test-results/e2e-enhanced-Enhanced-E2E--030f1-s-display-error-screenshots-e2e-chromium/test-failed-2.png
    ────────────────────────────────────────────────────────────────────────────────────────────────

    attachment #2: screenshot (image/png) ──────────────────────────────────────────────────────────
    ../test-results/e2e-enhanced-Enhanced-E2E--030f1-s-display-error-screenshots-e2e-chromium/test-failed-1.png
    ────────────────────────────────────────────────────────────────────────────────────────────────

    attachment #3: video (video/webm) ──────────────────────────────────────────────────────────────
    ../test-results/e2e-enhanced-Enhanced-E2E--030f1-s-display-error-screenshots-e2e-chromium/video-1.webm
    ────────────────────────────────────────────────────────────────────────────────────────────────

    attachment #4: video (video/webm) ──────────────────────────────────────────────────────────────
    ../test-results/e2e-enhanced-Enhanced-E2E--030f1-s-display-error-screenshots-e2e-chromium/video.webm
    ────────────────────────────────────────────────────────────────────────────────────────────────

    Error Context: ../test-results/e2e-enhanced-Enhanced-E2E--030f1-s-display-error-screenshots-e2e-chromium/error-context.md
]]>
</failure>
<system-out>
<![CDATA[
[[ATTACHMENT|e2e-enhanced-Enhanced-E2E--030f1-s-display-error-screenshots-e2e-chromium/test-failed-2.png]]

[[ATTACHMENT|e2e-enhanced-Enhanced-E2E--030f1-s-display-error-screenshots-e2e-chromium/test-failed-1.png]]

[[ATTACHMENT|e2e-enhanced-Enhanced-E2E--030f1-s-display-error-screenshots-e2e-chromium/video-1.webm]]

[[ATTACHMENT|e2e-enhanced-Enhanced-E2E--030f1-s-display-error-screenshots-e2e-chromium/video.webm]]

[[ATTACHMENT|e2e-enhanced-Enhanced-E2E--030f1-s-display-error-screenshots-e2e-chromium/error-context.md]]
]]>
</system-out>
</testcase>
<testcase name="Enhanced E2E Tests - Media and Assets › lazy load images in gallery" classname="e2e/enhanced.test.ts" time="0.73">
<failure message="enhanced.test.ts:771:5 lazy load images in gallery" type="FAILURE">
<![CDATA[  [e2e-chromium] › e2e/enhanced.test.ts:771:5 › Enhanced E2E Tests - Media and Assets › lazy load images in gallery 

    Error: expect(received).toBeGreaterThan(expected)

    Expected: > 0
    Received:   0

      775 |         const images = page.locator('img[loading="lazy"]');
      776 |         const count = await images.count();
    > 777 |         expect(count).toBeGreaterThan(0);
          |                       ^
      778 |
      779 |         // Scroll to bottom
      780 |         await page.evaluate(() => window.scrollTo(0, document.body.scrollHeight));
        at /Users/deepak/Downloads/Projects/StackLens-AI-Deploy/tests/e2e/enhanced.test.ts:777:23

    attachment #1: screenshot (image/png) ──────────────────────────────────────────────────────────
    ../test-results/e2e-enhanced-Enhanced-E2E--70b29-lazy-load-images-in-gallery-e2e-chromium/test-failed-1.png
    ────────────────────────────────────────────────────────────────────────────────────────────────

    attachment #2: video (video/webm) ──────────────────────────────────────────────────────────────
    ../test-results/e2e-enhanced-Enhanced-E2E--70b29-lazy-load-images-in-gallery-e2e-chromium/video.webm
    ────────────────────────────────────────────────────────────────────────────────────────────────

    Error Context: ../test-results/e2e-enhanced-Enhanced-E2E--70b29-lazy-load-images-in-gallery-e2e-chromium/error-context.md
]]>
</failure>
<system-out>
<![CDATA[
[[ATTACHMENT|e2e-enhanced-Enhanced-E2E--70b29-lazy-load-images-in-gallery-e2e-chromium/test-failed-1.png]]

[[ATTACHMENT|e2e-enhanced-Enhanced-E2E--70b29-lazy-load-images-in-gallery-e2e-chromium/video.webm]]

[[ATTACHMENT|e2e-enhanced-Enhanced-E2E--70b29-lazy-load-images-in-gallery-e2e-chromium/error-context.md]]
]]>
</system-out>
</testcase>
<testcase name="Enhanced E2E Tests - Media and Assets › display chart visualizations" classname="e2e/enhanced.test.ts" time="35.373">
<failure message="enhanced.test.ts:790:5 display chart visualizations" type="FAILURE">
<![CDATA[  [e2e-chromium] › e2e/enhanced.test.ts:790:5 › Enhanced E2E Tests - Media and Assets › display chart visualizations 

    Test timeout of 30000ms exceeded.

    Error: page.waitForURL: Test timeout of 30000ms exceeded.
    =========================== logs ===========================
    waiting for navigation to "**/dashboard" until "load"
    ============================================================

      791 |         await page.goto('http://localhost:5173/login');
      792 |         await page.click('button:has-text("Sign in with Google")');
    > 793 |         await page.waitForURL('**/dashboard');
          |                    ^
      794 |
      795 |         await page.click('a:has-text("Analytics")');
      796 |
        at /Users/deepak/Downloads/Projects/StackLens-AI-Deploy/tests/e2e/enhanced.test.ts:793:20

    attachment #1: screenshot (image/png) ──────────────────────────────────────────────────────────
    ../test-results/e2e-enhanced-Enhanced-E2E--90147-isplay-chart-visualizations-e2e-chromium/test-failed-1.png
    ────────────────────────────────────────────────────────────────────────────────────────────────

    attachment #2: screenshot (image/png) ──────────────────────────────────────────────────────────
    ../test-results/e2e-enhanced-Enhanced-E2E--90147-isplay-chart-visualizations-e2e-chromium/test-failed-2.png
    ────────────────────────────────────────────────────────────────────────────────────────────────

    attachment #3: video (video/webm) ──────────────────────────────────────────────────────────────
    ../test-results/e2e-enhanced-Enhanced-E2E--90147-isplay-chart-visualizations-e2e-chromium/video-1.webm
    ────────────────────────────────────────────────────────────────────────────────────────────────

    attachment #4: video (video/webm) ──────────────────────────────────────────────────────────────
    ../test-results/e2e-enhanced-Enhanced-E2E--90147-isplay-chart-visualizations-e2e-chromium/video.webm
    ────────────────────────────────────────────────────────────────────────────────────────────────

    Error Context: ../test-results/e2e-enhanced-Enhanced-E2E--90147-isplay-chart-visualizations-e2e-chromium/error-context.md
]]>
</failure>
<system-out>
<![CDATA[
[[ATTACHMENT|e2e-enhanced-Enhanced-E2E--90147-isplay-chart-visualizations-e2e-chromium/test-failed-1.png]]

[[ATTACHMENT|e2e-enhanced-Enhanced-E2E--90147-isplay-chart-visualizations-e2e-chromium/test-failed-2.png]]

[[ATTACHMENT|e2e-enhanced-Enhanced-E2E--90147-isplay-chart-visualizations-e2e-chromium/video-1.webm]]

[[ATTACHMENT|e2e-enhanced-Enhanced-E2E--90147-isplay-chart-visualizations-e2e-chromium/video.webm]]

[[ATTACHMENT|e2e-enhanced-Enhanced-E2E--90147-isplay-chart-visualizations-e2e-chromium/error-context.md]]
]]>
</system-out>
</testcase>
<testcase name="Enhanced E2E Tests - Print and Export › print error report" classname="e2e/enhanced.test.ts" time="35.403">
<failure message="enhanced.test.ts:807:5 print error report" type="FAILURE">
<![CDATA[  [e2e-chromium] › e2e/enhanced.test.ts:807:5 › Enhanced E2E Tests - Print and Export › print error report 

    Test timeout of 30000ms exceeded.

    Error: page.waitForURL: Test timeout of 30000ms exceeded.
    =========================== logs ===========================
    waiting for navigation to "**/dashboard" until "load"
    ============================================================

      808 |         await page.goto('http://localhost:5173/login');
      809 |         await page.click('button:has-text("Sign in with Google")');
    > 810 |         await page.waitForURL('**/dashboard');
          |                    ^
      811 |
      812 |         const firstRow = page.locator('table tbody tr').first();
      813 |         await firstRow.click();
        at /Users/deepak/Downloads/Projects/StackLens-AI-Deploy/tests/e2e/enhanced.test.ts:810:20

    attachment #1: screenshot (image/png) ──────────────────────────────────────────────────────────
    ../test-results/e2e-enhanced-Enhanced-E2E--65eeb-d-Export-print-error-report-e2e-chromium/test-failed-2.png
    ────────────────────────────────────────────────────────────────────────────────────────────────

    attachment #2: screenshot (image/png) ──────────────────────────────────────────────────────────
    ../test-results/e2e-enhanced-Enhanced-E2E--65eeb-d-Export-print-error-report-e2e-chromium/test-failed-1.png
    ────────────────────────────────────────────────────────────────────────────────────────────────

    attachment #3: video (video/webm) ──────────────────────────────────────────────────────────────
    ../test-results/e2e-enhanced-Enhanced-E2E--65eeb-d-Export-print-error-report-e2e-chromium/video-1.webm
    ────────────────────────────────────────────────────────────────────────────────────────────────

    attachment #4: video (video/webm) ──────────────────────────────────────────────────────────────
    ../test-results/e2e-enhanced-Enhanced-E2E--65eeb-d-Export-print-error-report-e2e-chromium/video.webm
    ────────────────────────────────────────────────────────────────────────────────────────────────

    Error Context: ../test-results/e2e-enhanced-Enhanced-E2E--65eeb-d-Export-print-error-report-e2e-chromium/error-context.md
]]>
</failure>
<system-out>
<![CDATA[
[[ATTACHMENT|e2e-enhanced-Enhanced-E2E--65eeb-d-Export-print-error-report-e2e-chromium/test-failed-2.png]]

[[ATTACHMENT|e2e-enhanced-Enhanced-E2E--65eeb-d-Export-print-error-report-e2e-chromium/test-failed-1.png]]

[[ATTACHMENT|e2e-enhanced-Enhanced-E2E--65eeb-d-Export-print-error-report-e2e-chromium/video-1.webm]]

[[ATTACHMENT|e2e-enhanced-Enhanced-E2E--65eeb-d-Export-print-error-report-e2e-chromium/video.webm]]

[[ATTACHMENT|e2e-enhanced-Enhanced-E2E--65eeb-d-Export-print-error-report-e2e-chromium/error-context.md]]
]]>
</system-out>
</testcase>
<testcase name="Enhanced E2E Tests - Print and Export › generate shareable link" classname="e2e/enhanced.test.ts" time="35.351">
<failure message="enhanced.test.ts:830:5 generate shareable link" type="FAILURE">
<![CDATA[  [e2e-chromium] › e2e/enhanced.test.ts:830:5 › Enhanced E2E Tests - Print and Export › generate shareable link 

    Test timeout of 30000ms exceeded.

    Error: page.waitForURL: Test timeout of 30000ms exceeded.
    =========================== logs ===========================
    waiting for navigation to "**/dashboard" until "load"
    ============================================================

      831 |         await page.goto('http://localhost:5173/login');
      832 |         await page.click('button:has-text("Sign in with Google")');
    > 833 |         await page.waitForURL('**/dashboard');
          |                    ^
      834 |
      835 |         const firstRow = page.locator('table tbody tr').first();
      836 |         await firstRow.click();
        at /Users/deepak/Downloads/Projects/StackLens-AI-Deploy/tests/e2e/enhanced.test.ts:833:20

    attachment #1: screenshot (image/png) ──────────────────────────────────────────────────────────
    ../test-results/e2e-enhanced-Enhanced-E2E--59d31-ort-generate-shareable-link-e2e-chromium/test-failed-1.png
    ────────────────────────────────────────────────────────────────────────────────────────────────

    attachment #2: screenshot (image/png) ──────────────────────────────────────────────────────────
    ../test-results/e2e-enhanced-Enhanced-E2E--59d31-ort-generate-shareable-link-e2e-chromium/test-failed-2.png
    ────────────────────────────────────────────────────────────────────────────────────────────────

    attachment #3: video (video/webm) ──────────────────────────────────────────────────────────────
    ../test-results/e2e-enhanced-Enhanced-E2E--59d31-ort-generate-shareable-link-e2e-chromium/video-1.webm
    ────────────────────────────────────────────────────────────────────────────────────────────────

    attachment #4: video (video/webm) ──────────────────────────────────────────────────────────────
    ../test-results/e2e-enhanced-Enhanced-E2E--59d31-ort-generate-shareable-link-e2e-chromium/video.webm
    ────────────────────────────────────────────────────────────────────────────────────────────────

    Error Context: ../test-results/e2e-enhanced-Enhanced-E2E--59d31-ort-generate-shareable-link-e2e-chromium/error-context.md
]]>
</failure>
<system-out>
<![CDATA[
[[ATTACHMENT|e2e-enhanced-Enhanced-E2E--59d31-ort-generate-shareable-link-e2e-chromium/test-failed-1.png]]

[[ATTACHMENT|e2e-enhanced-Enhanced-E2E--59d31-ort-generate-shareable-link-e2e-chromium/test-failed-2.png]]

[[ATTACHMENT|e2e-enhanced-Enhanced-E2E--59d31-ort-generate-shareable-link-e2e-chromium/video-1.webm]]

[[ATTACHMENT|e2e-enhanced-Enhanced-E2E--59d31-ort-generate-shareable-link-e2e-chromium/video.webm]]

[[ATTACHMENT|e2e-enhanced-Enhanced-E2E--59d31-ort-generate-shareable-link-e2e-chromium/error-context.md]]
]]>
</system-out>
</testcase>
<testcase name="Enhanced E2E Tests - Real-time Features › receive real-time error notifications" classname="e2e/enhanced.test.ts" time="30.078">
<failure message="enhanced.test.ts:852:5 receive real-time error notifications" type="FAILURE">
<![CDATA[  [e2e-chromium] › e2e/enhanced.test.ts:852:5 › Enhanced E2E Tests - Real-time Features › receive real-time error notifications 

    Test timeout of 30000ms exceeded.

    Error: page.click: Test ended.
    Call log:
      - waiting for locator('button:has-text("Sign in as Admin")')


      859 |         // Admin creates error
      860 |         await adminPage.goto('http://localhost:5173/login');
    > 861 |         await adminPage.click('button:has-text("Sign in as Admin")');
          |                         ^
      862 |         await adminPage.waitForURL('**/dashboard');
      863 |
      864 |         // User views dashboard
        at /Users/deepak/Downloads/Projects/StackLens-AI-Deploy/tests/e2e/enhanced.test.ts:861:25

    attachment #1: screenshot (image/png) ──────────────────────────────────────────────────────────
    ../test-results/e2e-enhanced-Enhanced-E2E--29fe6-al-time-error-notifications-e2e-chromium/test-failed-1.png
    ────────────────────────────────────────────────────────────────────────────────────────────────

    attachment #2: screenshot (image/png) ──────────────────────────────────────────────────────────
    ../test-results/e2e-enhanced-Enhanced-E2E--29fe6-al-time-error-notifications-e2e-chromium/test-failed-2.png
    ────────────────────────────────────────────────────────────────────────────────────────────────

    Error Context: ../test-results/e2e-enhanced-Enhanced-E2E--29fe6-al-time-error-notifications-e2e-chromium/error-context.md
]]>
</failure>
<system-out>
<![CDATA[
[[ATTACHMENT|e2e-enhanced-Enhanced-E2E--29fe6-al-time-error-notifications-e2e-chromium/test-failed-1.png]]

[[ATTACHMENT|e2e-enhanced-Enhanced-E2E--29fe6-al-time-error-notifications-e2e-chromium/test-failed-2.png]]

[[ATTACHMENT|e2e-enhanced-Enhanced-E2E--29fe6-al-time-error-notifications-e2e-chromium/error-context.md]]
]]>
</system-out>
</testcase>
<testcase name="Enhanced E2E Tests - Real-time Features › sync status updates across sessions" classname="e2e/enhanced.test.ts" time="30.1">
<failure message="enhanced.test.ts:889:5 sync status updates across sessions" type="FAILURE">
<![CDATA[  [e2e-chromium] › e2e/enhanced.test.ts:889:5 › Enhanced E2E Tests - Real-time Features › sync status updates across sessions 

    Test timeout of 30000ms exceeded.

    Error: page.waitForURL: Test ended.
    =========================== logs ===========================
    waiting for navigation to "**/dashboard" until "load"
    ============================================================

      897 |         await page1.goto('http://localhost:5173/login');
      898 |         await page1.click('button:has-text("Sign in with Google")');
    > 899 |         await page1.waitForURL('**/dashboard');
          |                     ^
      900 |
      901 |         await page2.goto('http://localhost:5173/login');
      902 |         await page2.click('button:has-text("Sign in with Google")');
        at /Users/deepak/Downloads/Projects/StackLens-AI-Deploy/tests/e2e/enhanced.test.ts:899:21

    attachment #1: screenshot (image/png) ──────────────────────────────────────────────────────────
    ../test-results/e2e-enhanced-Enhanced-E2E--c9cf9-tus-updates-across-sessions-e2e-chromium/test-failed-3.png
    ────────────────────────────────────────────────────────────────────────────────────────────────

    attachment #2: screenshot (image/png) ──────────────────────────────────────────────────────────
    ../test-results/e2e-enhanced-Enhanced-E2E--c9cf9-tus-updates-across-sessions-e2e-chromium/test-failed-2.png
    ────────────────────────────────────────────────────────────────────────────────────────────────

    attachment #3: screenshot (image/png) ──────────────────────────────────────────────────────────
    ../test-results/e2e-enhanced-Enhanced-E2E--c9cf9-tus-updates-across-sessions-e2e-chromium/test-failed-1.png
    ────────────────────────────────────────────────────────────────────────────────────────────────

    Error Context: ../test-results/e2e-enhanced-Enhanced-E2E--c9cf9-tus-updates-across-sessions-e2e-chromium/error-context.md
]]>
</failure>
<system-out>
<![CDATA[
[[ATTACHMENT|e2e-enhanced-Enhanced-E2E--c9cf9-tus-updates-across-sessions-e2e-chromium/test-failed-3.png]]

[[ATTACHMENT|e2e-enhanced-Enhanced-E2E--c9cf9-tus-updates-across-sessions-e2e-chromium/test-failed-2.png]]

[[ATTACHMENT|e2e-enhanced-Enhanced-E2E--c9cf9-tus-updates-across-sessions-e2e-chromium/test-failed-1.png]]

[[ATTACHMENT|e2e-enhanced-Enhanced-E2E--c9cf9-tus-updates-across-sessions-e2e-chromium/error-context.md]]
]]>
</system-out>
</testcase>
</testsuite>
<testsuite name="e2e/upload.test.ts" timestamp="2025-10-10T06:55:27.522Z" hostname="e2e-chromium" tests="11" failures="11" skipped="0" time="170.2" errors="0">
<testcase name="File Upload and Analysis › should upload Excel file successfully" classname="e2e/upload.test.ts" time="15.914">
<failure message="upload.test.ts:16:5 should upload Excel file successfully" type="FAILURE">
<![CDATA[  [e2e-chromium] › e2e/upload.test.ts:16:5 › File Upload and Analysis › should upload Excel file successfully 

    TimeoutError: page.waitForURL: Timeout 10000ms exceeded.
    =========================== logs ===========================
    waiting for navigation to "**/dashboard" until "load"
    ============================================================

       at fixtures.ts:32

      30 |
      31 |         // Wait for authentication
    > 32 |         await page.waitForURL('**/dashboard', { timeout: 10000 });
         |                    ^
      33 |
      34 |         // Verify authenticated
      35 |         await expect(page.locator('[data-testid="user-profile"]')).toBeVisible();
        at Object.authenticatedPage (/Users/deepak/Downloads/Projects/StackLens-AI-Deploy/tests/fixtures.ts:32:20)

    attachment #1: screenshot (image/png) ──────────────────────────────────────────────────────────
    ../test-results/e2e-upload-File-Upload-and-f2e5e-oad-Excel-file-successfully-e2e-chromium/test-failed-2.png
    ────────────────────────────────────────────────────────────────────────────────────────────────

    attachment #2: screenshot (image/png) ──────────────────────────────────────────────────────────
    ../test-results/e2e-upload-File-Upload-and-f2e5e-oad-Excel-file-successfully-e2e-chromium/test-failed-1.png
    ────────────────────────────────────────────────────────────────────────────────────────────────

    attachment #3: video (video/webm) ──────────────────────────────────────────────────────────────
    ../test-results/e2e-upload-File-Upload-and-f2e5e-oad-Excel-file-successfully-e2e-chromium/video-1.webm
    ────────────────────────────────────────────────────────────────────────────────────────────────

    attachment #4: video (video/webm) ──────────────────────────────────────────────────────────────
    ../test-results/e2e-upload-File-Upload-and-f2e5e-oad-Excel-file-successfully-e2e-chromium/video.webm
    ────────────────────────────────────────────────────────────────────────────────────────────────

    Error Context: ../test-results/e2e-upload-File-Upload-and-f2e5e-oad-Excel-file-successfully-e2e-chromium/error-context.md
]]>
</failure>
<system-out>
<![CDATA[
[[ATTACHMENT|e2e-upload-File-Upload-and-f2e5e-oad-Excel-file-successfully-e2e-chromium/test-failed-2.png]]

[[ATTACHMENT|e2e-upload-File-Upload-and-f2e5e-oad-Excel-file-successfully-e2e-chromium/test-failed-1.png]]

[[ATTACHMENT|e2e-upload-File-Upload-and-f2e5e-oad-Excel-file-successfully-e2e-chromium/video-1.webm]]

[[ATTACHMENT|e2e-upload-File-Upload-and-f2e5e-oad-Excel-file-successfully-e2e-chromium/video.webm]]

[[ATTACHMENT|e2e-upload-File-Upload-and-f2e5e-oad-Excel-file-successfully-e2e-chromium/error-context.md]]
]]>
</system-out>
</testcase>
<testcase name="File Upload and Analysis › should upload CSV file successfully" classname="e2e/upload.test.ts" time="15.918">
<failure message="upload.test.ts:27:5 should upload CSV file successfully" type="FAILURE">
<![CDATA[  [e2e-chromium] › e2e/upload.test.ts:27:5 › File Upload and Analysis › should upload CSV file successfully 

    TimeoutError: page.waitForURL: Timeout 10000ms exceeded.
    =========================== logs ===========================
    waiting for navigation to "**/dashboard" until "load"
    ============================================================

       at fixtures.ts:32

      30 |
      31 |         // Wait for authentication
    > 32 |         await page.waitForURL('**/dashboard', { timeout: 10000 });
         |                    ^
      33 |
      34 |         // Verify authenticated
      35 |         await expect(page.locator('[data-testid="user-profile"]')).toBeVisible();
        at Object.authenticatedPage (/Users/deepak/Downloads/Projects/StackLens-AI-Deploy/tests/fixtures.ts:32:20)

    attachment #1: screenshot (image/png) ──────────────────────────────────────────────────────────
    ../test-results/e2e-upload-File-Upload-and-aa322-pload-CSV-file-successfully-e2e-chromium/test-failed-1.png
    ────────────────────────────────────────────────────────────────────────────────────────────────

    attachment #2: screenshot (image/png) ──────────────────────────────────────────────────────────
    ../test-results/e2e-upload-File-Upload-and-aa322-pload-CSV-file-successfully-e2e-chromium/test-failed-2.png
    ────────────────────────────────────────────────────────────────────────────────────────────────

    attachment #3: video (video/webm) ──────────────────────────────────────────────────────────────
    ../test-results/e2e-upload-File-Upload-and-aa322-pload-CSV-file-successfully-e2e-chromium/video-1.webm
    ────────────────────────────────────────────────────────────────────────────────────────────────

    attachment #4: video (video/webm) ──────────────────────────────────────────────────────────────
    ../test-results/e2e-upload-File-Upload-and-aa322-pload-CSV-file-successfully-e2e-chromium/video.webm
    ────────────────────────────────────────────────────────────────────────────────────────────────

    Error Context: ../test-results/e2e-upload-File-Upload-and-aa322-pload-CSV-file-successfully-e2e-chromium/error-context.md
]]>
</failure>
<system-out>
<![CDATA[
[[ATTACHMENT|e2e-upload-File-Upload-and-aa322-pload-CSV-file-successfully-e2e-chromium/test-failed-1.png]]

[[ATTACHMENT|e2e-upload-File-Upload-and-aa322-pload-CSV-file-successfully-e2e-chromium/test-failed-2.png]]

[[ATTACHMENT|e2e-upload-File-Upload-and-aa322-pload-CSV-file-successfully-e2e-chromium/video-1.webm]]

[[ATTACHMENT|e2e-upload-File-Upload-and-aa322-pload-CSV-file-successfully-e2e-chromium/video.webm]]

[[ATTACHMENT|e2e-upload-File-Upload-and-aa322-pload-CSV-file-successfully-e2e-chromium/error-context.md]]
]]>
</system-out>
</testcase>
<testcase name="File Upload and Analysis › should upload log file successfully" classname="e2e/upload.test.ts" time="15.742">
<failure message="upload.test.ts:36:5 should upload log file successfully" type="FAILURE">
<![CDATA[  [e2e-chromium] › e2e/upload.test.ts:36:5 › File Upload and Analysis › should upload log file successfully 

    TimeoutError: page.waitForURL: Timeout 10000ms exceeded.
    =========================== logs ===========================
    waiting for navigation to "**/dashboard" until "load"
    ============================================================

       at fixtures.ts:32

      30 |
      31 |         // Wait for authentication
    > 32 |         await page.waitForURL('**/dashboard', { timeout: 10000 });
         |                    ^
      33 |
      34 |         // Verify authenticated
      35 |         await expect(page.locator('[data-testid="user-profile"]')).toBeVisible();
        at Object.authenticatedPage (/Users/deepak/Downloads/Projects/StackLens-AI-Deploy/tests/fixtures.ts:32:20)

    attachment #1: screenshot (image/png) ──────────────────────────────────────────────────────────
    ../test-results/e2e-upload-File-Upload-and-416d4-pload-log-file-successfully-e2e-chromium/test-failed-2.png
    ────────────────────────────────────────────────────────────────────────────────────────────────

    attachment #2: screenshot (image/png) ──────────────────────────────────────────────────────────
    ../test-results/e2e-upload-File-Upload-and-416d4-pload-log-file-successfully-e2e-chromium/test-failed-1.png
    ────────────────────────────────────────────────────────────────────────────────────────────────

    attachment #3: video (video/webm) ──────────────────────────────────────────────────────────────
    ../test-results/e2e-upload-File-Upload-and-416d4-pload-log-file-successfully-e2e-chromium/video-1.webm
    ────────────────────────────────────────────────────────────────────────────────────────────────

    attachment #4: video (video/webm) ──────────────────────────────────────────────────────────────
    ../test-results/e2e-upload-File-Upload-and-416d4-pload-log-file-successfully-e2e-chromium/video.webm
    ────────────────────────────────────────────────────────────────────────────────────────────────

    Error Context: ../test-results/e2e-upload-File-Upload-and-416d4-pload-log-file-successfully-e2e-chromium/error-context.md
]]>
</failure>
<system-out>
<![CDATA[
[[ATTACHMENT|e2e-upload-File-Upload-and-416d4-pload-log-file-successfully-e2e-chromium/test-failed-2.png]]

[[ATTACHMENT|e2e-upload-File-Upload-and-416d4-pload-log-file-successfully-e2e-chromium/test-failed-1.png]]

[[ATTACHMENT|e2e-upload-File-Upload-and-416d4-pload-log-file-successfully-e2e-chromium/video-1.webm]]

[[ATTACHMENT|e2e-upload-File-Upload-and-416d4-pload-log-file-successfully-e2e-chromium/video.webm]]

[[ATTACHMENT|e2e-upload-File-Upload-and-416d4-pload-log-file-successfully-e2e-chromium/error-context.md]]
]]>
</system-out>
</testcase>
<testcase name="File Upload and Analysis › should reject invalid file types" classname="e2e/upload.test.ts" time="15.893">
<failure message="upload.test.ts:44:5 should reject invalid file types" type="FAILURE">
<![CDATA[  [e2e-chromium] › e2e/upload.test.ts:44:5 › File Upload and Analysis › should reject invalid file types 

    TimeoutError: page.waitForURL: Timeout 10000ms exceeded.
    =========================== logs ===========================
    waiting for navigation to "**/dashboard" until "load"
    ============================================================

       at fixtures.ts:32

      30 |
      31 |         // Wait for authentication
    > 32 |         await page.waitForURL('**/dashboard', { timeout: 10000 });
         |                    ^
      33 |
      34 |         // Verify authenticated
      35 |         await expect(page.locator('[data-testid="user-profile"]')).toBeVisible();
        at Object.authenticatedPage (/Users/deepak/Downloads/Projects/StackLens-AI-Deploy/tests/fixtures.ts:32:20)

    attachment #1: screenshot (image/png) ──────────────────────────────────────────────────────────
    ../test-results/e2e-upload-File-Upload-and-af5c0-d-reject-invalid-file-types-e2e-chromium/test-failed-2.png
    ────────────────────────────────────────────────────────────────────────────────────────────────

    attachment #2: screenshot (image/png) ──────────────────────────────────────────────────────────
    ../test-results/e2e-upload-File-Upload-and-af5c0-d-reject-invalid-file-types-e2e-chromium/test-failed-1.png
    ────────────────────────────────────────────────────────────────────────────────────────────────

    attachment #3: video (video/webm) ──────────────────────────────────────────────────────────────
    ../test-results/e2e-upload-File-Upload-and-af5c0-d-reject-invalid-file-types-e2e-chromium/video-1.webm
    ────────────────────────────────────────────────────────────────────────────────────────────────

    attachment #4: video (video/webm) ──────────────────────────────────────────────────────────────
    ../test-results/e2e-upload-File-Upload-and-af5c0-d-reject-invalid-file-types-e2e-chromium/video.webm
    ────────────────────────────────────────────────────────────────────────────────────────────────

    Error Context: ../test-results/e2e-upload-File-Upload-and-af5c0-d-reject-invalid-file-types-e2e-chromium/error-context.md
]]>
</failure>
<system-out>
<![CDATA[
[[ATTACHMENT|e2e-upload-File-Upload-and-af5c0-d-reject-invalid-file-types-e2e-chromium/test-failed-2.png]]

[[ATTACHMENT|e2e-upload-File-Upload-and-af5c0-d-reject-invalid-file-types-e2e-chromium/test-failed-1.png]]

[[ATTACHMENT|e2e-upload-File-Upload-and-af5c0-d-reject-invalid-file-types-e2e-chromium/video-1.webm]]

[[ATTACHMENT|e2e-upload-File-Upload-and-af5c0-d-reject-invalid-file-types-e2e-chromium/video.webm]]

[[ATTACHMENT|e2e-upload-File-Upload-and-af5c0-d-reject-invalid-file-types-e2e-chromium/error-context.md]]
]]>
</system-out>
</testcase>
<testcase name="File Upload and Analysis › should reject files larger than limit" classname="e2e/upload.test.ts" time="16.078">
<failure message="upload.test.ts:55:5 should reject files larger than limit" type="FAILURE">
<![CDATA[  [e2e-chromium] › e2e/upload.test.ts:55:5 › File Upload and Analysis › should reject files larger than limit 

    TimeoutError: page.waitForURL: Timeout 10000ms exceeded.
    =========================== logs ===========================
    waiting for navigation to "**/dashboard" until "load"
    ============================================================

       at fixtures.ts:32

      30 |
      31 |         // Wait for authentication
    > 32 |         await page.waitForURL('**/dashboard', { timeout: 10000 });
         |                    ^
      33 |
      34 |         // Verify authenticated
      35 |         await expect(page.locator('[data-testid="user-profile"]')).toBeVisible();
        at Object.authenticatedPage (/Users/deepak/Downloads/Projects/StackLens-AI-Deploy/tests/fixtures.ts:32:20)

    attachment #1: screenshot (image/png) ──────────────────────────────────────────────────────────
    ../test-results/e2e-upload-File-Upload-and-4827a-ect-files-larger-than-limit-e2e-chromium/test-failed-2.png
    ────────────────────────────────────────────────────────────────────────────────────────────────

    attachment #2: screenshot (image/png) ──────────────────────────────────────────────────────────
    ../test-results/e2e-upload-File-Upload-and-4827a-ect-files-larger-than-limit-e2e-chromium/test-failed-1.png
    ────────────────────────────────────────────────────────────────────────────────────────────────

    attachment #3: video (video/webm) ──────────────────────────────────────────────────────────────
    ../test-results/e2e-upload-File-Upload-and-4827a-ect-files-larger-than-limit-e2e-chromium/video-1.webm
    ────────────────────────────────────────────────────────────────────────────────────────────────

    attachment #4: video (video/webm) ──────────────────────────────────────────────────────────────
    ../test-results/e2e-upload-File-Upload-and-4827a-ect-files-larger-than-limit-e2e-chromium/video.webm
    ────────────────────────────────────────────────────────────────────────────────────────────────

    Error Context: ../test-results/e2e-upload-File-Upload-and-4827a-ect-files-larger-than-limit-e2e-chromium/error-context.md
]]>
</failure>
<system-out>
<![CDATA[
[[ATTACHMENT|e2e-upload-File-Upload-and-4827a-ect-files-larger-than-limit-e2e-chromium/test-failed-2.png]]

[[ATTACHMENT|e2e-upload-File-Upload-and-4827a-ect-files-larger-than-limit-e2e-chromium/test-failed-1.png]]

[[ATTACHMENT|e2e-upload-File-Upload-and-4827a-ect-files-larger-than-limit-e2e-chromium/video-1.webm]]

[[ATTACHMENT|e2e-upload-File-Upload-and-4827a-ect-files-larger-than-limit-e2e-chromium/video.webm]]

[[ATTACHMENT|e2e-upload-File-Upload-and-4827a-ect-files-larger-than-limit-e2e-chromium/error-context.md]]
]]>
</system-out>
</testcase>
<testcase name="File Upload and Analysis › should trigger AI analysis after upload" classname="e2e/upload.test.ts" time="15.982">
<failure message="upload.test.ts:66:5 should trigger AI analysis after upload" type="FAILURE">
<![CDATA[  [e2e-chromium] › e2e/upload.test.ts:66:5 › File Upload and Analysis › should trigger AI analysis after upload 

    TimeoutError: page.waitForURL: Timeout 10000ms exceeded.
    =========================== logs ===========================
    waiting for navigation to "**/dashboard" until "load"
    ============================================================

       at fixtures.ts:32

      30 |
      31 |         // Wait for authentication
    > 32 |         await page.waitForURL('**/dashboard', { timeout: 10000 });
         |                    ^
      33 |
      34 |         // Verify authenticated
      35 |         await expect(page.locator('[data-testid="user-profile"]')).toBeVisible();
        at Object.authenticatedPage (/Users/deepak/Downloads/Projects/StackLens-AI-Deploy/tests/fixtures.ts:32:20)

    attachment #1: screenshot (image/png) ──────────────────────────────────────────────────────────
    ../test-results/e2e-upload-File-Upload-and-e4b7c-er-AI-analysis-after-upload-e2e-chromium/test-failed-2.png
    ────────────────────────────────────────────────────────────────────────────────────────────────

    attachment #2: screenshot (image/png) ──────────────────────────────────────────────────────────
    ../test-results/e2e-upload-File-Upload-and-e4b7c-er-AI-analysis-after-upload-e2e-chromium/test-failed-1.png
    ────────────────────────────────────────────────────────────────────────────────────────────────

    attachment #3: video (video/webm) ──────────────────────────────────────────────────────────────
    ../test-results/e2e-upload-File-Upload-and-e4b7c-er-AI-analysis-after-upload-e2e-chromium/video-1.webm
    ────────────────────────────────────────────────────────────────────────────────────────────────

    attachment #4: video (video/webm) ──────────────────────────────────────────────────────────────
    ../test-results/e2e-upload-File-Upload-and-e4b7c-er-AI-analysis-after-upload-e2e-chromium/video.webm
    ────────────────────────────────────────────────────────────────────────────────────────────────

    Error Context: ../test-results/e2e-upload-File-Upload-and-e4b7c-er-AI-analysis-after-upload-e2e-chromium/error-context.md
]]>
</failure>
<system-out>
<![CDATA[
[[ATTACHMENT|e2e-upload-File-Upload-and-e4b7c-er-AI-analysis-after-upload-e2e-chromium/test-failed-2.png]]

[[ATTACHMENT|e2e-upload-File-Upload-and-e4b7c-er-AI-analysis-after-upload-e2e-chromium/test-failed-1.png]]

[[ATTACHMENT|e2e-upload-File-Upload-and-e4b7c-er-AI-analysis-after-upload-e2e-chromium/video-1.webm]]

[[ATTACHMENT|e2e-upload-File-Upload-and-e4b7c-er-AI-analysis-after-upload-e2e-chromium/video.webm]]

[[ATTACHMENT|e2e-upload-File-Upload-and-e4b7c-er-AI-analysis-after-upload-e2e-chromium/error-context.md]]
]]>
</system-out>
</testcase>
<testcase name="File Upload and Analysis › should display error detection results" classname="e2e/upload.test.ts" time="11.182">
<failure message="upload.test.ts:84:5 should display error detection results" type="FAILURE">
<![CDATA[  [e2e-chromium] › e2e/upload.test.ts:84:5 › File Upload and Analysis › should display error detection results 

    TimeoutError: page.waitForURL: Timeout 10000ms exceeded.
    =========================== logs ===========================
    waiting for navigation to "**/dashboard" until "load"
    ============================================================

       at fixtures.ts:32

      30 |
      31 |         // Wait for authentication
    > 32 |         await page.waitForURL('**/dashboard', { timeout: 10000 });
         |                    ^
      33 |
      34 |         // Verify authenticated
      35 |         await expect(page.locator('[data-testid="user-profile"]')).toBeVisible();
        at Object.authenticatedPage (/Users/deepak/Downloads/Projects/StackLens-AI-Deploy/tests/fixtures.ts:32:20)

    attachment #1: screenshot (image/png) ──────────────────────────────────────────────────────────
    ../test-results/e2e-upload-File-Upload-and-bef47-lay-error-detection-results-e2e-chromium/test-failed-1.png
    ────────────────────────────────────────────────────────────────────────────────────────────────

    attachment #2: screenshot (image/png) ──────────────────────────────────────────────────────────
    ../test-results/e2e-upload-File-Upload-and-bef47-lay-error-detection-results-e2e-chromium/test-failed-2.png
    ────────────────────────────────────────────────────────────────────────────────────────────────

    attachment #3: video (video/webm) ──────────────────────────────────────────────────────────────
    ../test-results/e2e-upload-File-Upload-and-bef47-lay-error-detection-results-e2e-chromium/video-1.webm
    ────────────────────────────────────────────────────────────────────────────────────────────────

    attachment #4: video (video/webm) ──────────────────────────────────────────────────────────────
    ../test-results/e2e-upload-File-Upload-and-bef47-lay-error-detection-results-e2e-chromium/video.webm
    ────────────────────────────────────────────────────────────────────────────────────────────────

    Error Context: ../test-results/e2e-upload-File-Upload-and-bef47-lay-error-detection-results-e2e-chromium/error-context.md
]]>
</failure>
<system-out>
<![CDATA[
[[ATTACHMENT|e2e-upload-File-Upload-and-bef47-lay-error-detection-results-e2e-chromium/test-failed-1.png]]

[[ATTACHMENT|e2e-upload-File-Upload-and-bef47-lay-error-detection-results-e2e-chromium/test-failed-2.png]]

[[ATTACHMENT|e2e-upload-File-Upload-and-bef47-lay-error-detection-results-e2e-chromium/video-1.webm]]

[[ATTACHMENT|e2e-upload-File-Upload-and-bef47-lay-error-detection-results-e2e-chromium/video.webm]]

[[ATTACHMENT|e2e-upload-File-Upload-and-bef47-lay-error-detection-results-e2e-chromium/error-context.md]]
]]>
</system-out>
</testcase>
<testcase name="File Upload and Analysis › should display AI suggestions" classname="e2e/upload.test.ts" time="15.962">
<failure message="upload.test.ts:100:5 should display AI suggestions" type="FAILURE">
<![CDATA[  [e2e-chromium] › e2e/upload.test.ts:100:5 › File Upload and Analysis › should display AI suggestions 

    TimeoutError: page.waitForURL: Timeout 10000ms exceeded.
    =========================== logs ===========================
    waiting for navigation to "**/dashboard" until "load"
    ============================================================

       at fixtures.ts:32

      30 |
      31 |         // Wait for authentication
    > 32 |         await page.waitForURL('**/dashboard', { timeout: 10000 });
         |                    ^
      33 |
      34 |         // Verify authenticated
      35 |         await expect(page.locator('[data-testid="user-profile"]')).toBeVisible();
        at Object.authenticatedPage (/Users/deepak/Downloads/Projects/StackLens-AI-Deploy/tests/fixtures.ts:32:20)

    attachment #1: screenshot (image/png) ──────────────────────────────────────────────────────────
    ../test-results/e2e-upload-File-Upload-and-d80cc-ould-display-AI-suggestions-e2e-chromium/test-failed-2.png
    ────────────────────────────────────────────────────────────────────────────────────────────────

    attachment #2: screenshot (image/png) ──────────────────────────────────────────────────────────
    ../test-results/e2e-upload-File-Upload-and-d80cc-ould-display-AI-suggestions-e2e-chromium/test-failed-1.png
    ────────────────────────────────────────────────────────────────────────────────────────────────

    attachment #3: video (video/webm) ──────────────────────────────────────────────────────────────
    ../test-results/e2e-upload-File-Upload-and-d80cc-ould-display-AI-suggestions-e2e-chromium/video-1.webm
    ────────────────────────────────────────────────────────────────────────────────────────────────

    attachment #4: video (video/webm) ──────────────────────────────────────────────────────────────
    ../test-results/e2e-upload-File-Upload-and-d80cc-ould-display-AI-suggestions-e2e-chromium/video.webm
    ────────────────────────────────────────────────────────────────────────────────────────────────

    Error Context: ../test-results/e2e-upload-File-Upload-and-d80cc-ould-display-AI-suggestions-e2e-chromium/error-context.md
]]>
</failure>
<system-out>
<![CDATA[
[[ATTACHMENT|e2e-upload-File-Upload-and-d80cc-ould-display-AI-suggestions-e2e-chromium/test-failed-2.png]]

[[ATTACHMENT|e2e-upload-File-Upload-and-d80cc-ould-display-AI-suggestions-e2e-chromium/test-failed-1.png]]

[[ATTACHMENT|e2e-upload-File-Upload-and-d80cc-ould-display-AI-suggestions-e2e-chromium/video-1.webm]]

[[ATTACHMENT|e2e-upload-File-Upload-and-d80cc-ould-display-AI-suggestions-e2e-chromium/video.webm]]

[[ATTACHMENT|e2e-upload-File-Upload-and-d80cc-ould-display-AI-suggestions-e2e-chromium/error-context.md]]
]]>
</system-out>
</testcase>
<testcase name="File Upload and Analysis › should display ML predictions" classname="e2e/upload.test.ts" time="15.85">
<failure message="upload.test.ts:111:5 should display ML predictions" type="FAILURE">
<![CDATA[  [e2e-chromium] › e2e/upload.test.ts:111:5 › File Upload and Analysis › should display ML predictions 

    TimeoutError: page.waitForURL: Timeout 10000ms exceeded.
    =========================== logs ===========================
    waiting for navigation to "**/dashboard" until "load"
    ============================================================

       at fixtures.ts:32

      30 |
      31 |         // Wait for authentication
    > 32 |         await page.waitForURL('**/dashboard', { timeout: 10000 });
         |                    ^
      33 |
      34 |         // Verify authenticated
      35 |         await expect(page.locator('[data-testid="user-profile"]')).toBeVisible();
        at Object.authenticatedPage (/Users/deepak/Downloads/Projects/StackLens-AI-Deploy/tests/fixtures.ts:32:20)

    attachment #1: screenshot (image/png) ──────────────────────────────────────────────────────────
    ../test-results/e2e-upload-File-Upload-and-5707d-ould-display-ML-predictions-e2e-chromium/test-failed-2.png
    ────────────────────────────────────────────────────────────────────────────────────────────────

    attachment #2: screenshot (image/png) ──────────────────────────────────────────────────────────
    ../test-results/e2e-upload-File-Upload-and-5707d-ould-display-ML-predictions-e2e-chromium/test-failed-1.png
    ────────────────────────────────────────────────────────────────────────────────────────────────

    attachment #3: video (video/webm) ──────────────────────────────────────────────────────────────
    ../test-results/e2e-upload-File-Upload-and-5707d-ould-display-ML-predictions-e2e-chromium/video-1.webm
    ────────────────────────────────────────────────────────────────────────────────────────────────

    attachment #4: video (video/webm) ──────────────────────────────────────────────────────────────
    ../test-results/e2e-upload-File-Upload-and-5707d-ould-display-ML-predictions-e2e-chromium/video.webm
    ────────────────────────────────────────────────────────────────────────────────────────────────

    Error Context: ../test-results/e2e-upload-File-Upload-and-5707d-ould-display-ML-predictions-e2e-chromium/error-context.md
]]>
</failure>
<system-out>
<![CDATA[
[[ATTACHMENT|e2e-upload-File-Upload-and-5707d-ould-display-ML-predictions-e2e-chromium/test-failed-2.png]]

[[ATTACHMENT|e2e-upload-File-Upload-and-5707d-ould-display-ML-predictions-e2e-chromium/test-failed-1.png]]

[[ATTACHMENT|e2e-upload-File-Upload-and-5707d-ould-display-ML-predictions-e2e-chromium/video-1.webm]]

[[ATTACHMENT|e2e-upload-File-Upload-and-5707d-ould-display-ML-predictions-e2e-chromium/video.webm]]

[[ATTACHMENT|e2e-upload-File-Upload-and-5707d-ould-display-ML-predictions-e2e-chromium/error-context.md]]
]]>
</system-out>
</testcase>
<testcase name="File Upload and Analysis › should navigate to error details" classname="e2e/upload.test.ts" time="15.775">
<failure message="upload.test.ts:122:5 should navigate to error details" type="FAILURE">
<![CDATA[  [e2e-chromium] › e2e/upload.test.ts:122:5 › File Upload and Analysis › should navigate to error details 

    TimeoutError: page.waitForURL: Timeout 10000ms exceeded.
    =========================== logs ===========================
    waiting for navigation to "**/dashboard" until "load"
    ============================================================

       at fixtures.ts:32

      30 |
      31 |         // Wait for authentication
    > 32 |         await page.waitForURL('**/dashboard', { timeout: 10000 });
         |                    ^
      33 |
      34 |         // Verify authenticated
      35 |         await expect(page.locator('[data-testid="user-profile"]')).toBeVisible();
        at Object.authenticatedPage (/Users/deepak/Downloads/Projects/StackLens-AI-Deploy/tests/fixtures.ts:32:20)

    attachment #1: screenshot (image/png) ──────────────────────────────────────────────────────────
    ../test-results/e2e-upload-File-Upload-and-ab40c-d-navigate-to-error-details-e2e-chromium/test-failed-1.png
    ────────────────────────────────────────────────────────────────────────────────────────────────

    attachment #2: screenshot (image/png) ──────────────────────────────────────────────────────────
    ../test-results/e2e-upload-File-Upload-and-ab40c-d-navigate-to-error-details-e2e-chromium/test-failed-2.png
    ────────────────────────────────────────────────────────────────────────────────────────────────

    attachment #3: video (video/webm) ──────────────────────────────────────────────────────────────
    ../test-results/e2e-upload-File-Upload-and-ab40c-d-navigate-to-error-details-e2e-chromium/video-1.webm
    ────────────────────────────────────────────────────────────────────────────────────────────────

    attachment #4: video (video/webm) ──────────────────────────────────────────────────────────────
    ../test-results/e2e-upload-File-Upload-and-ab40c-d-navigate-to-error-details-e2e-chromium/video.webm
    ────────────────────────────────────────────────────────────────────────────────────────────────

    Error Context: ../test-results/e2e-upload-File-Upload-and-ab40c-d-navigate-to-error-details-e2e-chromium/error-context.md
]]>
</failure>
<system-out>
<![CDATA[
[[ATTACHMENT|e2e-upload-File-Upload-and-ab40c-d-navigate-to-error-details-e2e-chromium/test-failed-1.png]]

[[ATTACHMENT|e2e-upload-File-Upload-and-ab40c-d-navigate-to-error-details-e2e-chromium/test-failed-2.png]]

[[ATTACHMENT|e2e-upload-File-Upload-and-ab40c-d-navigate-to-error-details-e2e-chromium/video-1.webm]]

[[ATTACHMENT|e2e-upload-File-Upload-and-ab40c-d-navigate-to-error-details-e2e-chromium/video.webm]]

[[ATTACHMENT|e2e-upload-File-Upload-and-ab40c-d-navigate-to-error-details-e2e-chromium/error-context.md]]
]]>
</system-out>
</testcase>
<testcase name="File Upload and Analysis › should handle upload errors gracefully" classname="e2e/upload.test.ts" time="15.904">
<failure message="upload.test.ts:136:5 should handle upload errors gracefully" type="FAILURE">
<![CDATA[  [e2e-chromium] › e2e/upload.test.ts:136:5 › File Upload and Analysis › should handle upload errors gracefully 

    TimeoutError: page.waitForURL: Timeout 10000ms exceeded.
    =========================== logs ===========================
    waiting for navigation to "**/dashboard" until "load"
    ============================================================

       at fixtures.ts:32

      30 |
      31 |         // Wait for authentication
    > 32 |         await page.waitForURL('**/dashboard', { timeout: 10000 });
         |                    ^
      33 |
      34 |         // Verify authenticated
      35 |         await expect(page.locator('[data-testid="user-profile"]')).toBeVisible();
        at Object.authenticatedPage (/Users/deepak/Downloads/Projects/StackLens-AI-Deploy/tests/fixtures.ts:32:20)

    attachment #1: screenshot (image/png) ──────────────────────────────────────────────────────────
    ../test-results/e2e-upload-File-Upload-and-8b50c-le-upload-errors-gracefully-e2e-chromium/test-failed-2.png
    ────────────────────────────────────────────────────────────────────────────────────────────────

    attachment #2: screenshot (image/png) ──────────────────────────────────────────────────────────
    ../test-results/e2e-upload-File-Upload-and-8b50c-le-upload-errors-gracefully-e2e-chromium/test-failed-1.png
    ────────────────────────────────────────────────────────────────────────────────────────────────

    attachment #3: video (video/webm) ──────────────────────────────────────────────────────────────
    ../test-results/e2e-upload-File-Upload-and-8b50c-le-upload-errors-gracefully-e2e-chromium/video-1.webm
    ────────────────────────────────────────────────────────────────────────────────────────────────

    attachment #4: video (video/webm) ──────────────────────────────────────────────────────────────
    ../test-results/e2e-upload-File-Upload-and-8b50c-le-upload-errors-gracefully-e2e-chromium/video.webm
    ────────────────────────────────────────────────────────────────────────────────────────────────

    Error Context: ../test-results/e2e-upload-File-Upload-and-8b50c-le-upload-errors-gracefully-e2e-chromium/error-context.md
]]>
</failure>
<system-out>
<![CDATA[
[[ATTACHMENT|e2e-upload-File-Upload-and-8b50c-le-upload-errors-gracefully-e2e-chromium/test-failed-2.png]]

[[ATTACHMENT|e2e-upload-File-Upload-and-8b50c-le-upload-errors-gracefully-e2e-chromium/test-failed-1.png]]

[[ATTACHMENT|e2e-upload-File-Upload-and-8b50c-le-upload-errors-gracefully-e2e-chromium/video-1.webm]]

[[ATTACHMENT|e2e-upload-File-Upload-and-8b50c-le-upload-errors-gracefully-e2e-chromium/video.webm]]

[[ATTACHMENT|e2e-upload-File-Upload-and-8b50c-le-upload-errors-gracefully-e2e-chromium/error-context.md]]
]]>
</system-out>
</testcase>
</testsuite>
<testsuite name="e2e/auth.test.ts" timestamp="2025-10-10T06:55:27.522Z" hostname="e2e-firefox" tests="6" failures="6" skipped="0" time="8.532" errors="0">
<testcase name="Authentication › should display login page" classname="e2e/auth.test.ts" time="2.125">
<failure message="auth.test.ts:13:5 should display login page" type="FAILURE">
<![CDATA[  [e2e-firefox] › e2e/auth.test.ts:13:5 › Authentication › should display login page ───────────────

    Error: page.goto: NS_ERROR_NET_EMPTY_RESPONSE
    Call log:
      - navigating to "http://localhost:5173/", waiting until "load"


       8 | test.describe('Authentication', () => {
       9 |     test.beforeEach(async ({ page }) => {
    > 10 |         await page.goto('/');
         |                    ^
      11 |     });
      12 |
      13 |     test('should display login page', async ({ page }) => {
        at /Users/deepak/Downloads/Projects/StackLens-AI-Deploy/tests/e2e/auth.test.ts:10:20

    attachment #1: screenshot (image/png) ──────────────────────────────────────────────────────────
    ../test-results/e2e-auth-Authentication-should-display-login-page-e2e-firefox/test-failed-1.png
    ────────────────────────────────────────────────────────────────────────────────────────────────

    attachment #2: video (video/webm) ──────────────────────────────────────────────────────────────
    ../test-results/e2e-auth-Authentication-should-display-login-page-e2e-firefox/video.webm
    ────────────────────────────────────────────────────────────────────────────────────────────────

    Error Context: ../test-results/e2e-auth-Authentication-should-display-login-page-e2e-firefox/error-context.md
]]>
</failure>
<system-out>
<![CDATA[
[[ATTACHMENT|e2e-auth-Authentication-should-display-login-page-e2e-firefox/test-failed-1.png]]

[[ATTACHMENT|e2e-auth-Authentication-should-display-login-page-e2e-firefox/video.webm]]

[[ATTACHMENT|e2e-auth-Authentication-should-display-login-page-e2e-firefox/error-context.md]]
]]>
</system-out>
</testcase>
<testcase name="Authentication › should login with Google successfully" classname="e2e/auth.test.ts" time="1.267">
<failure message="auth.test.ts:19:5 should login with Google successfully" type="FAILURE">
<![CDATA[  [e2e-firefox] › e2e/auth.test.ts:19:5 › Authentication › should login with Google successfully ───

    Error: page.goto: NS_ERROR_NET_EMPTY_RESPONSE
    Call log:
      - navigating to "http://localhost:5173/", waiting until "load"


       8 | test.describe('Authentication', () => {
       9 |     test.beforeEach(async ({ page }) => {
    > 10 |         await page.goto('/');
         |                    ^
      11 |     });
      12 |
      13 |     test('should display login page', async ({ page }) => {
        at /Users/deepak/Downloads/Projects/StackLens-AI-Deploy/tests/e2e/auth.test.ts:10:20

    attachment #1: screenshot (image/png) ──────────────────────────────────────────────────────────
    ../test-results/e2e-auth-Authentication-sh-73416-in-with-Google-successfully-e2e-firefox/test-failed-1.png
    ────────────────────────────────────────────────────────────────────────────────────────────────

    attachment #2: video (video/webm) ──────────────────────────────────────────────────────────────
    ../test-results/e2e-auth-Authentication-sh-73416-in-with-Google-successfully-e2e-firefox/video.webm
    ────────────────────────────────────────────────────────────────────────────────────────────────

    Error Context: ../test-results/e2e-auth-Authentication-sh-73416-in-with-Google-successfully-e2e-firefox/error-context.md
]]>
</failure>
<system-out>
<![CDATA[
[[ATTACHMENT|e2e-auth-Authentication-sh-73416-in-with-Google-successfully-e2e-firefox/test-failed-1.png]]

[[ATTACHMENT|e2e-auth-Authentication-sh-73416-in-with-Google-successfully-e2e-firefox/video.webm]]

[[ATTACHMENT|e2e-auth-Authentication-sh-73416-in-with-Google-successfully-e2e-firefox/error-context.md]]
]]>
</system-out>
</testcase>
<testcase name="Authentication › should display user profile after login" classname="e2e/auth.test.ts" time="1.247">
<failure message="auth.test.ts:31:5 should display user profile after login" type="FAILURE">
<![CDATA[  [e2e-firefox] › e2e/auth.test.ts:31:5 › Authentication › should display user profile after login ─

    Error: page.goto: NS_ERROR_NET_EMPTY_RESPONSE
    Call log:
      - navigating to "http://localhost:5173/", waiting until "load"


       8 | test.describe('Authentication', () => {
       9 |     test.beforeEach(async ({ page }) => {
    > 10 |         await page.goto('/');
         |                    ^
      11 |     });
      12 |
      13 |     test('should display login page', async ({ page }) => {
        at /Users/deepak/Downloads/Projects/StackLens-AI-Deploy/tests/e2e/auth.test.ts:10:20

    attachment #1: screenshot (image/png) ──────────────────────────────────────────────────────────
    ../test-results/e2e-auth-Authentication-sh-6a33f-ay-user-profile-after-login-e2e-firefox/test-failed-1.png
    ────────────────────────────────────────────────────────────────────────────────────────────────

    attachment #2: video (video/webm) ──────────────────────────────────────────────────────────────
    ../test-results/e2e-auth-Authentication-sh-6a33f-ay-user-profile-after-login-e2e-firefox/video.webm
    ────────────────────────────────────────────────────────────────────────────────────────────────

    Error Context: ../test-results/e2e-auth-Authentication-sh-6a33f-ay-user-profile-after-login-e2e-firefox/error-context.md
]]>
</failure>
<system-out>
<![CDATA[
[[ATTACHMENT|e2e-auth-Authentication-sh-6a33f-ay-user-profile-after-login-e2e-firefox/test-failed-1.png]]

[[ATTACHMENT|e2e-auth-Authentication-sh-6a33f-ay-user-profile-after-login-e2e-firefox/video.webm]]

[[ATTACHMENT|e2e-auth-Authentication-sh-6a33f-ay-user-profile-after-login-e2e-firefox/error-context.md]]
]]>
</system-out>
</testcase>
<testcase name="Authentication › should logout successfully" classname="e2e/auth.test.ts" time="1.187">
<failure message="auth.test.ts:37:5 should logout successfully" type="FAILURE">
<![CDATA[  [e2e-firefox] › e2e/auth.test.ts:37:5 › Authentication › should logout successfully ──────────────

    Error: page.goto: NS_ERROR_NET_EMPTY_RESPONSE
    Call log:
      - navigating to "http://localhost:5173/", waiting until "load"


       8 | test.describe('Authentication', () => {
       9 |     test.beforeEach(async ({ page }) => {
    > 10 |         await page.goto('/');
         |                    ^
      11 |     });
      12 |
      13 |     test('should display login page', async ({ page }) => {
        at /Users/deepak/Downloads/Projects/StackLens-AI-Deploy/tests/e2e/auth.test.ts:10:20

    attachment #1: screenshot (image/png) ──────────────────────────────────────────────────────────
    ../test-results/e2e-auth-Authentication-should-logout-successfully-e2e-firefox/test-failed-1.png
    ────────────────────────────────────────────────────────────────────────────────────────────────

    attachment #2: video (video/webm) ──────────────────────────────────────────────────────────────
    ../test-results/e2e-auth-Authentication-should-logout-successfully-e2e-firefox/video.webm
    ────────────────────────────────────────────────────────────────────────────────────────────────

    Error Context: ../test-results/e2e-auth-Authentication-should-logout-successfully-e2e-firefox/error-context.md
]]>
</failure>
<system-out>
<![CDATA[
[[ATTACHMENT|e2e-auth-Authentication-should-logout-successfully-e2e-firefox/test-failed-1.png]]

[[ATTACHMENT|e2e-auth-Authentication-should-logout-successfully-e2e-firefox/video.webm]]

[[ATTACHMENT|e2e-auth-Authentication-should-logout-successfully-e2e-firefox/error-context.md]]
]]>
</system-out>
</testcase>
<testcase name="Authentication › should persist session on page reload" classname="e2e/auth.test.ts" time="1.244">
<failure message="auth.test.ts:47:5 should persist session on page reload" type="FAILURE">
<![CDATA[  [e2e-firefox] › e2e/auth.test.ts:47:5 › Authentication › should persist session on page reload ───

    Error: page.goto: NS_ERROR_NET_EMPTY_RESPONSE
    Call log:
      - navigating to "http://localhost:5173/", waiting until "load"


       8 | test.describe('Authentication', () => {
       9 |     test.beforeEach(async ({ page }) => {
    > 10 |         await page.goto('/');
         |                    ^
      11 |     });
      12 |
      13 |     test('should display login page', async ({ page }) => {
        at /Users/deepak/Downloads/Projects/StackLens-AI-Deploy/tests/e2e/auth.test.ts:10:20

    attachment #1: screenshot (image/png) ──────────────────────────────────────────────────────────
    ../test-results/e2e-auth-Authentication-sh-c5bd4-sist-session-on-page-reload-e2e-firefox/test-failed-1.png
    ────────────────────────────────────────────────────────────────────────────────────────────────

    attachment #2: video (video/webm) ──────────────────────────────────────────────────────────────
    ../test-results/e2e-auth-Authentication-sh-c5bd4-sist-session-on-page-reload-e2e-firefox/video.webm
    ────────────────────────────────────────────────────────────────────────────────────────────────

    Error Context: ../test-results/e2e-auth-Authentication-sh-c5bd4-sist-session-on-page-reload-e2e-firefox/error-context.md
]]>
</failure>
<system-out>
<![CDATA[
[[ATTACHMENT|e2e-auth-Authentication-sh-c5bd4-sist-session-on-page-reload-e2e-firefox/test-failed-1.png]]

[[ATTACHMENT|e2e-auth-Authentication-sh-c5bd4-sist-session-on-page-reload-e2e-firefox/video.webm]]

[[ATTACHMENT|e2e-auth-Authentication-sh-c5bd4-sist-session-on-page-reload-e2e-firefox/error-context.md]]
]]>
</system-out>
</testcase>
<testcase name="Authentication › should handle authentication errors" classname="e2e/auth.test.ts" time="1.462">
<failure message="auth.test.ts:55:5 should handle authentication errors" type="FAILURE">
<![CDATA[  [e2e-firefox] › e2e/auth.test.ts:55:5 › Authentication › should handle authentication errors ─────

    Error: page.goto: NS_ERROR_NET_EMPTY_RESPONSE
    Call log:
      - navigating to "http://localhost:5173/", waiting until "load"


       8 | test.describe('Authentication', () => {
       9 |     test.beforeEach(async ({ page }) => {
    > 10 |         await page.goto('/');
         |                    ^
      11 |     });
      12 |
      13 |     test('should display login page', async ({ page }) => {
        at /Users/deepak/Downloads/Projects/StackLens-AI-Deploy/tests/e2e/auth.test.ts:10:20

    attachment #1: screenshot (image/png) ──────────────────────────────────────────────────────────
    ../test-results/e2e-auth-Authentication-should-handle-authentication-errors-e2e-firefox/test-failed-1.png
    ────────────────────────────────────────────────────────────────────────────────────────────────

    attachment #2: video (video/webm) ──────────────────────────────────────────────────────────────
    ../test-results/e2e-auth-Authentication-should-handle-authentication-errors-e2e-firefox/video.webm
    ────────────────────────────────────────────────────────────────────────────────────────────────

    Error Context: ../test-results/e2e-auth-Authentication-should-handle-authentication-errors-e2e-firefox/error-context.md
]]>
</failure>
<system-out>
<![CDATA[
[[ATTACHMENT|e2e-auth-Authentication-should-handle-authentication-errors-e2e-firefox/test-failed-1.png]]

[[ATTACHMENT|e2e-auth-Authentication-should-handle-authentication-errors-e2e-firefox/video.webm]]

[[ATTACHMENT|e2e-auth-Authentication-should-handle-authentication-errors-e2e-firefox/error-context.md]]
]]>
</system-out>
</testcase>
</testsuite>
<testsuite name="e2e/dashboard.test.ts" timestamp="2025-10-10T06:55:27.522Z" hostname="e2e-firefox" tests="18" failures="18" skipped="0" time="38.413" errors="0">
<testcase name="Error Dashboard › should display dashboard with error statistics" classname="e2e/dashboard.test.ts" time="1.862">
<failure message="dashboard.test.ts:15:5 should display dashboard with error statistics" type="FAILURE">
<![CDATA[  [e2e-firefox] › e2e/dashboard.test.ts:15:5 › Error Dashboard › should display dashboard with error statistics 

    Error: page.goto: NS_ERROR_NET_EMPTY_RESPONSE
    Call log:
      - navigating to "http://localhost:5173/", waiting until "load"


       at fixtures.ts:26

      24 |     authenticatedPage: async ({ page }, use) => {
      25 |         // Navigate to login
    > 26 |         await page.goto('/');
         |                    ^
      27 |
      28 |         // Perform Firebase Google Sign-in (using test credentials)
      29 |         await page.click('button:has-text("Sign in with Google")');
        at Object.authenticatedPage (/Users/deepak/Downloads/Projects/StackLens-AI-Deploy/tests/fixtures.ts:26:20)

    attachment #1: screenshot (image/png) ──────────────────────────────────────────────────────────
    ../test-results/e2e-dashboard-Error-Dashbo-2f8a5-board-with-error-statistics-e2e-firefox/test-failed-1.png
    ────────────────────────────────────────────────────────────────────────────────────────────────

    attachment #2: video (video/webm) ──────────────────────────────────────────────────────────────
    ../test-results/e2e-dashboard-Error-Dashbo-2f8a5-board-with-error-statistics-e2e-firefox/video.webm
    ────────────────────────────────────────────────────────────────────────────────────────────────

    Error Context: ../test-results/e2e-dashboard-Error-Dashbo-2f8a5-board-with-error-statistics-e2e-firefox/error-context.md
]]>
</failure>
<system-out>
<![CDATA[
[[ATTACHMENT|e2e-dashboard-Error-Dashbo-2f8a5-board-with-error-statistics-e2e-firefox/test-failed-1.png]]

[[ATTACHMENT|e2e-dashboard-Error-Dashbo-2f8a5-board-with-error-statistics-e2e-firefox/video.webm]]

[[ATTACHMENT|e2e-dashboard-Error-Dashbo-2f8a5-board-with-error-statistics-e2e-firefox/error-context.md]]
]]>
</system-out>
</testcase>
<testcase name="Error Dashboard › should display error severity breakdown" classname="e2e/dashboard.test.ts" time="2.118">
<failure message="dashboard.test.ts:22:5 should display error severity breakdown" type="FAILURE">
<![CDATA[  [e2e-firefox] › e2e/dashboard.test.ts:22:5 › Error Dashboard › should display error severity breakdown 

    Error: page.goto: NS_ERROR_NET_EMPTY_RESPONSE
    Call log:
      - navigating to "http://localhost:5173/", waiting until "load"


       at fixtures.ts:26

      24 |     authenticatedPage: async ({ page }, use) => {
      25 |         // Navigate to login
    > 26 |         await page.goto('/');
         |                    ^
      27 |
      28 |         // Perform Firebase Google Sign-in (using test credentials)
      29 |         await page.click('button:has-text("Sign in with Google")');
        at Object.authenticatedPage (/Users/deepak/Downloads/Projects/StackLens-AI-Deploy/tests/fixtures.ts:26:20)

    attachment #1: screenshot (image/png) ──────────────────────────────────────────────────────────
    ../test-results/e2e-dashboard-Error-Dashbo-7efcf-ay-error-severity-breakdown-e2e-firefox/test-failed-1.png
    ────────────────────────────────────────────────────────────────────────────────────────────────

    attachment #2: video (video/webm) ──────────────────────────────────────────────────────────────
    ../test-results/e2e-dashboard-Error-Dashbo-7efcf-ay-error-severity-breakdown-e2e-firefox/video.webm
    ────────────────────────────────────────────────────────────────────────────────────────────────

    Error Context: ../test-results/e2e-dashboard-Error-Dashbo-7efcf-ay-error-severity-breakdown-e2e-firefox/error-context.md
]]>
</failure>
<system-out>
<![CDATA[
[[ATTACHMENT|e2e-dashboard-Error-Dashbo-7efcf-ay-error-severity-breakdown-e2e-firefox/test-failed-1.png]]

[[ATTACHMENT|e2e-dashboard-Error-Dashbo-7efcf-ay-error-severity-breakdown-e2e-firefox/video.webm]]

[[ATTACHMENT|e2e-dashboard-Error-Dashbo-7efcf-ay-error-severity-breakdown-e2e-firefox/error-context.md]]
]]>
</system-out>
</testcase>
<testcase name="Error Dashboard › should filter errors by store" classname="e2e/dashboard.test.ts" time="2.294">
<failure message="dashboard.test.ts:29:5 should filter errors by store" type="FAILURE">
<![CDATA[  [e2e-firefox] › e2e/dashboard.test.ts:29:5 › Error Dashboard › should filter errors by store ─────

    Error: page.goto: NS_ERROR_NET_EMPTY_RESPONSE
    Call log:
      - navigating to "http://localhost:5173/", waiting until "load"


       at fixtures.ts:26

      24 |     authenticatedPage: async ({ page }, use) => {
      25 |         // Navigate to login
    > 26 |         await page.goto('/');
         |                    ^
      27 |
      28 |         // Perform Firebase Google Sign-in (using test credentials)
      29 |         await page.click('button:has-text("Sign in with Google")');
        at Object.authenticatedPage (/Users/deepak/Downloads/Projects/StackLens-AI-Deploy/tests/fixtures.ts:26:20)

    attachment #1: screenshot (image/png) ──────────────────────────────────────────────────────────
    ../test-results/e2e-dashboard-Error-Dashboard-should-filter-errors-by-store-e2e-firefox/test-failed-1.png
    ────────────────────────────────────────────────────────────────────────────────────────────────

    attachment #2: video (video/webm) ──────────────────────────────────────────────────────────────
    ../test-results/e2e-dashboard-Error-Dashboard-should-filter-errors-by-store-e2e-firefox/video.webm
    ────────────────────────────────────────────────────────────────────────────────────────────────

    Error Context: ../test-results/e2e-dashboard-Error-Dashboard-should-filter-errors-by-store-e2e-firefox/error-context.md
]]>
</failure>
<system-out>
<![CDATA[
[[ATTACHMENT|e2e-dashboard-Error-Dashboard-should-filter-errors-by-store-e2e-firefox/test-failed-1.png]]

[[ATTACHMENT|e2e-dashboard-Error-Dashboard-should-filter-errors-by-store-e2e-firefox/video.webm]]

[[ATTACHMENT|e2e-dashboard-Error-Dashboard-should-filter-errors-by-store-e2e-firefox/error-context.md]]
]]>
</system-out>
</testcase>
<testcase name="Error Dashboard › should filter errors by kiosk" classname="e2e/dashboard.test.ts" time="1.842">
<failure message="dashboard.test.ts:44:5 should filter errors by kiosk" type="FAILURE">
<![CDATA[  [e2e-firefox] › e2e/dashboard.test.ts:44:5 › Error Dashboard › should filter errors by kiosk ─────

    Error: page.goto: NS_ERROR_NET_EMPTY_RESPONSE
    Call log:
      - navigating to "http://localhost:5173/", waiting until "load"


       at fixtures.ts:26

      24 |     authenticatedPage: async ({ page }, use) => {
      25 |         // Navigate to login
    > 26 |         await page.goto('/');
         |                    ^
      27 |
      28 |         // Perform Firebase Google Sign-in (using test credentials)
      29 |         await page.click('button:has-text("Sign in with Google")');
        at Object.authenticatedPage (/Users/deepak/Downloads/Projects/StackLens-AI-Deploy/tests/fixtures.ts:26:20)

    attachment #1: screenshot (image/png) ──────────────────────────────────────────────────────────
    ../test-results/e2e-dashboard-Error-Dashboard-should-filter-errors-by-kiosk-e2e-firefox/test-failed-1.png
    ────────────────────────────────────────────────────────────────────────────────────────────────

    attachment #2: video (video/webm) ──────────────────────────────────────────────────────────────
    ../test-results/e2e-dashboard-Error-Dashboard-should-filter-errors-by-kiosk-e2e-firefox/video.webm
    ────────────────────────────────────────────────────────────────────────────────────────────────

    Error Context: ../test-results/e2e-dashboard-Error-Dashboard-should-filter-errors-by-kiosk-e2e-firefox/error-context.md
]]>
</failure>
<system-out>
<![CDATA[
[[ATTACHMENT|e2e-dashboard-Error-Dashboard-should-filter-errors-by-kiosk-e2e-firefox/test-failed-1.png]]

[[ATTACHMENT|e2e-dashboard-Error-Dashboard-should-filter-errors-by-kiosk-e2e-firefox/video.webm]]

[[ATTACHMENT|e2e-dashboard-Error-Dashboard-should-filter-errors-by-kiosk-e2e-firefox/error-context.md]]
]]>
</system-out>
</testcase>
<testcase name="Error Dashboard › should filter errors by severity" classname="e2e/dashboard.test.ts" time="1.852">
<failure message="dashboard.test.ts:57:5 should filter errors by severity" type="FAILURE">
<![CDATA[  [e2e-firefox] › e2e/dashboard.test.ts:57:5 › Error Dashboard › should filter errors by severity ──

    Error: page.goto: NS_ERROR_NET_EMPTY_RESPONSE
    Call log:
      - navigating to "http://localhost:5173/", waiting until "load"


       at fixtures.ts:26

      24 |     authenticatedPage: async ({ page }, use) => {
      25 |         // Navigate to login
    > 26 |         await page.goto('/');
         |                    ^
      27 |
      28 |         // Perform Firebase Google Sign-in (using test credentials)
      29 |         await page.click('button:has-text("Sign in with Google")');
        at Object.authenticatedPage (/Users/deepak/Downloads/Projects/StackLens-AI-Deploy/tests/fixtures.ts:26:20)

    attachment #1: screenshot (image/png) ──────────────────────────────────────────────────────────
    ../test-results/e2e-dashboard-Error-Dashbo-c3f10-d-filter-errors-by-severity-e2e-firefox/test-failed-1.png
    ────────────────────────────────────────────────────────────────────────────────────────────────

    attachment #2: video (video/webm) ──────────────────────────────────────────────────────────────
    ../test-results/e2e-dashboard-Error-Dashbo-c3f10-d-filter-errors-by-severity-e2e-firefox/video.webm
    ────────────────────────────────────────────────────────────────────────────────────────────────

    Error Context: ../test-results/e2e-dashboard-Error-Dashbo-c3f10-d-filter-errors-by-severity-e2e-firefox/error-context.md
]]>
</failure>
<system-out>
<![CDATA[
[[ATTACHMENT|e2e-dashboard-Error-Dashbo-c3f10-d-filter-errors-by-severity-e2e-firefox/test-failed-1.png]]

[[ATTACHMENT|e2e-dashboard-Error-Dashbo-c3f10-d-filter-errors-by-severity-e2e-firefox/video.webm]]

[[ATTACHMENT|e2e-dashboard-Error-Dashbo-c3f10-d-filter-errors-by-severity-e2e-firefox/error-context.md]]
]]>
</system-out>
</testcase>
<testcase name="Error Dashboard › should filter errors by date range" classname="e2e/dashboard.test.ts" time="1.996">
<failure message="dashboard.test.ts:67:5 should filter errors by date range" type="FAILURE">
<![CDATA[  [e2e-firefox] › e2e/dashboard.test.ts:67:5 › Error Dashboard › should filter errors by date range 

    Error: page.goto: NS_ERROR_NET_EMPTY_RESPONSE
    Call log:
      - navigating to "http://localhost:5173/", waiting until "load"


       at fixtures.ts:26

      24 |     authenticatedPage: async ({ page }, use) => {
      25 |         // Navigate to login
    > 26 |         await page.goto('/');
         |                    ^
      27 |
      28 |         // Perform Firebase Google Sign-in (using test credentials)
      29 |         await page.click('button:has-text("Sign in with Google")');
        at Object.authenticatedPage (/Users/deepak/Downloads/Projects/StackLens-AI-Deploy/tests/fixtures.ts:26:20)

    attachment #1: screenshot (image/png) ──────────────────────────────────────────────────────────
    ../test-results/e2e-dashboard-Error-Dashbo-bcfaa-filter-errors-by-date-range-e2e-firefox/test-failed-1.png
    ────────────────────────────────────────────────────────────────────────────────────────────────

    attachment #2: video (video/webm) ──────────────────────────────────────────────────────────────
    ../test-results/e2e-dashboard-Error-Dashbo-bcfaa-filter-errors-by-date-range-e2e-firefox/video.webm
    ────────────────────────────────────────────────────────────────────────────────────────────────

    Error Context: ../test-results/e2e-dashboard-Error-Dashbo-bcfaa-filter-errors-by-date-range-e2e-firefox/error-context.md
]]>
</failure>
<system-out>
<![CDATA[
[[ATTACHMENT|e2e-dashboard-Error-Dashbo-bcfaa-filter-errors-by-date-range-e2e-firefox/test-failed-1.png]]

[[ATTACHMENT|e2e-dashboard-Error-Dashbo-bcfaa-filter-errors-by-date-range-e2e-firefox/video.webm]]

[[ATTACHMENT|e2e-dashboard-Error-Dashbo-bcfaa-filter-errors-by-date-range-e2e-firefox/error-context.md]]
]]>
</system-out>
</testcase>
<testcase name="Error Dashboard › should apply multiple filters together" classname="e2e/dashboard.test.ts" time="2.206">
<failure message="dashboard.test.ts:82:5 should apply multiple filters together" type="FAILURE">
<![CDATA[  [e2e-firefox] › e2e/dashboard.test.ts:82:5 › Error Dashboard › should apply multiple filters together 

    Error: page.goto: NS_ERROR_NET_EMPTY_RESPONSE
    Call log:
      - navigating to "http://localhost:5173/", waiting until "load"


       at fixtures.ts:26

      24 |     authenticatedPage: async ({ page }, use) => {
      25 |         // Navigate to login
    > 26 |         await page.goto('/');
         |                    ^
      27 |
      28 |         // Perform Firebase Google Sign-in (using test credentials)
      29 |         await page.click('button:has-text("Sign in with Google")');
        at Object.authenticatedPage (/Users/deepak/Downloads/Projects/StackLens-AI-Deploy/tests/fixtures.ts:26:20)

    attachment #1: screenshot (image/png) ──────────────────────────────────────────────────────────
    ../test-results/e2e-dashboard-Error-Dashbo-c876a-y-multiple-filters-together-e2e-firefox/test-failed-1.png
    ────────────────────────────────────────────────────────────────────────────────────────────────

    attachment #2: video (video/webm) ──────────────────────────────────────────────────────────────
    ../test-results/e2e-dashboard-Error-Dashbo-c876a-y-multiple-filters-together-e2e-firefox/video.webm
    ────────────────────────────────────────────────────────────────────────────────────────────────

    Error Context: ../test-results/e2e-dashboard-Error-Dashbo-c876a-y-multiple-filters-together-e2e-firefox/error-context.md
]]>
</failure>
<system-out>
<![CDATA[
[[ATTACHMENT|e2e-dashboard-Error-Dashbo-c876a-y-multiple-filters-together-e2e-firefox/test-failed-1.png]]

[[ATTACHMENT|e2e-dashboard-Error-Dashbo-c876a-y-multiple-filters-together-e2e-firefox/video.webm]]

[[ATTACHMENT|e2e-dashboard-Error-Dashbo-c876a-y-multiple-filters-together-e2e-firefox/error-context.md]]
]]>
</system-out>
</testcase>
<testcase name="Error Dashboard › should clear all filters" classname="e2e/dashboard.test.ts" time="2.098">
<failure message="dashboard.test.ts:100:5 should clear all filters" type="FAILURE">
<![CDATA[  [e2e-firefox] › e2e/dashboard.test.ts:100:5 › Error Dashboard › should clear all filters ─────────

    Error: page.goto: NS_ERROR_NET_EMPTY_RESPONSE
    Call log:
      - navigating to "http://localhost:5173/", waiting until "load"


       at fixtures.ts:26

      24 |     authenticatedPage: async ({ page }, use) => {
      25 |         // Navigate to login
    > 26 |         await page.goto('/');
         |                    ^
      27 |
      28 |         // Perform Firebase Google Sign-in (using test credentials)
      29 |         await page.click('button:has-text("Sign in with Google")');
        at Object.authenticatedPage (/Users/deepak/Downloads/Projects/StackLens-AI-Deploy/tests/fixtures.ts:26:20)

    attachment #1: screenshot (image/png) ──────────────────────────────────────────────────────────
    ../test-results/e2e-dashboard-Error-Dashboard-should-clear-all-filters-e2e-firefox/test-failed-1.png
    ────────────────────────────────────────────────────────────────────────────────────────────────

    attachment #2: video (video/webm) ──────────────────────────────────────────────────────────────
    ../test-results/e2e-dashboard-Error-Dashboard-should-clear-all-filters-e2e-firefox/video.webm
    ────────────────────────────────────────────────────────────────────────────────────────────────

    Error Context: ../test-results/e2e-dashboard-Error-Dashboard-should-clear-all-filters-e2e-firefox/error-context.md
]]>
</failure>
<system-out>
<![CDATA[
[[ATTACHMENT|e2e-dashboard-Error-Dashboard-should-clear-all-filters-e2e-firefox/test-failed-1.png]]

[[ATTACHMENT|e2e-dashboard-Error-Dashboard-should-clear-all-filters-e2e-firefox/video.webm]]

[[ATTACHMENT|e2e-dashboard-Error-Dashboard-should-clear-all-filters-e2e-firefox/error-context.md]]
]]>
</system-out>
</testcase>
<testcase name="Error Dashboard › should search errors by keyword" classname="e2e/dashboard.test.ts" time="2.225">
<failure message="dashboard.test.ts:116:5 should search errors by keyword" type="FAILURE">
<![CDATA[  [e2e-firefox] › e2e/dashboard.test.ts:116:5 › Error Dashboard › should search errors by keyword ──

    Error: page.goto: NS_ERROR_NET_EMPTY_RESPONSE
    Call log:
      - navigating to "http://localhost:5173/", waiting until "load"


       at fixtures.ts:26

      24 |     authenticatedPage: async ({ page }, use) => {
      25 |         // Navigate to login
    > 26 |         await page.goto('/');
         |                    ^
      27 |
      28 |         // Perform Firebase Google Sign-in (using test credentials)
      29 |         await page.click('button:has-text("Sign in with Google")');
        at Object.authenticatedPage (/Users/deepak/Downloads/Projects/StackLens-AI-Deploy/tests/fixtures.ts:26:20)

    attachment #1: screenshot (image/png) ──────────────────────────────────────────────────────────
    ../test-results/e2e-dashboard-Error-Dashbo-bcbbc-ld-search-errors-by-keyword-e2e-firefox/test-failed-1.png
    ────────────────────────────────────────────────────────────────────────────────────────────────

    attachment #2: video (video/webm) ──────────────────────────────────────────────────────────────
    ../test-results/e2e-dashboard-Error-Dashbo-bcbbc-ld-search-errors-by-keyword-e2e-firefox/video.webm
    ────────────────────────────────────────────────────────────────────────────────────────────────

    Error Context: ../test-results/e2e-dashboard-Error-Dashbo-bcbbc-ld-search-errors-by-keyword-e2e-firefox/error-context.md
]]>
</failure>
<system-out>
<![CDATA[
[[ATTACHMENT|e2e-dashboard-Error-Dashbo-bcbbc-ld-search-errors-by-keyword-e2e-firefox/test-failed-1.png]]

[[ATTACHMENT|e2e-dashboard-Error-Dashbo-bcbbc-ld-search-errors-by-keyword-e2e-firefox/video.webm]]

[[ATTACHMENT|e2e-dashboard-Error-Dashbo-bcbbc-ld-search-errors-by-keyword-e2e-firefox/error-context.md]]
]]>
</system-out>
</testcase>
<testcase name="Error Dashboard › should paginate through error results" classname="e2e/dashboard.test.ts" time="2.182">
<failure message="dashboard.test.ts:127:5 should paginate through error results" type="FAILURE">
<![CDATA[  [e2e-firefox] › e2e/dashboard.test.ts:127:5 › Error Dashboard › should paginate through error results 

    Error: page.goto: NS_ERROR_NET_EMPTY_RESPONSE
    Call log:
      - navigating to "http://localhost:5173/", waiting until "load"


       at fixtures.ts:26

      24 |     authenticatedPage: async ({ page }, use) => {
      25 |         // Navigate to login
    > 26 |         await page.goto('/');
         |                    ^
      27 |
      28 |         // Perform Firebase Google Sign-in (using test credentials)
      29 |         await page.click('button:has-text("Sign in with Google")');
        at Object.authenticatedPage (/Users/deepak/Downloads/Projects/StackLens-AI-Deploy/tests/fixtures.ts:26:20)

    attachment #1: screenshot (image/png) ──────────────────────────────────────────────────────────
    ../test-results/e2e-dashboard-Error-Dashbo-509b8-inate-through-error-results-e2e-firefox/test-failed-1.png
    ────────────────────────────────────────────────────────────────────────────────────────────────

    attachment #2: video (video/webm) ──────────────────────────────────────────────────────────────
    ../test-results/e2e-dashboard-Error-Dashbo-509b8-inate-through-error-results-e2e-firefox/video.webm
    ────────────────────────────────────────────────────────────────────────────────────────────────

    Error Context: ../test-results/e2e-dashboard-Error-Dashbo-509b8-inate-through-error-results-e2e-firefox/error-context.md
]]>
</failure>
<system-out>
<![CDATA[
[[ATTACHMENT|e2e-dashboard-Error-Dashbo-509b8-inate-through-error-results-e2e-firefox/test-failed-1.png]]

[[ATTACHMENT|e2e-dashboard-Error-Dashbo-509b8-inate-through-error-results-e2e-firefox/video.webm]]

[[ATTACHMENT|e2e-dashboard-Error-Dashbo-509b8-inate-through-error-results-e2e-firefox/error-context.md]]
]]>
</system-out>
</testcase>
<testcase name="Error Dashboard › should change items per page" classname="e2e/dashboard.test.ts" time="2.05">
<failure message="dashboard.test.ts:139:5 should change items per page" type="FAILURE">
<![CDATA[  [e2e-firefox] › e2e/dashboard.test.ts:139:5 › Error Dashboard › should change items per page ─────

    Error: page.goto: NS_ERROR_NET_EMPTY_RESPONSE
    Call log:
      - navigating to "http://localhost:5173/", waiting until "load"


       at fixtures.ts:26

      24 |     authenticatedPage: async ({ page }, use) => {
      25 |         // Navigate to login
    > 26 |         await page.goto('/');
         |                    ^
      27 |
      28 |         // Perform Firebase Google Sign-in (using test credentials)
      29 |         await page.click('button:has-text("Sign in with Google")');
        at Object.authenticatedPage (/Users/deepak/Downloads/Projects/StackLens-AI-Deploy/tests/fixtures.ts:26:20)

    attachment #1: screenshot (image/png) ──────────────────────────────────────────────────────────
    ../test-results/e2e-dashboard-Error-Dashboard-should-change-items-per-page-e2e-firefox/test-failed-1.png
    ────────────────────────────────────────────────────────────────────────────────────────────────

    attachment #2: video (video/webm) ──────────────────────────────────────────────────────────────
    ../test-results/e2e-dashboard-Error-Dashboard-should-change-items-per-page-e2e-firefox/video.webm
    ────────────────────────────────────────────────────────────────────────────────────────────────

    Error Context: ../test-results/e2e-dashboard-Error-Dashboard-should-change-items-per-page-e2e-firefox/error-context.md
]]>
</failure>
<system-out>
<![CDATA[
[[ATTACHMENT|e2e-dashboard-Error-Dashboard-should-change-items-per-page-e2e-firefox/test-failed-1.png]]

[[ATTACHMENT|e2e-dashboard-Error-Dashboard-should-change-items-per-page-e2e-firefox/video.webm]]

[[ATTACHMENT|e2e-dashboard-Error-Dashboard-should-change-items-per-page-e2e-firefox/error-context.md]]
]]>
</system-out>
</testcase>
<testcase name="Error Dashboard › should sort errors by severity" classname="e2e/dashboard.test.ts" time="2.169">
<failure message="dashboard.test.ts:149:5 should sort errors by severity" type="FAILURE">
<![CDATA[  [e2e-firefox] › e2e/dashboard.test.ts:149:5 › Error Dashboard › should sort errors by severity ───

    Error: page.goto: NS_ERROR_NET_EMPTY_RESPONSE
    Call log:
      - navigating to "http://localhost:5173/", waiting until "load"


       at fixtures.ts:26

      24 |     authenticatedPage: async ({ page }, use) => {
      25 |         // Navigate to login
    > 26 |         await page.goto('/');
         |                    ^
      27 |
      28 |         // Perform Firebase Google Sign-in (using test credentials)
      29 |         await page.click('button:has-text("Sign in with Google")');
        at Object.authenticatedPage (/Users/deepak/Downloads/Projects/StackLens-AI-Deploy/tests/fixtures.ts:26:20)

    attachment #1: screenshot (image/png) ──────────────────────────────────────────────────────────
    ../test-results/e2e-dashboard-Error-Dashboard-should-sort-errors-by-severity-e2e-firefox/test-failed-1.png
    ────────────────────────────────────────────────────────────────────────────────────────────────

    attachment #2: video (video/webm) ──────────────────────────────────────────────────────────────
    ../test-results/e2e-dashboard-Error-Dashboard-should-sort-errors-by-severity-e2e-firefox/video.webm
    ────────────────────────────────────────────────────────────────────────────────────────────────

    Error Context: ../test-results/e2e-dashboard-Error-Dashboard-should-sort-errors-by-severity-e2e-firefox/error-context.md
]]>
</failure>
<system-out>
<![CDATA[
[[ATTACHMENT|e2e-dashboard-Error-Dashboard-should-sort-errors-by-severity-e2e-firefox/test-failed-1.png]]

[[ATTACHMENT|e2e-dashboard-Error-Dashboard-should-sort-errors-by-severity-e2e-firefox/video.webm]]

[[ATTACHMENT|e2e-dashboard-Error-Dashboard-should-sort-errors-by-severity-e2e-firefox/error-context.md]]
]]>
</system-out>
</testcase>
<testcase name="Error Dashboard › should sort errors by date" classname="e2e/dashboard.test.ts" time="2.156">
<failure message="dashboard.test.ts:162:5 should sort errors by date" type="FAILURE">
<![CDATA[  [e2e-firefox] › e2e/dashboard.test.ts:162:5 › Error Dashboard › should sort errors by date ───────

    Error: page.goto: NS_ERROR_NET_EMPTY_RESPONSE
    Call log:
      - navigating to "http://localhost:5173/", waiting until "load"


       at fixtures.ts:26

      24 |     authenticatedPage: async ({ page }, use) => {
      25 |         // Navigate to login
    > 26 |         await page.goto('/');
         |                    ^
      27 |
      28 |         // Perform Firebase Google Sign-in (using test credentials)
      29 |         await page.click('button:has-text("Sign in with Google")');
        at Object.authenticatedPage (/Users/deepak/Downloads/Projects/StackLens-AI-Deploy/tests/fixtures.ts:26:20)

    attachment #1: screenshot (image/png) ──────────────────────────────────────────────────────────
    ../test-results/e2e-dashboard-Error-Dashboard-should-sort-errors-by-date-e2e-firefox/test-failed-1.png
    ────────────────────────────────────────────────────────────────────────────────────────────────

    attachment #2: video (video/webm) ──────────────────────────────────────────────────────────────
    ../test-results/e2e-dashboard-Error-Dashboard-should-sort-errors-by-date-e2e-firefox/video.webm
    ────────────────────────────────────────────────────────────────────────────────────────────────

    Error Context: ../test-results/e2e-dashboard-Error-Dashboard-should-sort-errors-by-date-e2e-firefox/error-context.md
]]>
</failure>
<system-out>
<![CDATA[
[[ATTACHMENT|e2e-dashboard-Error-Dashboard-should-sort-errors-by-date-e2e-firefox/test-failed-1.png]]

[[ATTACHMENT|e2e-dashboard-Error-Dashboard-should-sort-errors-by-date-e2e-firefox/video.webm]]

[[ATTACHMENT|e2e-dashboard-Error-Dashboard-should-sort-errors-by-date-e2e-firefox/error-context.md]]
]]>
</system-out>
</testcase>
<testcase name="Error Dashboard › should export errors to CSV" classname="e2e/dashboard.test.ts" time="2.083">
<failure message="dashboard.test.ts:175:5 should export errors to CSV" type="FAILURE">
<![CDATA[  [e2e-firefox] › e2e/dashboard.test.ts:175:5 › Error Dashboard › should export errors to CSV ──────

    Error: page.goto: NS_ERROR_NET_EMPTY_RESPONSE
    Call log:
      - navigating to "http://localhost:5173/", waiting until "load"


       at fixtures.ts:26

      24 |     authenticatedPage: async ({ page }, use) => {
      25 |         // Navigate to login
    > 26 |         await page.goto('/');
         |                    ^
      27 |
      28 |         // Perform Firebase Google Sign-in (using test credentials)
      29 |         await page.click('button:has-text("Sign in with Google")');
        at Object.authenticatedPage (/Users/deepak/Downloads/Projects/StackLens-AI-Deploy/tests/fixtures.ts:26:20)

    attachment #1: screenshot (image/png) ──────────────────────────────────────────────────────────
    ../test-results/e2e-dashboard-Error-Dashboard-should-export-errors-to-CSV-e2e-firefox/test-failed-1.png
    ────────────────────────────────────────────────────────────────────────────────────────────────

    attachment #2: video (video/webm) ──────────────────────────────────────────────────────────────
    ../test-results/e2e-dashboard-Error-Dashboard-should-export-errors-to-CSV-e2e-firefox/video.webm
    ────────────────────────────────────────────────────────────────────────────────────────────────

    Error Context: ../test-results/e2e-dashboard-Error-Dashboard-should-export-errors-to-CSV-e2e-firefox/error-context.md
]]>
</failure>
<system-out>
<![CDATA[
[[ATTACHMENT|e2e-dashboard-Error-Dashboard-should-export-errors-to-CSV-e2e-firefox/test-failed-1.png]]

[[ATTACHMENT|e2e-dashboard-Error-Dashboard-should-export-errors-to-CSV-e2e-firefox/video.webm]]

[[ATTACHMENT|e2e-dashboard-Error-Dashboard-should-export-errors-to-CSV-e2e-firefox/error-context.md]]
]]>
</system-out>
</testcase>
<testcase name="Error Dashboard › should export errors to Excel" classname="e2e/dashboard.test.ts" time="2.047">
<failure message="dashboard.test.ts:184:5 should export errors to Excel" type="FAILURE">
<![CDATA[  [e2e-firefox] › e2e/dashboard.test.ts:184:5 › Error Dashboard › should export errors to Excel ────

    Error: page.goto: NS_ERROR_NET_EMPTY_RESPONSE
    Call log:
      - navigating to "http://localhost:5173/", waiting until "load"


       at fixtures.ts:26

      24 |     authenticatedPage: async ({ page }, use) => {
      25 |         // Navigate to login
    > 26 |         await page.goto('/');
         |                    ^
      27 |
      28 |         // Perform Firebase Google Sign-in (using test credentials)
      29 |         await page.click('button:has-text("Sign in with Google")');
        at Object.authenticatedPage (/Users/deepak/Downloads/Projects/StackLens-AI-Deploy/tests/fixtures.ts:26:20)

    attachment #1: screenshot (image/png) ──────────────────────────────────────────────────────────
    ../test-results/e2e-dashboard-Error-Dashboard-should-export-errors-to-Excel-e2e-firefox/test-failed-1.png
    ────────────────────────────────────────────────────────────────────────────────────────────────

    attachment #2: video (video/webm) ──────────────────────────────────────────────────────────────
    ../test-results/e2e-dashboard-Error-Dashboard-should-export-errors-to-Excel-e2e-firefox/video.webm
    ────────────────────────────────────────────────────────────────────────────────────────────────

    Error Context: ../test-results/e2e-dashboard-Error-Dashboard-should-export-errors-to-Excel-e2e-firefox/error-context.md
]]>
</failure>
<system-out>
<![CDATA[
[[ATTACHMENT|e2e-dashboard-Error-Dashboard-should-export-errors-to-Excel-e2e-firefox/test-failed-1.png]]

[[ATTACHMENT|e2e-dashboard-Error-Dashboard-should-export-errors-to-Excel-e2e-firefox/video.webm]]

[[ATTACHMENT|e2e-dashboard-Error-Dashboard-should-export-errors-to-Excel-e2e-firefox/error-context.md]]
]]>
</system-out>
</testcase>
<testcase name="Error Dashboard › should display error details on click" classname="e2e/dashboard.test.ts" time="2.007">
<failure message="dashboard.test.ts:193:5 should display error details on click" type="FAILURE">
<![CDATA[  [e2e-firefox] › e2e/dashboard.test.ts:193:5 › Error Dashboard › should display error details on click 

    Error: page.goto: NS_ERROR_NET_EMPTY_RESPONSE
    Call log:
      - navigating to "http://localhost:5173/", waiting until "load"


       at fixtures.ts:26

      24 |     authenticatedPage: async ({ page }, use) => {
      25 |         // Navigate to login
    > 26 |         await page.goto('/');
         |                    ^
      27 |
      28 |         // Perform Firebase Google Sign-in (using test credentials)
      29 |         await page.click('button:has-text("Sign in with Google")');
        at Object.authenticatedPage (/Users/deepak/Downloads/Projects/StackLens-AI-Deploy/tests/fixtures.ts:26:20)

    attachment #1: screenshot (image/png) ──────────────────────────────────────────────────────────
    ../test-results/e2e-dashboard-Error-Dashbo-fd154-play-error-details-on-click-e2e-firefox/test-failed-1.png
    ────────────────────────────────────────────────────────────────────────────────────────────────

    attachment #2: video (video/webm) ──────────────────────────────────────────────────────────────
    ../test-results/e2e-dashboard-Error-Dashbo-fd154-play-error-details-on-click-e2e-firefox/video.webm
    ────────────────────────────────────────────────────────────────────────────────────────────────

    Error Context: ../test-results/e2e-dashboard-Error-Dashbo-fd154-play-error-details-on-click-e2e-firefox/error-context.md
]]>
</failure>
<system-out>
<![CDATA[
[[ATTACHMENT|e2e-dashboard-Error-Dashbo-fd154-play-error-details-on-click-e2e-firefox/test-failed-1.png]]

[[ATTACHMENT|e2e-dashboard-Error-Dashbo-fd154-play-error-details-on-click-e2e-firefox/video.webm]]

[[ATTACHMENT|e2e-dashboard-Error-Dashbo-fd154-play-error-details-on-click-e2e-firefox/error-context.md]]
]]>
</system-out>
</testcase>
<testcase name="Error Dashboard › should mark error as resolved" classname="e2e/dashboard.test.ts" time="2.223">
<failure message="dashboard.test.ts:201:5 should mark error as resolved" type="FAILURE">
<![CDATA[  [e2e-firefox] › e2e/dashboard.test.ts:201:5 › Error Dashboard › should mark error as resolved ────

    Error: page.goto: NS_ERROR_NET_EMPTY_RESPONSE
    Call log:
      - navigating to "http://localhost:5173/", waiting until "load"


       at fixtures.ts:26

      24 |     authenticatedPage: async ({ page }, use) => {
      25 |         // Navigate to login
    > 26 |         await page.goto('/');
         |                    ^
      27 |
      28 |         // Perform Firebase Google Sign-in (using test credentials)
      29 |         await page.click('button:has-text("Sign in with Google")');
        at Object.authenticatedPage (/Users/deepak/Downloads/Projects/StackLens-AI-Deploy/tests/fixtures.ts:26:20)

    attachment #1: screenshot (image/png) ──────────────────────────────────────────────────────────
    ../test-results/e2e-dashboard-Error-Dashboard-should-mark-error-as-resolved-e2e-firefox/test-failed-1.png
    ────────────────────────────────────────────────────────────────────────────────────────────────

    attachment #2: video (video/webm) ──────────────────────────────────────────────────────────────
    ../test-results/e2e-dashboard-Error-Dashboard-should-mark-error-as-resolved-e2e-firefox/video.webm
    ────────────────────────────────────────────────────────────────────────────────────────────────

    Error Context: ../test-results/e2e-dashboard-Error-Dashboard-should-mark-error-as-resolved-e2e-firefox/error-context.md
]]>
</failure>
<system-out>
<![CDATA[
[[ATTACHMENT|e2e-dashboard-Error-Dashboard-should-mark-error-as-resolved-e2e-firefox/test-failed-1.png]]

[[ATTACHMENT|e2e-dashboard-Error-Dashboard-should-mark-error-as-resolved-e2e-firefox/video.webm]]

[[ATTACHMENT|e2e-dashboard-Error-Dashboard-should-mark-error-as-resolved-e2e-firefox/error-context.md]]
]]>
</system-out>
</testcase>
<testcase name="Error Dashboard › should display real-time updates" classname="e2e/dashboard.test.ts" time="3.003">
<failure message="dashboard.test.ts:210:5 should display real-time updates" type="FAILURE">
<![CDATA[  [e2e-firefox] › e2e/dashboard.test.ts:210:5 › Error Dashboard › should display real-time updates ─

    Error: page.goto: NS_ERROR_NET_EMPTY_RESPONSE
    Call log:
      - navigating to "http://localhost:5173/", waiting until "load"


       at fixtures.ts:26

      24 |     authenticatedPage: async ({ page }, use) => {
      25 |         // Navigate to login
    > 26 |         await page.goto('/');
         |                    ^
      27 |
      28 |         // Perform Firebase Google Sign-in (using test credentials)
      29 |         await page.click('button:has-text("Sign in with Google")');
        at Object.authenticatedPage (/Users/deepak/Downloads/Projects/StackLens-AI-Deploy/tests/fixtures.ts:26:20)

    attachment #1: screenshot (image/png) ──────────────────────────────────────────────────────────
    ../test-results/e2e-dashboard-Error-Dashbo-4e597-d-display-real-time-updates-e2e-firefox/test-failed-1.png
    ────────────────────────────────────────────────────────────────────────────────────────────────

    attachment #2: video (video/webm) ──────────────────────────────────────────────────────────────
    ../test-results/e2e-dashboard-Error-Dashbo-4e597-d-display-real-time-updates-e2e-firefox/video.webm
    ────────────────────────────────────────────────────────────────────────────────────────────────

    Error Context: ../test-results/e2e-dashboard-Error-Dashbo-4e597-d-display-real-time-updates-e2e-firefox/error-context.md
]]>
</failure>
<system-out>
<![CDATA[
[[ATTACHMENT|e2e-dashboard-Error-Dashbo-4e597-d-display-real-time-updates-e2e-firefox/test-failed-1.png]]

[[ATTACHMENT|e2e-dashboard-Error-Dashbo-4e597-d-display-real-time-updates-e2e-firefox/video.webm]]

[[ATTACHMENT|e2e-dashboard-Error-Dashbo-4e597-d-display-real-time-updates-e2e-firefox/error-context.md]]
]]>
</system-out>
</testcase>
</testsuite>
<testsuite name="e2e/enhanced.test.ts" timestamp="2025-10-10T06:55:27.522Z" hostname="e2e-firefox" tests="40" failures="38" skipped="2" time="127.335" errors="0">
<testcase name="Enhanced E2E Tests - Multi-User Scenarios › concurrent users editing same error" classname="e2e/enhanced.test.ts" time="3.761">
<failure message="enhanced.test.ts:4:5 concurrent users editing same error" type="FAILURE">
<![CDATA[  [e2e-firefox] › e2e/enhanced.test.ts:4:5 › Enhanced E2E Tests - Multi-User Scenarios › concurrent users editing same error 

    Error: page.goto: NS_ERROR_NET_EMPTY_RESPONSE
    Call log:
      - navigating to "http://localhost:5173/login", waiting until "load"


      11 |
      12 |         // Both users login
    > 13 |         await page1.goto('http://localhost:5173/login');
         |                     ^
      14 |         await page1.click('button:has-text("Sign in with Google")');
      15 |         await page1.waitForURL('**/dashboard');
      16 |
        at /Users/deepak/Downloads/Projects/StackLens-AI-Deploy/tests/e2e/enhanced.test.ts:13:21

    attachment #1: screenshot (image/png) ──────────────────────────────────────────────────────────
    ../test-results/e2e-enhanced-Enhanced-E2E--e3d83-nt-users-editing-same-error-e2e-firefox/test-failed-2.png
    ────────────────────────────────────────────────────────────────────────────────────────────────

    attachment #2: screenshot (image/png) ──────────────────────────────────────────────────────────
    ../test-results/e2e-enhanced-Enhanced-E2E--e3d83-nt-users-editing-same-error-e2e-firefox/test-failed-1.png
    ────────────────────────────────────────────────────────────────────────────────────────────────

    Error Context: ../test-results/e2e-enhanced-Enhanced-E2E--e3d83-nt-users-editing-same-error-e2e-firefox/error-context.md
]]>
</failure>
<system-out>
<![CDATA[
[[ATTACHMENT|e2e-enhanced-Enhanced-E2E--e3d83-nt-users-editing-same-error-e2e-firefox/test-failed-2.png]]

[[ATTACHMENT|e2e-enhanced-Enhanced-E2E--e3d83-nt-users-editing-same-error-e2e-firefox/test-failed-1.png]]

[[ATTACHMENT|e2e-enhanced-Enhanced-E2E--e3d83-nt-users-editing-same-error-e2e-firefox/error-context.md]]
]]>
</system-out>
</testcase>
<testcase name="Enhanced E2E Tests - Multi-User Scenarios › collaborative analysis workflow" classname="e2e/enhanced.test.ts" time="3.42">
<failure message="enhanced.test.ts:53:5 collaborative analysis workflow" type="FAILURE">
<![CDATA[  [e2e-firefox] › e2e/enhanced.test.ts:53:5 › Enhanced E2E Tests - Multi-User Scenarios › collaborative analysis workflow 

    Error: page.goto: NS_ERROR_NET_EMPTY_RESPONSE
    Call log:
      - navigating to "http://localhost:5173/login", waiting until "load"


      59 |
      60 |         // Analyst uploads and analyzes
    > 61 |         await analyst.goto('http://localhost:5173/login');
         |                       ^
      62 |         await analyst.click('button:has-text("Sign in with Google")');
      63 |         await analyst.waitForURL('**/dashboard');
      64 |
        at /Users/deepak/Downloads/Projects/StackLens-AI-Deploy/tests/e2e/enhanced.test.ts:61:23

    attachment #1: screenshot (image/png) ──────────────────────────────────────────────────────────
    ../test-results/e2e-enhanced-Enhanced-E2E--d0fca-aborative-analysis-workflow-e2e-firefox/test-failed-2.png
    ────────────────────────────────────────────────────────────────────────────────────────────────

    attachment #2: screenshot (image/png) ──────────────────────────────────────────────────────────
    ../test-results/e2e-enhanced-Enhanced-E2E--d0fca-aborative-analysis-workflow-e2e-firefox/test-failed-1.png
    ────────────────────────────────────────────────────────────────────────────────────────────────

    Error Context: ../test-results/e2e-enhanced-Enhanced-E2E--d0fca-aborative-analysis-workflow-e2e-firefox/error-context.md
]]>
</failure>
<system-out>
<![CDATA[
[[ATTACHMENT|e2e-enhanced-Enhanced-E2E--d0fca-aborative-analysis-workflow-e2e-firefox/test-failed-2.png]]

[[ATTACHMENT|e2e-enhanced-Enhanced-E2E--d0fca-aborative-analysis-workflow-e2e-firefox/test-failed-1.png]]

[[ATTACHMENT|e2e-enhanced-Enhanced-E2E--d0fca-aborative-analysis-workflow-e2e-firefox/error-context.md]]
]]>
</system-out>
</testcase>
<testcase name="Enhanced E2E Tests - Error Scenarios › handle network failures gracefully" classname="e2e/enhanced.test.ts" time="2.592">
<failure message="enhanced.test.ts:116:5 handle network failures gracefully" type="FAILURE">
<![CDATA[  [e2e-firefox] › e2e/enhanced.test.ts:116:5 › Enhanced E2E Tests - Error Scenarios › handle network failures gracefully 

    Error: page.goto: NS_ERROR_NET_EMPTY_RESPONSE
    Call log:
      - navigating to "http://localhost:5173/login", waiting until "load"


      115 | test.describe('Enhanced E2E Tests - Error Scenarios', () => {
      116 |     test('handle network failures gracefully', async ({ page, context }) => {
    > 117 |         await page.goto('http://localhost:5173/login');
          |                    ^
      118 |         await page.click('button:has-text("Sign in with Google")');
      119 |         await page.waitForURL('**/dashboard');
      120 |
        at /Users/deepak/Downloads/Projects/StackLens-AI-Deploy/tests/e2e/enhanced.test.ts:117:20

    attachment #1: screenshot (image/png) ──────────────────────────────────────────────────────────
    ../test-results/e2e-enhanced-Enhanced-E2E--e27c1-network-failures-gracefully-e2e-firefox/test-failed-1.png
    ────────────────────────────────────────────────────────────────────────────────────────────────

    attachment #2: video (video/webm) ──────────────────────────────────────────────────────────────
    ../test-results/e2e-enhanced-Enhanced-E2E--e27c1-network-failures-gracefully-e2e-firefox/video.webm
    ────────────────────────────────────────────────────────────────────────────────────────────────

    Error Context: ../test-results/e2e-enhanced-Enhanced-E2E--e27c1-network-failures-gracefully-e2e-firefox/error-context.md
]]>
</failure>
<system-out>
<![CDATA[
[[ATTACHMENT|e2e-enhanced-Enhanced-E2E--e27c1-network-failures-gracefully-e2e-firefox/test-failed-1.png]]

[[ATTACHMENT|e2e-enhanced-Enhanced-E2E--e27c1-network-failures-gracefully-e2e-firefox/video.webm]]

[[ATTACHMENT|e2e-enhanced-Enhanced-E2E--e27c1-network-failures-gracefully-e2e-firefox/error-context.md]]
]]>
</system-out>
</testcase>
<testcase name="Enhanced E2E Tests - Error Scenarios › handle API errors and retry" classname="e2e/enhanced.test.ts" time="2.569">
<failure message="enhanced.test.ts:142:5 handle API errors and retry" type="FAILURE">
<![CDATA[  [e2e-firefox] › e2e/enhanced.test.ts:142:5 › Enhanced E2E Tests - Error Scenarios › handle API errors and retry 

    Error: page.goto: NS_ERROR_NET_EMPTY_RESPONSE
    Call log:
      - navigating to "http://localhost:5173/login", waiting until "load"


      141 |
      142 |     test('handle API errors and retry', async ({ page }) => {
    > 143 |         await page.goto('http://localhost:5173/login');
          |                    ^
      144 |         await page.click('button:has-text("Sign in with Google")');
      145 |         await page.waitForURL('**/dashboard');
      146 |
        at /Users/deepak/Downloads/Projects/StackLens-AI-Deploy/tests/e2e/enhanced.test.ts:143:20

    attachment #1: screenshot (image/png) ──────────────────────────────────────────────────────────
    ../test-results/e2e-enhanced-Enhanced-E2E--58667-handle-API-errors-and-retry-e2e-firefox/test-failed-1.png
    ────────────────────────────────────────────────────────────────────────────────────────────────

    attachment #2: video (video/webm) ──────────────────────────────────────────────────────────────
    ../test-results/e2e-enhanced-Enhanced-E2E--58667-handle-API-errors-and-retry-e2e-firefox/video.webm
    ────────────────────────────────────────────────────────────────────────────────────────────────

    Error Context: ../test-results/e2e-enhanced-Enhanced-E2E--58667-handle-API-errors-and-retry-e2e-firefox/error-context.md
]]>
</failure>
<system-out>
<![CDATA[
[[ATTACHMENT|e2e-enhanced-Enhanced-E2E--58667-handle-API-errors-and-retry-e2e-firefox/test-failed-1.png]]

[[ATTACHMENT|e2e-enhanced-Enhanced-E2E--58667-handle-API-errors-and-retry-e2e-firefox/video.webm]]

[[ATTACHMENT|e2e-enhanced-Enhanced-E2E--58667-handle-API-errors-and-retry-e2e-firefox/error-context.md]]
]]>
</system-out>
</testcase>
<testcase name="Enhanced E2E Tests - Error Scenarios › handle session timeout" classname="e2e/enhanced.test.ts" time="2.666">
<failure message="enhanced.test.ts:178:5 handle session timeout" type="FAILURE">
<![CDATA[  [e2e-firefox] › e2e/enhanced.test.ts:178:5 › Enhanced E2E Tests - Error Scenarios › handle session timeout 

    Error: page.goto: NS_ERROR_NET_EMPTY_RESPONSE
    Call log:
      - navigating to "http://localhost:5173/login", waiting until "load"


      177 |
      178 |     test('handle session timeout', async ({ page }) => {
    > 179 |         await page.goto('http://localhost:5173/login');
          |                    ^
      180 |         await page.click('button:has-text("Sign in with Google")');
      181 |         await page.waitForURL('**/dashboard');
      182 |
        at /Users/deepak/Downloads/Projects/StackLens-AI-Deploy/tests/e2e/enhanced.test.ts:179:20

    attachment #1: screenshot (image/png) ──────────────────────────────────────────────────────────
    ../test-results/e2e-enhanced-Enhanced-E2E--4f68f-rios-handle-session-timeout-e2e-firefox/test-failed-1.png
    ────────────────────────────────────────────────────────────────────────────────────────────────

    attachment #2: video (video/webm) ──────────────────────────────────────────────────────────────
    ../test-results/e2e-enhanced-Enhanced-E2E--4f68f-rios-handle-session-timeout-e2e-firefox/video.webm
    ────────────────────────────────────────────────────────────────────────────────────────────────

    Error Context: ../test-results/e2e-enhanced-Enhanced-E2E--4f68f-rios-handle-session-timeout-e2e-firefox/error-context.md
]]>
</failure>
<system-out>
<![CDATA[
[[ATTACHMENT|e2e-enhanced-Enhanced-E2E--4f68f-rios-handle-session-timeout-e2e-firefox/test-failed-1.png]]

[[ATTACHMENT|e2e-enhanced-Enhanced-E2E--4f68f-rios-handle-session-timeout-e2e-firefox/video.webm]]

[[ATTACHMENT|e2e-enhanced-Enhanced-E2E--4f68f-rios-handle-session-timeout-e2e-firefox/error-context.md]]
]]>
</system-out>
</testcase>
<testcase name="Enhanced E2E Tests - Error Scenarios › handle upload errors and validation" classname="e2e/enhanced.test.ts" time="4.372">
<failure message="enhanced.test.ts:200:5 handle upload errors and validation" type="FAILURE">
<![CDATA[  [e2e-firefox] › e2e/enhanced.test.ts:200:5 › Enhanced E2E Tests - Error Scenarios › handle upload errors and validation 

    Error: page.goto: NS_ERROR_NET_EMPTY_RESPONSE
    Call log:
      - navigating to "http://localhost:5173/login", waiting until "load"


      199 |
      200 |     test('handle upload errors and validation', async ({ page }) => {
    > 201 |         await page.goto('http://localhost:5173/login');
          |                    ^
      202 |         await page.click('button:has-text("Sign in with Google")');
      203 |         await page.waitForURL('**/dashboard');
      204 |
        at /Users/deepak/Downloads/Projects/StackLens-AI-Deploy/tests/e2e/enhanced.test.ts:201:20

    attachment #1: screenshot (image/png) ──────────────────────────────────────────────────────────
    ../test-results/e2e-enhanced-Enhanced-E2E--fe960-pload-errors-and-validation-e2e-firefox/test-failed-1.png
    ────────────────────────────────────────────────────────────────────────────────────────────────

    attachment #2: video (video/webm) ──────────────────────────────────────────────────────────────
    ../test-results/e2e-enhanced-Enhanced-E2E--fe960-pload-errors-and-validation-e2e-firefox/video.webm
    ────────────────────────────────────────────────────────────────────────────────────────────────

    Error Context: ../test-results/e2e-enhanced-Enhanced-E2E--fe960-pload-errors-and-validation-e2e-firefox/error-context.md
]]>
</failure>
<system-out>
<![CDATA[
[[ATTACHMENT|e2e-enhanced-Enhanced-E2E--fe960-pload-errors-and-validation-e2e-firefox/test-failed-1.png]]

[[ATTACHMENT|e2e-enhanced-Enhanced-E2E--fe960-pload-errors-and-validation-e2e-firefox/video.webm]]

[[ATTACHMENT|e2e-enhanced-Enhanced-E2E--fe960-pload-errors-and-validation-e2e-firefox/error-context.md]]
]]>
</system-out>
</testcase>
<testcase name="Enhanced E2E Tests - Error Scenarios › handle ML training failures" classname="e2e/enhanced.test.ts" time="3.07">
<failure message="enhanced.test.ts:237:5 handle ML training failures" type="FAILURE">
<![CDATA[  [e2e-firefox] › e2e/enhanced.test.ts:237:5 › Enhanced E2E Tests - Error Scenarios › handle ML training failures 

    Error: page.goto: NS_ERROR_NET_EMPTY_RESPONSE
    Call log:
      - navigating to "http://localhost:5173/login", waiting until "load"


      236 |
      237 |     test('handle ML training failures', async ({ page }) => {
    > 238 |         await page.goto('http://localhost:5173/login');
          |                    ^
      239 |         await page.click('button:has-text("Sign in with Google")');
      240 |         await page.waitForURL('**/dashboard');
      241 |
        at /Users/deepak/Downloads/Projects/StackLens-AI-Deploy/tests/e2e/enhanced.test.ts:238:20

    attachment #1: screenshot (image/png) ──────────────────────────────────────────────────────────
    ../test-results/e2e-enhanced-Enhanced-E2E--1017e-handle-ML-training-failures-e2e-firefox/test-failed-1.png
    ────────────────────────────────────────────────────────────────────────────────────────────────

    attachment #2: video (video/webm) ──────────────────────────────────────────────────────────────
    ../test-results/e2e-enhanced-Enhanced-E2E--1017e-handle-ML-training-failures-e2e-firefox/video.webm
    ────────────────────────────────────────────────────────────────────────────────────────────────

    Error Context: ../test-results/e2e-enhanced-Enhanced-E2E--1017e-handle-ML-training-failures-e2e-firefox/error-context.md
]]>
</failure>
<system-out>
<![CDATA[
[[ATTACHMENT|e2e-enhanced-Enhanced-E2E--1017e-handle-ML-training-failures-e2e-firefox/test-failed-1.png]]

[[ATTACHMENT|e2e-enhanced-Enhanced-E2E--1017e-handle-ML-training-failures-e2e-firefox/video.webm]]

[[ATTACHMENT|e2e-enhanced-Enhanced-E2E--1017e-handle-ML-training-failures-e2e-firefox/error-context.md]]
]]>
</system-out>
</testcase>
<testcase name="Enhanced E2E Tests - Performance Scenarios › handle large datasets efficiently" classname="e2e/enhanced.test.ts" time="4.336">
<failure message="enhanced.test.ts:270:5 handle large datasets efficiently" type="FAILURE">
<![CDATA[  [e2e-firefox] › e2e/enhanced.test.ts:270:5 › Enhanced E2E Tests - Performance Scenarios › handle large datasets efficiently 

    Error: page.goto: NS_ERROR_NET_EMPTY_RESPONSE
    Call log:
      - navigating to "http://localhost:5173/login", waiting until "load"


      269 | test.describe('Enhanced E2E Tests - Performance Scenarios', () => {
      270 |     test('handle large datasets efficiently', async ({ page }) => {
    > 271 |         await page.goto('http://localhost:5173/login');
          |                    ^
      272 |         await page.click('button:has-text("Sign in with Google")');
      273 |         await page.waitForURL('**/dashboard');
      274 |
        at /Users/deepak/Downloads/Projects/StackLens-AI-Deploy/tests/e2e/enhanced.test.ts:271:20

    attachment #1: screenshot (image/png) ──────────────────────────────────────────────────────────
    ../test-results/e2e-enhanced-Enhanced-E2E--a6d25--large-datasets-efficiently-e2e-firefox/test-failed-1.png
    ────────────────────────────────────────────────────────────────────────────────────────────────

    attachment #2: video (video/webm) ──────────────────────────────────────────────────────────────
    ../test-results/e2e-enhanced-Enhanced-E2E--a6d25--large-datasets-efficiently-e2e-firefox/video.webm
    ────────────────────────────────────────────────────────────────────────────────────────────────

    Error Context: ../test-results/e2e-enhanced-Enhanced-E2E--a6d25--large-datasets-efficiently-e2e-firefox/error-context.md
]]>
</failure>
<system-out>
<![CDATA[
[[ATTACHMENT|e2e-enhanced-Enhanced-E2E--a6d25--large-datasets-efficiently-e2e-firefox/test-failed-1.png]]

[[ATTACHMENT|e2e-enhanced-Enhanced-E2E--a6d25--large-datasets-efficiently-e2e-firefox/video.webm]]

[[ATTACHMENT|e2e-enhanced-Enhanced-E2E--a6d25--large-datasets-efficiently-e2e-firefox/error-context.md]]
]]>
</system-out>
</testcase>
<testcase name="Enhanced E2E Tests - Performance Scenarios › handle rapid filter changes without lag" classname="e2e/enhanced.test.ts" time="2.779">
<failure message="enhanced.test.ts:310:5 handle rapid filter changes without lag" type="FAILURE">
<![CDATA[  [e2e-firefox] › e2e/enhanced.test.ts:310:5 › Enhanced E2E Tests - Performance Scenarios › handle rapid filter changes without lag 

    Error: page.goto: NS_ERROR_NET_EMPTY_RESPONSE
    Call log:
      - navigating to "http://localhost:5173/login", waiting until "load"


      309 |
      310 |     test('handle rapid filter changes without lag', async ({ page }) => {
    > 311 |         await page.goto('http://localhost:5173/login');
          |                    ^
      312 |         await page.click('button:has-text("Sign in with Google")');
      313 |         await page.waitForURL('**/dashboard');
      314 |
        at /Users/deepak/Downloads/Projects/StackLens-AI-Deploy/tests/e2e/enhanced.test.ts:311:20

    attachment #1: screenshot (image/png) ──────────────────────────────────────────────────────────
    ../test-results/e2e-enhanced-Enhanced-E2E--056fc--filter-changes-without-lag-e2e-firefox/test-failed-1.png
    ────────────────────────────────────────────────────────────────────────────────────────────────

    attachment #2: video (video/webm) ──────────────────────────────────────────────────────────────
    ../test-results/e2e-enhanced-Enhanced-E2E--056fc--filter-changes-without-lag-e2e-firefox/video.webm
    ────────────────────────────────────────────────────────────────────────────────────────────────

    Error Context: ../test-results/e2e-enhanced-Enhanced-E2E--056fc--filter-changes-without-lag-e2e-firefox/error-context.md
]]>
</failure>
<system-out>
<![CDATA[
[[ATTACHMENT|e2e-enhanced-Enhanced-E2E--056fc--filter-changes-without-lag-e2e-firefox/test-failed-1.png]]

[[ATTACHMENT|e2e-enhanced-Enhanced-E2E--056fc--filter-changes-without-lag-e2e-firefox/video.webm]]

[[ATTACHMENT|e2e-enhanced-Enhanced-E2E--056fc--filter-changes-without-lag-e2e-firefox/error-context.md]]
]]>
</system-out>
</testcase>
<testcase name="Enhanced E2E Tests - Performance Scenarios › handle concurrent API requests" classname="e2e/enhanced.test.ts" time="2.148">
<failure message="enhanced.test.ts:334:5 handle concurrent API requests" type="FAILURE">
<![CDATA[  [e2e-firefox] › e2e/enhanced.test.ts:334:5 › Enhanced E2E Tests - Performance Scenarios › handle concurrent API requests 

    Error: page.goto: NS_ERROR_NET_EMPTY_RESPONSE
    Call log:
      - navigating to "http://localhost:5173/login", waiting until "load"


      333 |
      334 |     test('handle concurrent API requests', async ({ page }) => {
    > 335 |         await page.goto('http://localhost:5173/login');
          |                    ^
      336 |         await page.click('button:has-text("Sign in with Google")');
      337 |         await page.waitForURL('**/dashboard');
      338 |
        at /Users/deepak/Downloads/Projects/StackLens-AI-Deploy/tests/e2e/enhanced.test.ts:335:20

    attachment #1: screenshot (image/png) ──────────────────────────────────────────────────────────
    ../test-results/e2e-enhanced-Enhanced-E2E--40746-dle-concurrent-API-requests-e2e-firefox/test-failed-1.png
    ────────────────────────────────────────────────────────────────────────────────────────────────

    attachment #2: video (video/webm) ──────────────────────────────────────────────────────────────
    ../test-results/e2e-enhanced-Enhanced-E2E--40746-dle-concurrent-API-requests-e2e-firefox/video.webm
    ────────────────────────────────────────────────────────────────────────────────────────────────

    Error Context: ../test-results/e2e-enhanced-Enhanced-E2E--40746-dle-concurrent-API-requests-e2e-firefox/error-context.md
]]>
</failure>
<system-out>
<![CDATA[
[[ATTACHMENT|e2e-enhanced-Enhanced-E2E--40746-dle-concurrent-API-requests-e2e-firefox/test-failed-1.png]]

[[ATTACHMENT|e2e-enhanced-Enhanced-E2E--40746-dle-concurrent-API-requests-e2e-firefox/video.webm]]

[[ATTACHMENT|e2e-enhanced-Enhanced-E2E--40746-dle-concurrent-API-requests-e2e-firefox/error-context.md]]
]]>
</system-out>
</testcase>
<testcase name="Enhanced E2E Tests - Security Scenarios › prevent unauthorized access to admin pages" classname="e2e/enhanced.test.ts" time="2.827">
<failure message="enhanced.test.ts:363:5 prevent unauthorized access to admin pages" type="FAILURE">
<![CDATA[  [e2e-firefox] › e2e/enhanced.test.ts:363:5 › Enhanced E2E Tests - Security Scenarios › prevent unauthorized access to admin pages 

    Error: page.goto: NS_ERROR_NET_EMPTY_RESPONSE
    Call log:
      - navigating to "http://localhost:5173/login", waiting until "load"


      363 |     test('prevent unauthorized access to admin pages', async ({ page }) => {
      364 |         // Login as regular user
    > 365 |         await page.goto('http://localhost:5173/login');
          |                    ^
      366 |         await page.click('button:has-text("Sign in with Google")');
      367 |         await page.waitForURL('**/dashboard');
      368 |
        at /Users/deepak/Downloads/Projects/StackLens-AI-Deploy/tests/e2e/enhanced.test.ts:365:20

    attachment #1: screenshot (image/png) ──────────────────────────────────────────────────────────
    ../test-results/e2e-enhanced-Enhanced-E2E--6df8d-rized-access-to-admin-pages-e2e-firefox/test-failed-1.png
    ────────────────────────────────────────────────────────────────────────────────────────────────

    attachment #2: video (video/webm) ──────────────────────────────────────────────────────────────
    ../test-results/e2e-enhanced-Enhanced-E2E--6df8d-rized-access-to-admin-pages-e2e-firefox/video.webm
    ────────────────────────────────────────────────────────────────────────────────────────────────

    Error Context: ../test-results/e2e-enhanced-Enhanced-E2E--6df8d-rized-access-to-admin-pages-e2e-firefox/error-context.md
]]>
</failure>
<system-out>
<![CDATA[
[[ATTACHMENT|e2e-enhanced-Enhanced-E2E--6df8d-rized-access-to-admin-pages-e2e-firefox/test-failed-1.png]]

[[ATTACHMENT|e2e-enhanced-Enhanced-E2E--6df8d-rized-access-to-admin-pages-e2e-firefox/video.webm]]

[[ATTACHMENT|e2e-enhanced-Enhanced-E2E--6df8d-rized-access-to-admin-pages-e2e-firefox/error-context.md]]
]]>
</system-out>
</testcase>
<testcase name="Enhanced E2E Tests - Security Scenarios › sanitize user input to prevent XSS" classname="e2e/enhanced.test.ts" time="3.035">
<failure message="enhanced.test.ts:377:5 sanitize user input to prevent XSS" type="FAILURE">
<![CDATA[  [e2e-firefox] › e2e/enhanced.test.ts:377:5 › Enhanced E2E Tests - Security Scenarios › sanitize user input to prevent XSS 

    Error: page.goto: NS_ERROR_NET_EMPTY_RESPONSE
    Call log:
      - navigating to "http://localhost:5173/login", waiting until "load"


      376 |
      377 |     test('sanitize user input to prevent XSS', async ({ page }) => {
    > 378 |         await page.goto('http://localhost:5173/login');
          |                    ^
      379 |         await page.click('button:has-text("Sign in with Google")');
      380 |         await page.waitForURL('**/dashboard');
      381 |
        at /Users/deepak/Downloads/Projects/StackLens-AI-Deploy/tests/e2e/enhanced.test.ts:378:20

    attachment #1: screenshot (image/png) ──────────────────────────────────────────────────────────
    ../test-results/e2e-enhanced-Enhanced-E2E--26599-e-user-input-to-prevent-XSS-e2e-firefox/test-failed-1.png
    ────────────────────────────────────────────────────────────────────────────────────────────────

    attachment #2: video (video/webm) ──────────────────────────────────────────────────────────────
    ../test-results/e2e-enhanced-Enhanced-E2E--26599-e-user-input-to-prevent-XSS-e2e-firefox/video.webm
    ────────────────────────────────────────────────────────────────────────────────────────────────

    Error Context: ../test-results/e2e-enhanced-Enhanced-E2E--26599-e-user-input-to-prevent-XSS-e2e-firefox/error-context.md
]]>
</failure>
<system-out>
<![CDATA[
[[ATTACHMENT|e2e-enhanced-Enhanced-E2E--26599-e-user-input-to-prevent-XSS-e2e-firefox/test-failed-1.png]]

[[ATTACHMENT|e2e-enhanced-Enhanced-E2E--26599-e-user-input-to-prevent-XSS-e2e-firefox/video.webm]]

[[ATTACHMENT|e2e-enhanced-Enhanced-E2E--26599-e-user-input-to-prevent-XSS-e2e-firefox/error-context.md]]
]]>
</system-out>
</testcase>
<testcase name="Enhanced E2E Tests - Security Scenarios › validate CSRF protection" classname="e2e/enhanced.test.ts" time="2.848">
<failure message="enhanced.test.ts:402:5 validate CSRF protection" type="FAILURE">
<![CDATA[  [e2e-firefox] › e2e/enhanced.test.ts:402:5 › Enhanced E2E Tests - Security Scenarios › validate CSRF protection 

    Error: page.goto: NS_ERROR_NET_EMPTY_RESPONSE
    Call log:
      - navigating to "http://localhost:5173/login", waiting until "load"


      401 |
      402 |     test('validate CSRF protection', async ({ page }) => {
    > 403 |         await page.goto('http://localhost:5173/login');
          |                    ^
      404 |         await page.click('button:has-text("Sign in with Google")');
      405 |         await page.waitForURL('**/dashboard');
      406 |
        at /Users/deepak/Downloads/Projects/StackLens-AI-Deploy/tests/e2e/enhanced.test.ts:403:20

    attachment #1: screenshot (image/png) ──────────────────────────────────────────────────────────
    ../test-results/e2e-enhanced-Enhanced-E2E--9a31d-os-validate-CSRF-protection-e2e-firefox/test-failed-1.png
    ────────────────────────────────────────────────────────────────────────────────────────────────

    attachment #2: video (video/webm) ──────────────────────────────────────────────────────────────
    ../test-results/e2e-enhanced-Enhanced-E2E--9a31d-os-validate-CSRF-protection-e2e-firefox/video.webm
    ────────────────────────────────────────────────────────────────────────────────────────────────

    Error Context: ../test-results/e2e-enhanced-Enhanced-E2E--9a31d-os-validate-CSRF-protection-e2e-firefox/error-context.md
]]>
</failure>
<system-out>
<![CDATA[
[[ATTACHMENT|e2e-enhanced-Enhanced-E2E--9a31d-os-validate-CSRF-protection-e2e-firefox/test-failed-1.png]]

[[ATTACHMENT|e2e-enhanced-Enhanced-E2E--9a31d-os-validate-CSRF-protection-e2e-firefox/video.webm]]

[[ATTACHMENT|e2e-enhanced-Enhanced-E2E--9a31d-os-validate-CSRF-protection-e2e-firefox/error-context.md]]
]]>
</system-out>
</testcase>
<testcase name="Enhanced E2E Tests - Data Integrity › verify data consistency across operations" classname="e2e/enhanced.test.ts" time="3.556">
<failure message="enhanced.test.ts:432:5 verify data consistency across operations" type="FAILURE">
<![CDATA[  [e2e-firefox] › e2e/enhanced.test.ts:432:5 › Enhanced E2E Tests - Data Integrity › verify data consistency across operations 

    Error: page.goto: NS_ERROR_NET_EMPTY_RESPONSE
    Call log:
      - navigating to "http://localhost:5173/login", waiting until "load"


      431 | test.describe('Enhanced E2E Tests - Data Integrity', () => {
      432 |     test('verify data consistency across operations', async ({ page }) => {
    > 433 |         await page.goto('http://localhost:5173/login');
          |                    ^
      434 |         await page.click('button:has-text("Sign in with Google")');
      435 |         await page.waitForURL('**/dashboard');
      436 |
        at /Users/deepak/Downloads/Projects/StackLens-AI-Deploy/tests/e2e/enhanced.test.ts:433:20

    attachment #1: screenshot (image/png) ──────────────────────────────────────────────────────────
    ../test-results/e2e-enhanced-Enhanced-E2E--5a794-nsistency-across-operations-e2e-firefox/test-failed-1.png
    ────────────────────────────────────────────────────────────────────────────────────────────────

    attachment #2: video (video/webm) ──────────────────────────────────────────────────────────────
    ../test-results/e2e-enhanced-Enhanced-E2E--5a794-nsistency-across-operations-e2e-firefox/video.webm
    ────────────────────────────────────────────────────────────────────────────────────────────────

    Error Context: ../test-results/e2e-enhanced-Enhanced-E2E--5a794-nsistency-across-operations-e2e-firefox/error-context.md
]]>
</failure>
<system-out>
<![CDATA[
[[ATTACHMENT|e2e-enhanced-Enhanced-E2E--5a794-nsistency-across-operations-e2e-firefox/test-failed-1.png]]

[[ATTACHMENT|e2e-enhanced-Enhanced-E2E--5a794-nsistency-across-operations-e2e-firefox/video.webm]]

[[ATTACHMENT|e2e-enhanced-Enhanced-E2E--5a794-nsistency-across-operations-e2e-firefox/error-context.md]]
]]>
</system-out>
</testcase>
<testcase name="Enhanced E2E Tests - Data Integrity › handle optimistic updates correctly" classname="e2e/enhanced.test.ts" time="3.514">
<failure message="enhanced.test.ts:462:5 handle optimistic updates correctly" type="FAILURE">
<![CDATA[  [e2e-firefox] › e2e/enhanced.test.ts:462:5 › Enhanced E2E Tests - Data Integrity › handle optimistic updates correctly 

    Error: page.goto: NS_ERROR_NET_EMPTY_RESPONSE
    Call log:
      - navigating to "http://localhost:5173/login", waiting until "load"


      461 |
      462 |     test('handle optimistic updates correctly', async ({ page }) => {
    > 463 |         await page.goto('http://localhost:5173/login');
          |                    ^
      464 |         await page.click('button:has-text("Sign in with Google")');
      465 |         await page.waitForURL('**/dashboard');
      466 |
        at /Users/deepak/Downloads/Projects/StackLens-AI-Deploy/tests/e2e/enhanced.test.ts:463:20

    attachment #1: screenshot (image/png) ──────────────────────────────────────────────────────────
    ../test-results/e2e-enhanced-Enhanced-E2E--57f63-ptimistic-updates-correctly-e2e-firefox/test-failed-1.png
    ────────────────────────────────────────────────────────────────────────────────────────────────

    attachment #2: video (video/webm) ──────────────────────────────────────────────────────────────
    ../test-results/e2e-enhanced-Enhanced-E2E--57f63-ptimistic-updates-correctly-e2e-firefox/video.webm
    ────────────────────────────────────────────────────────────────────────────────────────────────

    Error Context: ../test-results/e2e-enhanced-Enhanced-E2E--57f63-ptimistic-updates-correctly-e2e-firefox/error-context.md
]]>
</failure>
<system-out>
<![CDATA[
[[ATTACHMENT|e2e-enhanced-Enhanced-E2E--57f63-ptimistic-updates-correctly-e2e-firefox/test-failed-1.png]]

[[ATTACHMENT|e2e-enhanced-Enhanced-E2E--57f63-ptimistic-updates-correctly-e2e-firefox/video.webm]]

[[ATTACHMENT|e2e-enhanced-Enhanced-E2E--57f63-ptimistic-updates-correctly-e2e-firefox/error-context.md]]
]]>
</system-out>
</testcase>
<testcase name="Enhanced E2E Tests - Accessibility › keyboard navigation works correctly" classname="e2e/enhanced.test.ts" time="2.43">
<failure message="enhanced.test.ts:496:5 keyboard navigation works correctly" type="FAILURE">
<![CDATA[  [e2e-firefox] › e2e/enhanced.test.ts:496:5 › Enhanced E2E Tests - Accessibility › keyboard navigation works correctly 

    Error: page.goto: NS_ERROR_NET_EMPTY_RESPONSE
    Call log:
      - navigating to "http://localhost:5173/login", waiting until "load"


      495 | test.describe('Enhanced E2E Tests - Accessibility', () => {
      496 |     test('keyboard navigation works correctly', async ({ page }) => {
    > 497 |         await page.goto('http://localhost:5173/login');
          |                    ^
      498 |         await page.click('button:has-text("Sign in with Google")');
      499 |         await page.waitForURL('**/dashboard');
      500 |
        at /Users/deepak/Downloads/Projects/StackLens-AI-Deploy/tests/e2e/enhanced.test.ts:497:20

    attachment #1: screenshot (image/png) ──────────────────────────────────────────────────────────
    ../test-results/e2e-enhanced-Enhanced-E2E--209f4--navigation-works-correctly-e2e-firefox/test-failed-1.png
    ────────────────────────────────────────────────────────────────────────────────────────────────

    attachment #2: video (video/webm) ──────────────────────────────────────────────────────────────
    ../test-results/e2e-enhanced-Enhanced-E2E--209f4--navigation-works-correctly-e2e-firefox/video.webm
    ────────────────────────────────────────────────────────────────────────────────────────────────

    Error Context: ../test-results/e2e-enhanced-Enhanced-E2E--209f4--navigation-works-correctly-e2e-firefox/error-context.md
]]>
</failure>
<system-out>
<![CDATA[
[[ATTACHMENT|e2e-enhanced-Enhanced-E2E--209f4--navigation-works-correctly-e2e-firefox/test-failed-1.png]]

[[ATTACHMENT|e2e-enhanced-Enhanced-E2E--209f4--navigation-works-correctly-e2e-firefox/video.webm]]

[[ATTACHMENT|e2e-enhanced-Enhanced-E2E--209f4--navigation-works-correctly-e2e-firefox/error-context.md]]
]]>
</system-out>
</testcase>
<testcase name="Enhanced E2E Tests - Accessibility › screen reader support" classname="e2e/enhanced.test.ts" time="2.071">
<failure message="enhanced.test.ts:528:5 screen reader support" type="FAILURE">
<![CDATA[  [e2e-firefox] › e2e/enhanced.test.ts:528:5 › Enhanced E2E Tests - Accessibility › screen reader support 

    Error: page.goto: NS_ERROR_NET_EMPTY_RESPONSE
    Call log:
      - navigating to "http://localhost:5173/login", waiting until "load"


      527 |
      528 |     test('screen reader support', async ({ page }) => {
    > 529 |         await page.goto('http://localhost:5173/login');
          |                    ^
      530 |         await page.click('button:has-text("Sign in with Google")');
      531 |         await page.waitForURL('**/dashboard');
      532 |
        at /Users/deepak/Downloads/Projects/StackLens-AI-Deploy/tests/e2e/enhanced.test.ts:529:20

    attachment #1: screenshot (image/png) ──────────────────────────────────────────────────────────
    ../test-results/e2e-enhanced-Enhanced-E2E--668ca-ility-screen-reader-support-e2e-firefox/test-failed-1.png
    ────────────────────────────────────────────────────────────────────────────────────────────────

    attachment #2: video (video/webm) ──────────────────────────────────────────────────────────────
    ../test-results/e2e-enhanced-Enhanced-E2E--668ca-ility-screen-reader-support-e2e-firefox/video.webm
    ────────────────────────────────────────────────────────────────────────────────────────────────

    Error Context: ../test-results/e2e-enhanced-Enhanced-E2E--668ca-ility-screen-reader-support-e2e-firefox/error-context.md
]]>
</failure>
<system-out>
<![CDATA[
[[ATTACHMENT|e2e-enhanced-Enhanced-E2E--668ca-ility-screen-reader-support-e2e-firefox/test-failed-1.png]]

[[ATTACHMENT|e2e-enhanced-Enhanced-E2E--668ca-ility-screen-reader-support-e2e-firefox/video.webm]]

[[ATTACHMENT|e2e-enhanced-Enhanced-E2E--668ca-ility-screen-reader-support-e2e-firefox/error-context.md]]
]]>
</system-out>
</testcase>
<testcase name="Enhanced E2E Tests - Accessibility › color contrast meets WCAG standards" classname="e2e/enhanced.test.ts" time="2.538">
<failure message="enhanced.test.ts:551:5 color contrast meets WCAG standards" type="FAILURE">
<![CDATA[  [e2e-firefox] › e2e/enhanced.test.ts:551:5 › Enhanced E2E Tests - Accessibility › color contrast meets WCAG standards 

    Error: page.goto: NS_ERROR_NET_EMPTY_RESPONSE
    Call log:
      - navigating to "http://localhost:5173/dashboard", waiting until "load"


      550 |
      551 |     test('color contrast meets WCAG standards', async ({ page }) => {
    > 552 |         await page.goto('http://localhost:5173/dashboard');
          |                    ^
      553 |
      554 |         // Critical severity badge - should have high contrast
      555 |         const criticalBadge = page.locator('[data-severity="critical"]').first();
        at /Users/deepak/Downloads/Projects/StackLens-AI-Deploy/tests/e2e/enhanced.test.ts:552:20

    attachment #1: screenshot (image/png) ──────────────────────────────────────────────────────────
    ../test-results/e2e-enhanced-Enhanced-E2E--d530e-ntrast-meets-WCAG-standards-e2e-firefox/test-failed-1.png
    ────────────────────────────────────────────────────────────────────────────────────────────────

    attachment #2: video (video/webm) ──────────────────────────────────────────────────────────────
    ../test-results/e2e-enhanced-Enhanced-E2E--d530e-ntrast-meets-WCAG-standards-e2e-firefox/video.webm
    ────────────────────────────────────────────────────────────────────────────────────────────────

    Error Context: ../test-results/e2e-enhanced-Enhanced-E2E--d530e-ntrast-meets-WCAG-standards-e2e-firefox/error-context.md
]]>
</failure>
<system-out>
<![CDATA[
[[ATTACHMENT|e2e-enhanced-Enhanced-E2E--d530e-ntrast-meets-WCAG-standards-e2e-firefox/test-failed-1.png]]

[[ATTACHMENT|e2e-enhanced-Enhanced-E2E--d530e-ntrast-meets-WCAG-standards-e2e-firefox/video.webm]]

[[ATTACHMENT|e2e-enhanced-Enhanced-E2E--d530e-ntrast-meets-WCAG-standards-e2e-firefox/error-context.md]]
]]>
</system-out>
</testcase>
<testcase name="Enhanced E2E Tests - Cross-Browser Compatibility › works in Chromium" classname="e2e/enhanced.test.ts" time="2.335">
<properties>
<property name="skip" value="Chromium-only test">
</property>
</properties>
<skipped>
</skipped>
</testcase>
<testcase name="Enhanced E2E Tests - Cross-Browser Compatibility › works in Firefox" classname="e2e/enhanced.test.ts" time="2.731">
<failure message="enhanced.test.ts:581:5 works in Firefox" type="FAILURE">
<![CDATA[  [e2e-firefox] › e2e/enhanced.test.ts:581:5 › Enhanced E2E Tests - Cross-Browser Compatibility › works in Firefox 

    Error: page.goto: NS_ERROR_NET_EMPTY_RESPONSE
    Call log:
      - navigating to "http://localhost:5173/login", waiting until "load"


      582 |         test.skip(browserName !== 'firefox', 'Firefox-only test');
      583 |
    > 584 |         await page.goto('http://localhost:5173/login');
          |                    ^
      585 |         await page.click('button:has-text("Sign in with Google")');
      586 |         await page.waitForURL('**/dashboard');
      587 |
        at /Users/deepak/Downloads/Projects/StackLens-AI-Deploy/tests/e2e/enhanced.test.ts:584:20

    attachment #1: screenshot (image/png) ──────────────────────────────────────────────────────────
    ../test-results/e2e-enhanced-Enhanced-E2E--4b497-patibility-works-in-Firefox-e2e-firefox/test-failed-1.png
    ────────────────────────────────────────────────────────────────────────────────────────────────

    attachment #2: video (video/webm) ──────────────────────────────────────────────────────────────
    ../test-results/e2e-enhanced-Enhanced-E2E--4b497-patibility-works-in-Firefox-e2e-firefox/video.webm
    ────────────────────────────────────────────────────────────────────────────────────────────────

    Error Context: ../test-results/e2e-enhanced-Enhanced-E2E--4b497-patibility-works-in-Firefox-e2e-firefox/error-context.md
]]>
</failure>
<system-out>
<![CDATA[
[[ATTACHMENT|e2e-enhanced-Enhanced-E2E--4b497-patibility-works-in-Firefox-e2e-firefox/test-failed-1.png]]

[[ATTACHMENT|e2e-enhanced-Enhanced-E2E--4b497-patibility-works-in-Firefox-e2e-firefox/video.webm]]

[[ATTACHMENT|e2e-enhanced-Enhanced-E2E--4b497-patibility-works-in-Firefox-e2e-firefox/error-context.md]]
]]>
</system-out>
</testcase>
<testcase name="Enhanced E2E Tests - Cross-Browser Compatibility › works in WebKit/Safari" classname="e2e/enhanced.test.ts" time="4.136">
<properties>
<property name="skip" value="WebKit-only test">
</property>
</properties>
<skipped>
</skipped>
</testcase>
<testcase name="Enhanced E2E Tests - Cross-Browser Compatibility › handles CSS Grid across browsers" classname="e2e/enhanced.test.ts" time="5.801">
<failure message="enhanced.test.ts:601:5 handles CSS Grid across browsers" type="FAILURE">
<![CDATA[  [e2e-firefox] › e2e/enhanced.test.ts:601:5 › Enhanced E2E Tests - Cross-Browser Compatibility › handles CSS Grid across browsers 

    Error: page.goto: NS_ERROR_NET_EMPTY_RESPONSE
    Call log:
      - navigating to "http://localhost:5173/dashboard", waiting until "load"


      600 |
      601 |     test('handles CSS Grid across browsers', async ({ page }) => {
    > 602 |         await page.goto('http://localhost:5173/dashboard');
          |                    ^
      603 |
      604 |         const grid = page.locator('[data-testid="dashboard-grid"]');
      605 |         const display = await grid.evaluate(el =>
        at /Users/deepak/Downloads/Projects/StackLens-AI-Deploy/tests/e2e/enhanced.test.ts:602:20

    attachment #1: screenshot (image/png) ──────────────────────────────────────────────────────────
    ../test-results/e2e-enhanced-Enhanced-E2E--d0f8f-es-CSS-Grid-across-browsers-e2e-firefox/test-failed-1.png
    ────────────────────────────────────────────────────────────────────────────────────────────────

    attachment #2: video (video/webm) ──────────────────────────────────────────────────────────────
    ../test-results/e2e-enhanced-Enhanced-E2E--d0f8f-es-CSS-Grid-across-browsers-e2e-firefox/video.webm
    ────────────────────────────────────────────────────────────────────────────────────────────────

    Error Context: ../test-results/e2e-enhanced-Enhanced-E2E--d0f8f-es-CSS-Grid-across-browsers-e2e-firefox/error-context.md
]]>
</failure>
<system-out>
<![CDATA[
[[ATTACHMENT|e2e-enhanced-Enhanced-E2E--d0f8f-es-CSS-Grid-across-browsers-e2e-firefox/test-failed-1.png]]

[[ATTACHMENT|e2e-enhanced-Enhanced-E2E--d0f8f-es-CSS-Grid-across-browsers-e2e-firefox/video.webm]]

[[ATTACHMENT|e2e-enhanced-Enhanced-E2E--d0f8f-es-CSS-Grid-across-browsers-e2e-firefox/error-context.md]]
]]>
</system-out>
</testcase>
<testcase name="Enhanced E2E Tests - Cross-Browser Compatibility › handles Flexbox across browsers" classname="e2e/enhanced.test.ts" time="1.523">
<failure message="enhanced.test.ts:612:5 handles Flexbox across browsers" type="FAILURE">
<![CDATA[  [e2e-firefox] › e2e/enhanced.test.ts:612:5 › Enhanced E2E Tests - Cross-Browser Compatibility › handles Flexbox across browsers 

    Error: page.goto: NS_ERROR_NET_EMPTY_RESPONSE
    Call log:
      - navigating to "http://localhost:5173/dashboard", waiting until "load"


      611 |
      612 |     test('handles Flexbox across browsers', async ({ page }) => {
    > 613 |         await page.goto('http://localhost:5173/dashboard');
          |                    ^
      614 |
      615 |         const flex = page.locator('[data-testid="header-nav"]');
      616 |         const display = await flex.evaluate(el =>
        at /Users/deepak/Downloads/Projects/StackLens-AI-Deploy/tests/e2e/enhanced.test.ts:613:20

    attachment #1: screenshot (image/png) ──────────────────────────────────────────────────────────
    ../test-results/e2e-enhanced-Enhanced-E2E--0c855-les-Flexbox-across-browsers-e2e-firefox/test-failed-1.png
    ────────────────────────────────────────────────────────────────────────────────────────────────

    attachment #2: video (video/webm) ──────────────────────────────────────────────────────────────
    ../test-results/e2e-enhanced-Enhanced-E2E--0c855-les-Flexbox-across-browsers-e2e-firefox/video.webm
    ────────────────────────────────────────────────────────────────────────────────────────────────

    Error Context: ../test-results/e2e-enhanced-Enhanced-E2E--0c855-les-Flexbox-across-browsers-e2e-firefox/error-context.md
]]>
</failure>
<system-out>
<![CDATA[
[[ATTACHMENT|e2e-enhanced-Enhanced-E2E--0c855-les-Flexbox-across-browsers-e2e-firefox/test-failed-1.png]]

[[ATTACHMENT|e2e-enhanced-Enhanced-E2E--0c855-les-Flexbox-across-browsers-e2e-firefox/video.webm]]

[[ATTACHMENT|e2e-enhanced-Enhanced-E2E--0c855-les-Flexbox-across-browsers-e2e-firefox/error-context.md]]
]]>
</system-out>
</testcase>
<testcase name="Enhanced E2E Tests - Mobile Viewport › iPhone SE viewport" classname="e2e/enhanced.test.ts" time="4.765">
<failure message="enhanced.test.ts:625:5 iPhone SE viewport" type="FAILURE">
<![CDATA[  [e2e-firefox] › e2e/enhanced.test.ts:625:5 › Enhanced E2E Tests - Mobile Viewport › iPhone SE viewport 

    Error: page.goto: NS_ERROR_NET_EMPTY_RESPONSE
    Call log:
      - navigating to "http://localhost:5173/dashboard", waiting until "load"


      625 |     test('iPhone SE viewport', async ({ page }) => {
      626 |         await page.setViewportSize({ width: 375, height: 667 });
    > 627 |         await page.goto('http://localhost:5173/dashboard');
          |                    ^
      628 |
      629 |         await expect(page.locator('[data-testid="mobile-menu-button"]')).toBeVisible();
      630 |         await expect(page.locator('table, [data-testid="error-card"]')).toHaveCount(await page.locator('table, [data-testid="error-card"]').count());
        at /Users/deepak/Downloads/Projects/StackLens-AI-Deploy/tests/e2e/enhanced.test.ts:627:20

    attachment #1: screenshot (image/png) ──────────────────────────────────────────────────────────
    ../test-results/e2e-enhanced-Enhanced-E2E--0e9c0-Viewport-iPhone-SE-viewport-e2e-firefox/test-failed-1.png
    ────────────────────────────────────────────────────────────────────────────────────────────────

    attachment #2: video (video/webm) ──────────────────────────────────────────────────────────────
    ../test-results/e2e-enhanced-Enhanced-E2E--0e9c0-Viewport-iPhone-SE-viewport-e2e-firefox/video.webm
    ────────────────────────────────────────────────────────────────────────────────────────────────

    Error Context: ../test-results/e2e-enhanced-Enhanced-E2E--0e9c0-Viewport-iPhone-SE-viewport-e2e-firefox/error-context.md
]]>
</failure>
<system-out>
<![CDATA[
[[ATTACHMENT|e2e-enhanced-Enhanced-E2E--0e9c0-Viewport-iPhone-SE-viewport-e2e-firefox/test-failed-1.png]]

[[ATTACHMENT|e2e-enhanced-Enhanced-E2E--0e9c0-Viewport-iPhone-SE-viewport-e2e-firefox/video.webm]]

[[ATTACHMENT|e2e-enhanced-Enhanced-E2E--0e9c0-Viewport-iPhone-SE-viewport-e2e-firefox/error-context.md]]
]]>
</system-out>
</testcase>
<testcase name="Enhanced E2E Tests - Mobile Viewport › iPhone 12 Pro viewport" classname="e2e/enhanced.test.ts" time="3.17">
<failure message="enhanced.test.ts:633:5 iPhone 12 Pro viewport" type="FAILURE">
<![CDATA[  [e2e-firefox] › e2e/enhanced.test.ts:633:5 › Enhanced E2E Tests - Mobile Viewport › iPhone 12 Pro viewport 

    Error: page.goto: NS_ERROR_NET_EMPTY_RESPONSE
    Call log:
      - navigating to "http://localhost:5173/dashboard", waiting until "load"


      633 |     test('iPhone 12 Pro viewport', async ({ page }) => {
      634 |         await page.setViewportSize({ width: 390, height: 844 });
    > 635 |         await page.goto('http://localhost:5173/dashboard');
          |                    ^
      636 |
      637 |         const content = page.locator('main');
      638 |         const box = await content.boundingBox();
        at /Users/deepak/Downloads/Projects/StackLens-AI-Deploy/tests/e2e/enhanced.test.ts:635:20

    attachment #1: screenshot (image/png) ──────────────────────────────────────────────────────────
    ../test-results/e2e-enhanced-Enhanced-E2E--fba33-port-iPhone-12-Pro-viewport-e2e-firefox/test-failed-1.png
    ────────────────────────────────────────────────────────────────────────────────────────────────

    attachment #2: video (video/webm) ──────────────────────────────────────────────────────────────
    ../test-results/e2e-enhanced-Enhanced-E2E--fba33-port-iPhone-12-Pro-viewport-e2e-firefox/video.webm
    ────────────────────────────────────────────────────────────────────────────────────────────────

    Error Context: ../test-results/e2e-enhanced-Enhanced-E2E--fba33-port-iPhone-12-Pro-viewport-e2e-firefox/error-context.md
]]>
</failure>
<system-out>
<![CDATA[
[[ATTACHMENT|e2e-enhanced-Enhanced-E2E--fba33-port-iPhone-12-Pro-viewport-e2e-firefox/test-failed-1.png]]

[[ATTACHMENT|e2e-enhanced-Enhanced-E2E--fba33-port-iPhone-12-Pro-viewport-e2e-firefox/video.webm]]

[[ATTACHMENT|e2e-enhanced-Enhanced-E2E--fba33-port-iPhone-12-Pro-viewport-e2e-firefox/error-context.md]]
]]>
</system-out>
</testcase>
<testcase name="Enhanced E2E Tests - Mobile Viewport › iPad viewport" classname="e2e/enhanced.test.ts" time="3.601">
<failure message="enhanced.test.ts:642:5 iPad viewport" type="FAILURE">
<![CDATA[  [e2e-firefox] › e2e/enhanced.test.ts:642:5 › Enhanced E2E Tests - Mobile Viewport › iPad viewport 

    Error: page.goto: NS_ERROR_NET_EMPTY_RESPONSE
    Call log:
      - navigating to "http://localhost:5173/dashboard", waiting until "load"


      642 |     test('iPad viewport', async ({ page }) => {
      643 |         await page.setViewportSize({ width: 768, height: 1024 });
    > 644 |         await page.goto('http://localhost:5173/dashboard');
          |                    ^
      645 |
      646 |         await expect(page.locator('table')).toBeVisible();
      647 |     });
        at /Users/deepak/Downloads/Projects/StackLens-AI-Deploy/tests/e2e/enhanced.test.ts:644:20

    attachment #1: screenshot (image/png) ──────────────────────────────────────────────────────────
    ../test-results/e2e-enhanced-Enhanced-E2E--537b9-bile-Viewport-iPad-viewport-e2e-firefox/test-failed-1.png
    ────────────────────────────────────────────────────────────────────────────────────────────────

    attachment #2: video (video/webm) ──────────────────────────────────────────────────────────────
    ../test-results/e2e-enhanced-Enhanced-E2E--537b9-bile-Viewport-iPad-viewport-e2e-firefox/video.webm
    ────────────────────────────────────────────────────────────────────────────────────────────────

    Error Context: ../test-results/e2e-enhanced-Enhanced-E2E--537b9-bile-Viewport-iPad-viewport-e2e-firefox/error-context.md
]]>
</failure>
<system-out>
<![CDATA[
[[ATTACHMENT|e2e-enhanced-Enhanced-E2E--537b9-bile-Viewport-iPad-viewport-e2e-firefox/test-failed-1.png]]

[[ATTACHMENT|e2e-enhanced-Enhanced-E2E--537b9-bile-Viewport-iPad-viewport-e2e-firefox/video.webm]]

[[ATTACHMENT|e2e-enhanced-Enhanced-E2E--537b9-bile-Viewport-iPad-viewport-e2e-firefox/error-context.md]]
]]>
</system-out>
</testcase>
<testcase name="Enhanced E2E Tests - Mobile Viewport › iPad Pro viewport (landscape)" classname="e2e/enhanced.test.ts" time="2.775">
<failure message="enhanced.test.ts:649:5 iPad Pro viewport (landscape)" type="FAILURE">
<![CDATA[  [e2e-firefox] › e2e/enhanced.test.ts:649:5 › Enhanced E2E Tests - Mobile Viewport › iPad Pro viewport (landscape) 

    Error: page.goto: NS_ERROR_NET_EMPTY_RESPONSE
    Call log:
      - navigating to "http://localhost:5173/dashboard", waiting until "load"


      649 |     test('iPad Pro viewport (landscape)', async ({ page }) => {
      650 |         await page.setViewportSize({ width: 1366, height: 1024 });
    > 651 |         await page.goto('http://localhost:5173/dashboard');
          |                    ^
      652 |
      653 |         await expect(page.locator('[data-testid="desktop-nav"]')).toBeVisible();
      654 |     });
        at /Users/deepak/Downloads/Projects/StackLens-AI-Deploy/tests/e2e/enhanced.test.ts:651:20

    attachment #1: screenshot (image/png) ──────────────────────────────────────────────────────────
    ../test-results/e2e-enhanced-Enhanced-E2E--d4f6d-Pad-Pro-viewport-landscape--e2e-firefox/test-failed-1.png
    ────────────────────────────────────────────────────────────────────────────────────────────────

    attachment #2: video (video/webm) ──────────────────────────────────────────────────────────────
    ../test-results/e2e-enhanced-Enhanced-E2E--d4f6d-Pad-Pro-viewport-landscape--e2e-firefox/video.webm
    ────────────────────────────────────────────────────────────────────────────────────────────────

    Error Context: ../test-results/e2e-enhanced-Enhanced-E2E--d4f6d-Pad-Pro-viewport-landscape--e2e-firefox/error-context.md
]]>
</failure>
<system-out>
<![CDATA[
[[ATTACHMENT|e2e-enhanced-Enhanced-E2E--d4f6d-Pad-Pro-viewport-landscape--e2e-firefox/test-failed-1.png]]

[[ATTACHMENT|e2e-enhanced-Enhanced-E2E--d4f6d-Pad-Pro-viewport-landscape--e2e-firefox/video.webm]]

[[ATTACHMENT|e2e-enhanced-Enhanced-E2E--d4f6d-Pad-Pro-viewport-landscape--e2e-firefox/error-context.md]]
]]>
</system-out>
</testcase>
<testcase name="Enhanced E2E Tests - Mobile Viewport › Android phone viewport" classname="e2e/enhanced.test.ts" time="3.851">
<failure message="enhanced.test.ts:656:5 Android phone viewport" type="FAILURE">
<![CDATA[  [e2e-firefox] › e2e/enhanced.test.ts:656:5 › Enhanced E2E Tests - Mobile Viewport › Android phone viewport 

    Error: page.goto: NS_ERROR_NET_EMPTY_RESPONSE
    Call log:
      - navigating to "http://localhost:5173/dashboard", waiting until "load"


      656 |     test('Android phone viewport', async ({ page }) => {
      657 |         await page.setViewportSize({ width: 360, height: 640 });
    > 658 |         await page.goto('http://localhost:5173/dashboard');
          |                    ^
      659 |
      660 |         await expect(page.locator('[data-testid="mobile-menu-button"]')).toBeVisible();
      661 |     });
        at /Users/deepak/Downloads/Projects/StackLens-AI-Deploy/tests/e2e/enhanced.test.ts:658:20

    attachment #1: screenshot (image/png) ──────────────────────────────────────────────────────────
    ../test-results/e2e-enhanced-Enhanced-E2E--e0159-port-Android-phone-viewport-e2e-firefox/test-failed-1.png
    ────────────────────────────────────────────────────────────────────────────────────────────────

    attachment #2: video (video/webm) ──────────────────────────────────────────────────────────────
    ../test-results/e2e-enhanced-Enhanced-E2E--e0159-port-Android-phone-viewport-e2e-firefox/video.webm
    ────────────────────────────────────────────────────────────────────────────────────────────────

    Error Context: ../test-results/e2e-enhanced-Enhanced-E2E--e0159-port-Android-phone-viewport-e2e-firefox/error-context.md
]]>
</failure>
<system-out>
<![CDATA[
[[ATTACHMENT|e2e-enhanced-Enhanced-E2E--e0159-port-Android-phone-viewport-e2e-firefox/test-failed-1.png]]

[[ATTACHMENT|e2e-enhanced-Enhanced-E2E--e0159-port-Android-phone-viewport-e2e-firefox/video.webm]]

[[ATTACHMENT|e2e-enhanced-Enhanced-E2E--e0159-port-Android-phone-viewport-e2e-firefox/error-context.md]]
]]>
</system-out>
</testcase>
<testcase name="Enhanced E2E Tests - File Operations › download error report as PDF" classname="e2e/enhanced.test.ts" time="4.522">
<failure message="enhanced.test.ts:665:5 download error report as PDF" type="FAILURE">
<![CDATA[  [e2e-firefox] › e2e/enhanced.test.ts:665:5 › Enhanced E2E Tests - File Operations › download error report as PDF 

    Error: page.goto: NS_ERROR_NET_EMPTY_RESPONSE
    Call log:
      - navigating to "http://localhost:5173/login", waiting until "load"


      664 | test.describe('Enhanced E2E Tests - File Operations', () => {
      665 |     test('download error report as PDF', async ({ page }) => {
    > 666 |         await page.goto('http://localhost:5173/login');
          |                    ^
      667 |         await page.click('button:has-text("Sign in with Google")');
      668 |         await page.waitForURL('**/dashboard');
      669 |
        at /Users/deepak/Downloads/Projects/StackLens-AI-Deploy/tests/e2e/enhanced.test.ts:666:20

    attachment #1: screenshot (image/png) ──────────────────────────────────────────────────────────
    ../test-results/e2e-enhanced-Enhanced-E2E--ad685-ownload-error-report-as-PDF-e2e-firefox/test-failed-1.png
    ────────────────────────────────────────────────────────────────────────────────────────────────

    attachment #2: video (video/webm) ──────────────────────────────────────────────────────────────
    ../test-results/e2e-enhanced-Enhanced-E2E--ad685-ownload-error-report-as-PDF-e2e-firefox/video.webm
    ────────────────────────────────────────────────────────────────────────────────────────────────

    Error Context: ../test-results/e2e-enhanced-Enhanced-E2E--ad685-ownload-error-report-as-PDF-e2e-firefox/error-context.md
]]>
</failure>
<system-out>
<![CDATA[
[[ATTACHMENT|e2e-enhanced-Enhanced-E2E--ad685-ownload-error-report-as-PDF-e2e-firefox/test-failed-1.png]]

[[ATTACHMENT|e2e-enhanced-Enhanced-E2E--ad685-ownload-error-report-as-PDF-e2e-firefox/video.webm]]

[[ATTACHMENT|e2e-enhanced-Enhanced-E2E--ad685-ownload-error-report-as-PDF-e2e-firefox/error-context.md]]
]]>
</system-out>
</testcase>
<testcase name="Enhanced E2E Tests - File Operations › download error log as text file" classname="e2e/enhanced.test.ts" time="3.73">
<failure message="enhanced.test.ts:683:5 download error log as text file" type="FAILURE">
<![CDATA[  [e2e-firefox] › e2e/enhanced.test.ts:683:5 › Enhanced E2E Tests - File Operations › download error log as text file 

    Error: page.goto: NS_ERROR_NET_EMPTY_RESPONSE
    Call log:
      - navigating to "http://localhost:5173/login", waiting until "load"


      682 |
      683 |     test('download error log as text file', async ({ page }) => {
    > 684 |         await page.goto('http://localhost:5173/login');
          |                    ^
      685 |         await page.click('button:has-text("Sign in with Google")');
      686 |         await page.waitForURL('**/dashboard');
      687 |
        at /Users/deepak/Downloads/Projects/StackLens-AI-Deploy/tests/e2e/enhanced.test.ts:684:20

    attachment #1: screenshot (image/png) ──────────────────────────────────────────────────────────
    ../test-results/e2e-enhanced-Enhanced-E2E--54063-load-error-log-as-text-file-e2e-firefox/test-failed-1.png
    ────────────────────────────────────────────────────────────────────────────────────────────────

    attachment #2: video (video/webm) ──────────────────────────────────────────────────────────────
    ../test-results/e2e-enhanced-Enhanced-E2E--54063-load-error-log-as-text-file-e2e-firefox/video.webm
    ────────────────────────────────────────────────────────────────────────────────────────────────

    Error Context: ../test-results/e2e-enhanced-Enhanced-E2E--54063-load-error-log-as-text-file-e2e-firefox/error-context.md
]]>
</failure>
<system-out>
<![CDATA[
[[ATTACHMENT|e2e-enhanced-Enhanced-E2E--54063-load-error-log-as-text-file-e2e-firefox/test-failed-1.png]]

[[ATTACHMENT|e2e-enhanced-Enhanced-E2E--54063-load-error-log-as-text-file-e2e-firefox/video.webm]]

[[ATTACHMENT|e2e-enhanced-Enhanced-E2E--54063-load-error-log-as-text-file-e2e-firefox/error-context.md]]
]]>
</system-out>
</testcase>
<testcase name="Enhanced E2E Tests - File Operations › export multiple errors to Excel" classname="e2e/enhanced.test.ts" time="2.245">
<failure message="enhanced.test.ts:699:5 export multiple errors to Excel" type="FAILURE">
<![CDATA[  [e2e-firefox] › e2e/enhanced.test.ts:699:5 › Enhanced E2E Tests - File Operations › export multiple errors to Excel 

    Error: page.goto: NS_ERROR_NET_EMPTY_RESPONSE
    Call log:
      - navigating to "http://localhost:5173/login", waiting until "load"


      698 |
      699 |     test('export multiple errors to Excel', async ({ page }) => {
    > 700 |         await page.goto('http://localhost:5173/login');
          |                    ^
      701 |         await page.click('button:has-text("Sign in with Google")');
      702 |         await page.waitForURL('**/dashboard');
      703 |
        at /Users/deepak/Downloads/Projects/StackLens-AI-Deploy/tests/e2e/enhanced.test.ts:700:20

    attachment #1: screenshot (image/png) ──────────────────────────────────────────────────────────
    ../test-results/e2e-enhanced-Enhanced-E2E--f594e-rt-multiple-errors-to-Excel-e2e-firefox/test-failed-1.png
    ────────────────────────────────────────────────────────────────────────────────────────────────

    attachment #2: video (video/webm) ──────────────────────────────────────────────────────────────
    ../test-results/e2e-enhanced-Enhanced-E2E--f594e-rt-multiple-errors-to-Excel-e2e-firefox/video.webm
    ────────────────────────────────────────────────────────────────────────────────────────────────

    Error Context: ../test-results/e2e-enhanced-Enhanced-E2E--f594e-rt-multiple-errors-to-Excel-e2e-firefox/error-context.md
]]>
</failure>
<system-out>
<![CDATA[
[[ATTACHMENT|e2e-enhanced-Enhanced-E2E--f594e-rt-multiple-errors-to-Excel-e2e-firefox/test-failed-1.png]]

[[ATTACHMENT|e2e-enhanced-Enhanced-E2E--f594e-rt-multiple-errors-to-Excel-e2e-firefox/video.webm]]

[[ATTACHMENT|e2e-enhanced-Enhanced-E2E--f594e-rt-multiple-errors-to-Excel-e2e-firefox/error-context.md]]
]]>
</system-out>
</testcase>
<testcase name="Enhanced E2E Tests - File Operations › upload and process CSV file" classname="e2e/enhanced.test.ts" time="2.238">
<failure message="enhanced.test.ts:717:5 upload and process CSV file" type="FAILURE">
<![CDATA[  [e2e-firefox] › e2e/enhanced.test.ts:717:5 › Enhanced E2E Tests - File Operations › upload and process CSV file 

    Error: page.goto: NS_ERROR_NET_EMPTY_RESPONSE
    Call log:
      - navigating to "http://localhost:5173/login", waiting until "load"


      716 |
      717 |     test('upload and process CSV file', async ({ page }) => {
    > 718 |         await page.goto('http://localhost:5173/login');
          |                    ^
      719 |         await page.click('button:has-text("Sign in with Google")');
      720 |         await page.waitForURL('**/dashboard');
      721 |
        at /Users/deepak/Downloads/Projects/StackLens-AI-Deploy/tests/e2e/enhanced.test.ts:718:20

    attachment #1: screenshot (image/png) ──────────────────────────────────────────────────────────
    ../test-results/e2e-enhanced-Enhanced-E2E--6bf2a-upload-and-process-CSV-file-e2e-firefox/test-failed-1.png
    ────────────────────────────────────────────────────────────────────────────────────────────────

    attachment #2: video (video/webm) ──────────────────────────────────────────────────────────────
    ../test-results/e2e-enhanced-Enhanced-E2E--6bf2a-upload-and-process-CSV-file-e2e-firefox/video.webm
    ────────────────────────────────────────────────────────────────────────────────────────────────

    Error Context: ../test-results/e2e-enhanced-Enhanced-E2E--6bf2a-upload-and-process-CSV-file-e2e-firefox/error-context.md
]]>
</failure>
<system-out>
<![CDATA[
[[ATTACHMENT|e2e-enhanced-Enhanced-E2E--6bf2a-upload-and-process-CSV-file-e2e-firefox/test-failed-1.png]]

[[ATTACHMENT|e2e-enhanced-Enhanced-E2E--6bf2a-upload-and-process-CSV-file-e2e-firefox/video.webm]]

[[ATTACHMENT|e2e-enhanced-Enhanced-E2E--6bf2a-upload-and-process-CSV-file-e2e-firefox/error-context.md]]
]]>
</system-out>
</testcase>
<testcase name="Enhanced E2E Tests - File Operations › handle file upload errors gracefully" classname="e2e/enhanced.test.ts" time="3.077">
<failure message="enhanced.test.ts:740:5 handle file upload errors gracefully" type="FAILURE">
<![CDATA[  [e2e-firefox] › e2e/enhanced.test.ts:740:5 › Enhanced E2E Tests - File Operations › handle file upload errors gracefully 

    Error: page.goto: NS_ERROR_NET_EMPTY_RESPONSE
    Call log:
      - navigating to "http://localhost:5173/upload", waiting until "load"


      739 |
      740 |     test('handle file upload errors gracefully', async ({ page }) => {
    > 741 |         await page.goto('http://localhost:5173/upload');
          |                    ^
      742 |
      743 |         // Upload invalid file type
      744 |         const fileInput = page.locator('input[type="file"]');
        at /Users/deepak/Downloads/Projects/StackLens-AI-Deploy/tests/e2e/enhanced.test.ts:741:20

    attachment #1: screenshot (image/png) ──────────────────────────────────────────────────────────
    ../test-results/e2e-enhanced-Enhanced-E2E--e909e-le-upload-errors-gracefully-e2e-firefox/test-failed-1.png
    ────────────────────────────────────────────────────────────────────────────────────────────────

    attachment #2: video (video/webm) ──────────────────────────────────────────────────────────────
    ../test-results/e2e-enhanced-Enhanced-E2E--e909e-le-upload-errors-gracefully-e2e-firefox/video.webm
    ────────────────────────────────────────────────────────────────────────────────────────────────

    Error Context: ../test-results/e2e-enhanced-Enhanced-E2E--e909e-le-upload-errors-gracefully-e2e-firefox/error-context.md
]]>
</failure>
<system-out>
<![CDATA[
[[ATTACHMENT|e2e-enhanced-Enhanced-E2E--e909e-le-upload-errors-gracefully-e2e-firefox/test-failed-1.png]]

[[ATTACHMENT|e2e-enhanced-Enhanced-E2E--e909e-le-upload-errors-gracefully-e2e-firefox/video.webm]]

[[ATTACHMENT|e2e-enhanced-Enhanced-E2E--e909e-le-upload-errors-gracefully-e2e-firefox/error-context.md]]
]]>
</system-out>
</testcase>
<testcase name="Enhanced E2E Tests - Media and Assets › display error screenshots" classname="e2e/enhanced.test.ts" time="3.654">
<failure message="enhanced.test.ts:756:5 display error screenshots" type="FAILURE">
<![CDATA[  [e2e-firefox] › e2e/enhanced.test.ts:756:5 › Enhanced E2E Tests - Media and Assets › display error screenshots 

    Error: page.goto: NS_ERROR_NET_EMPTY_RESPONSE
    Call log:
      - navigating to "http://localhost:5173/login", waiting until "load"


      755 | test.describe('Enhanced E2E Tests - Media and Assets', () => {
      756 |     test('display error screenshots', async ({ page }) => {
    > 757 |         await page.goto('http://localhost:5173/login');
          |                    ^
      758 |         await page.click('button:has-text("Sign in with Google")');
      759 |         await page.waitForURL('**/dashboard');
      760 |
        at /Users/deepak/Downloads/Projects/StackLens-AI-Deploy/tests/e2e/enhanced.test.ts:757:20

    attachment #1: screenshot (image/png) ──────────────────────────────────────────────────────────
    ../test-results/e2e-enhanced-Enhanced-E2E--030f1-s-display-error-screenshots-e2e-firefox/test-failed-1.png
    ────────────────────────────────────────────────────────────────────────────────────────────────

    attachment #2: video (video/webm) ──────────────────────────────────────────────────────────────
    ../test-results/e2e-enhanced-Enhanced-E2E--030f1-s-display-error-screenshots-e2e-firefox/video.webm
    ────────────────────────────────────────────────────────────────────────────────────────────────

    Error Context: ../test-results/e2e-enhanced-Enhanced-E2E--030f1-s-display-error-screenshots-e2e-firefox/error-context.md
]]>
</failure>
<system-out>
<![CDATA[
[[ATTACHMENT|e2e-enhanced-Enhanced-E2E--030f1-s-display-error-screenshots-e2e-firefox/test-failed-1.png]]

[[ATTACHMENT|e2e-enhanced-Enhanced-E2E--030f1-s-display-error-screenshots-e2e-firefox/video.webm]]

[[ATTACHMENT|e2e-enhanced-Enhanced-E2E--030f1-s-display-error-screenshots-e2e-firefox/error-context.md]]
]]>
</system-out>
</testcase>
<testcase name="Enhanced E2E Tests - Media and Assets › lazy load images in gallery" classname="e2e/enhanced.test.ts" time="3.7">
<failure message="enhanced.test.ts:771:5 lazy load images in gallery" type="FAILURE">
<![CDATA[  [e2e-firefox] › e2e/enhanced.test.ts:771:5 › Enhanced E2E Tests - Media and Assets › lazy load images in gallery 

    Error: page.goto: NS_ERROR_NET_EMPTY_RESPONSE
    Call log:
      - navigating to "http://localhost:5173/gallery", waiting until "load"


      770 |
      771 |     test('lazy load images in gallery', async ({ page }) => {
    > 772 |         await page.goto('http://localhost:5173/gallery');
          |                    ^
      773 |
      774 |         // Images outside viewport should not be loaded
      775 |         const images = page.locator('img[loading="lazy"]');
        at /Users/deepak/Downloads/Projects/StackLens-AI-Deploy/tests/e2e/enhanced.test.ts:772:20

    attachment #1: screenshot (image/png) ──────────────────────────────────────────────────────────
    ../test-results/e2e-enhanced-Enhanced-E2E--70b29-lazy-load-images-in-gallery-e2e-firefox/test-failed-1.png
    ────────────────────────────────────────────────────────────────────────────────────────────────

    attachment #2: video (video/webm) ──────────────────────────────────────────────────────────────
    ../test-results/e2e-enhanced-Enhanced-E2E--70b29-lazy-load-images-in-gallery-e2e-firefox/video.webm
    ────────────────────────────────────────────────────────────────────────────────────────────────

    Error Context: ../test-results/e2e-enhanced-Enhanced-E2E--70b29-lazy-load-images-in-gallery-e2e-firefox/error-context.md
]]>
</failure>
<system-out>
<![CDATA[
[[ATTACHMENT|e2e-enhanced-Enhanced-E2E--70b29-lazy-load-images-in-gallery-e2e-firefox/test-failed-1.png]]

[[ATTACHMENT|e2e-enhanced-Enhanced-E2E--70b29-lazy-load-images-in-gallery-e2e-firefox/video.webm]]

[[ATTACHMENT|e2e-enhanced-Enhanced-E2E--70b29-lazy-load-images-in-gallery-e2e-firefox/error-context.md]]
]]>
</system-out>
</testcase>
<testcase name="Enhanced E2E Tests - Media and Assets › display chart visualizations" classname="e2e/enhanced.test.ts" time="2.634">
<failure message="enhanced.test.ts:790:5 display chart visualizations" type="FAILURE">
<![CDATA[  [e2e-firefox] › e2e/enhanced.test.ts:790:5 › Enhanced E2E Tests - Media and Assets › display chart visualizations 

    Error: page.goto: NS_ERROR_NET_EMPTY_RESPONSE
    Call log:
      - navigating to "http://localhost:5173/login", waiting until "load"


      789 |
      790 |     test('display chart visualizations', async ({ page }) => {
    > 791 |         await page.goto('http://localhost:5173/login');
          |                    ^
      792 |         await page.click('button:has-text("Sign in with Google")');
      793 |         await page.waitForURL('**/dashboard');
      794 |
        at /Users/deepak/Downloads/Projects/StackLens-AI-Deploy/tests/e2e/enhanced.test.ts:791:20

    attachment #1: screenshot (image/png) ──────────────────────────────────────────────────────────
    ../test-results/e2e-enhanced-Enhanced-E2E--90147-isplay-chart-visualizations-e2e-firefox/test-failed-1.png
    ────────────────────────────────────────────────────────────────────────────────────────────────

    attachment #2: video (video/webm) ──────────────────────────────────────────────────────────────
    ../test-results/e2e-enhanced-Enhanced-E2E--90147-isplay-chart-visualizations-e2e-firefox/video.webm
    ────────────────────────────────────────────────────────────────────────────────────────────────

    Error Context: ../test-results/e2e-enhanced-Enhanced-E2E--90147-isplay-chart-visualizations-e2e-firefox/error-context.md
]]>
</failure>
<system-out>
<![CDATA[
[[ATTACHMENT|e2e-enhanced-Enhanced-E2E--90147-isplay-chart-visualizations-e2e-firefox/test-failed-1.png]]

[[ATTACHMENT|e2e-enhanced-Enhanced-E2E--90147-isplay-chart-visualizations-e2e-firefox/video.webm]]

[[ATTACHMENT|e2e-enhanced-Enhanced-E2E--90147-isplay-chart-visualizations-e2e-firefox/error-context.md]]
]]>
</system-out>
</testcase>
<testcase name="Enhanced E2E Tests - Print and Export › print error report" classname="e2e/enhanced.test.ts" time="3.063">
<failure message="enhanced.test.ts:807:5 print error report" type="FAILURE">
<![CDATA[  [e2e-firefox] › e2e/enhanced.test.ts:807:5 › Enhanced E2E Tests - Print and Export › print error report 

    Error: page.goto: NS_ERROR_NET_EMPTY_RESPONSE
    Call log:
      - navigating to "http://localhost:5173/login", waiting until "load"


      806 | test.describe('Enhanced E2E Tests - Print and Export', () => {
      807 |     test('print error report', async ({ page }) => {
    > 808 |         await page.goto('http://localhost:5173/login');
          |                    ^
      809 |         await page.click('button:has-text("Sign in with Google")');
      810 |         await page.waitForURL('**/dashboard');
      811 |
        at /Users/deepak/Downloads/Projects/StackLens-AI-Deploy/tests/e2e/enhanced.test.ts:808:20

    attachment #1: screenshot (image/png) ──────────────────────────────────────────────────────────
    ../test-results/e2e-enhanced-Enhanced-E2E--65eeb-d-Export-print-error-report-e2e-firefox/test-failed-1.png
    ────────────────────────────────────────────────────────────────────────────────────────────────

    attachment #2: video (video/webm) ──────────────────────────────────────────────────────────────
    ../test-results/e2e-enhanced-Enhanced-E2E--65eeb-d-Export-print-error-report-e2e-firefox/video.webm
    ────────────────────────────────────────────────────────────────────────────────────────────────

    Error Context: ../test-results/e2e-enhanced-Enhanced-E2E--65eeb-d-Export-print-error-report-e2e-firefox/error-context.md
]]>
</failure>
<system-out>
<![CDATA[
[[ATTACHMENT|e2e-enhanced-Enhanced-E2E--65eeb-d-Export-print-error-report-e2e-firefox/test-failed-1.png]]

[[ATTACHMENT|e2e-enhanced-Enhanced-E2E--65eeb-d-Export-print-error-report-e2e-firefox/video.webm]]

[[ATTACHMENT|e2e-enhanced-Enhanced-E2E--65eeb-d-Export-print-error-report-e2e-firefox/error-context.md]]
]]>
</system-out>
</testcase>
<testcase name="Enhanced E2E Tests - Print and Export › generate shareable link" classname="e2e/enhanced.test.ts" time="3.209">
<failure message="enhanced.test.ts:830:5 generate shareable link" type="FAILURE">
<![CDATA[  [e2e-firefox] › e2e/enhanced.test.ts:830:5 › Enhanced E2E Tests - Print and Export › generate shareable link 

    Error: page.goto: NS_ERROR_NET_EMPTY_RESPONSE
    Call log:
      - navigating to "http://localhost:5173/login", waiting until "load"


      829 |
      830 |     test('generate shareable link', async ({ page }) => {
    > 831 |         await page.goto('http://localhost:5173/login');
          |                    ^
      832 |         await page.click('button:has-text("Sign in with Google")');
      833 |         await page.waitForURL('**/dashboard');
      834 |
        at /Users/deepak/Downloads/Projects/StackLens-AI-Deploy/tests/e2e/enhanced.test.ts:831:20

    attachment #1: screenshot (image/png) ──────────────────────────────────────────────────────────
    ../test-results/e2e-enhanced-Enhanced-E2E--59d31-ort-generate-shareable-link-e2e-firefox/test-failed-1.png
    ────────────────────────────────────────────────────────────────────────────────────────────────

    attachment #2: video (video/webm) ──────────────────────────────────────────────────────────────
    ../test-results/e2e-enhanced-Enhanced-E2E--59d31-ort-generate-shareable-link-e2e-firefox/video.webm
    ────────────────────────────────────────────────────────────────────────────────────────────────

    Error Context: ../test-results/e2e-enhanced-Enhanced-E2E--59d31-ort-generate-shareable-link-e2e-firefox/error-context.md
]]>
</failure>
<system-out>
<![CDATA[
[[ATTACHMENT|e2e-enhanced-Enhanced-E2E--59d31-ort-generate-shareable-link-e2e-firefox/test-failed-1.png]]

[[ATTACHMENT|e2e-enhanced-Enhanced-E2E--59d31-ort-generate-shareable-link-e2e-firefox/video.webm]]

[[ATTACHMENT|e2e-enhanced-Enhanced-E2E--59d31-ort-generate-shareable-link-e2e-firefox/error-context.md]]
]]>
</system-out>
</testcase>
<testcase name="Enhanced E2E Tests - Real-time Features › receive real-time error notifications" classname="e2e/enhanced.test.ts" time="2.92">
<failure message="enhanced.test.ts:852:5 receive real-time error notifications" type="FAILURE">
<![CDATA[  [e2e-firefox] › e2e/enhanced.test.ts:852:5 › Enhanced E2E Tests - Real-time Features › receive real-time error notifications 

    Error: page.goto: NS_ERROR_NET_EMPTY_RESPONSE
    Call log:
      - navigating to "http://localhost:5173/login", waiting until "load"


      858 |
      859 |         // Admin creates error
    > 860 |         await adminPage.goto('http://localhost:5173/login');
          |                         ^
      861 |         await adminPage.click('button:has-text("Sign in as Admin")');
      862 |         await adminPage.waitForURL('**/dashboard');
      863 |
        at /Users/deepak/Downloads/Projects/StackLens-AI-Deploy/tests/e2e/enhanced.test.ts:860:25

    attachment #1: screenshot (image/png) ──────────────────────────────────────────────────────────
    ../test-results/e2e-enhanced-Enhanced-E2E--29fe6-al-time-error-notifications-e2e-firefox/test-failed-2.png
    ────────────────────────────────────────────────────────────────────────────────────────────────

    attachment #2: screenshot (image/png) ──────────────────────────────────────────────────────────
    ../test-results/e2e-enhanced-Enhanced-E2E--29fe6-al-time-error-notifications-e2e-firefox/test-failed-1.png
    ────────────────────────────────────────────────────────────────────────────────────────────────

    Error Context: ../test-results/e2e-enhanced-Enhanced-E2E--29fe6-al-time-error-notifications-e2e-firefox/error-context.md
]]>
</failure>
<system-out>
<![CDATA[
[[ATTACHMENT|e2e-enhanced-Enhanced-E2E--29fe6-al-time-error-notifications-e2e-firefox/test-failed-2.png]]

[[ATTACHMENT|e2e-enhanced-Enhanced-E2E--29fe6-al-time-error-notifications-e2e-firefox/test-failed-1.png]]

[[ATTACHMENT|e2e-enhanced-Enhanced-E2E--29fe6-al-time-error-notifications-e2e-firefox/error-context.md]]
]]>
</system-out>
</testcase>
<testcase name="Enhanced E2E Tests - Real-time Features › sync status updates across sessions" classname="e2e/enhanced.test.ts" time="3.123">
<failure message="enhanced.test.ts:889:5 sync status updates across sessions" type="FAILURE">
<![CDATA[  [e2e-firefox] › e2e/enhanced.test.ts:889:5 › Enhanced E2E Tests - Real-time Features › sync status updates across sessions 

    Error: page.goto: NS_ERROR_NET_EMPTY_RESPONSE
    Call log:
      - navigating to "http://localhost:5173/login", waiting until "load"


      895 |
      896 |         // Both users view same error
    > 897 |         await page1.goto('http://localhost:5173/login');
          |                     ^
      898 |         await page1.click('button:has-text("Sign in with Google")');
      899 |         await page1.waitForURL('**/dashboard');
      900 |
        at /Users/deepak/Downloads/Projects/StackLens-AI-Deploy/tests/e2e/enhanced.test.ts:897:21

    attachment #1: screenshot (image/png) ──────────────────────────────────────────────────────────
    ../test-results/e2e-enhanced-Enhanced-E2E--c9cf9-tus-updates-across-sessions-e2e-firefox/test-failed-2.png
    ────────────────────────────────────────────────────────────────────────────────────────────────

    attachment #2: screenshot (image/png) ──────────────────────────────────────────────────────────
    ../test-results/e2e-enhanced-Enhanced-E2E--c9cf9-tus-updates-across-sessions-e2e-firefox/test-failed-1.png
    ────────────────────────────────────────────────────────────────────────────────────────────────

    Error Context: ../test-results/e2e-enhanced-Enhanced-E2E--c9cf9-tus-updates-across-sessions-e2e-firefox/error-context.md
]]>
</failure>
<system-out>
<![CDATA[
[[ATTACHMENT|e2e-enhanced-Enhanced-E2E--c9cf9-tus-updates-across-sessions-e2e-firefox/test-failed-2.png]]

[[ATTACHMENT|e2e-enhanced-Enhanced-E2E--c9cf9-tus-updates-across-sessions-e2e-firefox/test-failed-1.png]]

[[ATTACHMENT|e2e-enhanced-Enhanced-E2E--c9cf9-tus-updates-across-sessions-e2e-firefox/error-context.md]]
]]>
</system-out>
</testcase>
</testsuite>
<testsuite name="e2e/upload.test.ts" timestamp="2025-10-10T06:55:27.522Z" hostname="e2e-firefox" tests="11" failures="11" skipped="0" time="35.563" errors="0">
<testcase name="File Upload and Analysis › should upload Excel file successfully" classname="e2e/upload.test.ts" time="2.409">
<failure message="upload.test.ts:16:5 should upload Excel file successfully" type="FAILURE">
<![CDATA[  [e2e-firefox] › e2e/upload.test.ts:16:5 › File Upload and Analysis › should upload Excel file successfully 

    Error: page.goto: NS_ERROR_NET_EMPTY_RESPONSE
    Call log:
      - navigating to "http://localhost:5173/", waiting until "load"


       at fixtures.ts:26

      24 |     authenticatedPage: async ({ page }, use) => {
      25 |         // Navigate to login
    > 26 |         await page.goto('/');
         |                    ^
      27 |
      28 |         // Perform Firebase Google Sign-in (using test credentials)
      29 |         await page.click('button:has-text("Sign in with Google")');
        at Object.authenticatedPage (/Users/deepak/Downloads/Projects/StackLens-AI-Deploy/tests/fixtures.ts:26:20)

    attachment #1: screenshot (image/png) ──────────────────────────────────────────────────────────
    ../test-results/e2e-upload-File-Upload-and-f2e5e-oad-Excel-file-successfully-e2e-firefox/test-failed-1.png
    ────────────────────────────────────────────────────────────────────────────────────────────────

    attachment #2: video (video/webm) ──────────────────────────────────────────────────────────────
    ../test-results/e2e-upload-File-Upload-and-f2e5e-oad-Excel-file-successfully-e2e-firefox/video.webm
    ────────────────────────────────────────────────────────────────────────────────────────────────

    Error Context: ../test-results/e2e-upload-File-Upload-and-f2e5e-oad-Excel-file-successfully-e2e-firefox/error-context.md
]]>
</failure>
<system-out>
<![CDATA[
[[ATTACHMENT|e2e-upload-File-Upload-and-f2e5e-oad-Excel-file-successfully-e2e-firefox/test-failed-1.png]]

[[ATTACHMENT|e2e-upload-File-Upload-and-f2e5e-oad-Excel-file-successfully-e2e-firefox/video.webm]]

[[ATTACHMENT|e2e-upload-File-Upload-and-f2e5e-oad-Excel-file-successfully-e2e-firefox/error-context.md]]
]]>
</system-out>
</testcase>
<testcase name="File Upload and Analysis › should upload CSV file successfully" classname="e2e/upload.test.ts" time="2.586">
<failure message="upload.test.ts:27:5 should upload CSV file successfully" type="FAILURE">
<![CDATA[  [e2e-firefox] › e2e/upload.test.ts:27:5 › File Upload and Analysis › should upload CSV file successfully 

    Error: page.goto: NS_ERROR_NET_EMPTY_RESPONSE
    Call log:
      - navigating to "http://localhost:5173/", waiting until "load"


       at fixtures.ts:26

      24 |     authenticatedPage: async ({ page }, use) => {
      25 |         // Navigate to login
    > 26 |         await page.goto('/');
         |                    ^
      27 |
      28 |         // Perform Firebase Google Sign-in (using test credentials)
      29 |         await page.click('button:has-text("Sign in with Google")');
        at Object.authenticatedPage (/Users/deepak/Downloads/Projects/StackLens-AI-Deploy/tests/fixtures.ts:26:20)

    attachment #1: screenshot (image/png) ──────────────────────────────────────────────────────────
    ../test-results/e2e-upload-File-Upload-and-aa322-pload-CSV-file-successfully-e2e-firefox/test-failed-1.png
    ────────────────────────────────────────────────────────────────────────────────────────────────

    attachment #2: video (video/webm) ──────────────────────────────────────────────────────────────
    ../test-results/e2e-upload-File-Upload-and-aa322-pload-CSV-file-successfully-e2e-firefox/video.webm
    ────────────────────────────────────────────────────────────────────────────────────────────────

    Error Context: ../test-results/e2e-upload-File-Upload-and-aa322-pload-CSV-file-successfully-e2e-firefox/error-context.md
]]>
</failure>
<system-out>
<![CDATA[
[[ATTACHMENT|e2e-upload-File-Upload-and-aa322-pload-CSV-file-successfully-e2e-firefox/test-failed-1.png]]

[[ATTACHMENT|e2e-upload-File-Upload-and-aa322-pload-CSV-file-successfully-e2e-firefox/video.webm]]

[[ATTACHMENT|e2e-upload-File-Upload-and-aa322-pload-CSV-file-successfully-e2e-firefox/error-context.md]]
]]>
</system-out>
</testcase>
<testcase name="File Upload and Analysis › should upload log file successfully" classname="e2e/upload.test.ts" time="2.766">
<failure message="upload.test.ts:36:5 should upload log file successfully" type="FAILURE">
<![CDATA[  [e2e-firefox] › e2e/upload.test.ts:36:5 › File Upload and Analysis › should upload log file successfully 

    Error: page.goto: NS_ERROR_NET_EMPTY_RESPONSE
    Call log:
      - navigating to "http://localhost:5173/", waiting until "load"


       at fixtures.ts:26

      24 |     authenticatedPage: async ({ page }, use) => {
      25 |         // Navigate to login
    > 26 |         await page.goto('/');
         |                    ^
      27 |
      28 |         // Perform Firebase Google Sign-in (using test credentials)
      29 |         await page.click('button:has-text("Sign in with Google")');
        at Object.authenticatedPage (/Users/deepak/Downloads/Projects/StackLens-AI-Deploy/tests/fixtures.ts:26:20)

    attachment #1: screenshot (image/png) ──────────────────────────────────────────────────────────
    ../test-results/e2e-upload-File-Upload-and-416d4-pload-log-file-successfully-e2e-firefox/test-failed-1.png
    ────────────────────────────────────────────────────────────────────────────────────────────────

    attachment #2: video (video/webm) ──────────────────────────────────────────────────────────────
    ../test-results/e2e-upload-File-Upload-and-416d4-pload-log-file-successfully-e2e-firefox/video.webm
    ────────────────────────────────────────────────────────────────────────────────────────────────

    Error Context: ../test-results/e2e-upload-File-Upload-and-416d4-pload-log-file-successfully-e2e-firefox/error-context.md
]]>
</failure>
<system-out>
<![CDATA[
[[ATTACHMENT|e2e-upload-File-Upload-and-416d4-pload-log-file-successfully-e2e-firefox/test-failed-1.png]]

[[ATTACHMENT|e2e-upload-File-Upload-and-416d4-pload-log-file-successfully-e2e-firefox/video.webm]]

[[ATTACHMENT|e2e-upload-File-Upload-and-416d4-pload-log-file-successfully-e2e-firefox/error-context.md]]
]]>
</system-out>
</testcase>
<testcase name="File Upload and Analysis › should reject invalid file types" classname="e2e/upload.test.ts" time="3.797">
<failure message="upload.test.ts:44:5 should reject invalid file types" type="FAILURE">
<![CDATA[  [e2e-firefox] › e2e/upload.test.ts:44:5 › File Upload and Analysis › should reject invalid file types 

    Error: page.goto: NS_ERROR_NET_EMPTY_RESPONSE
    Call log:
      - navigating to "http://localhost:5173/", waiting until "load"


       at fixtures.ts:26

      24 |     authenticatedPage: async ({ page }, use) => {
      25 |         // Navigate to login
    > 26 |         await page.goto('/');
         |                    ^
      27 |
      28 |         // Perform Firebase Google Sign-in (using test credentials)
      29 |         await page.click('button:has-text("Sign in with Google")');
        at Object.authenticatedPage (/Users/deepak/Downloads/Projects/StackLens-AI-Deploy/tests/fixtures.ts:26:20)

    attachment #1: screenshot (image/png) ──────────────────────────────────────────────────────────
    ../test-results/e2e-upload-File-Upload-and-af5c0-d-reject-invalid-file-types-e2e-firefox/test-failed-1.png
    ────────────────────────────────────────────────────────────────────────────────────────────────

    attachment #2: video (video/webm) ──────────────────────────────────────────────────────────────
    ../test-results/e2e-upload-File-Upload-and-af5c0-d-reject-invalid-file-types-e2e-firefox/video.webm
    ────────────────────────────────────────────────────────────────────────────────────────────────

    Error Context: ../test-results/e2e-upload-File-Upload-and-af5c0-d-reject-invalid-file-types-e2e-firefox/error-context.md
]]>
</failure>
<system-out>
<![CDATA[
[[ATTACHMENT|e2e-upload-File-Upload-and-af5c0-d-reject-invalid-file-types-e2e-firefox/test-failed-1.png]]

[[ATTACHMENT|e2e-upload-File-Upload-and-af5c0-d-reject-invalid-file-types-e2e-firefox/video.webm]]

[[ATTACHMENT|e2e-upload-File-Upload-and-af5c0-d-reject-invalid-file-types-e2e-firefox/error-context.md]]
]]>
</system-out>
</testcase>
<testcase name="File Upload and Analysis › should reject files larger than limit" classname="e2e/upload.test.ts" time="3.73">
<failure message="upload.test.ts:55:5 should reject files larger than limit" type="FAILURE">
<![CDATA[  [e2e-firefox] › e2e/upload.test.ts:55:5 › File Upload and Analysis › should reject files larger than limit 

    Error: page.goto: NS_ERROR_NET_EMPTY_RESPONSE
    Call log:
      - navigating to "http://localhost:5173/", waiting until "load"


       at fixtures.ts:26

      24 |     authenticatedPage: async ({ page }, use) => {
      25 |         // Navigate to login
    > 26 |         await page.goto('/');
         |                    ^
      27 |
      28 |         // Perform Firebase Google Sign-in (using test credentials)
      29 |         await page.click('button:has-text("Sign in with Google")');
        at Object.authenticatedPage (/Users/deepak/Downloads/Projects/StackLens-AI-Deploy/tests/fixtures.ts:26:20)

    attachment #1: screenshot (image/png) ──────────────────────────────────────────────────────────
    ../test-results/e2e-upload-File-Upload-and-4827a-ect-files-larger-than-limit-e2e-firefox/test-failed-1.png
    ────────────────────────────────────────────────────────────────────────────────────────────────

    attachment #2: video (video/webm) ──────────────────────────────────────────────────────────────
    ../test-results/e2e-upload-File-Upload-and-4827a-ect-files-larger-than-limit-e2e-firefox/video.webm
    ────────────────────────────────────────────────────────────────────────────────────────────────

    Error Context: ../test-results/e2e-upload-File-Upload-and-4827a-ect-files-larger-than-limit-e2e-firefox/error-context.md
]]>
</failure>
<system-out>
<![CDATA[
[[ATTACHMENT|e2e-upload-File-Upload-and-4827a-ect-files-larger-than-limit-e2e-firefox/test-failed-1.png]]

[[ATTACHMENT|e2e-upload-File-Upload-and-4827a-ect-files-larger-than-limit-e2e-firefox/video.webm]]

[[ATTACHMENT|e2e-upload-File-Upload-and-4827a-ect-files-larger-than-limit-e2e-firefox/error-context.md]]
]]>
</system-out>
</testcase>
<testcase name="File Upload and Analysis › should trigger AI analysis after upload" classname="e2e/upload.test.ts" time="4.27">
<failure message="upload.test.ts:66:5 should trigger AI analysis after upload" type="FAILURE">
<![CDATA[  [e2e-firefox] › e2e/upload.test.ts:66:5 › File Upload and Analysis › should trigger AI analysis after upload 

    Error: page.goto: NS_ERROR_NET_EMPTY_RESPONSE
    Call log:
      - navigating to "http://localhost:5173/", waiting until "load"


       at fixtures.ts:26

      24 |     authenticatedPage: async ({ page }, use) => {
      25 |         // Navigate to login
    > 26 |         await page.goto('/');
         |                    ^
      27 |
      28 |         // Perform Firebase Google Sign-in (using test credentials)
      29 |         await page.click('button:has-text("Sign in with Google")');
        at Object.authenticatedPage (/Users/deepak/Downloads/Projects/StackLens-AI-Deploy/tests/fixtures.ts:26:20)

    attachment #1: screenshot (image/png) ──────────────────────────────────────────────────────────
    ../test-results/e2e-upload-File-Upload-and-e4b7c-er-AI-analysis-after-upload-e2e-firefox/test-failed-1.png
    ────────────────────────────────────────────────────────────────────────────────────────────────

    attachment #2: video (video/webm) ──────────────────────────────────────────────────────────────
    ../test-results/e2e-upload-File-Upload-and-e4b7c-er-AI-analysis-after-upload-e2e-firefox/video.webm
    ────────────────────────────────────────────────────────────────────────────────────────────────

    Error Context: ../test-results/e2e-upload-File-Upload-and-e4b7c-er-AI-analysis-after-upload-e2e-firefox/error-context.md
]]>
</failure>
<system-out>
<![CDATA[
[[ATTACHMENT|e2e-upload-File-Upload-and-e4b7c-er-AI-analysis-after-upload-e2e-firefox/test-failed-1.png]]

[[ATTACHMENT|e2e-upload-File-Upload-and-e4b7c-er-AI-analysis-after-upload-e2e-firefox/video.webm]]

[[ATTACHMENT|e2e-upload-File-Upload-and-e4b7c-er-AI-analysis-after-upload-e2e-firefox/error-context.md]]
]]>
</system-out>
</testcase>
<testcase name="File Upload and Analysis › should display error detection results" classname="e2e/upload.test.ts" time="4.353">
<failure message="upload.test.ts:84:5 should display error detection results" type="FAILURE">
<![CDATA[  [e2e-firefox] › e2e/upload.test.ts:84:5 › File Upload and Analysis › should display error detection results 

    Error: page.goto: NS_ERROR_NET_EMPTY_RESPONSE
    Call log:
      - navigating to "http://localhost:5173/", waiting until "load"


       at fixtures.ts:26

      24 |     authenticatedPage: async ({ page }, use) => {
      25 |         // Navigate to login
    > 26 |         await page.goto('/');
         |                    ^
      27 |
      28 |         // Perform Firebase Google Sign-in (using test credentials)
      29 |         await page.click('button:has-text("Sign in with Google")');
        at Object.authenticatedPage (/Users/deepak/Downloads/Projects/StackLens-AI-Deploy/tests/fixtures.ts:26:20)

    attachment #1: screenshot (image/png) ──────────────────────────────────────────────────────────
    ../test-results/e2e-upload-File-Upload-and-bef47-lay-error-detection-results-e2e-firefox/test-failed-1.png
    ────────────────────────────────────────────────────────────────────────────────────────────────

    attachment #2: video (video/webm) ──────────────────────────────────────────────────────────────
    ../test-results/e2e-upload-File-Upload-and-bef47-lay-error-detection-results-e2e-firefox/video.webm
    ────────────────────────────────────────────────────────────────────────────────────────────────

    Error Context: ../test-results/e2e-upload-File-Upload-and-bef47-lay-error-detection-results-e2e-firefox/error-context.md
]]>
</failure>
<system-out>
<![CDATA[
[[ATTACHMENT|e2e-upload-File-Upload-and-bef47-lay-error-detection-results-e2e-firefox/test-failed-1.png]]

[[ATTACHMENT|e2e-upload-File-Upload-and-bef47-lay-error-detection-results-e2e-firefox/video.webm]]

[[ATTACHMENT|e2e-upload-File-Upload-and-bef47-lay-error-detection-results-e2e-firefox/error-context.md]]
]]>
</system-out>
</testcase>
<testcase name="File Upload and Analysis › should display AI suggestions" classname="e2e/upload.test.ts" time="3.454">
<failure message="upload.test.ts:100:5 should display AI suggestions" type="FAILURE">
<![CDATA[  [e2e-firefox] › e2e/upload.test.ts:100:5 › File Upload and Analysis › should display AI suggestions 

    Error: page.goto: NS_ERROR_NET_EMPTY_RESPONSE
    Call log:
      - navigating to "http://localhost:5173/", waiting until "load"


       at fixtures.ts:26

      24 |     authenticatedPage: async ({ page }, use) => {
      25 |         // Navigate to login
    > 26 |         await page.goto('/');
         |                    ^
      27 |
      28 |         // Perform Firebase Google Sign-in (using test credentials)
      29 |         await page.click('button:has-text("Sign in with Google")');
        at Object.authenticatedPage (/Users/deepak/Downloads/Projects/StackLens-AI-Deploy/tests/fixtures.ts:26:20)

    attachment #1: screenshot (image/png) ──────────────────────────────────────────────────────────
    ../test-results/e2e-upload-File-Upload-and-d80cc-ould-display-AI-suggestions-e2e-firefox/test-failed-1.png
    ────────────────────────────────────────────────────────────────────────────────────────────────

    attachment #2: video (video/webm) ──────────────────────────────────────────────────────────────
    ../test-results/e2e-upload-File-Upload-and-d80cc-ould-display-AI-suggestions-e2e-firefox/video.webm
    ────────────────────────────────────────────────────────────────────────────────────────────────

    Error Context: ../test-results/e2e-upload-File-Upload-and-d80cc-ould-display-AI-suggestions-e2e-firefox/error-context.md
]]>
</failure>
<system-out>
<![CDATA[
[[ATTACHMENT|e2e-upload-File-Upload-and-d80cc-ould-display-AI-suggestions-e2e-firefox/test-failed-1.png]]

[[ATTACHMENT|e2e-upload-File-Upload-and-d80cc-ould-display-AI-suggestions-e2e-firefox/video.webm]]

[[ATTACHMENT|e2e-upload-File-Upload-and-d80cc-ould-display-AI-suggestions-e2e-firefox/error-context.md]]
]]>
</system-out>
</testcase>
<testcase name="File Upload and Analysis › should display ML predictions" classname="e2e/upload.test.ts" time="2.385">
<failure message="upload.test.ts:111:5 should display ML predictions" type="FAILURE">
<![CDATA[  [e2e-firefox] › e2e/upload.test.ts:111:5 › File Upload and Analysis › should display ML predictions 

    Error: page.goto: NS_ERROR_NET_EMPTY_RESPONSE
    Call log:
      - navigating to "http://localhost:5173/", waiting until "load"


       at fixtures.ts:26

      24 |     authenticatedPage: async ({ page }, use) => {
      25 |         // Navigate to login
    > 26 |         await page.goto('/');
         |                    ^
      27 |
      28 |         // Perform Firebase Google Sign-in (using test credentials)
      29 |         await page.click('button:has-text("Sign in with Google")');
        at Object.authenticatedPage (/Users/deepak/Downloads/Projects/StackLens-AI-Deploy/tests/fixtures.ts:26:20)

    attachment #1: screenshot (image/png) ──────────────────────────────────────────────────────────
    ../test-results/e2e-upload-File-Upload-and-5707d-ould-display-ML-predictions-e2e-firefox/test-failed-1.png
    ────────────────────────────────────────────────────────────────────────────────────────────────

    attachment #2: video (video/webm) ──────────────────────────────────────────────────────────────
    ../test-results/e2e-upload-File-Upload-and-5707d-ould-display-ML-predictions-e2e-firefox/video.webm
    ────────────────────────────────────────────────────────────────────────────────────────────────

    Error Context: ../test-results/e2e-upload-File-Upload-and-5707d-ould-display-ML-predictions-e2e-firefox/error-context.md
]]>
</failure>
<system-out>
<![CDATA[
[[ATTACHMENT|e2e-upload-File-Upload-and-5707d-ould-display-ML-predictions-e2e-firefox/test-failed-1.png]]

[[ATTACHMENT|e2e-upload-File-Upload-and-5707d-ould-display-ML-predictions-e2e-firefox/video.webm]]

[[ATTACHMENT|e2e-upload-File-Upload-and-5707d-ould-display-ML-predictions-e2e-firefox/error-context.md]]
]]>
</system-out>
</testcase>
<testcase name="File Upload and Analysis › should navigate to error details" classname="e2e/upload.test.ts" time="2.688">
<failure message="upload.test.ts:122:5 should navigate to error details" type="FAILURE">
<![CDATA[  [e2e-firefox] › e2e/upload.test.ts:122:5 › File Upload and Analysis › should navigate to error details 

    Error: page.goto: NS_ERROR_NET_EMPTY_RESPONSE
    Call log:
      - navigating to "http://localhost:5173/", waiting until "load"


       at fixtures.ts:26

      24 |     authenticatedPage: async ({ page }, use) => {
      25 |         // Navigate to login
    > 26 |         await page.goto('/');
         |                    ^
      27 |
      28 |         // Perform Firebase Google Sign-in (using test credentials)
      29 |         await page.click('button:has-text("Sign in with Google")');
        at Object.authenticatedPage (/Users/deepak/Downloads/Projects/StackLens-AI-Deploy/tests/fixtures.ts:26:20)

    attachment #1: screenshot (image/png) ──────────────────────────────────────────────────────────
    ../test-results/e2e-upload-File-Upload-and-ab40c-d-navigate-to-error-details-e2e-firefox/test-failed-1.png
    ────────────────────────────────────────────────────────────────────────────────────────────────

    attachment #2: video (video/webm) ──────────────────────────────────────────────────────────────
    ../test-results/e2e-upload-File-Upload-and-ab40c-d-navigate-to-error-details-e2e-firefox/video.webm
    ────────────────────────────────────────────────────────────────────────────────────────────────

    Error Context: ../test-results/e2e-upload-File-Upload-and-ab40c-d-navigate-to-error-details-e2e-firefox/error-context.md
]]>
</failure>
<system-out>
<![CDATA[
[[ATTACHMENT|e2e-upload-File-Upload-and-ab40c-d-navigate-to-error-details-e2e-firefox/test-failed-1.png]]

[[ATTACHMENT|e2e-upload-File-Upload-and-ab40c-d-navigate-to-error-details-e2e-firefox/video.webm]]

[[ATTACHMENT|e2e-upload-File-Upload-and-ab40c-d-navigate-to-error-details-e2e-firefox/error-context.md]]
]]>
</system-out>
</testcase>
<testcase name="File Upload and Analysis › should handle upload errors gracefully" classname="e2e/upload.test.ts" time="3.125">
<failure message="upload.test.ts:136:5 should handle upload errors gracefully" type="FAILURE">
<![CDATA[  [e2e-firefox] › e2e/upload.test.ts:136:5 › File Upload and Analysis › should handle upload errors gracefully 

    Error: page.goto: NS_ERROR_NET_EMPTY_RESPONSE
    Call log:
      - navigating to "http://localhost:5173/", waiting until "load"


       at fixtures.ts:26

      24 |     authenticatedPage: async ({ page }, use) => {
      25 |         // Navigate to login
    > 26 |         await page.goto('/');
         |                    ^
      27 |
      28 |         // Perform Firebase Google Sign-in (using test credentials)
      29 |         await page.click('button:has-text("Sign in with Google")');
        at Object.authenticatedPage (/Users/deepak/Downloads/Projects/StackLens-AI-Deploy/tests/fixtures.ts:26:20)

    attachment #1: screenshot (image/png) ──────────────────────────────────────────────────────────
    ../test-results/e2e-upload-File-Upload-and-8b50c-le-upload-errors-gracefully-e2e-firefox/test-failed-1.png
    ────────────────────────────────────────────────────────────────────────────────────────────────

    attachment #2: video (video/webm) ──────────────────────────────────────────────────────────────
    ../test-results/e2e-upload-File-Upload-and-8b50c-le-upload-errors-gracefully-e2e-firefox/video.webm
    ────────────────────────────────────────────────────────────────────────────────────────────────

    Error Context: ../test-results/e2e-upload-File-Upload-and-8b50c-le-upload-errors-gracefully-e2e-firefox/error-context.md
]]>
</failure>
<system-out>
<![CDATA[
[[ATTACHMENT|e2e-upload-File-Upload-and-8b50c-le-upload-errors-gracefully-e2e-firefox/test-failed-1.png]]

[[ATTACHMENT|e2e-upload-File-Upload-and-8b50c-le-upload-errors-gracefully-e2e-firefox/video.webm]]

[[ATTACHMENT|e2e-upload-File-Upload-and-8b50c-le-upload-errors-gracefully-e2e-firefox/error-context.md]]
]]>
</system-out>
</testcase>
</testsuite>
<testsuite name="e2e/auth.test.ts" timestamp="2025-10-10T06:55:27.522Z" hostname="e2e-webkit" tests="6" failures="6" skipped="0" time="157.502" errors="0">
<testcase name="Authentication › should display login page" classname="e2e/auth.test.ts" time="7.033">
<failure message="auth.test.ts:13:5 should display login page" type="FAILURE">
<![CDATA[  [e2e-webkit] › e2e/auth.test.ts:13:5 › Authentication › should display login page ────────────────

    Error: expect(page).toHaveTitle(expected) failed

    Expected pattern: /StackLens AI/
    Received string:  ""
    Timeout: 5000ms

    Call log:
      - Expect "toHaveTitle" with timeout 5000ms
        9 × unexpected value ""


      12 |
      13 |     test('should display login page', async ({ page }) => {
    > 14 |         await expect(page).toHaveTitle(/StackLens AI/);
         |                            ^
      15 |         await expect(page.locator('h1')).toContainText('Welcome to StackLens AI');
      16 |         await expect(page.locator('button:has-text("Sign in with Google")')).toBeVisible();
      17 |     });
        at /Users/deepak/Downloads/Projects/StackLens-AI-Deploy/tests/e2e/auth.test.ts:14:28

    attachment #1: screenshot (image/png) ──────────────────────────────────────────────────────────
    ../test-results/e2e-auth-Authentication-should-display-login-page-e2e-webkit/test-failed-1.png
    ────────────────────────────────────────────────────────────────────────────────────────────────

    attachment #2: video (video/webm) ──────────────────────────────────────────────────────────────
    ../test-results/e2e-auth-Authentication-should-display-login-page-e2e-webkit/video.webm
    ────────────────────────────────────────────────────────────────────────────────────────────────
]]>
</failure>
<system-out>
<![CDATA[
[[ATTACHMENT|e2e-auth-Authentication-should-display-login-page-e2e-webkit/test-failed-1.png]]

[[ATTACHMENT|e2e-auth-Authentication-should-display-login-page-e2e-webkit/video.webm]]
]]>
</system-out>
</testcase>
<testcase name="Authentication › should login with Google successfully" classname="e2e/auth.test.ts" time="30.098">
<failure message="auth.test.ts:19:5 should login with Google successfully" type="FAILURE">
<![CDATA[  [e2e-webkit] › e2e/auth.test.ts:19:5 › Authentication › should login with Google successfully ────

    Test timeout of 30000ms exceeded.

    Error: page.click: Test timeout of 30000ms exceeded.
    Call log:
      - waiting for locator('button:has-text("Sign in with Google")')


      19 |     test('should login with Google successfully', async ({ page }) => {
      20 |         // Click Google Sign-in
    > 21 |         await page.click('button:has-text("Sign in with Google")');
         |                    ^
      22 |
      23 |         // Wait for Firebase auth redirect
      24 |         await page.waitForURL('**/dashboard', { timeout: 10000 });
        at /Users/deepak/Downloads/Projects/StackLens-AI-Deploy/tests/e2e/auth.test.ts:21:20

    attachment #1: screenshot (image/png) ──────────────────────────────────────────────────────────
    ../test-results/e2e-auth-Authentication-sh-73416-in-with-Google-successfully-e2e-webkit/test-failed-1.png
    ────────────────────────────────────────────────────────────────────────────────────────────────

    attachment #2: video (video/webm) ──────────────────────────────────────────────────────────────
    ../test-results/e2e-auth-Authentication-sh-73416-in-with-Google-successfully-e2e-webkit/video.webm
    ────────────────────────────────────────────────────────────────────────────────────────────────
]]>
</failure>
<system-out>
<![CDATA[
[[ATTACHMENT|e2e-auth-Authentication-sh-73416-in-with-Google-successfully-e2e-webkit/test-failed-1.png]]

[[ATTACHMENT|e2e-auth-Authentication-sh-73416-in-with-Google-successfully-e2e-webkit/video.webm]]
]]>
</system-out>
</testcase>
<testcase name="Authentication › should display user profile after login" classname="e2e/auth.test.ts" time="30.084">
<failure message="auth.test.ts:31:5 should display user profile after login" type="FAILURE">
<![CDATA[  [e2e-webkit] › e2e/auth.test.ts:31:5 › Authentication › should display user profile after login ──

    Test timeout of 30000ms exceeded while setting up "authenticatedPage".

    Error: page.click: Test timeout of 30000ms exceeded.
    Call log:
      - waiting for locator('button:has-text("Sign in with Google")')


       at fixtures.ts:29

      27 |
      28 |         // Perform Firebase Google Sign-in (using test credentials)
    > 29 |         await page.click('button:has-text("Sign in with Google")');
         |                    ^
      30 |
      31 |         // Wait for authentication
      32 |         await page.waitForURL('**/dashboard', { timeout: 10000 });
        at Object.authenticatedPage (/Users/deepak/Downloads/Projects/StackLens-AI-Deploy/tests/fixtures.ts:29:20)

    attachment #1: screenshot (image/png) ──────────────────────────────────────────────────────────
    ../test-results/e2e-auth-Authentication-sh-6a33f-ay-user-profile-after-login-e2e-webkit/test-failed-1.png
    ────────────────────────────────────────────────────────────────────────────────────────────────

    attachment #2: video (video/webm) ──────────────────────────────────────────────────────────────
    ../test-results/e2e-auth-Authentication-sh-6a33f-ay-user-profile-after-login-e2e-webkit/video.webm
    ────────────────────────────────────────────────────────────────────────────────────────────────
]]>
</failure>
<system-out>
<![CDATA[
[[ATTACHMENT|e2e-auth-Authentication-sh-6a33f-ay-user-profile-after-login-e2e-webkit/test-failed-1.png]]

[[ATTACHMENT|e2e-auth-Authentication-sh-6a33f-ay-user-profile-after-login-e2e-webkit/video.webm]]
]]>
</system-out>
</testcase>
<testcase name="Authentication › should logout successfully" classname="e2e/auth.test.ts" time="30.105">
<failure message="auth.test.ts:37:5 should logout successfully" type="FAILURE">
<![CDATA[  [e2e-webkit] › e2e/auth.test.ts:37:5 › Authentication › should logout successfully ───────────────

    Test timeout of 30000ms exceeded while setting up "authenticatedPage".

    Error: page.click: Test timeout of 30000ms exceeded.
    Call log:
      - waiting for locator('button:has-text("Sign in with Google")')


       at fixtures.ts:29

      27 |
      28 |         // Perform Firebase Google Sign-in (using test credentials)
    > 29 |         await page.click('button:has-text("Sign in with Google")');
         |                    ^
      30 |
      31 |         // Wait for authentication
      32 |         await page.waitForURL('**/dashboard', { timeout: 10000 });
        at Object.authenticatedPage (/Users/deepak/Downloads/Projects/StackLens-AI-Deploy/tests/fixtures.ts:29:20)

    attachment #1: screenshot (image/png) ──────────────────────────────────────────────────────────
    ../test-results/e2e-auth-Authentication-should-logout-successfully-e2e-webkit/test-failed-1.png
    ────────────────────────────────────────────────────────────────────────────────────────────────

    attachment #2: video (video/webm) ──────────────────────────────────────────────────────────────
    ../test-results/e2e-auth-Authentication-should-logout-successfully-e2e-webkit/video.webm
    ────────────────────────────────────────────────────────────────────────────────────────────────
]]>
</failure>
<system-out>
<![CDATA[
[[ATTACHMENT|e2e-auth-Authentication-should-logout-successfully-e2e-webkit/test-failed-1.png]]

[[ATTACHMENT|e2e-auth-Authentication-should-logout-successfully-e2e-webkit/video.webm]]
]]>
</system-out>
</testcase>
<testcase name="Authentication › should persist session on page reload" classname="e2e/auth.test.ts" time="30.076">
<failure message="auth.test.ts:47:5 should persist session on page reload" type="FAILURE">
<![CDATA[  [e2e-webkit] › e2e/auth.test.ts:47:5 › Authentication › should persist session on page reload ────

    Test timeout of 30000ms exceeded while setting up "authenticatedPage".

    Error: page.click: Test timeout of 30000ms exceeded.
    Call log:
      - waiting for locator('button:has-text("Sign in with Google")')


       at fixtures.ts:29

      27 |
      28 |         // Perform Firebase Google Sign-in (using test credentials)
    > 29 |         await page.click('button:has-text("Sign in with Google")');
         |                    ^
      30 |
      31 |         // Wait for authentication
      32 |         await page.waitForURL('**/dashboard', { timeout: 10000 });
        at Object.authenticatedPage (/Users/deepak/Downloads/Projects/StackLens-AI-Deploy/tests/fixtures.ts:29:20)

    attachment #1: screenshot (image/png) ──────────────────────────────────────────────────────────
    ../test-results/e2e-auth-Authentication-sh-c5bd4-sist-session-on-page-reload-e2e-webkit/test-failed-1.png
    ────────────────────────────────────────────────────────────────────────────────────────────────

    attachment #2: video (video/webm) ──────────────────────────────────────────────────────────────
    ../test-results/e2e-auth-Authentication-sh-c5bd4-sist-session-on-page-reload-e2e-webkit/video.webm
    ────────────────────────────────────────────────────────────────────────────────────────────────
]]>
</failure>
<system-out>
<![CDATA[
[[ATTACHMENT|e2e-auth-Authentication-sh-c5bd4-sist-session-on-page-reload-e2e-webkit/test-failed-1.png]]

[[ATTACHMENT|e2e-auth-Authentication-sh-c5bd4-sist-session-on-page-reload-e2e-webkit/video.webm]]
]]>
</system-out>
</testcase>
<testcase name="Authentication › should handle authentication errors" classname="e2e/auth.test.ts" time="30.106">
<failure message="auth.test.ts:55:5 should handle authentication errors" type="FAILURE">
<![CDATA[  [e2e-webkit] › e2e/auth.test.ts:55:5 › Authentication › should handle authentication errors ──────

    Test timeout of 30000ms exceeded.

    Error: page.click: Test timeout of 30000ms exceeded.
    Call log:
      - waiting for locator('button:has-text("Sign in with Google")')


      62 |         });
      63 |
    > 64 |         await page.click('button:has-text("Sign in with Google")');
         |                    ^
      65 |
      66 |         // Should show error message
      67 |         await expect(page.locator('[data-testid="error-message"]')).toContainText('Authentication failed');
        at /Users/deepak/Downloads/Projects/StackLens-AI-Deploy/tests/e2e/auth.test.ts:64:20

    attachment #1: screenshot (image/png) ──────────────────────────────────────────────────────────
    ../test-results/e2e-auth-Authentication-should-handle-authentication-errors-e2e-webkit/test-failed-1.png
    ────────────────────────────────────────────────────────────────────────────────────────────────

    attachment #2: video (video/webm) ──────────────────────────────────────────────────────────────
    ../test-results/e2e-auth-Authentication-should-handle-authentication-errors-e2e-webkit/video.webm
    ────────────────────────────────────────────────────────────────────────────────────────────────
]]>
</failure>
<system-out>
<![CDATA[
[[ATTACHMENT|e2e-auth-Authentication-should-handle-authentication-errors-e2e-webkit/test-failed-1.png]]

[[ATTACHMENT|e2e-auth-Authentication-should-handle-authentication-errors-e2e-webkit/video.webm]]
]]>
</system-out>
</testcase>
</testsuite>
<testsuite name="e2e/dashboard.test.ts" timestamp="2025-10-10T06:55:27.522Z" hostname="e2e-webkit" tests="18" failures="18" skipped="0" time="542.243" errors="0">
<testcase name="Error Dashboard › should display dashboard with error statistics" classname="e2e/dashboard.test.ts" time="30.088">
<failure message="dashboard.test.ts:15:5 should display dashboard with error statistics" type="FAILURE">
<![CDATA[  [e2e-webkit] › e2e/dashboard.test.ts:15:5 › Error Dashboard › should display dashboard with error statistics 

    Test timeout of 30000ms exceeded while running "beforeEach" hook.

       9 |     test.use({ storageState: 'tests/.auth/user.json' });
      10 |
    > 11 |     test.beforeEach(async ({ authenticatedPage }) => {
         |          ^
      12 |         await authenticatedPage.goto('/errors');
      13 |     });
      14 |
        at /Users/deepak/Downloads/Projects/StackLens-AI-Deploy/tests/e2e/dashboard.test.ts:11:10

    Error: page.click: Test timeout of 30000ms exceeded.
    Call log:
      - waiting for locator('button:has-text("Sign in with Google")')


       at fixtures.ts:29

      27 |
      28 |         // Perform Firebase Google Sign-in (using test credentials)
    > 29 |         await page.click('button:has-text("Sign in with Google")');
         |                    ^
      30 |
      31 |         // Wait for authentication
      32 |         await page.waitForURL('**/dashboard', { timeout: 10000 });
        at Object.authenticatedPage (/Users/deepak/Downloads/Projects/StackLens-AI-Deploy/tests/fixtures.ts:29:20)

    attachment #1: screenshot (image/png) ──────────────────────────────────────────────────────────
    ../test-results/e2e-dashboard-Error-Dashbo-2f8a5-board-with-error-statistics-e2e-webkit/test-failed-1.png
    ────────────────────────────────────────────────────────────────────────────────────────────────

    attachment #2: video (video/webm) ──────────────────────────────────────────────────────────────
    ../test-results/e2e-dashboard-Error-Dashbo-2f8a5-board-with-error-statistics-e2e-webkit/video.webm
    ────────────────────────────────────────────────────────────────────────────────────────────────
]]>
</failure>
<system-out>
<![CDATA[
[[ATTACHMENT|e2e-dashboard-Error-Dashbo-2f8a5-board-with-error-statistics-e2e-webkit/test-failed-1.png]]

[[ATTACHMENT|e2e-dashboard-Error-Dashbo-2f8a5-board-with-error-statistics-e2e-webkit/video.webm]]
]]>
</system-out>
</testcase>
<testcase name="Error Dashboard › should display error severity breakdown" classname="e2e/dashboard.test.ts" time="30.082">
<failure message="dashboard.test.ts:22:5 should display error severity breakdown" type="FAILURE">
<![CDATA[  [e2e-webkit] › e2e/dashboard.test.ts:22:5 › Error Dashboard › should display error severity breakdown 

    Test timeout of 30000ms exceeded while running "beforeEach" hook.

       9 |     test.use({ storageState: 'tests/.auth/user.json' });
      10 |
    > 11 |     test.beforeEach(async ({ authenticatedPage }) => {
         |          ^
      12 |         await authenticatedPage.goto('/errors');
      13 |     });
      14 |
        at /Users/deepak/Downloads/Projects/StackLens-AI-Deploy/tests/e2e/dashboard.test.ts:11:10

    Error: page.click: Test timeout of 30000ms exceeded.
    Call log:
      - waiting for locator('button:has-text("Sign in with Google")')


       at fixtures.ts:29

      27 |
      28 |         // Perform Firebase Google Sign-in (using test credentials)
    > 29 |         await page.click('button:has-text("Sign in with Google")');
         |                    ^
      30 |
      31 |         // Wait for authentication
      32 |         await page.waitForURL('**/dashboard', { timeout: 10000 });
        at Object.authenticatedPage (/Users/deepak/Downloads/Projects/StackLens-AI-Deploy/tests/fixtures.ts:29:20)

    attachment #1: screenshot (image/png) ──────────────────────────────────────────────────────────
    ../test-results/e2e-dashboard-Error-Dashbo-7efcf-ay-error-severity-breakdown-e2e-webkit/test-failed-1.png
    ────────────────────────────────────────────────────────────────────────────────────────────────

    attachment #2: video (video/webm) ──────────────────────────────────────────────────────────────
    ../test-results/e2e-dashboard-Error-Dashbo-7efcf-ay-error-severity-breakdown-e2e-webkit/video.webm
    ────────────────────────────────────────────────────────────────────────────────────────────────
]]>
</failure>
<system-out>
<![CDATA[
[[ATTACHMENT|e2e-dashboard-Error-Dashbo-7efcf-ay-error-severity-breakdown-e2e-webkit/test-failed-1.png]]

[[ATTACHMENT|e2e-dashboard-Error-Dashbo-7efcf-ay-error-severity-breakdown-e2e-webkit/video.webm]]
]]>
</system-out>
</testcase>
<testcase name="Error Dashboard › should filter errors by store" classname="e2e/dashboard.test.ts" time="30.146">
<failure message="dashboard.test.ts:29:5 should filter errors by store" type="FAILURE">
<![CDATA[  [e2e-webkit] › e2e/dashboard.test.ts:29:5 › Error Dashboard › should filter errors by store ──────

    Test timeout of 30000ms exceeded while running "beforeEach" hook.

       9 |     test.use({ storageState: 'tests/.auth/user.json' });
      10 |
    > 11 |     test.beforeEach(async ({ authenticatedPage }) => {
         |          ^
      12 |         await authenticatedPage.goto('/errors');
      13 |     });
      14 |
        at /Users/deepak/Downloads/Projects/StackLens-AI-Deploy/tests/e2e/dashboard.test.ts:11:10

    Error: page.click: Test timeout of 30000ms exceeded.
    Call log:
      - waiting for locator('button:has-text("Sign in with Google")')


       at fixtures.ts:29

      27 |
      28 |         // Perform Firebase Google Sign-in (using test credentials)
    > 29 |         await page.click('button:has-text("Sign in with Google")');
         |                    ^
      30 |
      31 |         // Wait for authentication
      32 |         await page.waitForURL('**/dashboard', { timeout: 10000 });
        at Object.authenticatedPage (/Users/deepak/Downloads/Projects/StackLens-AI-Deploy/tests/fixtures.ts:29:20)

    attachment #1: screenshot (image/png) ──────────────────────────────────────────────────────────
    ../test-results/e2e-dashboard-Error-Dashboard-should-filter-errors-by-store-e2e-webkit/test-failed-1.png
    ────────────────────────────────────────────────────────────────────────────────────────────────

    attachment #2: video (video/webm) ──────────────────────────────────────────────────────────────
    ../test-results/e2e-dashboard-Error-Dashboard-should-filter-errors-by-store-e2e-webkit/video.webm
    ────────────────────────────────────────────────────────────────────────────────────────────────
]]>
</failure>
<system-out>
<![CDATA[
[[ATTACHMENT|e2e-dashboard-Error-Dashboard-should-filter-errors-by-store-e2e-webkit/test-failed-1.png]]

[[ATTACHMENT|e2e-dashboard-Error-Dashboard-should-filter-errors-by-store-e2e-webkit/video.webm]]
]]>
</system-out>
</testcase>
<testcase name="Error Dashboard › should filter errors by kiosk" classname="e2e/dashboard.test.ts" time="30.069">
<failure message="dashboard.test.ts:44:5 should filter errors by kiosk" type="FAILURE">
<![CDATA[  [e2e-webkit] › e2e/dashboard.test.ts:44:5 › Error Dashboard › should filter errors by kiosk ──────

    Test timeout of 30000ms exceeded while running "beforeEach" hook.

       9 |     test.use({ storageState: 'tests/.auth/user.json' });
      10 |
    > 11 |     test.beforeEach(async ({ authenticatedPage }) => {
         |          ^
      12 |         await authenticatedPage.goto('/errors');
      13 |     });
      14 |
        at /Users/deepak/Downloads/Projects/StackLens-AI-Deploy/tests/e2e/dashboard.test.ts:11:10

    Error: page.click: Test timeout of 30000ms exceeded.
    Call log:
      - waiting for locator('button:has-text("Sign in with Google")')


       at fixtures.ts:29

      27 |
      28 |         // Perform Firebase Google Sign-in (using test credentials)
    > 29 |         await page.click('button:has-text("Sign in with Google")');
         |                    ^
      30 |
      31 |         // Wait for authentication
      32 |         await page.waitForURL('**/dashboard', { timeout: 10000 });
        at Object.authenticatedPage (/Users/deepak/Downloads/Projects/StackLens-AI-Deploy/tests/fixtures.ts:29:20)

    attachment #1: screenshot (image/png) ──────────────────────────────────────────────────────────
    ../test-results/e2e-dashboard-Error-Dashboard-should-filter-errors-by-kiosk-e2e-webkit/test-failed-1.png
    ────────────────────────────────────────────────────────────────────────────────────────────────

    attachment #2: video (video/webm) ──────────────────────────────────────────────────────────────
    ../test-results/e2e-dashboard-Error-Dashboard-should-filter-errors-by-kiosk-e2e-webkit/video.webm
    ────────────────────────────────────────────────────────────────────────────────────────────────
]]>
</failure>
<system-out>
<![CDATA[
[[ATTACHMENT|e2e-dashboard-Error-Dashboard-should-filter-errors-by-kiosk-e2e-webkit/test-failed-1.png]]

[[ATTACHMENT|e2e-dashboard-Error-Dashboard-should-filter-errors-by-kiosk-e2e-webkit/video.webm]]
]]>
</system-out>
</testcase>
<testcase name="Error Dashboard › should filter errors by severity" classname="e2e/dashboard.test.ts" time="30.083">
<failure message="dashboard.test.ts:57:5 should filter errors by severity" type="FAILURE">
<![CDATA[  [e2e-webkit] › e2e/dashboard.test.ts:57:5 › Error Dashboard › should filter errors by severity ───

    Test timeout of 30000ms exceeded while running "beforeEach" hook.

       9 |     test.use({ storageState: 'tests/.auth/user.json' });
      10 |
    > 11 |     test.beforeEach(async ({ authenticatedPage }) => {
         |          ^
      12 |         await authenticatedPage.goto('/errors');
      13 |     });
      14 |
        at /Users/deepak/Downloads/Projects/StackLens-AI-Deploy/tests/e2e/dashboard.test.ts:11:10

    Error: page.click: Test timeout of 30000ms exceeded.
    Call log:
      - waiting for locator('button:has-text("Sign in with Google")')


       at fixtures.ts:29

      27 |
      28 |         // Perform Firebase Google Sign-in (using test credentials)
    > 29 |         await page.click('button:has-text("Sign in with Google")');
         |                    ^
      30 |
      31 |         // Wait for authentication
      32 |         await page.waitForURL('**/dashboard', { timeout: 10000 });
        at Object.authenticatedPage (/Users/deepak/Downloads/Projects/StackLens-AI-Deploy/tests/fixtures.ts:29:20)

    attachment #1: screenshot (image/png) ──────────────────────────────────────────────────────────
    ../test-results/e2e-dashboard-Error-Dashbo-c3f10-d-filter-errors-by-severity-e2e-webkit/test-failed-1.png
    ────────────────────────────────────────────────────────────────────────────────────────────────

    attachment #2: video (video/webm) ──────────────────────────────────────────────────────────────
    ../test-results/e2e-dashboard-Error-Dashbo-c3f10-d-filter-errors-by-severity-e2e-webkit/video.webm
    ────────────────────────────────────────────────────────────────────────────────────────────────
]]>
</failure>
<system-out>
<![CDATA[
[[ATTACHMENT|e2e-dashboard-Error-Dashbo-c3f10-d-filter-errors-by-severity-e2e-webkit/test-failed-1.png]]

[[ATTACHMENT|e2e-dashboard-Error-Dashbo-c3f10-d-filter-errors-by-severity-e2e-webkit/video.webm]]
]]>
</system-out>
</testcase>
<testcase name="Error Dashboard › should filter errors by date range" classname="e2e/dashboard.test.ts" time="30.087">
<failure message="dashboard.test.ts:67:5 should filter errors by date range" type="FAILURE">
<![CDATA[  [e2e-webkit] › e2e/dashboard.test.ts:67:5 › Error Dashboard › should filter errors by date range ─

    Test timeout of 30000ms exceeded while running "beforeEach" hook.

       9 |     test.use({ storageState: 'tests/.auth/user.json' });
      10 |
    > 11 |     test.beforeEach(async ({ authenticatedPage }) => {
         |          ^
      12 |         await authenticatedPage.goto('/errors');
      13 |     });
      14 |
        at /Users/deepak/Downloads/Projects/StackLens-AI-Deploy/tests/e2e/dashboard.test.ts:11:10

    Error: page.click: Test timeout of 30000ms exceeded.
    Call log:
      - waiting for locator('button:has-text("Sign in with Google")')


       at fixtures.ts:29

      27 |
      28 |         // Perform Firebase Google Sign-in (using test credentials)
    > 29 |         await page.click('button:has-text("Sign in with Google")');
         |                    ^
      30 |
      31 |         // Wait for authentication
      32 |         await page.waitForURL('**/dashboard', { timeout: 10000 });
        at Object.authenticatedPage (/Users/deepak/Downloads/Projects/StackLens-AI-Deploy/tests/fixtures.ts:29:20)

    attachment #1: screenshot (image/png) ──────────────────────────────────────────────────────────
    ../test-results/e2e-dashboard-Error-Dashbo-bcfaa-filter-errors-by-date-range-e2e-webkit/test-failed-1.png
    ────────────────────────────────────────────────────────────────────────────────────────────────

    attachment #2: video (video/webm) ──────────────────────────────────────────────────────────────
    ../test-results/e2e-dashboard-Error-Dashbo-bcfaa-filter-errors-by-date-range-e2e-webkit/video.webm
    ────────────────────────────────────────────────────────────────────────────────────────────────
]]>
</failure>
<system-out>
<![CDATA[
[[ATTACHMENT|e2e-dashboard-Error-Dashbo-bcfaa-filter-errors-by-date-range-e2e-webkit/test-failed-1.png]]

[[ATTACHMENT|e2e-dashboard-Error-Dashbo-bcfaa-filter-errors-by-date-range-e2e-webkit/video.webm]]
]]>
</system-out>
</testcase>
<testcase name="Error Dashboard › should apply multiple filters together" classname="e2e/dashboard.test.ts" time="30.077">
<failure message="dashboard.test.ts:82:5 should apply multiple filters together" type="FAILURE">
<![CDATA[  [e2e-webkit] › e2e/dashboard.test.ts:82:5 › Error Dashboard › should apply multiple filters together 

    Test timeout of 30000ms exceeded while running "beforeEach" hook.

       9 |     test.use({ storageState: 'tests/.auth/user.json' });
      10 |
    > 11 |     test.beforeEach(async ({ authenticatedPage }) => {
         |          ^
      12 |         await authenticatedPage.goto('/errors');
      13 |     });
      14 |
        at /Users/deepak/Downloads/Projects/StackLens-AI-Deploy/tests/e2e/dashboard.test.ts:11:10

    Error: page.click: Test timeout of 30000ms exceeded.
    Call log:
      - waiting for locator('button:has-text("Sign in with Google")')


       at fixtures.ts:29

      27 |
      28 |         // Perform Firebase Google Sign-in (using test credentials)
    > 29 |         await page.click('button:has-text("Sign in with Google")');
         |                    ^
      30 |
      31 |         // Wait for authentication
      32 |         await page.waitForURL('**/dashboard', { timeout: 10000 });
        at Object.authenticatedPage (/Users/deepak/Downloads/Projects/StackLens-AI-Deploy/tests/fixtures.ts:29:20)

    attachment #1: screenshot (image/png) ──────────────────────────────────────────────────────────
    ../test-results/e2e-dashboard-Error-Dashbo-c876a-y-multiple-filters-together-e2e-webkit/test-failed-1.png
    ────────────────────────────────────────────────────────────────────────────────────────────────

    attachment #2: video (video/webm) ──────────────────────────────────────────────────────────────
    ../test-results/e2e-dashboard-Error-Dashbo-c876a-y-multiple-filters-together-e2e-webkit/video.webm
    ────────────────────────────────────────────────────────────────────────────────────────────────
]]>
</failure>
<system-out>
<![CDATA[
[[ATTACHMENT|e2e-dashboard-Error-Dashbo-c876a-y-multiple-filters-together-e2e-webkit/test-failed-1.png]]

[[ATTACHMENT|e2e-dashboard-Error-Dashbo-c876a-y-multiple-filters-together-e2e-webkit/video.webm]]
]]>
</system-out>
</testcase>
<testcase name="Error Dashboard › should clear all filters" classname="e2e/dashboard.test.ts" time="30.071">
<failure message="dashboard.test.ts:100:5 should clear all filters" type="FAILURE">
<![CDATA[  [e2e-webkit] › e2e/dashboard.test.ts:100:5 › Error Dashboard › should clear all filters ──────────

    Test timeout of 30000ms exceeded while running "beforeEach" hook.

       9 |     test.use({ storageState: 'tests/.auth/user.json' });
      10 |
    > 11 |     test.beforeEach(async ({ authenticatedPage }) => {
         |          ^
      12 |         await authenticatedPage.goto('/errors');
      13 |     });
      14 |
        at /Users/deepak/Downloads/Projects/StackLens-AI-Deploy/tests/e2e/dashboard.test.ts:11:10

    Error: page.click: Test timeout of 30000ms exceeded.
    Call log:
      - waiting for locator('button:has-text("Sign in with Google")')


       at fixtures.ts:29

      27 |
      28 |         // Perform Firebase Google Sign-in (using test credentials)
    > 29 |         await page.click('button:has-text("Sign in with Google")');
         |                    ^
      30 |
      31 |         // Wait for authentication
      32 |         await page.waitForURL('**/dashboard', { timeout: 10000 });
        at Object.authenticatedPage (/Users/deepak/Downloads/Projects/StackLens-AI-Deploy/tests/fixtures.ts:29:20)

    attachment #1: screenshot (image/png) ──────────────────────────────────────────────────────────
    ../test-results/e2e-dashboard-Error-Dashboard-should-clear-all-filters-e2e-webkit/test-failed-1.png
    ────────────────────────────────────────────────────────────────────────────────────────────────

    attachment #2: video (video/webm) ──────────────────────────────────────────────────────────────
    ../test-results/e2e-dashboard-Error-Dashboard-should-clear-all-filters-e2e-webkit/video.webm
    ────────────────────────────────────────────────────────────────────────────────────────────────
]]>
</failure>
<system-out>
<![CDATA[
[[ATTACHMENT|e2e-dashboard-Error-Dashboard-should-clear-all-filters-e2e-webkit/test-failed-1.png]]

[[ATTACHMENT|e2e-dashboard-Error-Dashboard-should-clear-all-filters-e2e-webkit/video.webm]]
]]>
</system-out>
</testcase>
<testcase name="Error Dashboard › should search errors by keyword" classname="e2e/dashboard.test.ts" time="30.07">
<failure message="dashboard.test.ts:116:5 should search errors by keyword" type="FAILURE">
<![CDATA[  [e2e-webkit] › e2e/dashboard.test.ts:116:5 › Error Dashboard › should search errors by keyword ───

    Test timeout of 30000ms exceeded while running "beforeEach" hook.

       9 |     test.use({ storageState: 'tests/.auth/user.json' });
      10 |
    > 11 |     test.beforeEach(async ({ authenticatedPage }) => {
         |          ^
      12 |         await authenticatedPage.goto('/errors');
      13 |     });
      14 |
        at /Users/deepak/Downloads/Projects/StackLens-AI-Deploy/tests/e2e/dashboard.test.ts:11:10

    Error: page.click: Test timeout of 30000ms exceeded.
    Call log:
      - waiting for locator('button:has-text("Sign in with Google")')


       at fixtures.ts:29

      27 |
      28 |         // Perform Firebase Google Sign-in (using test credentials)
    > 29 |         await page.click('button:has-text("Sign in with Google")');
         |                    ^
      30 |
      31 |         // Wait for authentication
      32 |         await page.waitForURL('**/dashboard', { timeout: 10000 });
        at Object.authenticatedPage (/Users/deepak/Downloads/Projects/StackLens-AI-Deploy/tests/fixtures.ts:29:20)

    attachment #1: screenshot (image/png) ──────────────────────────────────────────────────────────
    ../test-results/e2e-dashboard-Error-Dashbo-bcbbc-ld-search-errors-by-keyword-e2e-webkit/test-failed-1.png
    ────────────────────────────────────────────────────────────────────────────────────────────────

    attachment #2: video (video/webm) ──────────────────────────────────────────────────────────────
    ../test-results/e2e-dashboard-Error-Dashbo-bcbbc-ld-search-errors-by-keyword-e2e-webkit/video.webm
    ────────────────────────────────────────────────────────────────────────────────────────────────
]]>
</failure>
<system-out>
<![CDATA[
[[ATTACHMENT|e2e-dashboard-Error-Dashbo-bcbbc-ld-search-errors-by-keyword-e2e-webkit/test-failed-1.png]]

[[ATTACHMENT|e2e-dashboard-Error-Dashbo-bcbbc-ld-search-errors-by-keyword-e2e-webkit/video.webm]]
]]>
</system-out>
</testcase>
<testcase name="Error Dashboard › should paginate through error results" classname="e2e/dashboard.test.ts" time="30.077">
<failure message="dashboard.test.ts:127:5 should paginate through error results" type="FAILURE">
<![CDATA[  [e2e-webkit] › e2e/dashboard.test.ts:127:5 › Error Dashboard › should paginate through error results 

    Test timeout of 30000ms exceeded while running "beforeEach" hook.

       9 |     test.use({ storageState: 'tests/.auth/user.json' });
      10 |
    > 11 |     test.beforeEach(async ({ authenticatedPage }) => {
         |          ^
      12 |         await authenticatedPage.goto('/errors');
      13 |     });
      14 |
        at /Users/deepak/Downloads/Projects/StackLens-AI-Deploy/tests/e2e/dashboard.test.ts:11:10

    Error: page.click: Test timeout of 30000ms exceeded.
    Call log:
      - waiting for locator('button:has-text("Sign in with Google")')


       at fixtures.ts:29

      27 |
      28 |         // Perform Firebase Google Sign-in (using test credentials)
    > 29 |         await page.click('button:has-text("Sign in with Google")');
         |                    ^
      30 |
      31 |         // Wait for authentication
      32 |         await page.waitForURL('**/dashboard', { timeout: 10000 });
        at Object.authenticatedPage (/Users/deepak/Downloads/Projects/StackLens-AI-Deploy/tests/fixtures.ts:29:20)

    attachment #1: screenshot (image/png) ──────────────────────────────────────────────────────────
    ../test-results/e2e-dashboard-Error-Dashbo-509b8-inate-through-error-results-e2e-webkit/test-failed-1.png
    ────────────────────────────────────────────────────────────────────────────────────────────────

    attachment #2: video (video/webm) ──────────────────────────────────────────────────────────────
    ../test-results/e2e-dashboard-Error-Dashbo-509b8-inate-through-error-results-e2e-webkit/video.webm
    ────────────────────────────────────────────────────────────────────────────────────────────────
]]>
</failure>
<system-out>
<![CDATA[
[[ATTACHMENT|e2e-dashboard-Error-Dashbo-509b8-inate-through-error-results-e2e-webkit/test-failed-1.png]]

[[ATTACHMENT|e2e-dashboard-Error-Dashbo-509b8-inate-through-error-results-e2e-webkit/video.webm]]
]]>
</system-out>
</testcase>
<testcase name="Error Dashboard › should change items per page" classname="e2e/dashboard.test.ts" time="30.08">
<failure message="dashboard.test.ts:139:5 should change items per page" type="FAILURE">
<![CDATA[  [e2e-webkit] › e2e/dashboard.test.ts:139:5 › Error Dashboard › should change items per page ──────

    Test timeout of 30000ms exceeded while running "beforeEach" hook.

       9 |     test.use({ storageState: 'tests/.auth/user.json' });
      10 |
    > 11 |     test.beforeEach(async ({ authenticatedPage }) => {
         |          ^
      12 |         await authenticatedPage.goto('/errors');
      13 |     });
      14 |
        at /Users/deepak/Downloads/Projects/StackLens-AI-Deploy/tests/e2e/dashboard.test.ts:11:10

    Error: page.click: Test timeout of 30000ms exceeded.
    Call log:
      - waiting for locator('button:has-text("Sign in with Google")')


       at fixtures.ts:29

      27 |
      28 |         // Perform Firebase Google Sign-in (using test credentials)
    > 29 |         await page.click('button:has-text("Sign in with Google")');
         |                    ^
      30 |
      31 |         // Wait for authentication
      32 |         await page.waitForURL('**/dashboard', { timeout: 10000 });
        at Object.authenticatedPage (/Users/deepak/Downloads/Projects/StackLens-AI-Deploy/tests/fixtures.ts:29:20)

    attachment #1: screenshot (image/png) ──────────────────────────────────────────────────────────
    ../test-results/e2e-dashboard-Error-Dashboard-should-change-items-per-page-e2e-webkit/test-failed-1.png
    ────────────────────────────────────────────────────────────────────────────────────────────────

    attachment #2: video (video/webm) ──────────────────────────────────────────────────────────────
    ../test-results/e2e-dashboard-Error-Dashboard-should-change-items-per-page-e2e-webkit/video.webm
    ────────────────────────────────────────────────────────────────────────────────────────────────
]]>
</failure>
<system-out>
<![CDATA[
[[ATTACHMENT|e2e-dashboard-Error-Dashboard-should-change-items-per-page-e2e-webkit/test-failed-1.png]]

[[ATTACHMENT|e2e-dashboard-Error-Dashboard-should-change-items-per-page-e2e-webkit/video.webm]]
]]>
</system-out>
</testcase>
<testcase name="Error Dashboard › should sort errors by severity" classname="e2e/dashboard.test.ts" time="30.112">
<failure message="dashboard.test.ts:149:5 should sort errors by severity" type="FAILURE">
<![CDATA[  [e2e-webkit] › e2e/dashboard.test.ts:149:5 › Error Dashboard › should sort errors by severity ────

    Test timeout of 30000ms exceeded while running "beforeEach" hook.

       9 |     test.use({ storageState: 'tests/.auth/user.json' });
      10 |
    > 11 |     test.beforeEach(async ({ authenticatedPage }) => {
         |          ^
      12 |         await authenticatedPage.goto('/errors');
      13 |     });
      14 |
        at /Users/deepak/Downloads/Projects/StackLens-AI-Deploy/tests/e2e/dashboard.test.ts:11:10

    Error: page.click: Test timeout of 30000ms exceeded.
    Call log:
      - waiting for locator('button:has-text("Sign in with Google")')


       at fixtures.ts:29

      27 |
      28 |         // Perform Firebase Google Sign-in (using test credentials)
    > 29 |         await page.click('button:has-text("Sign in with Google")');
         |                    ^
      30 |
      31 |         // Wait for authentication
      32 |         await page.waitForURL('**/dashboard', { timeout: 10000 });
        at Object.authenticatedPage (/Users/deepak/Downloads/Projects/StackLens-AI-Deploy/tests/fixtures.ts:29:20)

    attachment #1: screenshot (image/png) ──────────────────────────────────────────────────────────
    ../test-results/e2e-dashboard-Error-Dashboard-should-sort-errors-by-severity-e2e-webkit/test-failed-1.png
    ────────────────────────────────────────────────────────────────────────────────────────────────

    attachment #2: video (video/webm) ──────────────────────────────────────────────────────────────
    ../test-results/e2e-dashboard-Error-Dashboard-should-sort-errors-by-severity-e2e-webkit/video.webm
    ────────────────────────────────────────────────────────────────────────────────────────────────
]]>
</failure>
<system-out>
<![CDATA[
[[ATTACHMENT|e2e-dashboard-Error-Dashboard-should-sort-errors-by-severity-e2e-webkit/test-failed-1.png]]

[[ATTACHMENT|e2e-dashboard-Error-Dashboard-should-sort-errors-by-severity-e2e-webkit/video.webm]]
]]>
</system-out>
</testcase>
<testcase name="Error Dashboard › should sort errors by date" classname="e2e/dashboard.test.ts" time="30.141">
<failure message="dashboard.test.ts:162:5 should sort errors by date" type="FAILURE">
<![CDATA[  [e2e-webkit] › e2e/dashboard.test.ts:162:5 › Error Dashboard › should sort errors by date ────────

    Test timeout of 30000ms exceeded while running "beforeEach" hook.

       9 |     test.use({ storageState: 'tests/.auth/user.json' });
      10 |
    > 11 |     test.beforeEach(async ({ authenticatedPage }) => {
         |          ^
      12 |         await authenticatedPage.goto('/errors');
      13 |     });
      14 |
        at /Users/deepak/Downloads/Projects/StackLens-AI-Deploy/tests/e2e/dashboard.test.ts:11:10

    Error: page.click: Test timeout of 30000ms exceeded.
    Call log:
      - waiting for locator('button:has-text("Sign in with Google")')


       at fixtures.ts:29

      27 |
      28 |         // Perform Firebase Google Sign-in (using test credentials)
    > 29 |         await page.click('button:has-text("Sign in with Google")');
         |                    ^
      30 |
      31 |         // Wait for authentication
      32 |         await page.waitForURL('**/dashboard', { timeout: 10000 });
        at Object.authenticatedPage (/Users/deepak/Downloads/Projects/StackLens-AI-Deploy/tests/fixtures.ts:29:20)

    attachment #1: screenshot (image/png) ──────────────────────────────────────────────────────────
    ../test-results/e2e-dashboard-Error-Dashboard-should-sort-errors-by-date-e2e-webkit/test-failed-1.png
    ────────────────────────────────────────────────────────────────────────────────────────────────

    attachment #2: video (video/webm) ──────────────────────────────────────────────────────────────
    ../test-results/e2e-dashboard-Error-Dashboard-should-sort-errors-by-date-e2e-webkit/video.webm
    ────────────────────────────────────────────────────────────────────────────────────────────────
]]>
</failure>
<system-out>
<![CDATA[
[[ATTACHMENT|e2e-dashboard-Error-Dashboard-should-sort-errors-by-date-e2e-webkit/test-failed-1.png]]

[[ATTACHMENT|e2e-dashboard-Error-Dashboard-should-sort-errors-by-date-e2e-webkit/video.webm]]
]]>
</system-out>
</testcase>
<testcase name="Error Dashboard › should export errors to CSV" classname="e2e/dashboard.test.ts" time="30.077">
<failure message="dashboard.test.ts:175:5 should export errors to CSV" type="FAILURE">
<![CDATA[  [e2e-webkit] › e2e/dashboard.test.ts:175:5 › Error Dashboard › should export errors to CSV ───────

    Test timeout of 30000ms exceeded while running "beforeEach" hook.

       9 |     test.use({ storageState: 'tests/.auth/user.json' });
      10 |
    > 11 |     test.beforeEach(async ({ authenticatedPage }) => {
         |          ^
      12 |         await authenticatedPage.goto('/errors');
      13 |     });
      14 |
        at /Users/deepak/Downloads/Projects/StackLens-AI-Deploy/tests/e2e/dashboard.test.ts:11:10

    Error: page.click: Test timeout of 30000ms exceeded.
    Call log:
      - waiting for locator('button:has-text("Sign in with Google")')


       at fixtures.ts:29

      27 |
      28 |         // Perform Firebase Google Sign-in (using test credentials)
    > 29 |         await page.click('button:has-text("Sign in with Google")');
         |                    ^
      30 |
      31 |         // Wait for authentication
      32 |         await page.waitForURL('**/dashboard', { timeout: 10000 });
        at Object.authenticatedPage (/Users/deepak/Downloads/Projects/StackLens-AI-Deploy/tests/fixtures.ts:29:20)

    attachment #1: screenshot (image/png) ──────────────────────────────────────────────────────────
    ../test-results/e2e-dashboard-Error-Dashboard-should-export-errors-to-CSV-e2e-webkit/test-failed-1.png
    ────────────────────────────────────────────────────────────────────────────────────────────────

    attachment #2: video (video/webm) ──────────────────────────────────────────────────────────────
    ../test-results/e2e-dashboard-Error-Dashboard-should-export-errors-to-CSV-e2e-webkit/video.webm
    ────────────────────────────────────────────────────────────────────────────────────────────────
]]>
</failure>
<system-out>
<![CDATA[
[[ATTACHMENT|e2e-dashboard-Error-Dashboard-should-export-errors-to-CSV-e2e-webkit/test-failed-1.png]]

[[ATTACHMENT|e2e-dashboard-Error-Dashboard-should-export-errors-to-CSV-e2e-webkit/video.webm]]
]]>
</system-out>
</testcase>
<testcase name="Error Dashboard › should export errors to Excel" classname="e2e/dashboard.test.ts" time="30.69">
<failure message="dashboard.test.ts:184:5 should export errors to Excel" type="FAILURE">
<![CDATA[  [e2e-webkit] › e2e/dashboard.test.ts:184:5 › Error Dashboard › should export errors to Excel ─────

    Test timeout of 30000ms exceeded while running "beforeEach" hook.

       9 |     test.use({ storageState: 'tests/.auth/user.json' });
      10 |
    > 11 |     test.beforeEach(async ({ authenticatedPage }) => {
         |          ^
      12 |         await authenticatedPage.goto('/errors');
      13 |     });
      14 |
        at /Users/deepak/Downloads/Projects/StackLens-AI-Deploy/tests/e2e/dashboard.test.ts:11:10

    Error: page.click: Test timeout of 30000ms exceeded.
    Call log:
      - waiting for locator('button:has-text("Sign in with Google")')


       at fixtures.ts:29

      27 |
      28 |         // Perform Firebase Google Sign-in (using test credentials)
    > 29 |         await page.click('button:has-text("Sign in with Google")');
         |                    ^
      30 |
      31 |         // Wait for authentication
      32 |         await page.waitForURL('**/dashboard', { timeout: 10000 });
        at Object.authenticatedPage (/Users/deepak/Downloads/Projects/StackLens-AI-Deploy/tests/fixtures.ts:29:20)

    attachment #1: screenshot (image/png) ──────────────────────────────────────────────────────────
    ../test-results/e2e-dashboard-Error-Dashboard-should-export-errors-to-Excel-e2e-webkit/test-failed-1.png
    ────────────────────────────────────────────────────────────────────────────────────────────────

    attachment #2: video (video/webm) ──────────────────────────────────────────────────────────────
    ../test-results/e2e-dashboard-Error-Dashboard-should-export-errors-to-Excel-e2e-webkit/video.webm
    ────────────────────────────────────────────────────────────────────────────────────────────────
]]>
</failure>
<system-out>
<![CDATA[
[[ATTACHMENT|e2e-dashboard-Error-Dashboard-should-export-errors-to-Excel-e2e-webkit/test-failed-1.png]]

[[ATTACHMENT|e2e-dashboard-Error-Dashboard-should-export-errors-to-Excel-e2e-webkit/video.webm]]
]]>
</system-out>
</testcase>
<testcase name="Error Dashboard › should display error details on click" classname="e2e/dashboard.test.ts" time="30.089">
<failure message="dashboard.test.ts:193:5 should display error details on click" type="FAILURE">
<![CDATA[  [e2e-webkit] › e2e/dashboard.test.ts:193:5 › Error Dashboard › should display error details on click 

    Test timeout of 30000ms exceeded while running "beforeEach" hook.

       9 |     test.use({ storageState: 'tests/.auth/user.json' });
      10 |
    > 11 |     test.beforeEach(async ({ authenticatedPage }) => {
         |          ^
      12 |         await authenticatedPage.goto('/errors');
      13 |     });
      14 |
        at /Users/deepak/Downloads/Projects/StackLens-AI-Deploy/tests/e2e/dashboard.test.ts:11:10

    Error: page.click: Test timeout of 30000ms exceeded.
    Call log:
      - waiting for locator('button:has-text("Sign in with Google")')


       at fixtures.ts:29

      27 |
      28 |         // Perform Firebase Google Sign-in (using test credentials)
    > 29 |         await page.click('button:has-text("Sign in with Google")');
         |                    ^
      30 |
      31 |         // Wait for authentication
      32 |         await page.waitForURL('**/dashboard', { timeout: 10000 });
        at Object.authenticatedPage (/Users/deepak/Downloads/Projects/StackLens-AI-Deploy/tests/fixtures.ts:29:20)

    attachment #1: screenshot (image/png) ──────────────────────────────────────────────────────────
    ../test-results/e2e-dashboard-Error-Dashbo-fd154-play-error-details-on-click-e2e-webkit/test-failed-1.png
    ────────────────────────────────────────────────────────────────────────────────────────────────

    attachment #2: video (video/webm) ──────────────────────────────────────────────────────────────
    ../test-results/e2e-dashboard-Error-Dashbo-fd154-play-error-details-on-click-e2e-webkit/video.webm
    ────────────────────────────────────────────────────────────────────────────────────────────────
]]>
</failure>
<system-out>
<![CDATA[
[[ATTACHMENT|e2e-dashboard-Error-Dashbo-fd154-play-error-details-on-click-e2e-webkit/test-failed-1.png]]

[[ATTACHMENT|e2e-dashboard-Error-Dashbo-fd154-play-error-details-on-click-e2e-webkit/video.webm]]
]]>
</system-out>
</testcase>
<testcase name="Error Dashboard › should mark error as resolved" classname="e2e/dashboard.test.ts" time="30.103">
<failure message="dashboard.test.ts:201:5 should mark error as resolved" type="FAILURE">
<![CDATA[  [e2e-webkit] › e2e/dashboard.test.ts:201:5 › Error Dashboard › should mark error as resolved ─────

    Test timeout of 30000ms exceeded while running "beforeEach" hook.

       9 |     test.use({ storageState: 'tests/.auth/user.json' });
      10 |
    > 11 |     test.beforeEach(async ({ authenticatedPage }) => {
         |          ^
      12 |         await authenticatedPage.goto('/errors');
      13 |     });
      14 |
        at /Users/deepak/Downloads/Projects/StackLens-AI-Deploy/tests/e2e/dashboard.test.ts:11:10

    Error: page.click: Test timeout of 30000ms exceeded.
    Call log:
      - waiting for locator('button:has-text("Sign in with Google")')


       at fixtures.ts:29

      27 |
      28 |         // Perform Firebase Google Sign-in (using test credentials)
    > 29 |         await page.click('button:has-text("Sign in with Google")');
         |                    ^
      30 |
      31 |         // Wait for authentication
      32 |         await page.waitForURL('**/dashboard', { timeout: 10000 });
        at Object.authenticatedPage (/Users/deepak/Downloads/Projects/StackLens-AI-Deploy/tests/fixtures.ts:29:20)

    attachment #1: screenshot (image/png) ──────────────────────────────────────────────────────────
    ../test-results/e2e-dashboard-Error-Dashboard-should-mark-error-as-resolved-e2e-webkit/test-failed-1.png
    ────────────────────────────────────────────────────────────────────────────────────────────────

    attachment #2: video (video/webm) ──────────────────────────────────────────────────────────────
    ../test-results/e2e-dashboard-Error-Dashboard-should-mark-error-as-resolved-e2e-webkit/video.webm
    ────────────────────────────────────────────────────────────────────────────────────────────────
]]>
</failure>
<system-out>
<![CDATA[
[[ATTACHMENT|e2e-dashboard-Error-Dashboard-should-mark-error-as-resolved-e2e-webkit/test-failed-1.png]]

[[ATTACHMENT|e2e-dashboard-Error-Dashboard-should-mark-error-as-resolved-e2e-webkit/video.webm]]
]]>
</system-out>
</testcase>
<testcase name="Error Dashboard › should display real-time updates" classname="e2e/dashboard.test.ts" time="30.101">
<failure message="dashboard.test.ts:210:5 should display real-time updates" type="FAILURE">
<![CDATA[  [e2e-webkit] › e2e/dashboard.test.ts:210:5 › Error Dashboard › should display real-time updates ──

    Test timeout of 30000ms exceeded while running "beforeEach" hook.

       9 |     test.use({ storageState: 'tests/.auth/user.json' });
      10 |
    > 11 |     test.beforeEach(async ({ authenticatedPage }) => {
         |          ^
      12 |         await authenticatedPage.goto('/errors');
      13 |     });
      14 |
        at /Users/deepak/Downloads/Projects/StackLens-AI-Deploy/tests/e2e/dashboard.test.ts:11:10

    Error: page.click: Test timeout of 30000ms exceeded.
    Call log:
      - waiting for locator('button:has-text("Sign in with Google")')


       at fixtures.ts:29

      27 |
      28 |         // Perform Firebase Google Sign-in (using test credentials)
    > 29 |         await page.click('button:has-text("Sign in with Google")');
         |                    ^
      30 |
      31 |         // Wait for authentication
      32 |         await page.waitForURL('**/dashboard', { timeout: 10000 });
        at Object.authenticatedPage (/Users/deepak/Downloads/Projects/StackLens-AI-Deploy/tests/fixtures.ts:29:20)

    attachment #1: screenshot (image/png) ──────────────────────────────────────────────────────────
    ../test-results/e2e-dashboard-Error-Dashbo-4e597-d-display-real-time-updates-e2e-webkit/test-failed-1.png
    ────────────────────────────────────────────────────────────────────────────────────────────────

    attachment #2: video (video/webm) ──────────────────────────────────────────────────────────────
    ../test-results/e2e-dashboard-Error-Dashbo-4e597-d-display-real-time-updates-e2e-webkit/video.webm
    ────────────────────────────────────────────────────────────────────────────────────────────────
]]>
</failure>
<system-out>
<![CDATA[
[[ATTACHMENT|e2e-dashboard-Error-Dashbo-4e597-d-display-real-time-updates-e2e-webkit/test-failed-1.png]]

[[ATTACHMENT|e2e-dashboard-Error-Dashbo-4e597-d-display-real-time-updates-e2e-webkit/video.webm]]
]]>
</system-out>
</testcase>
</testsuite>
<testsuite name="e2e/enhanced.test.ts" timestamp="2025-10-10T06:55:27.522Z" hostname="e2e-webkit" tests="40" failures="38" skipped="2" time="1019.332" errors="0">
<testcase name="Enhanced E2E Tests - Multi-User Scenarios › concurrent users editing same error" classname="e2e/enhanced.test.ts" time="30.051">
<failure message="enhanced.test.ts:4:5 concurrent users editing same error" type="FAILURE">
<![CDATA[  [e2e-webkit] › e2e/enhanced.test.ts:4:5 › Enhanced E2E Tests - Multi-User Scenarios › concurrent users editing same error 

    Test timeout of 30000ms exceeded.

    Error: page.click: Test ended.
    Call log:
      - waiting for locator('button:has-text("Sign in with Google")')


      12 |         // Both users login
      13 |         await page1.goto('http://localhost:5173/login');
    > 14 |         await page1.click('button:has-text("Sign in with Google")');
         |                     ^
      15 |         await page1.waitForURL('**/dashboard');
      16 |
      17 |         await page2.goto('http://localhost:5173/login');
        at /Users/deepak/Downloads/Projects/StackLens-AI-Deploy/tests/e2e/enhanced.test.ts:14:21

    attachment #1: screenshot (image/png) ──────────────────────────────────────────────────────────
    ../test-results/e2e-enhanced-Enhanced-E2E--e3d83-nt-users-editing-same-error-e2e-webkit/test-failed-2.png
    ────────────────────────────────────────────────────────────────────────────────────────────────

    attachment #2: screenshot (image/png) ──────────────────────────────────────────────────────────
    ../test-results/e2e-enhanced-Enhanced-E2E--e3d83-nt-users-editing-same-error-e2e-webkit/test-failed-1.png
    ────────────────────────────────────────────────────────────────────────────────────────────────
]]>
</failure>
<system-out>
<![CDATA[
[[ATTACHMENT|e2e-enhanced-Enhanced-E2E--e3d83-nt-users-editing-same-error-e2e-webkit/test-failed-2.png]]

[[ATTACHMENT|e2e-enhanced-Enhanced-E2E--e3d83-nt-users-editing-same-error-e2e-webkit/test-failed-1.png]]
]]>
</system-out>
</testcase>
<testcase name="Enhanced E2E Tests - Multi-User Scenarios › collaborative analysis workflow" classname="e2e/enhanced.test.ts" time="30.065">
<failure message="enhanced.test.ts:53:5 collaborative analysis workflow" type="FAILURE">
<![CDATA[  [e2e-webkit] › e2e/enhanced.test.ts:53:5 › Enhanced E2E Tests - Multi-User Scenarios › collaborative analysis workflow 

    Test timeout of 30000ms exceeded.

    Error: page.click: Test ended.
    Call log:
      - waiting for locator('button:has-text("Sign in with Google")')


      60 |         // Analyst uploads and analyzes
      61 |         await analyst.goto('http://localhost:5173/login');
    > 62 |         await analyst.click('button:has-text("Sign in with Google")');
         |                       ^
      63 |         await analyst.waitForURL('**/dashboard');
      64 |
      65 |         await analyst.click('button:has-text("Upload")');
        at /Users/deepak/Downloads/Projects/StackLens-AI-Deploy/tests/e2e/enhanced.test.ts:62:23

    attachment #1: screenshot (image/png) ──────────────────────────────────────────────────────────
    ../test-results/e2e-enhanced-Enhanced-E2E--d0fca-aborative-analysis-workflow-e2e-webkit/test-failed-1.png
    ────────────────────────────────────────────────────────────────────────────────────────────────

    attachment #2: screenshot (image/png) ──────────────────────────────────────────────────────────
    ../test-results/e2e-enhanced-Enhanced-E2E--d0fca-aborative-analysis-workflow-e2e-webkit/test-failed-2.png
    ────────────────────────────────────────────────────────────────────────────────────────────────
]]>
</failure>
<system-out>
<![CDATA[
[[ATTACHMENT|e2e-enhanced-Enhanced-E2E--d0fca-aborative-analysis-workflow-e2e-webkit/test-failed-1.png]]

[[ATTACHMENT|e2e-enhanced-Enhanced-E2E--d0fca-aborative-analysis-workflow-e2e-webkit/test-failed-2.png]]
]]>
</system-out>
</testcase>
<testcase name="Enhanced E2E Tests - Error Scenarios › handle network failures gracefully" classname="e2e/enhanced.test.ts" time="30.072">
<failure message="enhanced.test.ts:116:5 handle network failures gracefully" type="FAILURE">
<![CDATA[  [e2e-webkit] › e2e/enhanced.test.ts:116:5 › Enhanced E2E Tests - Error Scenarios › handle network failures gracefully 

    Test timeout of 30000ms exceeded.

    Error: page.click: Test timeout of 30000ms exceeded.
    Call log:
      - waiting for locator('button:has-text("Sign in with Google")')


      116 |     test('handle network failures gracefully', async ({ page, context }) => {
      117 |         await page.goto('http://localhost:5173/login');
    > 118 |         await page.click('button:has-text("Sign in with Google")');
          |                    ^
      119 |         await page.waitForURL('**/dashboard');
      120 |
      121 |         // Go offline
        at /Users/deepak/Downloads/Projects/StackLens-AI-Deploy/tests/e2e/enhanced.test.ts:118:20

    attachment #1: screenshot (image/png) ──────────────────────────────────────────────────────────
    ../test-results/e2e-enhanced-Enhanced-E2E--e27c1-network-failures-gracefully-e2e-webkit/test-failed-1.png
    ────────────────────────────────────────────────────────────────────────────────────────────────

    attachment #2: video (video/webm) ──────────────────────────────────────────────────────────────
    ../test-results/e2e-enhanced-Enhanced-E2E--e27c1-network-failures-gracefully-e2e-webkit/video.webm
    ────────────────────────────────────────────────────────────────────────────────────────────────
]]>
</failure>
<system-out>
<![CDATA[
[[ATTACHMENT|e2e-enhanced-Enhanced-E2E--e27c1-network-failures-gracefully-e2e-webkit/test-failed-1.png]]

[[ATTACHMENT|e2e-enhanced-Enhanced-E2E--e27c1-network-failures-gracefully-e2e-webkit/video.webm]]
]]>
</system-out>
</testcase>
<testcase name="Enhanced E2E Tests - Error Scenarios › handle API errors and retry" classname="e2e/enhanced.test.ts" time="30.099">
<failure message="enhanced.test.ts:142:5 handle API errors and retry" type="FAILURE">
<![CDATA[  [e2e-webkit] › e2e/enhanced.test.ts:142:5 › Enhanced E2E Tests - Error Scenarios › handle API errors and retry 

    Test timeout of 30000ms exceeded.

    Error: page.click: Test timeout of 30000ms exceeded.
    Call log:
      - waiting for locator('button:has-text("Sign in with Google")')


      142 |     test('handle API errors and retry', async ({ page }) => {
      143 |         await page.goto('http://localhost:5173/login');
    > 144 |         await page.click('button:has-text("Sign in with Google")');
          |                    ^
      145 |         await page.waitForURL('**/dashboard');
      146 |
      147 |         // Intercept API to return error
        at /Users/deepak/Downloads/Projects/StackLens-AI-Deploy/tests/e2e/enhanced.test.ts:144:20

    attachment #1: screenshot (image/png) ──────────────────────────────────────────────────────────
    ../test-results/e2e-enhanced-Enhanced-E2E--58667-handle-API-errors-and-retry-e2e-webkit/test-failed-1.png
    ────────────────────────────────────────────────────────────────────────────────────────────────

    attachment #2: video (video/webm) ──────────────────────────────────────────────────────────────
    ../test-results/e2e-enhanced-Enhanced-E2E--58667-handle-API-errors-and-retry-e2e-webkit/video.webm
    ────────────────────────────────────────────────────────────────────────────────────────────────
]]>
</failure>
<system-out>
<![CDATA[
[[ATTACHMENT|e2e-enhanced-Enhanced-E2E--58667-handle-API-errors-and-retry-e2e-webkit/test-failed-1.png]]

[[ATTACHMENT|e2e-enhanced-Enhanced-E2E--58667-handle-API-errors-and-retry-e2e-webkit/video.webm]]
]]>
</system-out>
</testcase>
<testcase name="Enhanced E2E Tests - Error Scenarios › handle session timeout" classname="e2e/enhanced.test.ts" time="30.118">
<failure message="enhanced.test.ts:178:5 handle session timeout" type="FAILURE">
<![CDATA[  [e2e-webkit] › e2e/enhanced.test.ts:178:5 › Enhanced E2E Tests - Error Scenarios › handle session timeout 

    Test timeout of 30000ms exceeded.

    Error: page.click: Test timeout of 30000ms exceeded.
    Call log:
      - waiting for locator('button:has-text("Sign in with Google")')


      178 |     test('handle session timeout', async ({ page }) => {
      179 |         await page.goto('http://localhost:5173/login');
    > 180 |         await page.click('button:has-text("Sign in with Google")');
          |                    ^
      181 |         await page.waitForURL('**/dashboard');
      182 |
      183 |         // Simulate session expiry by intercepting auth check
        at /Users/deepak/Downloads/Projects/StackLens-AI-Deploy/tests/e2e/enhanced.test.ts:180:20

    attachment #1: screenshot (image/png) ──────────────────────────────────────────────────────────
    ../test-results/e2e-enhanced-Enhanced-E2E--4f68f-rios-handle-session-timeout-e2e-webkit/test-failed-1.png
    ────────────────────────────────────────────────────────────────────────────────────────────────

    attachment #2: video (video/webm) ──────────────────────────────────────────────────────────────
    ../test-results/e2e-enhanced-Enhanced-E2E--4f68f-rios-handle-session-timeout-e2e-webkit/video.webm
    ────────────────────────────────────────────────────────────────────────────────────────────────
]]>
</failure>
<system-out>
<![CDATA[
[[ATTACHMENT|e2e-enhanced-Enhanced-E2E--4f68f-rios-handle-session-timeout-e2e-webkit/test-failed-1.png]]

[[ATTACHMENT|e2e-enhanced-Enhanced-E2E--4f68f-rios-handle-session-timeout-e2e-webkit/video.webm]]
]]>
</system-out>
</testcase>
<testcase name="Enhanced E2E Tests - Error Scenarios › handle upload errors and validation" classname="e2e/enhanced.test.ts" time="30.116">
<failure message="enhanced.test.ts:200:5 handle upload errors and validation" type="FAILURE">
<![CDATA[  [e2e-webkit] › e2e/enhanced.test.ts:200:5 › Enhanced E2E Tests - Error Scenarios › handle upload errors and validation 

    Test timeout of 30000ms exceeded.

    Error: page.click: Test timeout of 30000ms exceeded.
    Call log:
      - waiting for locator('button:has-text("Sign in with Google")')


      200 |     test('handle upload errors and validation', async ({ page }) => {
      201 |         await page.goto('http://localhost:5173/login');
    > 202 |         await page.click('button:has-text("Sign in with Google")');
          |                    ^
      203 |         await page.waitForURL('**/dashboard');
      204 |
      205 |         await page.click('button:has-text("Upload")');
        at /Users/deepak/Downloads/Projects/StackLens-AI-Deploy/tests/e2e/enhanced.test.ts:202:20

    attachment #1: screenshot (image/png) ──────────────────────────────────────────────────────────
    ../test-results/e2e-enhanced-Enhanced-E2E--fe960-pload-errors-and-validation-e2e-webkit/test-failed-1.png
    ────────────────────────────────────────────────────────────────────────────────────────────────

    attachment #2: video (video/webm) ──────────────────────────────────────────────────────────────
    ../test-results/e2e-enhanced-Enhanced-E2E--fe960-pload-errors-and-validation-e2e-webkit/video.webm
    ────────────────────────────────────────────────────────────────────────────────────────────────
]]>
</failure>
<system-out>
<![CDATA[
[[ATTACHMENT|e2e-enhanced-Enhanced-E2E--fe960-pload-errors-and-validation-e2e-webkit/test-failed-1.png]]

[[ATTACHMENT|e2e-enhanced-Enhanced-E2E--fe960-pload-errors-and-validation-e2e-webkit/video.webm]]
]]>
</system-out>
</testcase>
<testcase name="Enhanced E2E Tests - Error Scenarios › handle ML training failures" classname="e2e/enhanced.test.ts" time="30.076">
<failure message="enhanced.test.ts:237:5 handle ML training failures" type="FAILURE">
<![CDATA[  [e2e-webkit] › e2e/enhanced.test.ts:237:5 › Enhanced E2E Tests - Error Scenarios › handle ML training failures 

    Test timeout of 30000ms exceeded.

    Error: page.click: Test timeout of 30000ms exceeded.
    Call log:
      - waiting for locator('button:has-text("Sign in with Google")')


      237 |     test('handle ML training failures', async ({ page }) => {
      238 |         await page.goto('http://localhost:5173/login');
    > 239 |         await page.click('button:has-text("Sign in with Google")');
          |                    ^
      240 |         await page.waitForURL('**/dashboard');
      241 |
      242 |         await page.click('nav a:has-text("ML Training")');
        at /Users/deepak/Downloads/Projects/StackLens-AI-Deploy/tests/e2e/enhanced.test.ts:239:20

    attachment #1: screenshot (image/png) ──────────────────────────────────────────────────────────
    ../test-results/e2e-enhanced-Enhanced-E2E--1017e-handle-ML-training-failures-e2e-webkit/test-failed-1.png
    ────────────────────────────────────────────────────────────────────────────────────────────────

    attachment #2: video (video/webm) ──────────────────────────────────────────────────────────────
    ../test-results/e2e-enhanced-Enhanced-E2E--1017e-handle-ML-training-failures-e2e-webkit/video.webm
    ────────────────────────────────────────────────────────────────────────────────────────────────
]]>
</failure>
<system-out>
<![CDATA[
[[ATTACHMENT|e2e-enhanced-Enhanced-E2E--1017e-handle-ML-training-failures-e2e-webkit/test-failed-1.png]]

[[ATTACHMENT|e2e-enhanced-Enhanced-E2E--1017e-handle-ML-training-failures-e2e-webkit/video.webm]]
]]>
</system-out>
</testcase>
<testcase name="Enhanced E2E Tests - Performance Scenarios › handle large datasets efficiently" classname="e2e/enhanced.test.ts" time="30.084">
<failure message="enhanced.test.ts:270:5 handle large datasets efficiently" type="FAILURE">
<![CDATA[  [e2e-webkit] › e2e/enhanced.test.ts:270:5 › Enhanced E2E Tests - Performance Scenarios › handle large datasets efficiently 

    Test timeout of 30000ms exceeded.

    Error: page.click: Test timeout of 30000ms exceeded.
    Call log:
      - waiting for locator('button:has-text("Sign in with Google")')


      270 |     test('handle large datasets efficiently', async ({ page }) => {
      271 |         await page.goto('http://localhost:5173/login');
    > 272 |         await page.click('button:has-text("Sign in with Google")');
          |                    ^
      273 |         await page.waitForURL('**/dashboard');
      274 |
      275 |         // Mock large dataset response
        at /Users/deepak/Downloads/Projects/StackLens-AI-Deploy/tests/e2e/enhanced.test.ts:272:20

    attachment #1: screenshot (image/png) ──────────────────────────────────────────────────────────
    ../test-results/e2e-enhanced-Enhanced-E2E--a6d25--large-datasets-efficiently-e2e-webkit/test-failed-1.png
    ────────────────────────────────────────────────────────────────────────────────────────────────

    attachment #2: video (video/webm) ──────────────────────────────────────────────────────────────
    ../test-results/e2e-enhanced-Enhanced-E2E--a6d25--large-datasets-efficiently-e2e-webkit/video.webm
    ────────────────────────────────────────────────────────────────────────────────────────────────
]]>
</failure>
<system-out>
<![CDATA[
[[ATTACHMENT|e2e-enhanced-Enhanced-E2E--a6d25--large-datasets-efficiently-e2e-webkit/test-failed-1.png]]

[[ATTACHMENT|e2e-enhanced-Enhanced-E2E--a6d25--large-datasets-efficiently-e2e-webkit/video.webm]]
]]>
</system-out>
</testcase>
<testcase name="Enhanced E2E Tests - Performance Scenarios › handle rapid filter changes without lag" classname="e2e/enhanced.test.ts" time="30.078">
<failure message="enhanced.test.ts:310:5 handle rapid filter changes without lag" type="FAILURE">
<![CDATA[  [e2e-webkit] › e2e/enhanced.test.ts:310:5 › Enhanced E2E Tests - Performance Scenarios › handle rapid filter changes without lag 

    Test timeout of 30000ms exceeded.

    Error: page.click: Test timeout of 30000ms exceeded.
    Call log:
      - waiting for locator('button:has-text("Sign in with Google")')


      310 |     test('handle rapid filter changes without lag', async ({ page }) => {
      311 |         await page.goto('http://localhost:5173/login');
    > 312 |         await page.click('button:has-text("Sign in with Google")');
          |                    ^
      313 |         await page.waitForURL('**/dashboard');
      314 |
      315 |         const startTime = Date.now();
        at /Users/deepak/Downloads/Projects/StackLens-AI-Deploy/tests/e2e/enhanced.test.ts:312:20

    attachment #1: screenshot (image/png) ──────────────────────────────────────────────────────────
    ../test-results/e2e-enhanced-Enhanced-E2E--056fc--filter-changes-without-lag-e2e-webkit/test-failed-1.png
    ────────────────────────────────────────────────────────────────────────────────────────────────

    attachment #2: video (video/webm) ──────────────────────────────────────────────────────────────
    ../test-results/e2e-enhanced-Enhanced-E2E--056fc--filter-changes-without-lag-e2e-webkit/video.webm
    ────────────────────────────────────────────────────────────────────────────────────────────────
]]>
</failure>
<system-out>
<![CDATA[
[[ATTACHMENT|e2e-enhanced-Enhanced-E2E--056fc--filter-changes-without-lag-e2e-webkit/test-failed-1.png]]

[[ATTACHMENT|e2e-enhanced-Enhanced-E2E--056fc--filter-changes-without-lag-e2e-webkit/video.webm]]
]]>
</system-out>
</testcase>
<testcase name="Enhanced E2E Tests - Performance Scenarios › handle concurrent API requests" classname="e2e/enhanced.test.ts" time="30.081">
<failure message="enhanced.test.ts:334:5 handle concurrent API requests" type="FAILURE">
<![CDATA[  [e2e-webkit] › e2e/enhanced.test.ts:334:5 › Enhanced E2E Tests - Performance Scenarios › handle concurrent API requests 

    Test timeout of 30000ms exceeded.

    Error: page.click: Test timeout of 30000ms exceeded.
    Call log:
      - waiting for locator('button:has-text("Sign in with Google")')


      334 |     test('handle concurrent API requests', async ({ page }) => {
      335 |         await page.goto('http://localhost:5173/login');
    > 336 |         await page.click('button:has-text("Sign in with Google")');
          |                    ^
      337 |         await page.waitForURL('**/dashboard');
      338 |
      339 |         // Track API requests
        at /Users/deepak/Downloads/Projects/StackLens-AI-Deploy/tests/e2e/enhanced.test.ts:336:20

    attachment #1: screenshot (image/png) ──────────────────────────────────────────────────────────
    ../test-results/e2e-enhanced-Enhanced-E2E--40746-dle-concurrent-API-requests-e2e-webkit/test-failed-1.png
    ────────────────────────────────────────────────────────────────────────────────────────────────

    attachment #2: video (video/webm) ──────────────────────────────────────────────────────────────
    ../test-results/e2e-enhanced-Enhanced-E2E--40746-dle-concurrent-API-requests-e2e-webkit/video.webm
    ────────────────────────────────────────────────────────────────────────────────────────────────
]]>
</failure>
<system-out>
<![CDATA[
[[ATTACHMENT|e2e-enhanced-Enhanced-E2E--40746-dle-concurrent-API-requests-e2e-webkit/test-failed-1.png]]

[[ATTACHMENT|e2e-enhanced-Enhanced-E2E--40746-dle-concurrent-API-requests-e2e-webkit/video.webm]]
]]>
</system-out>
</testcase>
<testcase name="Enhanced E2E Tests - Security Scenarios › prevent unauthorized access to admin pages" classname="e2e/enhanced.test.ts" time="30.072">
<failure message="enhanced.test.ts:363:5 prevent unauthorized access to admin pages" type="FAILURE">
<![CDATA[  [e2e-webkit] › e2e/enhanced.test.ts:363:5 › Enhanced E2E Tests - Security Scenarios › prevent unauthorized access to admin pages 

    Test timeout of 30000ms exceeded.

    Error: page.click: Test timeout of 30000ms exceeded.
    Call log:
      - waiting for locator('button:has-text("Sign in with Google")')


      364 |         // Login as regular user
      365 |         await page.goto('http://localhost:5173/login');
    > 366 |         await page.click('button:has-text("Sign in with Google")');
          |                    ^
      367 |         await page.waitForURL('**/dashboard');
      368 |
      369 |         // Attempt to access admin page
        at /Users/deepak/Downloads/Projects/StackLens-AI-Deploy/tests/e2e/enhanced.test.ts:366:20

    attachment #1: screenshot (image/png) ──────────────────────────────────────────────────────────
    ../test-results/e2e-enhanced-Enhanced-E2E--6df8d-rized-access-to-admin-pages-e2e-webkit/test-failed-1.png
    ────────────────────────────────────────────────────────────────────────────────────────────────

    attachment #2: video (video/webm) ──────────────────────────────────────────────────────────────
    ../test-results/e2e-enhanced-Enhanced-E2E--6df8d-rized-access-to-admin-pages-e2e-webkit/video.webm
    ────────────────────────────────────────────────────────────────────────────────────────────────
]]>
</failure>
<system-out>
<![CDATA[
[[ATTACHMENT|e2e-enhanced-Enhanced-E2E--6df8d-rized-access-to-admin-pages-e2e-webkit/test-failed-1.png]]

[[ATTACHMENT|e2e-enhanced-Enhanced-E2E--6df8d-rized-access-to-admin-pages-e2e-webkit/video.webm]]
]]>
</system-out>
</testcase>
<testcase name="Enhanced E2E Tests - Security Scenarios › sanitize user input to prevent XSS" classname="e2e/enhanced.test.ts" time="30.114">
<failure message="enhanced.test.ts:377:5 sanitize user input to prevent XSS" type="FAILURE">
<![CDATA[  [e2e-webkit] › e2e/enhanced.test.ts:377:5 › Enhanced E2E Tests - Security Scenarios › sanitize user input to prevent XSS 

    Test timeout of 30000ms exceeded.

    Error: page.click: Test timeout of 30000ms exceeded.
    Call log:
      - waiting for locator('button:has-text("Sign in with Google")')


      377 |     test('sanitize user input to prevent XSS', async ({ page }) => {
      378 |         await page.goto('http://localhost:5173/login');
    > 379 |         await page.click('button:has-text("Sign in with Google")');
          |                    ^
      380 |         await page.waitForURL('**/dashboard');
      381 |
      382 |         // Attempt XSS in search
        at /Users/deepak/Downloads/Projects/StackLens-AI-Deploy/tests/e2e/enhanced.test.ts:379:20

    attachment #1: screenshot (image/png) ──────────────────────────────────────────────────────────
    ../test-results/e2e-enhanced-Enhanced-E2E--26599-e-user-input-to-prevent-XSS-e2e-webkit/test-failed-1.png
    ────────────────────────────────────────────────────────────────────────────────────────────────

    attachment #2: video (video/webm) ──────────────────────────────────────────────────────────────
    ../test-results/e2e-enhanced-Enhanced-E2E--26599-e-user-input-to-prevent-XSS-e2e-webkit/video.webm
    ────────────────────────────────────────────────────────────────────────────────────────────────
]]>
</failure>
<system-out>
<![CDATA[
[[ATTACHMENT|e2e-enhanced-Enhanced-E2E--26599-e-user-input-to-prevent-XSS-e2e-webkit/test-failed-1.png]]

[[ATTACHMENT|e2e-enhanced-Enhanced-E2E--26599-e-user-input-to-prevent-XSS-e2e-webkit/video.webm]]
]]>
</system-out>
</testcase>
<testcase name="Enhanced E2E Tests - Security Scenarios › validate CSRF protection" classname="e2e/enhanced.test.ts" time="30.093">
<failure message="enhanced.test.ts:402:5 validate CSRF protection" type="FAILURE">
<![CDATA[  [e2e-webkit] › e2e/enhanced.test.ts:402:5 › Enhanced E2E Tests - Security Scenarios › validate CSRF protection 

    Test timeout of 30000ms exceeded.

    Error: page.click: Test timeout of 30000ms exceeded.
    Call log:
      - waiting for locator('button:has-text("Sign in with Google")')


      402 |     test('validate CSRF protection', async ({ page }) => {
      403 |         await page.goto('http://localhost:5173/login');
    > 404 |         await page.click('button:has-text("Sign in with Google")');
          |                    ^
      405 |         await page.waitForURL('**/dashboard');
      406 |
      407 |         // Check that state-changing requests include CSRF token
        at /Users/deepak/Downloads/Projects/StackLens-AI-Deploy/tests/e2e/enhanced.test.ts:404:20

    attachment #1: screenshot (image/png) ──────────────────────────────────────────────────────────
    ../test-results/e2e-enhanced-Enhanced-E2E--9a31d-os-validate-CSRF-protection-e2e-webkit/test-failed-1.png
    ────────────────────────────────────────────────────────────────────────────────────────────────

    attachment #2: video (video/webm) ──────────────────────────────────────────────────────────────
    ../test-results/e2e-enhanced-Enhanced-E2E--9a31d-os-validate-CSRF-protection-e2e-webkit/video.webm
    ────────────────────────────────────────────────────────────────────────────────────────────────
]]>
</failure>
<system-out>
<![CDATA[
[[ATTACHMENT|e2e-enhanced-Enhanced-E2E--9a31d-os-validate-CSRF-protection-e2e-webkit/test-failed-1.png]]

[[ATTACHMENT|e2e-enhanced-Enhanced-E2E--9a31d-os-validate-CSRF-protection-e2e-webkit/video.webm]]
]]>
</system-out>
</testcase>
<testcase name="Enhanced E2E Tests - Data Integrity › verify data consistency across operations" classname="e2e/enhanced.test.ts" time="30.092">
<failure message="enhanced.test.ts:432:5 verify data consistency across operations" type="FAILURE">
<![CDATA[  [e2e-webkit] › e2e/enhanced.test.ts:432:5 › Enhanced E2E Tests - Data Integrity › verify data consistency across operations 

    Test timeout of 30000ms exceeded.

    Error: page.click: Test timeout of 30000ms exceeded.
    Call log:
      - waiting for locator('button:has-text("Sign in with Google")')


      432 |     test('verify data consistency across operations', async ({ page }) => {
      433 |         await page.goto('http://localhost:5173/login');
    > 434 |         await page.click('button:has-text("Sign in with Google")');
          |                    ^
      435 |         await page.waitForURL('**/dashboard');
      436 |
      437 |         // Get initial error count
        at /Users/deepak/Downloads/Projects/StackLens-AI-Deploy/tests/e2e/enhanced.test.ts:434:20

    attachment #1: screenshot (image/png) ──────────────────────────────────────────────────────────
    ../test-results/e2e-enhanced-Enhanced-E2E--5a794-nsistency-across-operations-e2e-webkit/test-failed-1.png
    ────────────────────────────────────────────────────────────────────────────────────────────────

    attachment #2: video (video/webm) ──────────────────────────────────────────────────────────────
    ../test-results/e2e-enhanced-Enhanced-E2E--5a794-nsistency-across-operations-e2e-webkit/video.webm
    ────────────────────────────────────────────────────────────────────────────────────────────────
]]>
</failure>
<system-out>
<![CDATA[
[[ATTACHMENT|e2e-enhanced-Enhanced-E2E--5a794-nsistency-across-operations-e2e-webkit/test-failed-1.png]]

[[ATTACHMENT|e2e-enhanced-Enhanced-E2E--5a794-nsistency-across-operations-e2e-webkit/video.webm]]
]]>
</system-out>
</testcase>
<testcase name="Enhanced E2E Tests - Data Integrity › handle optimistic updates correctly" classname="e2e/enhanced.test.ts" time="30.089">
<failure message="enhanced.test.ts:462:5 handle optimistic updates correctly" type="FAILURE">
<![CDATA[  [e2e-webkit] › e2e/enhanced.test.ts:462:5 › Enhanced E2E Tests - Data Integrity › handle optimistic updates correctly 

    Test timeout of 30000ms exceeded.

    Error: page.click: Test timeout of 30000ms exceeded.
    Call log:
      - waiting for locator('button:has-text("Sign in with Google")')


      462 |     test('handle optimistic updates correctly', async ({ page }) => {
      463 |         await page.goto('http://localhost:5173/login');
    > 464 |         await page.click('button:has-text("Sign in with Google")');
          |                    ^
      465 |         await page.waitForURL('**/dashboard');
      466 |
      467 |         // Select first error
        at /Users/deepak/Downloads/Projects/StackLens-AI-Deploy/tests/e2e/enhanced.test.ts:464:20

    attachment #1: screenshot (image/png) ──────────────────────────────────────────────────────────
    ../test-results/e2e-enhanced-Enhanced-E2E--57f63-ptimistic-updates-correctly-e2e-webkit/test-failed-1.png
    ────────────────────────────────────────────────────────────────────────────────────────────────

    attachment #2: video (video/webm) ──────────────────────────────────────────────────────────────
    ../test-results/e2e-enhanced-Enhanced-E2E--57f63-ptimistic-updates-correctly-e2e-webkit/video.webm
    ────────────────────────────────────────────────────────────────────────────────────────────────
]]>
</failure>
<system-out>
<![CDATA[
[[ATTACHMENT|e2e-enhanced-Enhanced-E2E--57f63-ptimistic-updates-correctly-e2e-webkit/test-failed-1.png]]

[[ATTACHMENT|e2e-enhanced-Enhanced-E2E--57f63-ptimistic-updates-correctly-e2e-webkit/video.webm]]
]]>
</system-out>
</testcase>
<testcase name="Enhanced E2E Tests - Accessibility › keyboard navigation works correctly" classname="e2e/enhanced.test.ts" time="30.069">
<failure message="enhanced.test.ts:496:5 keyboard navigation works correctly" type="FAILURE">
<![CDATA[  [e2e-webkit] › e2e/enhanced.test.ts:496:5 › Enhanced E2E Tests - Accessibility › keyboard navigation works correctly 

    Test timeout of 30000ms exceeded.

    Error: page.click: Test timeout of 30000ms exceeded.
    Call log:
      - waiting for locator('button:has-text("Sign in with Google")')


      496 |     test('keyboard navigation works correctly', async ({ page }) => {
      497 |         await page.goto('http://localhost:5173/login');
    > 498 |         await page.click('button:has-text("Sign in with Google")');
          |                    ^
      499 |         await page.waitForURL('**/dashboard');
      500 |
      501 |         await page.goto('http://localhost:5173/dashboard');
        at /Users/deepak/Downloads/Projects/StackLens-AI-Deploy/tests/e2e/enhanced.test.ts:498:20

    attachment #1: screenshot (image/png) ──────────────────────────────────────────────────────────
    ../test-results/e2e-enhanced-Enhanced-E2E--209f4--navigation-works-correctly-e2e-webkit/test-failed-1.png
    ────────────────────────────────────────────────────────────────────────────────────────────────

    attachment #2: video (video/webm) ──────────────────────────────────────────────────────────────
    ../test-results/e2e-enhanced-Enhanced-E2E--209f4--navigation-works-correctly-e2e-webkit/video.webm
    ────────────────────────────────────────────────────────────────────────────────────────────────
]]>
</failure>
<system-out>
<![CDATA[
[[ATTACHMENT|e2e-enhanced-Enhanced-E2E--209f4--navigation-works-correctly-e2e-webkit/test-failed-1.png]]

[[ATTACHMENT|e2e-enhanced-Enhanced-E2E--209f4--navigation-works-correctly-e2e-webkit/video.webm]]
]]>
</system-out>
</testcase>
<testcase name="Enhanced E2E Tests - Accessibility › screen reader support" classname="e2e/enhanced.test.ts" time="30.116">
<failure message="enhanced.test.ts:528:5 screen reader support" type="FAILURE">
<![CDATA[  [e2e-webkit] › e2e/enhanced.test.ts:528:5 › Enhanced E2E Tests - Accessibility › screen reader support 

    Test timeout of 30000ms exceeded.

    Error: page.click: Test timeout of 30000ms exceeded.
    Call log:
      - waiting for locator('button:has-text("Sign in with Google")')


      528 |     test('screen reader support', async ({ page }) => {
      529 |         await page.goto('http://localhost:5173/login');
    > 530 |         await page.click('button:has-text("Sign in with Google")');
          |                    ^
      531 |         await page.waitForURL('**/dashboard');
      532 |
      533 |         // Check ARIA labels
        at /Users/deepak/Downloads/Projects/StackLens-AI-Deploy/tests/e2e/enhanced.test.ts:530:20

    attachment #1: screenshot (image/png) ──────────────────────────────────────────────────────────
    ../test-results/e2e-enhanced-Enhanced-E2E--668ca-ility-screen-reader-support-e2e-webkit/test-failed-1.png
    ────────────────────────────────────────────────────────────────────────────────────────────────

    attachment #2: video (video/webm) ──────────────────────────────────────────────────────────────
    ../test-results/e2e-enhanced-Enhanced-E2E--668ca-ility-screen-reader-support-e2e-webkit/video.webm
    ────────────────────────────────────────────────────────────────────────────────────────────────
]]>
</failure>
<system-out>
<![CDATA[
[[ATTACHMENT|e2e-enhanced-Enhanced-E2E--668ca-ility-screen-reader-support-e2e-webkit/test-failed-1.png]]

[[ATTACHMENT|e2e-enhanced-Enhanced-E2E--668ca-ility-screen-reader-support-e2e-webkit/video.webm]]
]]>
</system-out>
</testcase>
<testcase name="Enhanced E2E Tests - Accessibility › color contrast meets WCAG standards" classname="e2e/enhanced.test.ts" time="30.101">
<failure message="enhanced.test.ts:551:5 color contrast meets WCAG standards" type="FAILURE">
<![CDATA[  [e2e-webkit] › e2e/enhanced.test.ts:551:5 › Enhanced E2E Tests - Accessibility › color contrast meets WCAG standards 

    Test timeout of 30000ms exceeded.

    Error: locator.evaluate: Test timeout of 30000ms exceeded.
    Call log:
      - waiting for locator('[data-severity="critical"]').first()


      554 |         // Critical severity badge - should have high contrast
      555 |         const criticalBadge = page.locator('[data-severity="critical"]').first();
    > 556 |         const criticalBg = await criticalBadge.evaluate(el =>
          |                                                ^
      557 |             window.getComputedStyle(el).backgroundColor
      558 |         );
      559 |         const criticalColor = await criticalBadge.evaluate(el =>
        at /Users/deepak/Downloads/Projects/StackLens-AI-Deploy/tests/e2e/enhanced.test.ts:556:48

    attachment #1: screenshot (image/png) ──────────────────────────────────────────────────────────
    ../test-results/e2e-enhanced-Enhanced-E2E--d530e-ntrast-meets-WCAG-standards-e2e-webkit/test-failed-1.png
    ────────────────────────────────────────────────────────────────────────────────────────────────

    attachment #2: video (video/webm) ──────────────────────────────────────────────────────────────
    ../test-results/e2e-enhanced-Enhanced-E2E--d530e-ntrast-meets-WCAG-standards-e2e-webkit/video.webm
    ────────────────────────────────────────────────────────────────────────────────────────────────
]]>
</failure>
<system-out>
<![CDATA[
[[ATTACHMENT|e2e-enhanced-Enhanced-E2E--d530e-ntrast-meets-WCAG-standards-e2e-webkit/test-failed-1.png]]

[[ATTACHMENT|e2e-enhanced-Enhanced-E2E--d530e-ntrast-meets-WCAG-standards-e2e-webkit/video.webm]]
]]>
</system-out>
</testcase>
<testcase name="Enhanced E2E Tests - Cross-Browser Compatibility › works in Chromium" classname="e2e/enhanced.test.ts" time="0.581">
<properties>
<property name="skip" value="Chromium-only test">
</property>
</properties>
<skipped>
</skipped>
</testcase>
<testcase name="Enhanced E2E Tests - Cross-Browser Compatibility › works in Firefox" classname="e2e/enhanced.test.ts" time="0.613">
<properties>
<property name="skip" value="Firefox-only test">
</property>
</properties>
<skipped>
</skipped>
</testcase>
<testcase name="Enhanced E2E Tests - Cross-Browser Compatibility › works in WebKit/Safari" classname="e2e/enhanced.test.ts" time="30.137">
<failure message="enhanced.test.ts:591:5 works in WebKit/Safari" type="FAILURE">
<![CDATA[  [e2e-webkit] › e2e/enhanced.test.ts:591:5 › Enhanced E2E Tests - Cross-Browser Compatibility › works in WebKit/Safari 

    Test timeout of 30000ms exceeded.

    Error: page.click: Test timeout of 30000ms exceeded.
    Call log:
      - waiting for locator('button:has-text("Sign in with Google")')


      593 |
      594 |         await page.goto('http://localhost:5173/login');
    > 595 |         await page.click('button:has-text("Sign in with Google")');
          |                    ^
      596 |         await page.waitForURL('**/dashboard');
      597 |
      598 |         await expect(page.locator('table')).toBeVisible();
        at /Users/deepak/Downloads/Projects/StackLens-AI-Deploy/tests/e2e/enhanced.test.ts:595:20

    attachment #1: screenshot (image/png) ──────────────────────────────────────────────────────────
    ../test-results/e2e-enhanced-Enhanced-E2E--79de8-lity-works-in-WebKit-Safari-e2e-webkit/test-failed-1.png
    ────────────────────────────────────────────────────────────────────────────────────────────────

    attachment #2: video (video/webm) ──────────────────────────────────────────────────────────────
    ../test-results/e2e-enhanced-Enhanced-E2E--79de8-lity-works-in-WebKit-Safari-e2e-webkit/video.webm
    ────────────────────────────────────────────────────────────────────────────────────────────────
]]>
</failure>
<system-out>
<![CDATA[
[[ATTACHMENT|e2e-enhanced-Enhanced-E2E--79de8-lity-works-in-WebKit-Safari-e2e-webkit/test-failed-1.png]]

[[ATTACHMENT|e2e-enhanced-Enhanced-E2E--79de8-lity-works-in-WebKit-Safari-e2e-webkit/video.webm]]
]]>
</system-out>
</testcase>
<testcase name="Enhanced E2E Tests - Cross-Browser Compatibility › handles CSS Grid across browsers" classname="e2e/enhanced.test.ts" time="30.121">
<failure message="enhanced.test.ts:601:5 handles CSS Grid across browsers" type="FAILURE">
<![CDATA[  [e2e-webkit] › e2e/enhanced.test.ts:601:5 › Enhanced E2E Tests - Cross-Browser Compatibility › handles CSS Grid across browsers 

    Test timeout of 30000ms exceeded.

    Error: locator.evaluate: Test timeout of 30000ms exceeded.
    Call log:
      - waiting for locator('[data-testid="dashboard-grid"]')


      603 |
      604 |         const grid = page.locator('[data-testid="dashboard-grid"]');
    > 605 |         const display = await grid.evaluate(el =>
          |                                    ^
      606 |             window.getComputedStyle(el).display
      607 |         );
      608 |
        at /Users/deepak/Downloads/Projects/StackLens-AI-Deploy/tests/e2e/enhanced.test.ts:605:36

    attachment #1: screenshot (image/png) ──────────────────────────────────────────────────────────
    ../test-results/e2e-enhanced-Enhanced-E2E--d0f8f-es-CSS-Grid-across-browsers-e2e-webkit/test-failed-1.png
    ────────────────────────────────────────────────────────────────────────────────────────────────

    attachment #2: video (video/webm) ──────────────────────────────────────────────────────────────
    ../test-results/e2e-enhanced-Enhanced-E2E--d0f8f-es-CSS-Grid-across-browsers-e2e-webkit/video.webm
    ────────────────────────────────────────────────────────────────────────────────────────────────
]]>
</failure>
<system-out>
<![CDATA[
[[ATTACHMENT|e2e-enhanced-Enhanced-E2E--d0f8f-es-CSS-Grid-across-browsers-e2e-webkit/test-failed-1.png]]

[[ATTACHMENT|e2e-enhanced-Enhanced-E2E--d0f8f-es-CSS-Grid-across-browsers-e2e-webkit/video.webm]]
]]>
</system-out>
</testcase>
<testcase name="Enhanced E2E Tests - Cross-Browser Compatibility › handles Flexbox across browsers" classname="e2e/enhanced.test.ts" time="30.199">
<failure message="enhanced.test.ts:612:5 handles Flexbox across browsers" type="FAILURE">
<![CDATA[  [e2e-webkit] › e2e/enhanced.test.ts:612:5 › Enhanced E2E Tests - Cross-Browser Compatibility › handles Flexbox across browsers 

    Test timeout of 30000ms exceeded.

    Error: locator.evaluate: Test timeout of 30000ms exceeded.
    Call log:
      - waiting for locator('[data-testid="header-nav"]')


      614 |
      615 |         const flex = page.locator('[data-testid="header-nav"]');
    > 616 |         const display = await flex.evaluate(el =>
          |                                    ^
      617 |             window.getComputedStyle(el).display
      618 |         );
      619 |
        at /Users/deepak/Downloads/Projects/StackLens-AI-Deploy/tests/e2e/enhanced.test.ts:616:36

    attachment #1: screenshot (image/png) ──────────────────────────────────────────────────────────
    ../test-results/e2e-enhanced-Enhanced-E2E--0c855-les-Flexbox-across-browsers-e2e-webkit/test-failed-1.png
    ────────────────────────────────────────────────────────────────────────────────────────────────

    attachment #2: video (video/webm) ──────────────────────────────────────────────────────────────
    ../test-results/e2e-enhanced-Enhanced-E2E--0c855-les-Flexbox-across-browsers-e2e-webkit/video.webm
    ────────────────────────────────────────────────────────────────────────────────────────────────
]]>
</failure>
<system-out>
<![CDATA[
[[ATTACHMENT|e2e-enhanced-Enhanced-E2E--0c855-les-Flexbox-across-browsers-e2e-webkit/test-failed-1.png]]

[[ATTACHMENT|e2e-enhanced-Enhanced-E2E--0c855-les-Flexbox-across-browsers-e2e-webkit/video.webm]]
]]>
</system-out>
</testcase>
<testcase name="Enhanced E2E Tests - Mobile Viewport › iPhone SE viewport" classname="e2e/enhanced.test.ts" time="5.702">
<failure message="enhanced.test.ts:625:5 iPhone SE viewport" type="FAILURE">
<![CDATA[  [e2e-webkit] › e2e/enhanced.test.ts:625:5 › Enhanced E2E Tests - Mobile Viewport › iPhone SE viewport 

    Error: expect(locator).toBeVisible() failed

    Locator:  locator('[data-testid="mobile-menu-button"]')
    Expected: visible
    Received: <element(s) not found>
    Timeout:  5000ms

    Call log:
      - Expect "toBeVisible" with timeout 5000ms
      - waiting for locator('[data-testid="mobile-menu-button"]')


      627 |         await page.goto('http://localhost:5173/dashboard');
      628 |
    > 629 |         await expect(page.locator('[data-testid="mobile-menu-button"]')).toBeVisible();
          |                                                                          ^
      630 |         await expect(page.locator('table, [data-testid="error-card"]')).toHaveCount(await page.locator('table, [data-testid="error-card"]').count());
      631 |     });
      632 |
        at /Users/deepak/Downloads/Projects/StackLens-AI-Deploy/tests/e2e/enhanced.test.ts:629:74

    attachment #1: screenshot (image/png) ──────────────────────────────────────────────────────────
    ../test-results/e2e-enhanced-Enhanced-E2E--0e9c0-Viewport-iPhone-SE-viewport-e2e-webkit/test-failed-1.png
    ────────────────────────────────────────────────────────────────────────────────────────────────

    attachment #2: video (video/webm) ──────────────────────────────────────────────────────────────
    ../test-results/e2e-enhanced-Enhanced-E2E--0e9c0-Viewport-iPhone-SE-viewport-e2e-webkit/video.webm
    ────────────────────────────────────────────────────────────────────────────────────────────────
]]>
</failure>
<system-out>
<![CDATA[
[[ATTACHMENT|e2e-enhanced-Enhanced-E2E--0e9c0-Viewport-iPhone-SE-viewport-e2e-webkit/test-failed-1.png]]

[[ATTACHMENT|e2e-enhanced-Enhanced-E2E--0e9c0-Viewport-iPhone-SE-viewport-e2e-webkit/video.webm]]
]]>
</system-out>
</testcase>
<testcase name="Enhanced E2E Tests - Mobile Viewport › iPhone 12 Pro viewport" classname="e2e/enhanced.test.ts" time="30.11">
<failure message="enhanced.test.ts:633:5 iPhone 12 Pro viewport" type="FAILURE">
<![CDATA[  [e2e-webkit] › e2e/enhanced.test.ts:633:5 › Enhanced E2E Tests - Mobile Viewport › iPhone 12 Pro viewport 

    Test timeout of 30000ms exceeded.

    Error: locator.boundingBox: Test timeout of 30000ms exceeded.
    Call log:
      - waiting for locator('main')


      636 |
      637 |         const content = page.locator('main');
    > 638 |         const box = await content.boundingBox();
          |                                   ^
      639 |         expect(box?.width).toBeLessThanOrEqual(390);
      640 |     });
      641 |
        at /Users/deepak/Downloads/Projects/StackLens-AI-Deploy/tests/e2e/enhanced.test.ts:638:35

    attachment #1: screenshot (image/png) ──────────────────────────────────────────────────────────
    ../test-results/e2e-enhanced-Enhanced-E2E--fba33-port-iPhone-12-Pro-viewport-e2e-webkit/test-failed-1.png
    ────────────────────────────────────────────────────────────────────────────────────────────────

    attachment #2: video (video/webm) ──────────────────────────────────────────────────────────────
    ../test-results/e2e-enhanced-Enhanced-E2E--fba33-port-iPhone-12-Pro-viewport-e2e-webkit/video.webm
    ────────────────────────────────────────────────────────────────────────────────────────────────
]]>
</failure>
<system-out>
<![CDATA[
[[ATTACHMENT|e2e-enhanced-Enhanced-E2E--fba33-port-iPhone-12-Pro-viewport-e2e-webkit/test-failed-1.png]]

[[ATTACHMENT|e2e-enhanced-Enhanced-E2E--fba33-port-iPhone-12-Pro-viewport-e2e-webkit/video.webm]]
]]>
</system-out>
</testcase>
<testcase name="Enhanced E2E Tests - Mobile Viewport › iPad viewport" classname="e2e/enhanced.test.ts" time="6.009">
<failure message="enhanced.test.ts:642:5 iPad viewport" type="FAILURE">
<![CDATA[  [e2e-webkit] › e2e/enhanced.test.ts:642:5 › Enhanced E2E Tests - Mobile Viewport › iPad viewport ─

    Error: expect(locator).toBeVisible() failed

    Locator:  locator('table')
    Expected: visible
    Received: <element(s) not found>
    Timeout:  5000ms

    Call log:
      - Expect "toBeVisible" with timeout 5000ms
      - waiting for locator('table')


      644 |         await page.goto('http://localhost:5173/dashboard');
      645 |
    > 646 |         await expect(page.locator('table')).toBeVisible();
          |                                             ^
      647 |     });
      648 |
      649 |     test('iPad Pro viewport (landscape)', async ({ page }) => {
        at /Users/deepak/Downloads/Projects/StackLens-AI-Deploy/tests/e2e/enhanced.test.ts:646:45

    attachment #1: screenshot (image/png) ──────────────────────────────────────────────────────────
    ../test-results/e2e-enhanced-Enhanced-E2E--537b9-bile-Viewport-iPad-viewport-e2e-webkit/test-failed-1.png
    ────────────────────────────────────────────────────────────────────────────────────────────────

    attachment #2: video (video/webm) ──────────────────────────────────────────────────────────────
    ../test-results/e2e-enhanced-Enhanced-E2E--537b9-bile-Viewport-iPad-viewport-e2e-webkit/video.webm
    ────────────────────────────────────────────────────────────────────────────────────────────────
]]>
</failure>
<system-out>
<![CDATA[
[[ATTACHMENT|e2e-enhanced-Enhanced-E2E--537b9-bile-Viewport-iPad-viewport-e2e-webkit/test-failed-1.png]]

[[ATTACHMENT|e2e-enhanced-Enhanced-E2E--537b9-bile-Viewport-iPad-viewport-e2e-webkit/video.webm]]
]]>
</system-out>
</testcase>
<testcase name="Enhanced E2E Tests - Mobile Viewport › iPad Pro viewport (landscape)" classname="e2e/enhanced.test.ts" time="5.954">
<failure message="enhanced.test.ts:649:5 iPad Pro viewport (landscape)" type="FAILURE">
<![CDATA[  [e2e-webkit] › e2e/enhanced.test.ts:649:5 › Enhanced E2E Tests - Mobile Viewport › iPad Pro viewport (landscape) 

    Error: expect(locator).toBeVisible() failed

    Locator:  locator('[data-testid="desktop-nav"]')
    Expected: visible
    Received: <element(s) not found>
    Timeout:  5000ms

    Call log:
      - Expect "toBeVisible" with timeout 5000ms
      - waiting for locator('[data-testid="desktop-nav"]')


      651 |         await page.goto('http://localhost:5173/dashboard');
      652 |
    > 653 |         await expect(page.locator('[data-testid="desktop-nav"]')).toBeVisible();
          |                                                                   ^
      654 |     });
      655 |
      656 |     test('Android phone viewport', async ({ page }) => {
        at /Users/deepak/Downloads/Projects/StackLens-AI-Deploy/tests/e2e/enhanced.test.ts:653:67

    attachment #1: screenshot (image/png) ──────────────────────────────────────────────────────────
    ../test-results/e2e-enhanced-Enhanced-E2E--d4f6d-Pad-Pro-viewport-landscape--e2e-webkit/test-failed-1.png
    ────────────────────────────────────────────────────────────────────────────────────────────────

    attachment #2: video (video/webm) ──────────────────────────────────────────────────────────────
    ../test-results/e2e-enhanced-Enhanced-E2E--d4f6d-Pad-Pro-viewport-landscape--e2e-webkit/video.webm
    ────────────────────────────────────────────────────────────────────────────────────────────────
]]>
</failure>
<system-out>
<![CDATA[
[[ATTACHMENT|e2e-enhanced-Enhanced-E2E--d4f6d-Pad-Pro-viewport-landscape--e2e-webkit/test-failed-1.png]]

[[ATTACHMENT|e2e-enhanced-Enhanced-E2E--d4f6d-Pad-Pro-viewport-landscape--e2e-webkit/video.webm]]
]]>
</system-out>
</testcase>
<testcase name="Enhanced E2E Tests - Mobile Viewport › Android phone viewport" classname="e2e/enhanced.test.ts" time="5.899">
<failure message="enhanced.test.ts:656:5 Android phone viewport" type="FAILURE">
<![CDATA[  [e2e-webkit] › e2e/enhanced.test.ts:656:5 › Enhanced E2E Tests - Mobile Viewport › Android phone viewport 

    Error: expect(locator).toBeVisible() failed

    Locator:  locator('[data-testid="mobile-menu-button"]')
    Expected: visible
    Received: <element(s) not found>
    Timeout:  5000ms

    Call log:
      - Expect "toBeVisible" with timeout 5000ms
      - waiting for locator('[data-testid="mobile-menu-button"]')


      658 |         await page.goto('http://localhost:5173/dashboard');
      659 |
    > 660 |         await expect(page.locator('[data-testid="mobile-menu-button"]')).toBeVisible();
          |                                                                          ^
      661 |     });
      662 | });
      663 |
        at /Users/deepak/Downloads/Projects/StackLens-AI-Deploy/tests/e2e/enhanced.test.ts:660:74

    attachment #1: screenshot (image/png) ──────────────────────────────────────────────────────────
    ../test-results/e2e-enhanced-Enhanced-E2E--e0159-port-Android-phone-viewport-e2e-webkit/test-failed-1.png
    ────────────────────────────────────────────────────────────────────────────────────────────────

    attachment #2: video (video/webm) ──────────────────────────────────────────────────────────────
    ../test-results/e2e-enhanced-Enhanced-E2E--e0159-port-Android-phone-viewport-e2e-webkit/video.webm
    ────────────────────────────────────────────────────────────────────────────────────────────────
]]>
</failure>
<system-out>
<![CDATA[
[[ATTACHMENT|e2e-enhanced-Enhanced-E2E--e0159-port-Android-phone-viewport-e2e-webkit/test-failed-1.png]]

[[ATTACHMENT|e2e-enhanced-Enhanced-E2E--e0159-port-Android-phone-viewport-e2e-webkit/video.webm]]
]]>
</system-out>
</testcase>
<testcase name="Enhanced E2E Tests - File Operations › download error report as PDF" classname="e2e/enhanced.test.ts" time="30.271">
<failure message="enhanced.test.ts:665:5 download error report as PDF" type="FAILURE">
<![CDATA[  [e2e-webkit] › e2e/enhanced.test.ts:665:5 › Enhanced E2E Tests - File Operations › download error report as PDF 

    Test timeout of 30000ms exceeded.

    Error: page.click: Test timeout of 30000ms exceeded.
    Call log:
      - waiting for locator('button:has-text("Sign in with Google")')


      665 |     test('download error report as PDF', async ({ page }) => {
      666 |         await page.goto('http://localhost:5173/login');
    > 667 |         await page.click('button:has-text("Sign in with Google")');
          |                    ^
      668 |         await page.waitForURL('**/dashboard');
      669 |
      670 |         const firstRow = page.locator('table tbody tr').first();
        at /Users/deepak/Downloads/Projects/StackLens-AI-Deploy/tests/e2e/enhanced.test.ts:667:20

    attachment #1: screenshot (image/png) ──────────────────────────────────────────────────────────
    ../test-results/e2e-enhanced-Enhanced-E2E--ad685-ownload-error-report-as-PDF-e2e-webkit/test-failed-1.png
    ────────────────────────────────────────────────────────────────────────────────────────────────

    attachment #2: video (video/webm) ──────────────────────────────────────────────────────────────
    ../test-results/e2e-enhanced-Enhanced-E2E--ad685-ownload-error-report-as-PDF-e2e-webkit/video.webm
    ────────────────────────────────────────────────────────────────────────────────────────────────
]]>
</failure>
<system-out>
<![CDATA[
[[ATTACHMENT|e2e-enhanced-Enhanced-E2E--ad685-ownload-error-report-as-PDF-e2e-webkit/test-failed-1.png]]

[[ATTACHMENT|e2e-enhanced-Enhanced-E2E--ad685-ownload-error-report-as-PDF-e2e-webkit/video.webm]]
]]>
</system-out>
</testcase>
<testcase name="Enhanced E2E Tests - File Operations › download error log as text file" classname="e2e/enhanced.test.ts" time="30.088">
<failure message="enhanced.test.ts:683:5 download error log as text file" type="FAILURE">
<![CDATA[  [e2e-webkit] › e2e/enhanced.test.ts:683:5 › Enhanced E2E Tests - File Operations › download error log as text file 

    Test timeout of 30000ms exceeded.

    Error: page.click: Test timeout of 30000ms exceeded.
    Call log:
      - waiting for locator('button:has-text("Sign in with Google")')


      683 |     test('download error log as text file', async ({ page }) => {
      684 |         await page.goto('http://localhost:5173/login');
    > 685 |         await page.click('button:has-text("Sign in with Google")');
          |                    ^
      686 |         await page.waitForURL('**/dashboard');
      687 |
      688 |         const firstRow = page.locator('table tbody tr').first();
        at /Users/deepak/Downloads/Projects/StackLens-AI-Deploy/tests/e2e/enhanced.test.ts:685:20

    attachment #1: screenshot (image/png) ──────────────────────────────────────────────────────────
    ../test-results/e2e-enhanced-Enhanced-E2E--54063-load-error-log-as-text-file-e2e-webkit/test-failed-1.png
    ────────────────────────────────────────────────────────────────────────────────────────────────

    attachment #2: video (video/webm) ──────────────────────────────────────────────────────────────
    ../test-results/e2e-enhanced-Enhanced-E2E--54063-load-error-log-as-text-file-e2e-webkit/video.webm
    ────────────────────────────────────────────────────────────────────────────────────────────────
]]>
</failure>
<system-out>
<![CDATA[
[[ATTACHMENT|e2e-enhanced-Enhanced-E2E--54063-load-error-log-as-text-file-e2e-webkit/test-failed-1.png]]

[[ATTACHMENT|e2e-enhanced-Enhanced-E2E--54063-load-error-log-as-text-file-e2e-webkit/video.webm]]
]]>
</system-out>
</testcase>
<testcase name="Enhanced E2E Tests - File Operations › export multiple errors to Excel" classname="e2e/enhanced.test.ts" time="30.151">
<failure message="enhanced.test.ts:699:5 export multiple errors to Excel" type="FAILURE">
<![CDATA[  [e2e-webkit] › e2e/enhanced.test.ts:699:5 › Enhanced E2E Tests - File Operations › export multiple errors to Excel 

    Test timeout of 30000ms exceeded.

    Error: page.click: Test timeout of 30000ms exceeded.
    Call log:
      - waiting for locator('button:has-text("Sign in with Google")')


      699 |     test('export multiple errors to Excel', async ({ page }) => {
      700 |         await page.goto('http://localhost:5173/login');
    > 701 |         await page.click('button:has-text("Sign in with Google")');
          |                    ^
      702 |         await page.waitForURL('**/dashboard');
      703 |
      704 |         // Select multiple errors
        at /Users/deepak/Downloads/Projects/StackLens-AI-Deploy/tests/e2e/enhanced.test.ts:701:20

    attachment #1: screenshot (image/png) ──────────────────────────────────────────────────────────
    ../test-results/e2e-enhanced-Enhanced-E2E--f594e-rt-multiple-errors-to-Excel-e2e-webkit/test-failed-1.png
    ────────────────────────────────────────────────────────────────────────────────────────────────

    attachment #2: video (video/webm) ──────────────────────────────────────────────────────────────
    ../test-results/e2e-enhanced-Enhanced-E2E--f594e-rt-multiple-errors-to-Excel-e2e-webkit/video.webm
    ────────────────────────────────────────────────────────────────────────────────────────────────
]]>
</failure>
<system-out>
<![CDATA[
[[ATTACHMENT|e2e-enhanced-Enhanced-E2E--f594e-rt-multiple-errors-to-Excel-e2e-webkit/test-failed-1.png]]

[[ATTACHMENT|e2e-enhanced-Enhanced-E2E--f594e-rt-multiple-errors-to-Excel-e2e-webkit/video.webm]]
]]>
</system-out>
</testcase>
<testcase name="Enhanced E2E Tests - File Operations › upload and process CSV file" classname="e2e/enhanced.test.ts" time="30.163">
<failure message="enhanced.test.ts:717:5 upload and process CSV file" type="FAILURE">
<![CDATA[  [e2e-webkit] › e2e/enhanced.test.ts:717:5 › Enhanced E2E Tests - File Operations › upload and process CSV file 

    Test timeout of 30000ms exceeded.

    Error: page.click: Test timeout of 30000ms exceeded.
    Call log:
      - waiting for locator('button:has-text("Sign in with Google")')


      717 |     test('upload and process CSV file', async ({ page }) => {
      718 |         await page.goto('http://localhost:5173/login');
    > 719 |         await page.click('button:has-text("Sign in with Google")');
          |                    ^
      720 |         await page.waitForURL('**/dashboard');
      721 |
      722 |         await page.click('button:has-text("Import")');
        at /Users/deepak/Downloads/Projects/StackLens-AI-Deploy/tests/e2e/enhanced.test.ts:719:20

    attachment #1: screenshot (image/png) ──────────────────────────────────────────────────────────
    ../test-results/e2e-enhanced-Enhanced-E2E--6bf2a-upload-and-process-CSV-file-e2e-webkit/test-failed-1.png
    ────────────────────────────────────────────────────────────────────────────────────────────────

    attachment #2: video (video/webm) ──────────────────────────────────────────────────────────────
    ../test-results/e2e-enhanced-Enhanced-E2E--6bf2a-upload-and-process-CSV-file-e2e-webkit/video.webm
    ────────────────────────────────────────────────────────────────────────────────────────────────
]]>
</failure>
<system-out>
<![CDATA[
[[ATTACHMENT|e2e-enhanced-Enhanced-E2E--6bf2a-upload-and-process-CSV-file-e2e-webkit/test-failed-1.png]]

[[ATTACHMENT|e2e-enhanced-Enhanced-E2E--6bf2a-upload-and-process-CSV-file-e2e-webkit/video.webm]]
]]>
</system-out>
</testcase>
<testcase name="Enhanced E2E Tests - File Operations › handle file upload errors gracefully" classname="e2e/enhanced.test.ts" time="30.088">
<failure message="enhanced.test.ts:740:5 handle file upload errors gracefully" type="FAILURE">
<![CDATA[  [e2e-webkit] › e2e/enhanced.test.ts:740:5 › Enhanced E2E Tests - File Operations › handle file upload errors gracefully 

    Test timeout of 30000ms exceeded.

    Error: locator.setInputFiles: Test timeout of 30000ms exceeded.
    Call log:
      - waiting for locator('input[type="file"]')


      743 |         // Upload invalid file type
      744 |         const fileInput = page.locator('input[type="file"]');
    > 745 |         await fileInput.setInputFiles({
          |         ^
      746 |             name: 'invalid.exe',
      747 |             mimeType: 'application/exe',
      748 |             buffer: Buffer.from('invalid content')
        at /Users/deepak/Downloads/Projects/StackLens-AI-Deploy/tests/e2e/enhanced.test.ts:745:9

    attachment #1: screenshot (image/png) ──────────────────────────────────────────────────────────
    ../test-results/e2e-enhanced-Enhanced-E2E--e909e-le-upload-errors-gracefully-e2e-webkit/test-failed-1.png
    ────────────────────────────────────────────────────────────────────────────────────────────────

    attachment #2: video (video/webm) ──────────────────────────────────────────────────────────────
    ../test-results/e2e-enhanced-Enhanced-E2E--e909e-le-upload-errors-gracefully-e2e-webkit/video.webm
    ────────────────────────────────────────────────────────────────────────────────────────────────
]]>
</failure>
<system-out>
<![CDATA[
[[ATTACHMENT|e2e-enhanced-Enhanced-E2E--e909e-le-upload-errors-gracefully-e2e-webkit/test-failed-1.png]]

[[ATTACHMENT|e2e-enhanced-Enhanced-E2E--e909e-le-upload-errors-gracefully-e2e-webkit/video.webm]]
]]>
</system-out>
</testcase>
<testcase name="Enhanced E2E Tests - Media and Assets › display error screenshots" classname="e2e/enhanced.test.ts" time="30.075">
<failure message="enhanced.test.ts:756:5 display error screenshots" type="FAILURE">
<![CDATA[  [e2e-webkit] › e2e/enhanced.test.ts:756:5 › Enhanced E2E Tests - Media and Assets › display error screenshots 

    Test timeout of 30000ms exceeded.

    Error: page.click: Test timeout of 30000ms exceeded.
    Call log:
      - waiting for locator('button:has-text("Sign in with Google")')


      756 |     test('display error screenshots', async ({ page }) => {
      757 |         await page.goto('http://localhost:5173/login');
    > 758 |         await page.click('button:has-text("Sign in with Google")');
          |                    ^
      759 |         await page.waitForURL('**/dashboard');
      760 |
      761 |         await page.click('table tbody tr:has([data-has-screenshot="true"])');
        at /Users/deepak/Downloads/Projects/StackLens-AI-Deploy/tests/e2e/enhanced.test.ts:758:20

    attachment #1: screenshot (image/png) ──────────────────────────────────────────────────────────
    ../test-results/e2e-enhanced-Enhanced-E2E--030f1-s-display-error-screenshots-e2e-webkit/test-failed-1.png
    ────────────────────────────────────────────────────────────────────────────────────────────────

    attachment #2: video (video/webm) ──────────────────────────────────────────────────────────────
    ../test-results/e2e-enhanced-Enhanced-E2E--030f1-s-display-error-screenshots-e2e-webkit/video.webm
    ────────────────────────────────────────────────────────────────────────────────────────────────
]]>
</failure>
<system-out>
<![CDATA[
[[ATTACHMENT|e2e-enhanced-Enhanced-E2E--030f1-s-display-error-screenshots-e2e-webkit/test-failed-1.png]]

[[ATTACHMENT|e2e-enhanced-Enhanced-E2E--030f1-s-display-error-screenshots-e2e-webkit/video.webm]]
]]>
</system-out>
</testcase>
<testcase name="Enhanced E2E Tests - Media and Assets › lazy load images in gallery" classname="e2e/enhanced.test.ts" time="1.012">
<failure message="enhanced.test.ts:771:5 lazy load images in gallery" type="FAILURE">
<![CDATA[  [e2e-webkit] › e2e/enhanced.test.ts:771:5 › Enhanced E2E Tests - Media and Assets › lazy load images in gallery 

    Error: expect(received).toBeGreaterThan(expected)

    Expected: > 0
    Received:   0

      775 |         const images = page.locator('img[loading="lazy"]');
      776 |         const count = await images.count();
    > 777 |         expect(count).toBeGreaterThan(0);
          |                       ^
      778 |
      779 |         // Scroll to bottom
      780 |         await page.evaluate(() => window.scrollTo(0, document.body.scrollHeight));
        at /Users/deepak/Downloads/Projects/StackLens-AI-Deploy/tests/e2e/enhanced.test.ts:777:23

    attachment #1: screenshot (image/png) ──────────────────────────────────────────────────────────
    ../test-results/e2e-enhanced-Enhanced-E2E--70b29-lazy-load-images-in-gallery-e2e-webkit/test-failed-1.png
    ────────────────────────────────────────────────────────────────────────────────────────────────

    attachment #2: video (video/webm) ──────────────────────────────────────────────────────────────
    ../test-results/e2e-enhanced-Enhanced-E2E--70b29-lazy-load-images-in-gallery-e2e-webkit/video.webm
    ────────────────────────────────────────────────────────────────────────────────────────────────
]]>
</failure>
<system-out>
<![CDATA[
[[ATTACHMENT|e2e-enhanced-Enhanced-E2E--70b29-lazy-load-images-in-gallery-e2e-webkit/test-failed-1.png]]

[[ATTACHMENT|e2e-enhanced-Enhanced-E2E--70b29-lazy-load-images-in-gallery-e2e-webkit/video.webm]]
]]>
</system-out>
</testcase>
<testcase name="Enhanced E2E Tests - Media and Assets › display chart visualizations" classname="e2e/enhanced.test.ts" time="30.103">
<failure message="enhanced.test.ts:790:5 display chart visualizations" type="FAILURE">
<![CDATA[  [e2e-webkit] › e2e/enhanced.test.ts:790:5 › Enhanced E2E Tests - Media and Assets › display chart visualizations 

    Test timeout of 30000ms exceeded.

    Error: page.click: Test timeout of 30000ms exceeded.
    Call log:
      - waiting for locator('button:has-text("Sign in with Google")')


      790 |     test('display chart visualizations', async ({ page }) => {
      791 |         await page.goto('http://localhost:5173/login');
    > 792 |         await page.click('button:has-text("Sign in with Google")');
          |                    ^
      793 |         await page.waitForURL('**/dashboard');
      794 |
      795 |         await page.click('a:has-text("Analytics")');
        at /Users/deepak/Downloads/Projects/StackLens-AI-Deploy/tests/e2e/enhanced.test.ts:792:20

    attachment #1: screenshot (image/png) ──────────────────────────────────────────────────────────
    ../test-results/e2e-enhanced-Enhanced-E2E--90147-isplay-chart-visualizations-e2e-webkit/test-failed-1.png
    ────────────────────────────────────────────────────────────────────────────────────────────────

    attachment #2: video (video/webm) ──────────────────────────────────────────────────────────────
    ../test-results/e2e-enhanced-Enhanced-E2E--90147-isplay-chart-visualizations-e2e-webkit/video.webm
    ────────────────────────────────────────────────────────────────────────────────────────────────
]]>
</failure>
<system-out>
<![CDATA[
[[ATTACHMENT|e2e-enhanced-Enhanced-E2E--90147-isplay-chart-visualizations-e2e-webkit/test-failed-1.png]]

[[ATTACHMENT|e2e-enhanced-Enhanced-E2E--90147-isplay-chart-visualizations-e2e-webkit/video.webm]]
]]>
</system-out>
</testcase>
<testcase name="Enhanced E2E Tests - Print and Export › print error report" classname="e2e/enhanced.test.ts" time="30.142">
<failure message="enhanced.test.ts:807:5 print error report" type="FAILURE">
<![CDATA[  [e2e-webkit] › e2e/enhanced.test.ts:807:5 › Enhanced E2E Tests - Print and Export › print error report 

    Test timeout of 30000ms exceeded.

    Error: page.click: Test timeout of 30000ms exceeded.
    Call log:
      - waiting for locator('button:has-text("Sign in with Google")')


      807 |     test('print error report', async ({ page }) => {
      808 |         await page.goto('http://localhost:5173/login');
    > 809 |         await page.click('button:has-text("Sign in with Google")');
          |                    ^
      810 |         await page.waitForURL('**/dashboard');
      811 |
      812 |         const firstRow = page.locator('table tbody tr').first();
        at /Users/deepak/Downloads/Projects/StackLens-AI-Deploy/tests/e2e/enhanced.test.ts:809:20

    attachment #1: screenshot (image/png) ──────────────────────────────────────────────────────────
    ../test-results/e2e-enhanced-Enhanced-E2E--65eeb-d-Export-print-error-report-e2e-webkit/test-failed-1.png
    ────────────────────────────────────────────────────────────────────────────────────────────────

    attachment #2: video (video/webm) ──────────────────────────────────────────────────────────────
    ../test-results/e2e-enhanced-Enhanced-E2E--65eeb-d-Export-print-error-report-e2e-webkit/video.webm
    ────────────────────────────────────────────────────────────────────────────────────────────────
]]>
</failure>
<system-out>
<![CDATA[
[[ATTACHMENT|e2e-enhanced-Enhanced-E2E--65eeb-d-Export-print-error-report-e2e-webkit/test-failed-1.png]]

[[ATTACHMENT|e2e-enhanced-Enhanced-E2E--65eeb-d-Export-print-error-report-e2e-webkit/video.webm]]
]]>
</system-out>
</testcase>
<testcase name="Enhanced E2E Tests - Print and Export › generate shareable link" classname="e2e/enhanced.test.ts" time="30.204">
<failure message="enhanced.test.ts:830:5 generate shareable link" type="FAILURE">
<![CDATA[  [e2e-webkit] › e2e/enhanced.test.ts:830:5 › Enhanced E2E Tests - Print and Export › generate shareable link 

    Test timeout of 30000ms exceeded.

    Error: page.click: Test timeout of 30000ms exceeded.
    Call log:
      - waiting for locator('button:has-text("Sign in with Google")')


      830 |     test('generate shareable link', async ({ page }) => {
      831 |         await page.goto('http://localhost:5173/login');
    > 832 |         await page.click('button:has-text("Sign in with Google")');
          |                    ^
      833 |         await page.waitForURL('**/dashboard');
      834 |
      835 |         const firstRow = page.locator('table tbody tr').first();
        at /Users/deepak/Downloads/Projects/StackLens-AI-Deploy/tests/e2e/enhanced.test.ts:832:20

    attachment #1: screenshot (image/png) ──────────────────────────────────────────────────────────
    ../test-results/e2e-enhanced-Enhanced-E2E--59d31-ort-generate-shareable-link-e2e-webkit/test-failed-1.png
    ────────────────────────────────────────────────────────────────────────────────────────────────

    attachment #2: video (video/webm) ──────────────────────────────────────────────────────────────
    ../test-results/e2e-enhanced-Enhanced-E2E--59d31-ort-generate-shareable-link-e2e-webkit/video.webm
    ────────────────────────────────────────────────────────────────────────────────────────────────
]]>
</failure>
<system-out>
<![CDATA[
[[ATTACHMENT|e2e-enhanced-Enhanced-E2E--59d31-ort-generate-shareable-link-e2e-webkit/test-failed-1.png]]

[[ATTACHMENT|e2e-enhanced-Enhanced-E2E--59d31-ort-generate-shareable-link-e2e-webkit/video.webm]]
]]>
</system-out>
</testcase>
<testcase name="Enhanced E2E Tests - Real-time Features › receive real-time error notifications" classname="e2e/enhanced.test.ts" time="30.06">
<failure message="enhanced.test.ts:852:5 receive real-time error notifications" type="FAILURE">
<![CDATA[  [e2e-webkit] › e2e/enhanced.test.ts:852:5 › Enhanced E2E Tests - Real-time Features › receive real-time error notifications 

    Test timeout of 30000ms exceeded.

    Error: page.click: Test ended.
    Call log:
      - waiting for locator('button:has-text("Sign in as Admin")')


      859 |         // Admin creates error
      860 |         await adminPage.goto('http://localhost:5173/login');
    > 861 |         await adminPage.click('button:has-text("Sign in as Admin")');
          |                         ^
      862 |         await adminPage.waitForURL('**/dashboard');
      863 |
      864 |         // User views dashboard
        at /Users/deepak/Downloads/Projects/StackLens-AI-Deploy/tests/e2e/enhanced.test.ts:861:25

    attachment #1: screenshot (image/png) ──────────────────────────────────────────────────────────
    ../test-results/e2e-enhanced-Enhanced-E2E--29fe6-al-time-error-notifications-e2e-webkit/test-failed-1.png
    ────────────────────────────────────────────────────────────────────────────────────────────────

    attachment #2: screenshot (image/png) ──────────────────────────────────────────────────────────
    ../test-results/e2e-enhanced-Enhanced-E2E--29fe6-al-time-error-notifications-e2e-webkit/test-failed-2.png
    ────────────────────────────────────────────────────────────────────────────────────────────────
]]>
</failure>
<system-out>
<![CDATA[
[[ATTACHMENT|e2e-enhanced-Enhanced-E2E--29fe6-al-time-error-notifications-e2e-webkit/test-failed-1.png]]

[[ATTACHMENT|e2e-enhanced-Enhanced-E2E--29fe6-al-time-error-notifications-e2e-webkit/test-failed-2.png]]
]]>
</system-out>
</testcase>
<testcase name="Enhanced E2E Tests - Real-time Features › sync status updates across sessions" classname="e2e/enhanced.test.ts" time="30.064">
<failure message="enhanced.test.ts:889:5 sync status updates across sessions" type="FAILURE">
<![CDATA[  [e2e-webkit] › e2e/enhanced.test.ts:889:5 › Enhanced E2E Tests - Real-time Features › sync status updates across sessions 

    Test timeout of 30000ms exceeded.

    Error: page.click: Test ended.
    Call log:
      - waiting for locator('button:has-text("Sign in with Google")')


      896 |         // Both users view same error
      897 |         await page1.goto('http://localhost:5173/login');
    > 898 |         await page1.click('button:has-text("Sign in with Google")');
          |                     ^
      899 |         await page1.waitForURL('**/dashboard');
      900 |
      901 |         await page2.goto('http://localhost:5173/login');
        at /Users/deepak/Downloads/Projects/StackLens-AI-Deploy/tests/e2e/enhanced.test.ts:898:21

    attachment #1: screenshot (image/png) ──────────────────────────────────────────────────────────
    ../test-results/e2e-enhanced-Enhanced-E2E--c9cf9-tus-updates-across-sessions-e2e-webkit/test-failed-2.png
    ────────────────────────────────────────────────────────────────────────────────────────────────

    attachment #2: screenshot (image/png) ──────────────────────────────────────────────────────────
    ../test-results/e2e-enhanced-Enhanced-E2E--c9cf9-tus-updates-across-sessions-e2e-webkit/test-failed-1.png
    ────────────────────────────────────────────────────────────────────────────────────────────────
]]>
</failure>
<system-out>
<![CDATA[
[[ATTACHMENT|e2e-enhanced-Enhanced-E2E--c9cf9-tus-updates-across-sessions-e2e-webkit/test-failed-2.png]]

[[ATTACHMENT|e2e-enhanced-Enhanced-E2E--c9cf9-tus-updates-across-sessions-e2e-webkit/test-failed-1.png]]
]]>
</system-out>
</testcase>
</testsuite>
<testsuite name="e2e/upload.test.ts" timestamp="2025-10-10T06:55:27.522Z" hostname="e2e-webkit" tests="11" failures="11" skipped="0" time="331.933" errors="0">
<testcase name="File Upload and Analysis › should upload Excel file successfully" classname="e2e/upload.test.ts" time="30.08">
<failure message="upload.test.ts:16:5 should upload Excel file successfully" type="FAILURE">
<![CDATA[  [e2e-webkit] › e2e/upload.test.ts:16:5 › File Upload and Analysis › should upload Excel file successfully 

    Test timeout of 30000ms exceeded while running "beforeEach" hook.

      10 |     test.use({ storageState: 'tests/.auth/user.json' });
      11 |
    > 12 |     test.beforeEach(async ({ authenticatedPage }) => {
         |          ^
      13 |         await authenticatedPage.goto('/upload');
      14 |     });
      15 |
        at /Users/deepak/Downloads/Projects/StackLens-AI-Deploy/tests/e2e/upload.test.ts:12:10

    Error: page.click: Test timeout of 30000ms exceeded.
    Call log:
      - waiting for locator('button:has-text("Sign in with Google")')


       at fixtures.ts:29

      27 |
      28 |         // Perform Firebase Google Sign-in (using test credentials)
    > 29 |         await page.click('button:has-text("Sign in with Google")');
         |                    ^
      30 |
      31 |         // Wait for authentication
      32 |         await page.waitForURL('**/dashboard', { timeout: 10000 });
        at Object.authenticatedPage (/Users/deepak/Downloads/Projects/StackLens-AI-Deploy/tests/fixtures.ts:29:20)

    attachment #1: screenshot (image/png) ──────────────────────────────────────────────────────────
    ../test-results/e2e-upload-File-Upload-and-f2e5e-oad-Excel-file-successfully-e2e-webkit/test-failed-1.png
    ────────────────────────────────────────────────────────────────────────────────────────────────

    attachment #2: video (video/webm) ──────────────────────────────────────────────────────────────
    ../test-results/e2e-upload-File-Upload-and-f2e5e-oad-Excel-file-successfully-e2e-webkit/video.webm
    ────────────────────────────────────────────────────────────────────────────────────────────────
]]>
</failure>
<system-out>
<![CDATA[
[[ATTACHMENT|e2e-upload-File-Upload-and-f2e5e-oad-Excel-file-successfully-e2e-webkit/test-failed-1.png]]

[[ATTACHMENT|e2e-upload-File-Upload-and-f2e5e-oad-Excel-file-successfully-e2e-webkit/video.webm]]
]]>
</system-out>
</testcase>
<testcase name="File Upload and Analysis › should upload CSV file successfully" classname="e2e/upload.test.ts" time="30.078">
<failure message="upload.test.ts:27:5 should upload CSV file successfully" type="FAILURE">
<![CDATA[  [e2e-webkit] › e2e/upload.test.ts:27:5 › File Upload and Analysis › should upload CSV file successfully 

    Test timeout of 30000ms exceeded while running "beforeEach" hook.

      10 |     test.use({ storageState: 'tests/.auth/user.json' });
      11 |
    > 12 |     test.beforeEach(async ({ authenticatedPage }) => {
         |          ^
      13 |         await authenticatedPage.goto('/upload');
      14 |     });
      15 |
        at /Users/deepak/Downloads/Projects/StackLens-AI-Deploy/tests/e2e/upload.test.ts:12:10

    Error: page.click: Test timeout of 30000ms exceeded.
    Call log:
      - waiting for locator('button:has-text("Sign in with Google")')


       at fixtures.ts:29

      27 |
      28 |         // Perform Firebase Google Sign-in (using test credentials)
    > 29 |         await page.click('button:has-text("Sign in with Google")');
         |                    ^
      30 |
      31 |         // Wait for authentication
      32 |         await page.waitForURL('**/dashboard', { timeout: 10000 });
        at Object.authenticatedPage (/Users/deepak/Downloads/Projects/StackLens-AI-Deploy/tests/fixtures.ts:29:20)

    attachment #1: screenshot (image/png) ──────────────────────────────────────────────────────────
    ../test-results/e2e-upload-File-Upload-and-aa322-pload-CSV-file-successfully-e2e-webkit/test-failed-1.png
    ────────────────────────────────────────────────────────────────────────────────────────────────

    attachment #2: video (video/webm) ──────────────────────────────────────────────────────────────
    ../test-results/e2e-upload-File-Upload-and-aa322-pload-CSV-file-successfully-e2e-webkit/video.webm
    ────────────────────────────────────────────────────────────────────────────────────────────────
]]>
</failure>
<system-out>
<![CDATA[
[[ATTACHMENT|e2e-upload-File-Upload-and-aa322-pload-CSV-file-successfully-e2e-webkit/test-failed-1.png]]

[[ATTACHMENT|e2e-upload-File-Upload-and-aa322-pload-CSV-file-successfully-e2e-webkit/video.webm]]
]]>
</system-out>
</testcase>
<testcase name="File Upload and Analysis › should upload log file successfully" classname="e2e/upload.test.ts" time="30.193">
<failure message="upload.test.ts:36:5 should upload log file successfully" type="FAILURE">
<![CDATA[  [e2e-webkit] › e2e/upload.test.ts:36:5 › File Upload and Analysis › should upload log file successfully 

    Test timeout of 30000ms exceeded while running "beforeEach" hook.

      10 |     test.use({ storageState: 'tests/.auth/user.json' });
      11 |
    > 12 |     test.beforeEach(async ({ authenticatedPage }) => {
         |          ^
      13 |         await authenticatedPage.goto('/upload');
      14 |     });
      15 |
        at /Users/deepak/Downloads/Projects/StackLens-AI-Deploy/tests/e2e/upload.test.ts:12:10

    Error: page.click: Test timeout of 30000ms exceeded.
    Call log:
      - waiting for locator('button:has-text("Sign in with Google")')


       at fixtures.ts:29

      27 |
      28 |         // Perform Firebase Google Sign-in (using test credentials)
    > 29 |         await page.click('button:has-text("Sign in with Google")');
         |                    ^
      30 |
      31 |         // Wait for authentication
      32 |         await page.waitForURL('**/dashboard', { timeout: 10000 });
        at Object.authenticatedPage (/Users/deepak/Downloads/Projects/StackLens-AI-Deploy/tests/fixtures.ts:29:20)

    attachment #1: screenshot (image/png) ──────────────────────────────────────────────────────────
    ../test-results/e2e-upload-File-Upload-and-416d4-pload-log-file-successfully-e2e-webkit/test-failed-1.png
    ────────────────────────────────────────────────────────────────────────────────────────────────

    attachment #2: video (video/webm) ──────────────────────────────────────────────────────────────
    ../test-results/e2e-upload-File-Upload-and-416d4-pload-log-file-successfully-e2e-webkit/video.webm
    ────────────────────────────────────────────────────────────────────────────────────────────────
]]>
</failure>
<system-out>
<![CDATA[
[[ATTACHMENT|e2e-upload-File-Upload-and-416d4-pload-log-file-successfully-e2e-webkit/test-failed-1.png]]

[[ATTACHMENT|e2e-upload-File-Upload-and-416d4-pload-log-file-successfully-e2e-webkit/video.webm]]
]]>
</system-out>
</testcase>
<testcase name="File Upload and Analysis › should reject invalid file types" classname="e2e/upload.test.ts" time="30.084">
<failure message="upload.test.ts:44:5 should reject invalid file types" type="FAILURE">
<![CDATA[  [e2e-webkit] › e2e/upload.test.ts:44:5 › File Upload and Analysis › should reject invalid file types 

    Test timeout of 30000ms exceeded while running "beforeEach" hook.

      10 |     test.use({ storageState: 'tests/.auth/user.json' });
      11 |
    > 12 |     test.beforeEach(async ({ authenticatedPage }) => {
         |          ^
      13 |         await authenticatedPage.goto('/upload');
      14 |     });
      15 |
        at /Users/deepak/Downloads/Projects/StackLens-AI-Deploy/tests/e2e/upload.test.ts:12:10

    Error: page.click: Test timeout of 30000ms exceeded.
    Call log:
      - waiting for locator('button:has-text("Sign in with Google")')


       at fixtures.ts:29

      27 |
      28 |         // Perform Firebase Google Sign-in (using test credentials)
    > 29 |         await page.click('button:has-text("Sign in with Google")');
         |                    ^
      30 |
      31 |         // Wait for authentication
      32 |         await page.waitForURL('**/dashboard', { timeout: 10000 });
        at Object.authenticatedPage (/Users/deepak/Downloads/Projects/StackLens-AI-Deploy/tests/fixtures.ts:29:20)

    attachment #1: screenshot (image/png) ──────────────────────────────────────────────────────────
    ../test-results/e2e-upload-File-Upload-and-af5c0-d-reject-invalid-file-types-e2e-webkit/test-failed-1.png
    ────────────────────────────────────────────────────────────────────────────────────────────────

    attachment #2: video (video/webm) ──────────────────────────────────────────────────────────────
    ../test-results/e2e-upload-File-Upload-and-af5c0-d-reject-invalid-file-types-e2e-webkit/video.webm
    ────────────────────────────────────────────────────────────────────────────────────────────────
]]>
</failure>
<system-out>
<![CDATA[
[[ATTACHMENT|e2e-upload-File-Upload-and-af5c0-d-reject-invalid-file-types-e2e-webkit/test-failed-1.png]]

[[ATTACHMENT|e2e-upload-File-Upload-and-af5c0-d-reject-invalid-file-types-e2e-webkit/video.webm]]
]]>
</system-out>
</testcase>
<testcase name="File Upload and Analysis › should reject files larger than limit" classname="e2e/upload.test.ts" time="30.434">
<failure message="upload.test.ts:55:5 should reject files larger than limit" type="FAILURE">
<![CDATA[  [e2e-webkit] › e2e/upload.test.ts:55:5 › File Upload and Analysis › should reject files larger than limit 

    Test timeout of 30000ms exceeded while running "beforeEach" hook.

      10 |     test.use({ storageState: 'tests/.auth/user.json' });
      11 |
    > 12 |     test.beforeEach(async ({ authenticatedPage }) => {
         |          ^
      13 |         await authenticatedPage.goto('/upload');
      14 |     });
      15 |
        at /Users/deepak/Downloads/Projects/StackLens-AI-Deploy/tests/e2e/upload.test.ts:12:10

    Error: page.click: Test timeout of 30000ms exceeded.
    Call log:
      - waiting for locator('button:has-text("Sign in with Google")')


       at fixtures.ts:29

      27 |
      28 |         // Perform Firebase Google Sign-in (using test credentials)
    > 29 |         await page.click('button:has-text("Sign in with Google")');
         |                    ^
      30 |
      31 |         // Wait for authentication
      32 |         await page.waitForURL('**/dashboard', { timeout: 10000 });
        at Object.authenticatedPage (/Users/deepak/Downloads/Projects/StackLens-AI-Deploy/tests/fixtures.ts:29:20)

    attachment #1: screenshot (image/png) ──────────────────────────────────────────────────────────
    ../test-results/e2e-upload-File-Upload-and-4827a-ect-files-larger-than-limit-e2e-webkit/test-failed-1.png
    ────────────────────────────────────────────────────────────────────────────────────────────────

    attachment #2: video (video/webm) ──────────────────────────────────────────────────────────────
    ../test-results/e2e-upload-File-Upload-and-4827a-ect-files-larger-than-limit-e2e-webkit/video.webm
    ────────────────────────────────────────────────────────────────────────────────────────────────
]]>
</failure>
<system-out>
<![CDATA[
[[ATTACHMENT|e2e-upload-File-Upload-and-4827a-ect-files-larger-than-limit-e2e-webkit/test-failed-1.png]]

[[ATTACHMENT|e2e-upload-File-Upload-and-4827a-ect-files-larger-than-limit-e2e-webkit/video.webm]]
]]>
</system-out>
</testcase>
<testcase name="File Upload and Analysis › should trigger AI analysis after upload" classname="e2e/upload.test.ts" time="30.167">
<failure message="upload.test.ts:66:5 should trigger AI analysis after upload" type="FAILURE">
<![CDATA[  [e2e-webkit] › e2e/upload.test.ts:66:5 › File Upload and Analysis › should trigger AI analysis after upload 

    Test timeout of 30000ms exceeded while running "beforeEach" hook.

      10 |     test.use({ storageState: 'tests/.auth/user.json' });
      11 |
    > 12 |     test.beforeEach(async ({ authenticatedPage }) => {
         |          ^
      13 |         await authenticatedPage.goto('/upload');
      14 |     });
      15 |
        at /Users/deepak/Downloads/Projects/StackLens-AI-Deploy/tests/e2e/upload.test.ts:12:10

    Error: page.click: Test timeout of 30000ms exceeded.
    Call log:
      - waiting for locator('button:has-text("Sign in with Google")')


       at fixtures.ts:29

      27 |
      28 |         // Perform Firebase Google Sign-in (using test credentials)
    > 29 |         await page.click('button:has-text("Sign in with Google")');
         |                    ^
      30 |
      31 |         // Wait for authentication
      32 |         await page.waitForURL('**/dashboard', { timeout: 10000 });
        at Object.authenticatedPage (/Users/deepak/Downloads/Projects/StackLens-AI-Deploy/tests/fixtures.ts:29:20)

    attachment #1: screenshot (image/png) ──────────────────────────────────────────────────────────
    ../test-results/e2e-upload-File-Upload-and-e4b7c-er-AI-analysis-after-upload-e2e-webkit/test-failed-1.png
    ────────────────────────────────────────────────────────────────────────────────────────────────

    attachment #2: video (video/webm) ──────────────────────────────────────────────────────────────
    ../test-results/e2e-upload-File-Upload-and-e4b7c-er-AI-analysis-after-upload-e2e-webkit/video.webm
    ────────────────────────────────────────────────────────────────────────────────────────────────
]]>
</failure>
<system-out>
<![CDATA[
[[ATTACHMENT|e2e-upload-File-Upload-and-e4b7c-er-AI-analysis-after-upload-e2e-webkit/test-failed-1.png]]

[[ATTACHMENT|e2e-upload-File-Upload-and-e4b7c-er-AI-analysis-after-upload-e2e-webkit/video.webm]]
]]>
</system-out>
</testcase>
<testcase name="File Upload and Analysis › should display error detection results" classname="e2e/upload.test.ts" time="30.114">
<failure message="upload.test.ts:84:5 should display error detection results" type="FAILURE">
<![CDATA[  [e2e-webkit] › e2e/upload.test.ts:84:5 › File Upload and Analysis › should display error detection results 

    Test timeout of 30000ms exceeded while running "beforeEach" hook.

      10 |     test.use({ storageState: 'tests/.auth/user.json' });
      11 |
    > 12 |     test.beforeEach(async ({ authenticatedPage }) => {
         |          ^
      13 |         await authenticatedPage.goto('/upload');
      14 |     });
      15 |
        at /Users/deepak/Downloads/Projects/StackLens-AI-Deploy/tests/e2e/upload.test.ts:12:10

    Error: page.click: Test timeout of 30000ms exceeded.
    Call log:
      - waiting for locator('button:has-text("Sign in with Google")')


       at fixtures.ts:29

      27 |
      28 |         // Perform Firebase Google Sign-in (using test credentials)
    > 29 |         await page.click('button:has-text("Sign in with Google")');
         |                    ^
      30 |
      31 |         // Wait for authentication
      32 |         await page.waitForURL('**/dashboard', { timeout: 10000 });
        at Object.authenticatedPage (/Users/deepak/Downloads/Projects/StackLens-AI-Deploy/tests/fixtures.ts:29:20)

    attachment #1: screenshot (image/png) ──────────────────────────────────────────────────────────
    ../test-results/e2e-upload-File-Upload-and-bef47-lay-error-detection-results-e2e-webkit/test-failed-1.png
    ────────────────────────────────────────────────────────────────────────────────────────────────

    attachment #2: video (video/webm) ──────────────────────────────────────────────────────────────
    ../test-results/e2e-upload-File-Upload-and-bef47-lay-error-detection-results-e2e-webkit/video.webm
    ────────────────────────────────────────────────────────────────────────────────────────────────
]]>
</failure>
<system-out>
<![CDATA[
[[ATTACHMENT|e2e-upload-File-Upload-and-bef47-lay-error-detection-results-e2e-webkit/test-failed-1.png]]

[[ATTACHMENT|e2e-upload-File-Upload-and-bef47-lay-error-detection-results-e2e-webkit/video.webm]]
]]>
</system-out>
</testcase>
<testcase name="File Upload and Analysis › should display AI suggestions" classname="e2e/upload.test.ts" time="30.542">
<failure message="upload.test.ts:100:5 should display AI suggestions" type="FAILURE">
<![CDATA[  [e2e-webkit] › e2e/upload.test.ts:100:5 › File Upload and Analysis › should display AI suggestions 

    Test timeout of 30000ms exceeded while running "beforeEach" hook.

      10 |     test.use({ storageState: 'tests/.auth/user.json' });
      11 |
    > 12 |     test.beforeEach(async ({ authenticatedPage }) => {
         |          ^
      13 |         await authenticatedPage.goto('/upload');
      14 |     });
      15 |
        at /Users/deepak/Downloads/Projects/StackLens-AI-Deploy/tests/e2e/upload.test.ts:12:10

    Error: page.click: Test timeout of 30000ms exceeded.
    Call log:
      - waiting for locator('button:has-text("Sign in with Google")')


       at fixtures.ts:29

      27 |
      28 |         // Perform Firebase Google Sign-in (using test credentials)
    > 29 |         await page.click('button:has-text("Sign in with Google")');
         |                    ^
      30 |
      31 |         // Wait for authentication
      32 |         await page.waitForURL('**/dashboard', { timeout: 10000 });
        at Object.authenticatedPage (/Users/deepak/Downloads/Projects/StackLens-AI-Deploy/tests/fixtures.ts:29:20)

    attachment #1: screenshot (image/png) ──────────────────────────────────────────────────────────
    ../test-results/e2e-upload-File-Upload-and-d80cc-ould-display-AI-suggestions-e2e-webkit/test-failed-1.png
    ────────────────────────────────────────────────────────────────────────────────────────────────

    attachment #2: video (video/webm) ──────────────────────────────────────────────────────────────
    ../test-results/e2e-upload-File-Upload-and-d80cc-ould-display-AI-suggestions-e2e-webkit/video.webm
    ────────────────────────────────────────────────────────────────────────────────────────────────
]]>
</failure>
<system-out>
<![CDATA[
[[ATTACHMENT|e2e-upload-File-Upload-and-d80cc-ould-display-AI-suggestions-e2e-webkit/test-failed-1.png]]

[[ATTACHMENT|e2e-upload-File-Upload-and-d80cc-ould-display-AI-suggestions-e2e-webkit/video.webm]]
]]>
</system-out>
</testcase>
<testcase name="File Upload and Analysis › should display ML predictions" classname="e2e/upload.test.ts" time="30.087">
<failure message="upload.test.ts:111:5 should display ML predictions" type="FAILURE">
<![CDATA[  [e2e-webkit] › e2e/upload.test.ts:111:5 › File Upload and Analysis › should display ML predictions 

    Test timeout of 30000ms exceeded while running "beforeEach" hook.

      10 |     test.use({ storageState: 'tests/.auth/user.json' });
      11 |
    > 12 |     test.beforeEach(async ({ authenticatedPage }) => {
         |          ^
      13 |         await authenticatedPage.goto('/upload');
      14 |     });
      15 |
        at /Users/deepak/Downloads/Projects/StackLens-AI-Deploy/tests/e2e/upload.test.ts:12:10

    Error: page.click: Test timeout of 30000ms exceeded.
    Call log:
      - waiting for locator('button:has-text("Sign in with Google")')


       at fixtures.ts:29

      27 |
      28 |         // Perform Firebase Google Sign-in (using test credentials)
    > 29 |         await page.click('button:has-text("Sign in with Google")');
         |                    ^
      30 |
      31 |         // Wait for authentication
      32 |         await page.waitForURL('**/dashboard', { timeout: 10000 });
        at Object.authenticatedPage (/Users/deepak/Downloads/Projects/StackLens-AI-Deploy/tests/fixtures.ts:29:20)

    attachment #1: screenshot (image/png) ──────────────────────────────────────────────────────────
    ../test-results/e2e-upload-File-Upload-and-5707d-ould-display-ML-predictions-e2e-webkit/test-failed-1.png
    ────────────────────────────────────────────────────────────────────────────────────────────────

    attachment #2: video (video/webm) ──────────────────────────────────────────────────────────────
    ../test-results/e2e-upload-File-Upload-and-5707d-ould-display-ML-predictions-e2e-webkit/video.webm
    ────────────────────────────────────────────────────────────────────────────────────────────────
]]>
</failure>
<system-out>
<![CDATA[
[[ATTACHMENT|e2e-upload-File-Upload-and-5707d-ould-display-ML-predictions-e2e-webkit/test-failed-1.png]]

[[ATTACHMENT|e2e-upload-File-Upload-and-5707d-ould-display-ML-predictions-e2e-webkit/video.webm]]
]]>
</system-out>
</testcase>
<testcase name="File Upload and Analysis › should navigate to error details" classname="e2e/upload.test.ts" time="30.079">
<failure message="upload.test.ts:122:5 should navigate to error details" type="FAILURE">
<![CDATA[  [e2e-webkit] › e2e/upload.test.ts:122:5 › File Upload and Analysis › should navigate to error details 

    Test timeout of 30000ms exceeded while running "beforeEach" hook.

      10 |     test.use({ storageState: 'tests/.auth/user.json' });
      11 |
    > 12 |     test.beforeEach(async ({ authenticatedPage }) => {
         |          ^
      13 |         await authenticatedPage.goto('/upload');
      14 |     });
      15 |
        at /Users/deepak/Downloads/Projects/StackLens-AI-Deploy/tests/e2e/upload.test.ts:12:10

    Error: page.click: Test timeout of 30000ms exceeded.
    Call log:
      - waiting for locator('button:has-text("Sign in with Google")')


       at fixtures.ts:29

      27 |
      28 |         // Perform Firebase Google Sign-in (using test credentials)
    > 29 |         await page.click('button:has-text("Sign in with Google")');
         |                    ^
      30 |
      31 |         // Wait for authentication
      32 |         await page.waitForURL('**/dashboard', { timeout: 10000 });
        at Object.authenticatedPage (/Users/deepak/Downloads/Projects/StackLens-AI-Deploy/tests/fixtures.ts:29:20)

    attachment #1: screenshot (image/png) ──────────────────────────────────────────────────────────
    ../test-results/e2e-upload-File-Upload-and-ab40c-d-navigate-to-error-details-e2e-webkit/test-failed-1.png
    ────────────────────────────────────────────────────────────────────────────────────────────────

    attachment #2: video (video/webm) ──────────────────────────────────────────────────────────────
    ../test-results/e2e-upload-File-Upload-and-ab40c-d-navigate-to-error-details-e2e-webkit/video.webm
    ────────────────────────────────────────────────────────────────────────────────────────────────
]]>
</failure>
<system-out>
<![CDATA[
[[ATTACHMENT|e2e-upload-File-Upload-and-ab40c-d-navigate-to-error-details-e2e-webkit/test-failed-1.png]]

[[ATTACHMENT|e2e-upload-File-Upload-and-ab40c-d-navigate-to-error-details-e2e-webkit/video.webm]]
]]>
</system-out>
</testcase>
<testcase name="File Upload and Analysis › should handle upload errors gracefully" classname="e2e/upload.test.ts" time="30.075">
<failure message="upload.test.ts:136:5 should handle upload errors gracefully" type="FAILURE">
<![CDATA[  [e2e-webkit] › e2e/upload.test.ts:136:5 › File Upload and Analysis › should handle upload errors gracefully 

    Test timeout of 30000ms exceeded while running "beforeEach" hook.

      10 |     test.use({ storageState: 'tests/.auth/user.json' });
      11 |
    > 12 |     test.beforeEach(async ({ authenticatedPage }) => {
         |          ^
      13 |         await authenticatedPage.goto('/upload');
      14 |     });
      15 |
        at /Users/deepak/Downloads/Projects/StackLens-AI-Deploy/tests/e2e/upload.test.ts:12:10

    Error: page.click: Test timeout of 30000ms exceeded.
    Call log:
      - waiting for locator('button:has-text("Sign in with Google")')


       at fixtures.ts:29

      27 |
      28 |         // Perform Firebase Google Sign-in (using test credentials)
    > 29 |         await page.click('button:has-text("Sign in with Google")');
         |                    ^
      30 |
      31 |         // Wait for authentication
      32 |         await page.waitForURL('**/dashboard', { timeout: 10000 });
        at Object.authenticatedPage (/Users/deepak/Downloads/Projects/StackLens-AI-Deploy/tests/fixtures.ts:29:20)

    attachment #1: screenshot (image/png) ──────────────────────────────────────────────────────────
    ../test-results/e2e-upload-File-Upload-and-8b50c-le-upload-errors-gracefully-e2e-webkit/test-failed-1.png
    ────────────────────────────────────────────────────────────────────────────────────────────────

    attachment #2: video (video/webm) ──────────────────────────────────────────────────────────────
    ../test-results/e2e-upload-File-Upload-and-8b50c-le-upload-errors-gracefully-e2e-webkit/video.webm
    ────────────────────────────────────────────────────────────────────────────────────────────────
]]>
</failure>
<system-out>
<![CDATA[
[[ATTACHMENT|e2e-upload-File-Upload-and-8b50c-le-upload-errors-gracefully-e2e-webkit/test-failed-1.png]]

[[ATTACHMENT|e2e-upload-File-Upload-and-8b50c-le-upload-errors-gracefully-e2e-webkit/video.webm]]
]]>
</system-out>
</testcase>
</testsuite>
</testsuites>